[2022-09-30 08:15:07,481] {processor.py:153} INFO - Started process (PID=55) to work on /home/airflow/.local/lib/python3.7/site-packages/airflow/example_dags/example_branch_operator_decorator.py
[2022-09-30 08:15:07,484] {processor.py:641} INFO - Processing file /home/airflow/.local/lib/python3.7/site-packages/airflow/example_dags/example_branch_operator_decorator.py for tasks to queue
[2022-09-30 08:15:07,487] {logging_mixin.py:115} INFO - [2022-09-30 08:15:07,487] {dagbag.py:507} INFO - Filling up the DagBag from /home/airflow/.local/lib/python3.7/site-packages/airflow/example_dags/example_branch_operator_decorator.py
[2022-09-30 08:15:07,522] {processor.py:651} INFO - DAG(s) dict_keys(['example_branch_python_operator_decorator']) retrieved from /home/airflow/.local/lib/python3.7/site-packages/airflow/example_dags/example_branch_operator_decorator.py
[2022-09-30 08:15:07,879] {logging_mixin.py:115} INFO - [2022-09-30 08:15:07,879] {manager.py:508} INFO - Created Permission View: can delete on DAG:example_branch_python_operator_decorator
[2022-09-30 08:15:07,894] {logging_mixin.py:115} INFO - [2022-09-30 08:15:07,893] {manager.py:508} INFO - Created Permission View: can edit on DAG:example_branch_python_operator_decorator
[2022-09-30 08:15:07,905] {logging_mixin.py:115} INFO - [2022-09-30 08:15:07,905] {manager.py:508} INFO - Created Permission View: can read on DAG:example_branch_python_operator_decorator
[2022-09-30 08:15:07,906] {logging_mixin.py:115} INFO - [2022-09-30 08:15:07,906] {dag.py:2371} INFO - Sync 1 DAGs
[2022-09-30 08:15:07,918] {logging_mixin.py:115} INFO - [2022-09-30 08:15:07,918] {dag.py:2390} INFO - Creating ORM DAG for example_branch_python_operator_decorator
[2022-09-30 08:15:07,937] {logging_mixin.py:115} INFO - [2022-09-30 08:15:07,936] {dag.py:2919} INFO - Setting next_dagrun for example_branch_python_operator_decorator to 2022-09-29T00:00:00+00:00, run_after=2022-09-30T00:00:00+00:00
[2022-09-30 08:15:07,962] {processor.py:161} INFO - Processing /home/airflow/.local/lib/python3.7/site-packages/airflow/example_dags/example_branch_operator_decorator.py took 0.491 seconds
[2022-09-30 08:15:38,474] {processor.py:153} INFO - Started process (PID=113) to work on /home/airflow/.local/lib/python3.7/site-packages/airflow/example_dags/example_branch_operator_decorator.py
[2022-09-30 08:15:38,475] {processor.py:641} INFO - Processing file /home/airflow/.local/lib/python3.7/site-packages/airflow/example_dags/example_branch_operator_decorator.py for tasks to queue
[2022-09-30 08:15:38,476] {logging_mixin.py:115} INFO - [2022-09-30 08:15:38,476] {dagbag.py:507} INFO - Filling up the DagBag from /home/airflow/.local/lib/python3.7/site-packages/airflow/example_dags/example_branch_operator_decorator.py
[2022-09-30 08:15:38,493] {processor.py:651} INFO - DAG(s) dict_keys(['example_branch_python_operator_decorator']) retrieved from /home/airflow/.local/lib/python3.7/site-packages/airflow/example_dags/example_branch_operator_decorator.py
[2022-09-30 08:15:38,521] {logging_mixin.py:115} INFO - [2022-09-30 08:15:38,521] {dag.py:2371} INFO - Sync 1 DAGs
[2022-09-30 08:15:38,663] {logging_mixin.py:115} INFO - [2022-09-30 08:15:38,663] {dag.py:2919} INFO - Setting next_dagrun for example_branch_python_operator_decorator to 2022-09-29T00:00:00+00:00, run_after=2022-09-30T00:00:00+00:00
[2022-09-30 08:15:38,731] {processor.py:161} INFO - Processing /home/airflow/.local/lib/python3.7/site-packages/airflow/example_dags/example_branch_operator_decorator.py took 0.260 seconds
[2022-09-30 08:16:41,374] {processor.py:153} INFO - Started process (PID=56) to work on /home/airflow/.local/lib/python3.7/site-packages/airflow/example_dags/example_branch_operator_decorator.py
[2022-09-30 08:16:41,375] {processor.py:641} INFO - Processing file /home/airflow/.local/lib/python3.7/site-packages/airflow/example_dags/example_branch_operator_decorator.py for tasks to queue
[2022-09-30 08:16:41,376] {logging_mixin.py:115} INFO - [2022-09-30 08:16:41,376] {dagbag.py:507} INFO - Filling up the DagBag from /home/airflow/.local/lib/python3.7/site-packages/airflow/example_dags/example_branch_operator_decorator.py
[2022-09-30 08:16:41,404] {processor.py:651} INFO - DAG(s) dict_keys(['example_branch_python_operator_decorator']) retrieved from /home/airflow/.local/lib/python3.7/site-packages/airflow/example_dags/example_branch_operator_decorator.py
[2022-09-30 08:16:41,439] {logging_mixin.py:115} INFO - [2022-09-30 08:16:41,439] {dag.py:2371} INFO - Sync 1 DAGs
[2022-09-30 08:16:41,586] {logging_mixin.py:115} INFO - [2022-09-30 08:16:41,586] {dag.py:2919} INFO - Setting next_dagrun for example_branch_python_operator_decorator to 2022-09-29T00:00:00+00:00, run_after=2022-09-30T00:00:00+00:00
[2022-09-30 08:16:41,597] {processor.py:161} INFO - Processing /home/airflow/.local/lib/python3.7/site-packages/airflow/example_dags/example_branch_operator_decorator.py took 0.228 seconds
[2022-09-30 08:17:11,664] {processor.py:153} INFO - Started process (PID=108) to work on /home/airflow/.local/lib/python3.7/site-packages/airflow/example_dags/example_branch_operator_decorator.py
[2022-09-30 08:17:11,665] {processor.py:641} INFO - Processing file /home/airflow/.local/lib/python3.7/site-packages/airflow/example_dags/example_branch_operator_decorator.py for tasks to queue
[2022-09-30 08:17:11,666] {logging_mixin.py:115} INFO - [2022-09-30 08:17:11,666] {dagbag.py:507} INFO - Filling up the DagBag from /home/airflow/.local/lib/python3.7/site-packages/airflow/example_dags/example_branch_operator_decorator.py
[2022-09-30 08:17:11,685] {processor.py:651} INFO - DAG(s) dict_keys(['example_branch_python_operator_decorator']) retrieved from /home/airflow/.local/lib/python3.7/site-packages/airflow/example_dags/example_branch_operator_decorator.py
[2022-09-30 08:17:11,714] {logging_mixin.py:115} INFO - [2022-09-30 08:17:11,714] {dag.py:2371} INFO - Sync 1 DAGs
[2022-09-30 08:17:11,856] {logging_mixin.py:115} INFO - [2022-09-30 08:17:11,856] {dag.py:2919} INFO - Setting next_dagrun for example_branch_python_operator_decorator to 2022-09-29T00:00:00+00:00, run_after=2022-09-30T00:00:00+00:00
[2022-09-30 08:17:11,871] {processor.py:161} INFO - Processing /home/airflow/.local/lib/python3.7/site-packages/airflow/example_dags/example_branch_operator_decorator.py took 0.210 seconds
[2022-09-30 08:17:42,353] {processor.py:153} INFO - Started process (PID=169) to work on /home/airflow/.local/lib/python3.7/site-packages/airflow/example_dags/example_branch_operator_decorator.py
[2022-09-30 08:17:42,354] {processor.py:641} INFO - Processing file /home/airflow/.local/lib/python3.7/site-packages/airflow/example_dags/example_branch_operator_decorator.py for tasks to queue
[2022-09-30 08:17:42,354] {logging_mixin.py:115} INFO - [2022-09-30 08:17:42,354] {dagbag.py:507} INFO - Filling up the DagBag from /home/airflow/.local/lib/python3.7/site-packages/airflow/example_dags/example_branch_operator_decorator.py
[2022-09-30 08:17:42,372] {processor.py:651} INFO - DAG(s) dict_keys(['example_branch_python_operator_decorator']) retrieved from /home/airflow/.local/lib/python3.7/site-packages/airflow/example_dags/example_branch_operator_decorator.py
[2022-09-30 08:17:42,399] {logging_mixin.py:115} INFO - [2022-09-30 08:17:42,399] {dag.py:2371} INFO - Sync 1 DAGs
[2022-09-30 08:17:42,527] {logging_mixin.py:115} INFO - [2022-09-30 08:17:42,526] {dag.py:2919} INFO - Setting next_dagrun for example_branch_python_operator_decorator to 2022-09-29T00:00:00+00:00, run_after=2022-09-30T00:00:00+00:00
[2022-09-30 08:17:42,538] {processor.py:161} INFO - Processing /home/airflow/.local/lib/python3.7/site-packages/airflow/example_dags/example_branch_operator_decorator.py took 0.187 seconds
[2022-09-30 08:18:12,619] {processor.py:153} INFO - Started process (PID=230) to work on /home/airflow/.local/lib/python3.7/site-packages/airflow/example_dags/example_branch_operator_decorator.py
[2022-09-30 08:18:12,619] {processor.py:641} INFO - Processing file /home/airflow/.local/lib/python3.7/site-packages/airflow/example_dags/example_branch_operator_decorator.py for tasks to queue
[2022-09-30 08:18:12,620] {logging_mixin.py:115} INFO - [2022-09-30 08:18:12,620] {dagbag.py:507} INFO - Filling up the DagBag from /home/airflow/.local/lib/python3.7/site-packages/airflow/example_dags/example_branch_operator_decorator.py
[2022-09-30 08:18:12,638] {processor.py:651} INFO - DAG(s) dict_keys(['example_branch_python_operator_decorator']) retrieved from /home/airflow/.local/lib/python3.7/site-packages/airflow/example_dags/example_branch_operator_decorator.py
[2022-09-30 08:18:12,666] {logging_mixin.py:115} INFO - [2022-09-30 08:18:12,665] {dag.py:2371} INFO - Sync 1 DAGs
[2022-09-30 08:18:12,783] {logging_mixin.py:115} INFO - [2022-09-30 08:18:12,783] {dag.py:2919} INFO - Setting next_dagrun for example_branch_python_operator_decorator to 2022-09-29T00:00:00+00:00, run_after=2022-09-30T00:00:00+00:00
[2022-09-30 08:18:12,794] {processor.py:161} INFO - Processing /home/airflow/.local/lib/python3.7/site-packages/airflow/example_dags/example_branch_operator_decorator.py took 0.178 seconds
[2022-09-30 08:18:43,022] {processor.py:153} INFO - Started process (PID=282) to work on /home/airflow/.local/lib/python3.7/site-packages/airflow/example_dags/example_branch_operator_decorator.py
[2022-09-30 08:18:43,023] {processor.py:641} INFO - Processing file /home/airflow/.local/lib/python3.7/site-packages/airflow/example_dags/example_branch_operator_decorator.py for tasks to queue
[2022-09-30 08:18:43,024] {logging_mixin.py:115} INFO - [2022-09-30 08:18:43,024] {dagbag.py:507} INFO - Filling up the DagBag from /home/airflow/.local/lib/python3.7/site-packages/airflow/example_dags/example_branch_operator_decorator.py
[2022-09-30 08:18:43,040] {processor.py:651} INFO - DAG(s) dict_keys(['example_branch_python_operator_decorator']) retrieved from /home/airflow/.local/lib/python3.7/site-packages/airflow/example_dags/example_branch_operator_decorator.py
[2022-09-30 08:18:43,066] {logging_mixin.py:115} INFO - [2022-09-30 08:18:43,066] {dag.py:2371} INFO - Sync 1 DAGs
[2022-09-30 08:18:43,194] {logging_mixin.py:115} INFO - [2022-09-30 08:18:43,194] {dag.py:2919} INFO - Setting next_dagrun for example_branch_python_operator_decorator to 2022-09-29T00:00:00+00:00, run_after=2022-09-30T00:00:00+00:00
[2022-09-30 08:18:43,205] {processor.py:161} INFO - Processing /home/airflow/.local/lib/python3.7/site-packages/airflow/example_dags/example_branch_operator_decorator.py took 0.186 seconds
[2022-09-30 08:19:13,406] {processor.py:153} INFO - Started process (PID=343) to work on /home/airflow/.local/lib/python3.7/site-packages/airflow/example_dags/example_branch_operator_decorator.py
[2022-09-30 08:19:13,410] {processor.py:641} INFO - Processing file /home/airflow/.local/lib/python3.7/site-packages/airflow/example_dags/example_branch_operator_decorator.py for tasks to queue
[2022-09-30 08:19:13,411] {logging_mixin.py:115} INFO - [2022-09-30 08:19:13,410] {dagbag.py:507} INFO - Filling up the DagBag from /home/airflow/.local/lib/python3.7/site-packages/airflow/example_dags/example_branch_operator_decorator.py
[2022-09-30 08:19:13,429] {processor.py:651} INFO - DAG(s) dict_keys(['example_branch_python_operator_decorator']) retrieved from /home/airflow/.local/lib/python3.7/site-packages/airflow/example_dags/example_branch_operator_decorator.py
[2022-09-30 08:19:13,462] {logging_mixin.py:115} INFO - [2022-09-30 08:19:13,462] {dag.py:2371} INFO - Sync 1 DAGs
[2022-09-30 08:19:13,590] {logging_mixin.py:115} INFO - [2022-09-30 08:19:13,590] {dag.py:2919} INFO - Setting next_dagrun for example_branch_python_operator_decorator to 2022-09-29T00:00:00+00:00, run_after=2022-09-30T00:00:00+00:00
[2022-09-30 08:19:13,602] {processor.py:161} INFO - Processing /home/airflow/.local/lib/python3.7/site-packages/airflow/example_dags/example_branch_operator_decorator.py took 0.199 seconds
[2022-09-30 08:19:44,402] {processor.py:153} INFO - Started process (PID=404) to work on /home/airflow/.local/lib/python3.7/site-packages/airflow/example_dags/example_branch_operator_decorator.py
[2022-09-30 08:19:44,403] {processor.py:641} INFO - Processing file /home/airflow/.local/lib/python3.7/site-packages/airflow/example_dags/example_branch_operator_decorator.py for tasks to queue
[2022-09-30 08:19:44,404] {logging_mixin.py:115} INFO - [2022-09-30 08:19:44,404] {dagbag.py:507} INFO - Filling up the DagBag from /home/airflow/.local/lib/python3.7/site-packages/airflow/example_dags/example_branch_operator_decorator.py
[2022-09-30 08:19:44,424] {processor.py:651} INFO - DAG(s) dict_keys(['example_branch_python_operator_decorator']) retrieved from /home/airflow/.local/lib/python3.7/site-packages/airflow/example_dags/example_branch_operator_decorator.py
[2022-09-30 08:19:44,456] {logging_mixin.py:115} INFO - [2022-09-30 08:19:44,456] {dag.py:2371} INFO - Sync 1 DAGs
[2022-09-30 08:19:44,609] {logging_mixin.py:115} INFO - [2022-09-30 08:19:44,609] {dag.py:2919} INFO - Setting next_dagrun for example_branch_python_operator_decorator to 2022-09-29T00:00:00+00:00, run_after=2022-09-30T00:00:00+00:00
[2022-09-30 08:19:44,621] {processor.py:161} INFO - Processing /home/airflow/.local/lib/python3.7/site-packages/airflow/example_dags/example_branch_operator_decorator.py took 0.222 seconds
[2022-09-30 08:20:15,180] {processor.py:153} INFO - Started process (PID=456) to work on /home/airflow/.local/lib/python3.7/site-packages/airflow/example_dags/example_branch_operator_decorator.py
[2022-09-30 08:20:15,181] {processor.py:641} INFO - Processing file /home/airflow/.local/lib/python3.7/site-packages/airflow/example_dags/example_branch_operator_decorator.py for tasks to queue
[2022-09-30 08:20:15,181] {logging_mixin.py:115} INFO - [2022-09-30 08:20:15,181] {dagbag.py:507} INFO - Filling up the DagBag from /home/airflow/.local/lib/python3.7/site-packages/airflow/example_dags/example_branch_operator_decorator.py
[2022-09-30 08:20:15,199] {processor.py:651} INFO - DAG(s) dict_keys(['example_branch_python_operator_decorator']) retrieved from /home/airflow/.local/lib/python3.7/site-packages/airflow/example_dags/example_branch_operator_decorator.py
[2022-09-30 08:20:15,226] {logging_mixin.py:115} INFO - [2022-09-30 08:20:15,225] {dag.py:2371} INFO - Sync 1 DAGs
[2022-09-30 08:20:15,342] {logging_mixin.py:115} INFO - [2022-09-30 08:20:15,342] {dag.py:2919} INFO - Setting next_dagrun for example_branch_python_operator_decorator to 2022-09-29T00:00:00+00:00, run_after=2022-09-30T00:00:00+00:00
[2022-09-30 08:20:15,351] {processor.py:161} INFO - Processing /home/airflow/.local/lib/python3.7/site-packages/airflow/example_dags/example_branch_operator_decorator.py took 0.174 seconds
[2022-09-30 08:20:45,857] {processor.py:153} INFO - Started process (PID=518) to work on /home/airflow/.local/lib/python3.7/site-packages/airflow/example_dags/example_branch_operator_decorator.py
[2022-09-30 08:20:45,865] {processor.py:641} INFO - Processing file /home/airflow/.local/lib/python3.7/site-packages/airflow/example_dags/example_branch_operator_decorator.py for tasks to queue
[2022-09-30 08:20:45,866] {logging_mixin.py:115} INFO - [2022-09-30 08:20:45,866] {dagbag.py:507} INFO - Filling up the DagBag from /home/airflow/.local/lib/python3.7/site-packages/airflow/example_dags/example_branch_operator_decorator.py
[2022-09-30 08:20:45,897] {processor.py:651} INFO - DAG(s) dict_keys(['example_branch_python_operator_decorator']) retrieved from /home/airflow/.local/lib/python3.7/site-packages/airflow/example_dags/example_branch_operator_decorator.py
[2022-09-30 08:20:45,935] {logging_mixin.py:115} INFO - [2022-09-30 08:20:45,935] {dag.py:2371} INFO - Sync 1 DAGs
[2022-09-30 08:20:46,109] {logging_mixin.py:115} INFO - [2022-09-30 08:20:46,108] {dag.py:2919} INFO - Setting next_dagrun for example_branch_python_operator_decorator to 2022-09-29T00:00:00+00:00, run_after=2022-09-30T00:00:00+00:00
[2022-09-30 08:20:46,121] {processor.py:161} INFO - Processing /home/airflow/.local/lib/python3.7/site-packages/airflow/example_dags/example_branch_operator_decorator.py took 0.268 seconds
[2022-09-30 08:21:16,916] {processor.py:153} INFO - Started process (PID=579) to work on /home/airflow/.local/lib/python3.7/site-packages/airflow/example_dags/example_branch_operator_decorator.py
[2022-09-30 08:21:16,917] {processor.py:641} INFO - Processing file /home/airflow/.local/lib/python3.7/site-packages/airflow/example_dags/example_branch_operator_decorator.py for tasks to queue
[2022-09-30 08:21:16,917] {logging_mixin.py:115} INFO - [2022-09-30 08:21:16,917] {dagbag.py:507} INFO - Filling up the DagBag from /home/airflow/.local/lib/python3.7/site-packages/airflow/example_dags/example_branch_operator_decorator.py
[2022-09-30 08:21:16,936] {processor.py:651} INFO - DAG(s) dict_keys(['example_branch_python_operator_decorator']) retrieved from /home/airflow/.local/lib/python3.7/site-packages/airflow/example_dags/example_branch_operator_decorator.py
[2022-09-30 08:21:16,967] {logging_mixin.py:115} INFO - [2022-09-30 08:21:16,967] {dag.py:2371} INFO - Sync 1 DAGs
[2022-09-30 08:21:17,086] {logging_mixin.py:115} INFO - [2022-09-30 08:21:17,086] {dag.py:2919} INFO - Setting next_dagrun for example_branch_python_operator_decorator to 2022-09-29T00:00:00+00:00, run_after=2022-09-30T00:00:00+00:00
[2022-09-30 08:21:17,097] {processor.py:161} INFO - Processing /home/airflow/.local/lib/python3.7/site-packages/airflow/example_dags/example_branch_operator_decorator.py took 0.184 seconds
[2022-09-30 08:21:47,545] {processor.py:153} INFO - Started process (PID=631) to work on /home/airflow/.local/lib/python3.7/site-packages/airflow/example_dags/example_branch_operator_decorator.py
[2022-09-30 08:21:47,547] {processor.py:641} INFO - Processing file /home/airflow/.local/lib/python3.7/site-packages/airflow/example_dags/example_branch_operator_decorator.py for tasks to queue
[2022-09-30 08:21:47,548] {logging_mixin.py:115} INFO - [2022-09-30 08:21:47,547] {dagbag.py:507} INFO - Filling up the DagBag from /home/airflow/.local/lib/python3.7/site-packages/airflow/example_dags/example_branch_operator_decorator.py
[2022-09-30 08:21:47,573] {processor.py:651} INFO - DAG(s) dict_keys(['example_branch_python_operator_decorator']) retrieved from /home/airflow/.local/lib/python3.7/site-packages/airflow/example_dags/example_branch_operator_decorator.py
[2022-09-30 08:21:47,710] {logging_mixin.py:115} INFO - [2022-09-30 08:21:47,710] {dag.py:2371} INFO - Sync 1 DAGs
[2022-09-30 08:21:47,730] {logging_mixin.py:115} INFO - [2022-09-30 08:21:47,730] {dag.py:2919} INFO - Setting next_dagrun for example_branch_python_operator_decorator to 2022-09-29T00:00:00+00:00, run_after=2022-09-30T00:00:00+00:00
[2022-09-30 08:21:47,740] {processor.py:161} INFO - Processing /home/airflow/.local/lib/python3.7/site-packages/airflow/example_dags/example_branch_operator_decorator.py took 0.201 seconds
[2022-09-30 08:22:17,953] {processor.py:153} INFO - Started process (PID=692) to work on /home/airflow/.local/lib/python3.7/site-packages/airflow/example_dags/example_branch_operator_decorator.py
[2022-09-30 08:22:17,954] {processor.py:641} INFO - Processing file /home/airflow/.local/lib/python3.7/site-packages/airflow/example_dags/example_branch_operator_decorator.py for tasks to queue
[2022-09-30 08:22:17,955] {logging_mixin.py:115} INFO - [2022-09-30 08:22:17,955] {dagbag.py:507} INFO - Filling up the DagBag from /home/airflow/.local/lib/python3.7/site-packages/airflow/example_dags/example_branch_operator_decorator.py
[2022-09-30 08:22:17,978] {processor.py:651} INFO - DAG(s) dict_keys(['example_branch_python_operator_decorator']) retrieved from /home/airflow/.local/lib/python3.7/site-packages/airflow/example_dags/example_branch_operator_decorator.py
[2022-09-30 08:22:18,181] {logging_mixin.py:115} INFO - [2022-09-30 08:22:18,181] {dag.py:2371} INFO - Sync 1 DAGs
[2022-09-30 08:22:18,203] {logging_mixin.py:115} INFO - [2022-09-30 08:22:18,203] {dag.py:2919} INFO - Setting next_dagrun for example_branch_python_operator_decorator to 2022-09-29T00:00:00+00:00, run_after=2022-09-30T00:00:00+00:00
[2022-09-30 08:22:18,215] {processor.py:161} INFO - Processing /home/airflow/.local/lib/python3.7/site-packages/airflow/example_dags/example_branch_operator_decorator.py took 0.266 seconds
[2022-09-30 08:22:48,350] {processor.py:153} INFO - Started process (PID=753) to work on /home/airflow/.local/lib/python3.7/site-packages/airflow/example_dags/example_branch_operator_decorator.py
[2022-09-30 08:22:48,351] {processor.py:641} INFO - Processing file /home/airflow/.local/lib/python3.7/site-packages/airflow/example_dags/example_branch_operator_decorator.py for tasks to queue
[2022-09-30 08:22:48,351] {logging_mixin.py:115} INFO - [2022-09-30 08:22:48,351] {dagbag.py:507} INFO - Filling up the DagBag from /home/airflow/.local/lib/python3.7/site-packages/airflow/example_dags/example_branch_operator_decorator.py
[2022-09-30 08:22:48,373] {processor.py:651} INFO - DAG(s) dict_keys(['example_branch_python_operator_decorator']) retrieved from /home/airflow/.local/lib/python3.7/site-packages/airflow/example_dags/example_branch_operator_decorator.py
[2022-09-30 08:22:48,542] {logging_mixin.py:115} INFO - [2022-09-30 08:22:48,542] {dag.py:2371} INFO - Sync 1 DAGs
[2022-09-30 08:22:48,564] {logging_mixin.py:115} INFO - [2022-09-30 08:22:48,564] {dag.py:2919} INFO - Setting next_dagrun for example_branch_python_operator_decorator to 2022-09-29T00:00:00+00:00, run_after=2022-09-30T00:00:00+00:00
[2022-09-30 08:22:48,574] {processor.py:161} INFO - Processing /home/airflow/.local/lib/python3.7/site-packages/airflow/example_dags/example_branch_operator_decorator.py took 0.227 seconds
[2022-09-30 08:23:19,300] {processor.py:153} INFO - Started process (PID=805) to work on /home/airflow/.local/lib/python3.7/site-packages/airflow/example_dags/example_branch_operator_decorator.py
[2022-09-30 08:23:19,301] {processor.py:641} INFO - Processing file /home/airflow/.local/lib/python3.7/site-packages/airflow/example_dags/example_branch_operator_decorator.py for tasks to queue
[2022-09-30 08:23:19,302] {logging_mixin.py:115} INFO - [2022-09-30 08:23:19,302] {dagbag.py:507} INFO - Filling up the DagBag from /home/airflow/.local/lib/python3.7/site-packages/airflow/example_dags/example_branch_operator_decorator.py
[2022-09-30 08:23:19,322] {processor.py:651} INFO - DAG(s) dict_keys(['example_branch_python_operator_decorator']) retrieved from /home/airflow/.local/lib/python3.7/site-packages/airflow/example_dags/example_branch_operator_decorator.py
[2022-09-30 08:23:19,447] {logging_mixin.py:115} INFO - [2022-09-30 08:23:19,447] {dag.py:2371} INFO - Sync 1 DAGs
[2022-09-30 08:23:19,468] {logging_mixin.py:115} INFO - [2022-09-30 08:23:19,468] {dag.py:2919} INFO - Setting next_dagrun for example_branch_python_operator_decorator to 2022-09-29T00:00:00+00:00, run_after=2022-09-30T00:00:00+00:00
[2022-09-30 08:23:19,479] {processor.py:161} INFO - Processing /home/airflow/.local/lib/python3.7/site-packages/airflow/example_dags/example_branch_operator_decorator.py took 0.181 seconds
[2022-09-30 08:23:49,777] {processor.py:153} INFO - Started process (PID=866) to work on /home/airflow/.local/lib/python3.7/site-packages/airflow/example_dags/example_branch_operator_decorator.py
[2022-09-30 08:23:49,778] {processor.py:641} INFO - Processing file /home/airflow/.local/lib/python3.7/site-packages/airflow/example_dags/example_branch_operator_decorator.py for tasks to queue
[2022-09-30 08:23:49,779] {logging_mixin.py:115} INFO - [2022-09-30 08:23:49,778] {dagbag.py:507} INFO - Filling up the DagBag from /home/airflow/.local/lib/python3.7/site-packages/airflow/example_dags/example_branch_operator_decorator.py
[2022-09-30 08:23:49,799] {processor.py:651} INFO - DAG(s) dict_keys(['example_branch_python_operator_decorator']) retrieved from /home/airflow/.local/lib/python3.7/site-packages/airflow/example_dags/example_branch_operator_decorator.py
[2022-09-30 08:23:49,958] {logging_mixin.py:115} INFO - [2022-09-30 08:23:49,958] {dag.py:2371} INFO - Sync 1 DAGs
[2022-09-30 08:23:49,984] {logging_mixin.py:115} INFO - [2022-09-30 08:23:49,984] {dag.py:2919} INFO - Setting next_dagrun for example_branch_python_operator_decorator to 2022-09-29T00:00:00+00:00, run_after=2022-09-30T00:00:00+00:00
[2022-09-30 08:23:49,998] {processor.py:161} INFO - Processing /home/airflow/.local/lib/python3.7/site-packages/airflow/example_dags/example_branch_operator_decorator.py took 0.224 seconds
[2022-09-30 08:24:20,364] {processor.py:153} INFO - Started process (PID=927) to work on /home/airflow/.local/lib/python3.7/site-packages/airflow/example_dags/example_branch_operator_decorator.py
[2022-09-30 08:24:20,364] {processor.py:641} INFO - Processing file /home/airflow/.local/lib/python3.7/site-packages/airflow/example_dags/example_branch_operator_decorator.py for tasks to queue
[2022-09-30 08:24:20,365] {logging_mixin.py:115} INFO - [2022-09-30 08:24:20,365] {dagbag.py:507} INFO - Filling up the DagBag from /home/airflow/.local/lib/python3.7/site-packages/airflow/example_dags/example_branch_operator_decorator.py
[2022-09-30 08:24:20,384] {processor.py:651} INFO - DAG(s) dict_keys(['example_branch_python_operator_decorator']) retrieved from /home/airflow/.local/lib/python3.7/site-packages/airflow/example_dags/example_branch_operator_decorator.py
[2022-09-30 08:24:20,503] {logging_mixin.py:115} INFO - [2022-09-30 08:24:20,503] {dag.py:2371} INFO - Sync 1 DAGs
[2022-09-30 08:24:20,523] {logging_mixin.py:115} INFO - [2022-09-30 08:24:20,522] {dag.py:2919} INFO - Setting next_dagrun for example_branch_python_operator_decorator to 2022-09-29T00:00:00+00:00, run_after=2022-09-30T00:00:00+00:00
[2022-09-30 08:24:20,535] {processor.py:161} INFO - Processing /home/airflow/.local/lib/python3.7/site-packages/airflow/example_dags/example_branch_operator_decorator.py took 0.173 seconds
[2022-09-30 08:24:50,921] {processor.py:153} INFO - Started process (PID=979) to work on /home/airflow/.local/lib/python3.7/site-packages/airflow/example_dags/example_branch_operator_decorator.py
[2022-09-30 08:24:50,921] {processor.py:641} INFO - Processing file /home/airflow/.local/lib/python3.7/site-packages/airflow/example_dags/example_branch_operator_decorator.py for tasks to queue
[2022-09-30 08:24:50,922] {logging_mixin.py:115} INFO - [2022-09-30 08:24:50,922] {dagbag.py:507} INFO - Filling up the DagBag from /home/airflow/.local/lib/python3.7/site-packages/airflow/example_dags/example_branch_operator_decorator.py
[2022-09-30 08:24:50,945] {processor.py:651} INFO - DAG(s) dict_keys(['example_branch_python_operator_decorator']) retrieved from /home/airflow/.local/lib/python3.7/site-packages/airflow/example_dags/example_branch_operator_decorator.py
[2022-09-30 08:24:51,059] {logging_mixin.py:115} INFO - [2022-09-30 08:24:51,059] {dag.py:2371} INFO - Sync 1 DAGs
[2022-09-30 08:24:51,078] {logging_mixin.py:115} INFO - [2022-09-30 08:24:51,078] {dag.py:2919} INFO - Setting next_dagrun for example_branch_python_operator_decorator to 2022-09-29T00:00:00+00:00, run_after=2022-09-30T00:00:00+00:00
[2022-09-30 08:24:51,089] {processor.py:161} INFO - Processing /home/airflow/.local/lib/python3.7/site-packages/airflow/example_dags/example_branch_operator_decorator.py took 0.171 seconds
[2022-09-30 08:25:21,507] {processor.py:153} INFO - Started process (PID=1040) to work on /home/airflow/.local/lib/python3.7/site-packages/airflow/example_dags/example_branch_operator_decorator.py
[2022-09-30 08:25:21,509] {processor.py:641} INFO - Processing file /home/airflow/.local/lib/python3.7/site-packages/airflow/example_dags/example_branch_operator_decorator.py for tasks to queue
[2022-09-30 08:25:21,511] {logging_mixin.py:115} INFO - [2022-09-30 08:25:21,511] {dagbag.py:507} INFO - Filling up the DagBag from /home/airflow/.local/lib/python3.7/site-packages/airflow/example_dags/example_branch_operator_decorator.py
[2022-09-30 08:25:21,538] {processor.py:651} INFO - DAG(s) dict_keys(['example_branch_python_operator_decorator']) retrieved from /home/airflow/.local/lib/python3.7/site-packages/airflow/example_dags/example_branch_operator_decorator.py
[2022-09-30 08:25:21,682] {logging_mixin.py:115} INFO - [2022-09-30 08:25:21,682] {dag.py:2371} INFO - Sync 1 DAGs
[2022-09-30 08:25:21,702] {logging_mixin.py:115} INFO - [2022-09-30 08:25:21,702] {dag.py:2919} INFO - Setting next_dagrun for example_branch_python_operator_decorator to 2022-09-29T00:00:00+00:00, run_after=2022-09-30T00:00:00+00:00
[2022-09-30 08:25:21,714] {processor.py:161} INFO - Processing /home/airflow/.local/lib/python3.7/site-packages/airflow/example_dags/example_branch_operator_decorator.py took 0.210 seconds
[2022-09-30 08:25:52,187] {processor.py:153} INFO - Started process (PID=1101) to work on /home/airflow/.local/lib/python3.7/site-packages/airflow/example_dags/example_branch_operator_decorator.py
[2022-09-30 08:25:52,188] {processor.py:641} INFO - Processing file /home/airflow/.local/lib/python3.7/site-packages/airflow/example_dags/example_branch_operator_decorator.py for tasks to queue
[2022-09-30 08:25:52,189] {logging_mixin.py:115} INFO - [2022-09-30 08:25:52,188] {dagbag.py:507} INFO - Filling up the DagBag from /home/airflow/.local/lib/python3.7/site-packages/airflow/example_dags/example_branch_operator_decorator.py
[2022-09-30 08:25:52,213] {processor.py:651} INFO - DAG(s) dict_keys(['example_branch_python_operator_decorator']) retrieved from /home/airflow/.local/lib/python3.7/site-packages/airflow/example_dags/example_branch_operator_decorator.py
[2022-09-30 08:25:52,391] {logging_mixin.py:115} INFO - [2022-09-30 08:25:52,391] {dag.py:2371} INFO - Sync 1 DAGs
[2022-09-30 08:25:52,420] {logging_mixin.py:115} INFO - [2022-09-30 08:25:52,420] {dag.py:2919} INFO - Setting next_dagrun for example_branch_python_operator_decorator to 2022-09-29T00:00:00+00:00, run_after=2022-09-30T00:00:00+00:00
[2022-09-30 08:25:52,434] {processor.py:161} INFO - Processing /home/airflow/.local/lib/python3.7/site-packages/airflow/example_dags/example_branch_operator_decorator.py took 0.250 seconds
[2022-09-30 08:26:23,139] {processor.py:153} INFO - Started process (PID=1153) to work on /home/airflow/.local/lib/python3.7/site-packages/airflow/example_dags/example_branch_operator_decorator.py
[2022-09-30 08:26:23,140] {processor.py:641} INFO - Processing file /home/airflow/.local/lib/python3.7/site-packages/airflow/example_dags/example_branch_operator_decorator.py for tasks to queue
[2022-09-30 08:26:23,141] {logging_mixin.py:115} INFO - [2022-09-30 08:26:23,141] {dagbag.py:507} INFO - Filling up the DagBag from /home/airflow/.local/lib/python3.7/site-packages/airflow/example_dags/example_branch_operator_decorator.py
[2022-09-30 08:26:23,166] {processor.py:651} INFO - DAG(s) dict_keys(['example_branch_python_operator_decorator']) retrieved from /home/airflow/.local/lib/python3.7/site-packages/airflow/example_dags/example_branch_operator_decorator.py
[2022-09-30 08:26:23,308] {logging_mixin.py:115} INFO - [2022-09-30 08:26:23,308] {dag.py:2371} INFO - Sync 1 DAGs
[2022-09-30 08:26:23,332] {logging_mixin.py:115} INFO - [2022-09-30 08:26:23,331] {dag.py:2919} INFO - Setting next_dagrun for example_branch_python_operator_decorator to 2022-09-29T00:00:00+00:00, run_after=2022-09-30T00:00:00+00:00
[2022-09-30 08:26:23,343] {processor.py:161} INFO - Processing /home/airflow/.local/lib/python3.7/site-packages/airflow/example_dags/example_branch_operator_decorator.py took 0.207 seconds
[2022-09-30 08:26:53,523] {processor.py:153} INFO - Started process (PID=1214) to work on /home/airflow/.local/lib/python3.7/site-packages/airflow/example_dags/example_branch_operator_decorator.py
[2022-09-30 08:26:53,525] {processor.py:641} INFO - Processing file /home/airflow/.local/lib/python3.7/site-packages/airflow/example_dags/example_branch_operator_decorator.py for tasks to queue
[2022-09-30 08:26:53,526] {logging_mixin.py:115} INFO - [2022-09-30 08:26:53,525] {dagbag.py:507} INFO - Filling up the DagBag from /home/airflow/.local/lib/python3.7/site-packages/airflow/example_dags/example_branch_operator_decorator.py
[2022-09-30 08:26:53,545] {processor.py:651} INFO - DAG(s) dict_keys(['example_branch_python_operator_decorator']) retrieved from /home/airflow/.local/lib/python3.7/site-packages/airflow/example_dags/example_branch_operator_decorator.py
[2022-09-30 08:26:53,570] {logging_mixin.py:115} INFO - [2022-09-30 08:26:53,569] {dag.py:2371} INFO - Sync 1 DAGs
[2022-09-30 08:26:53,591] {logging_mixin.py:115} INFO - [2022-09-30 08:26:53,591] {dag.py:2919} INFO - Setting next_dagrun for example_branch_python_operator_decorator to 2022-09-29T00:00:00+00:00, run_after=2022-09-30T00:00:00+00:00
[2022-09-30 08:26:53,602] {processor.py:161} INFO - Processing /home/airflow/.local/lib/python3.7/site-packages/airflow/example_dags/example_branch_operator_decorator.py took 0.082 seconds
[2022-09-30 08:27:23,721] {processor.py:153} INFO - Started process (PID=1275) to work on /home/airflow/.local/lib/python3.7/site-packages/airflow/example_dags/example_branch_operator_decorator.py
[2022-09-30 08:27:23,722] {processor.py:641} INFO - Processing file /home/airflow/.local/lib/python3.7/site-packages/airflow/example_dags/example_branch_operator_decorator.py for tasks to queue
[2022-09-30 08:27:23,723] {logging_mixin.py:115} INFO - [2022-09-30 08:27:23,723] {dagbag.py:507} INFO - Filling up the DagBag from /home/airflow/.local/lib/python3.7/site-packages/airflow/example_dags/example_branch_operator_decorator.py
[2022-09-30 08:27:23,753] {processor.py:651} INFO - DAG(s) dict_keys(['example_branch_python_operator_decorator']) retrieved from /home/airflow/.local/lib/python3.7/site-packages/airflow/example_dags/example_branch_operator_decorator.py
[2022-09-30 08:27:23,809] {logging_mixin.py:115} INFO - [2022-09-30 08:27:23,809] {dag.py:2371} INFO - Sync 1 DAGs
[2022-09-30 08:27:23,840] {logging_mixin.py:115} INFO - [2022-09-30 08:27:23,839] {dag.py:2919} INFO - Setting next_dagrun for example_branch_python_operator_decorator to 2022-09-29T00:00:00+00:00, run_after=2022-09-30T00:00:00+00:00
[2022-09-30 08:27:23,856] {processor.py:161} INFO - Processing /home/airflow/.local/lib/python3.7/site-packages/airflow/example_dags/example_branch_operator_decorator.py took 0.138 seconds
[2022-09-30 08:27:53,922] {processor.py:153} INFO - Started process (PID=1327) to work on /home/airflow/.local/lib/python3.7/site-packages/airflow/example_dags/example_branch_operator_decorator.py
[2022-09-30 08:27:53,923] {processor.py:641} INFO - Processing file /home/airflow/.local/lib/python3.7/site-packages/airflow/example_dags/example_branch_operator_decorator.py for tasks to queue
[2022-09-30 08:27:53,923] {logging_mixin.py:115} INFO - [2022-09-30 08:27:53,923] {dagbag.py:507} INFO - Filling up the DagBag from /home/airflow/.local/lib/python3.7/site-packages/airflow/example_dags/example_branch_operator_decorator.py
[2022-09-30 08:27:53,943] {processor.py:651} INFO - DAG(s) dict_keys(['example_branch_python_operator_decorator']) retrieved from /home/airflow/.local/lib/python3.7/site-packages/airflow/example_dags/example_branch_operator_decorator.py
[2022-09-30 08:27:53,966] {logging_mixin.py:115} INFO - [2022-09-30 08:27:53,966] {dag.py:2371} INFO - Sync 1 DAGs
[2022-09-30 08:27:53,987] {logging_mixin.py:115} INFO - [2022-09-30 08:27:53,987] {dag.py:2919} INFO - Setting next_dagrun for example_branch_python_operator_decorator to 2022-09-29T00:00:00+00:00, run_after=2022-09-30T00:00:00+00:00
[2022-09-30 08:27:53,998] {processor.py:161} INFO - Processing /home/airflow/.local/lib/python3.7/site-packages/airflow/example_dags/example_branch_operator_decorator.py took 0.079 seconds
[2022-09-30 08:28:24,805] {processor.py:153} INFO - Started process (PID=1388) to work on /home/airflow/.local/lib/python3.7/site-packages/airflow/example_dags/example_branch_operator_decorator.py
[2022-09-30 08:28:24,805] {processor.py:641} INFO - Processing file /home/airflow/.local/lib/python3.7/site-packages/airflow/example_dags/example_branch_operator_decorator.py for tasks to queue
[2022-09-30 08:28:24,806] {logging_mixin.py:115} INFO - [2022-09-30 08:28:24,806] {dagbag.py:507} INFO - Filling up the DagBag from /home/airflow/.local/lib/python3.7/site-packages/airflow/example_dags/example_branch_operator_decorator.py
[2022-09-30 08:28:24,826] {processor.py:651} INFO - DAG(s) dict_keys(['example_branch_python_operator_decorator']) retrieved from /home/airflow/.local/lib/python3.7/site-packages/airflow/example_dags/example_branch_operator_decorator.py
[2022-09-30 08:28:24,851] {logging_mixin.py:115} INFO - [2022-09-30 08:28:24,851] {dag.py:2371} INFO - Sync 1 DAGs
[2022-09-30 08:28:24,874] {logging_mixin.py:115} INFO - [2022-09-30 08:28:24,874] {dag.py:2919} INFO - Setting next_dagrun for example_branch_python_operator_decorator to 2022-09-29T00:00:00+00:00, run_after=2022-09-30T00:00:00+00:00
[2022-09-30 08:28:24,886] {processor.py:161} INFO - Processing /home/airflow/.local/lib/python3.7/site-packages/airflow/example_dags/example_branch_operator_decorator.py took 0.084 seconds
[2022-09-30 08:28:55,738] {processor.py:153} INFO - Started process (PID=1450) to work on /home/airflow/.local/lib/python3.7/site-packages/airflow/example_dags/example_branch_operator_decorator.py
[2022-09-30 08:28:55,739] {processor.py:641} INFO - Processing file /home/airflow/.local/lib/python3.7/site-packages/airflow/example_dags/example_branch_operator_decorator.py for tasks to queue
[2022-09-30 08:28:55,740] {logging_mixin.py:115} INFO - [2022-09-30 08:28:55,740] {dagbag.py:507} INFO - Filling up the DagBag from /home/airflow/.local/lib/python3.7/site-packages/airflow/example_dags/example_branch_operator_decorator.py
[2022-09-30 08:28:55,759] {processor.py:651} INFO - DAG(s) dict_keys(['example_branch_python_operator_decorator']) retrieved from /home/airflow/.local/lib/python3.7/site-packages/airflow/example_dags/example_branch_operator_decorator.py
[2022-09-30 08:28:55,782] {logging_mixin.py:115} INFO - [2022-09-30 08:28:55,781] {dag.py:2371} INFO - Sync 1 DAGs
[2022-09-30 08:28:55,803] {logging_mixin.py:115} INFO - [2022-09-30 08:28:55,803] {dag.py:2919} INFO - Setting next_dagrun for example_branch_python_operator_decorator to 2022-09-29T00:00:00+00:00, run_after=2022-09-30T00:00:00+00:00
[2022-09-30 08:28:55,815] {processor.py:161} INFO - Processing /home/airflow/.local/lib/python3.7/site-packages/airflow/example_dags/example_branch_operator_decorator.py took 0.080 seconds
[2022-09-30 08:29:26,538] {processor.py:153} INFO - Started process (PID=1502) to work on /home/airflow/.local/lib/python3.7/site-packages/airflow/example_dags/example_branch_operator_decorator.py
[2022-09-30 08:29:26,538] {processor.py:641} INFO - Processing file /home/airflow/.local/lib/python3.7/site-packages/airflow/example_dags/example_branch_operator_decorator.py for tasks to queue
[2022-09-30 08:29:26,539] {logging_mixin.py:115} INFO - [2022-09-30 08:29:26,539] {dagbag.py:507} INFO - Filling up the DagBag from /home/airflow/.local/lib/python3.7/site-packages/airflow/example_dags/example_branch_operator_decorator.py
[2022-09-30 08:29:26,558] {processor.py:651} INFO - DAG(s) dict_keys(['example_branch_python_operator_decorator']) retrieved from /home/airflow/.local/lib/python3.7/site-packages/airflow/example_dags/example_branch_operator_decorator.py
[2022-09-30 08:29:26,582] {logging_mixin.py:115} INFO - [2022-09-30 08:29:26,582] {dag.py:2371} INFO - Sync 1 DAGs
[2022-09-30 08:29:26,606] {logging_mixin.py:115} INFO - [2022-09-30 08:29:26,606] {dag.py:2919} INFO - Setting next_dagrun for example_branch_python_operator_decorator to 2022-09-29T00:00:00+00:00, run_after=2022-09-30T00:00:00+00:00
[2022-09-30 08:29:26,618] {processor.py:161} INFO - Processing /home/airflow/.local/lib/python3.7/site-packages/airflow/example_dags/example_branch_operator_decorator.py took 0.083 seconds
[2022-09-30 08:29:57,436] {processor.py:153} INFO - Started process (PID=1563) to work on /home/airflow/.local/lib/python3.7/site-packages/airflow/example_dags/example_branch_operator_decorator.py
[2022-09-30 08:29:57,436] {processor.py:641} INFO - Processing file /home/airflow/.local/lib/python3.7/site-packages/airflow/example_dags/example_branch_operator_decorator.py for tasks to queue
[2022-09-30 08:29:57,437] {logging_mixin.py:115} INFO - [2022-09-30 08:29:57,437] {dagbag.py:507} INFO - Filling up the DagBag from /home/airflow/.local/lib/python3.7/site-packages/airflow/example_dags/example_branch_operator_decorator.py
[2022-09-30 08:29:57,459] {processor.py:651} INFO - DAG(s) dict_keys(['example_branch_python_operator_decorator']) retrieved from /home/airflow/.local/lib/python3.7/site-packages/airflow/example_dags/example_branch_operator_decorator.py
[2022-09-30 08:29:57,481] {logging_mixin.py:115} INFO - [2022-09-30 08:29:57,481] {dag.py:2371} INFO - Sync 1 DAGs
[2022-09-30 08:29:57,503] {logging_mixin.py:115} INFO - [2022-09-30 08:29:57,503] {dag.py:2919} INFO - Setting next_dagrun for example_branch_python_operator_decorator to 2022-09-29T00:00:00+00:00, run_after=2022-09-30T00:00:00+00:00
[2022-09-30 08:29:57,514] {processor.py:161} INFO - Processing /home/airflow/.local/lib/python3.7/site-packages/airflow/example_dags/example_branch_operator_decorator.py took 0.081 seconds
[2022-09-30 08:30:28,435] {processor.py:153} INFO - Started process (PID=1625) to work on /home/airflow/.local/lib/python3.7/site-packages/airflow/example_dags/example_branch_operator_decorator.py
[2022-09-30 08:30:28,435] {processor.py:641} INFO - Processing file /home/airflow/.local/lib/python3.7/site-packages/airflow/example_dags/example_branch_operator_decorator.py for tasks to queue
[2022-09-30 08:30:28,436] {logging_mixin.py:115} INFO - [2022-09-30 08:30:28,436] {dagbag.py:507} INFO - Filling up the DagBag from /home/airflow/.local/lib/python3.7/site-packages/airflow/example_dags/example_branch_operator_decorator.py
[2022-09-30 08:30:28,455] {processor.py:651} INFO - DAG(s) dict_keys(['example_branch_python_operator_decorator']) retrieved from /home/airflow/.local/lib/python3.7/site-packages/airflow/example_dags/example_branch_operator_decorator.py
[2022-09-30 08:30:28,478] {logging_mixin.py:115} INFO - [2022-09-30 08:30:28,478] {dag.py:2371} INFO - Sync 1 DAGs
[2022-09-30 08:30:28,499] {logging_mixin.py:115} INFO - [2022-09-30 08:30:28,498] {dag.py:2919} INFO - Setting next_dagrun for example_branch_python_operator_decorator to 2022-09-29T00:00:00+00:00, run_after=2022-09-30T00:00:00+00:00
[2022-09-30 08:30:28,510] {processor.py:161} INFO - Processing /home/airflow/.local/lib/python3.7/site-packages/airflow/example_dags/example_branch_operator_decorator.py took 0.078 seconds
[2022-09-30 08:30:59,463] {processor.py:153} INFO - Started process (PID=1677) to work on /home/airflow/.local/lib/python3.7/site-packages/airflow/example_dags/example_branch_operator_decorator.py
[2022-09-30 08:30:59,464] {processor.py:641} INFO - Processing file /home/airflow/.local/lib/python3.7/site-packages/airflow/example_dags/example_branch_operator_decorator.py for tasks to queue
[2022-09-30 08:30:59,465] {logging_mixin.py:115} INFO - [2022-09-30 08:30:59,464] {dagbag.py:507} INFO - Filling up the DagBag from /home/airflow/.local/lib/python3.7/site-packages/airflow/example_dags/example_branch_operator_decorator.py
[2022-09-30 08:30:59,484] {processor.py:651} INFO - DAG(s) dict_keys(['example_branch_python_operator_decorator']) retrieved from /home/airflow/.local/lib/python3.7/site-packages/airflow/example_dags/example_branch_operator_decorator.py
[2022-09-30 08:30:59,564] {logging_mixin.py:115} INFO - [2022-09-30 08:30:59,563] {dag.py:2371} INFO - Sync 1 DAGs
[2022-09-30 08:30:59,587] {logging_mixin.py:115} INFO - [2022-09-30 08:30:59,587] {dag.py:2919} INFO - Setting next_dagrun for example_branch_python_operator_decorator to 2022-09-29T00:00:00+00:00, run_after=2022-09-30T00:00:00+00:00
[2022-09-30 08:30:59,599] {processor.py:161} INFO - Processing /home/airflow/.local/lib/python3.7/site-packages/airflow/example_dags/example_branch_operator_decorator.py took 0.138 seconds
[2022-09-30 08:31:29,765] {processor.py:153} INFO - Started process (PID=1738) to work on /home/airflow/.local/lib/python3.7/site-packages/airflow/example_dags/example_branch_operator_decorator.py
[2022-09-30 08:31:29,766] {processor.py:641} INFO - Processing file /home/airflow/.local/lib/python3.7/site-packages/airflow/example_dags/example_branch_operator_decorator.py for tasks to queue
[2022-09-30 08:31:29,767] {logging_mixin.py:115} INFO - [2022-09-30 08:31:29,766] {dagbag.py:507} INFO - Filling up the DagBag from /home/airflow/.local/lib/python3.7/site-packages/airflow/example_dags/example_branch_operator_decorator.py
[2022-09-30 08:31:29,786] {processor.py:651} INFO - DAG(s) dict_keys(['example_branch_python_operator_decorator']) retrieved from /home/airflow/.local/lib/python3.7/site-packages/airflow/example_dags/example_branch_operator_decorator.py
[2022-09-30 08:31:29,809] {logging_mixin.py:115} INFO - [2022-09-30 08:31:29,809] {dag.py:2371} INFO - Sync 1 DAGs
[2022-09-30 08:31:29,830] {logging_mixin.py:115} INFO - [2022-09-30 08:31:29,830] {dag.py:2919} INFO - Setting next_dagrun for example_branch_python_operator_decorator to 2022-09-29T00:00:00+00:00, run_after=2022-09-30T00:00:00+00:00
[2022-09-30 08:31:29,841] {processor.py:161} INFO - Processing /home/airflow/.local/lib/python3.7/site-packages/airflow/example_dags/example_branch_operator_decorator.py took 0.079 seconds
[2022-09-30 08:31:59,869] {processor.py:153} INFO - Started process (PID=1799) to work on /home/airflow/.local/lib/python3.7/site-packages/airflow/example_dags/example_branch_operator_decorator.py
[2022-09-30 08:31:59,870] {processor.py:641} INFO - Processing file /home/airflow/.local/lib/python3.7/site-packages/airflow/example_dags/example_branch_operator_decorator.py for tasks to queue
[2022-09-30 08:31:59,870] {logging_mixin.py:115} INFO - [2022-09-30 08:31:59,870] {dagbag.py:507} INFO - Filling up the DagBag from /home/airflow/.local/lib/python3.7/site-packages/airflow/example_dags/example_branch_operator_decorator.py
[2022-09-30 08:32:00,005] {processor.py:651} INFO - DAG(s) dict_keys(['example_branch_python_operator_decorator']) retrieved from /home/airflow/.local/lib/python3.7/site-packages/airflow/example_dags/example_branch_operator_decorator.py
[2022-09-30 08:32:00,026] {logging_mixin.py:115} INFO - [2022-09-30 08:32:00,026] {dag.py:2371} INFO - Sync 1 DAGs
[2022-09-30 08:32:00,045] {logging_mixin.py:115} INFO - [2022-09-30 08:32:00,045] {dag.py:2919} INFO - Setting next_dagrun for example_branch_python_operator_decorator to 2022-09-29T00:00:00+00:00, run_after=2022-09-30T00:00:00+00:00
[2022-09-30 08:32:00,058] {processor.py:161} INFO - Processing /home/airflow/.local/lib/python3.7/site-packages/airflow/example_dags/example_branch_operator_decorator.py took 0.192 seconds
[2022-09-30 08:32:30,118] {processor.py:153} INFO - Started process (PID=1851) to work on /home/airflow/.local/lib/python3.7/site-packages/airflow/example_dags/example_branch_operator_decorator.py
[2022-09-30 08:32:30,119] {processor.py:641} INFO - Processing file /home/airflow/.local/lib/python3.7/site-packages/airflow/example_dags/example_branch_operator_decorator.py for tasks to queue
[2022-09-30 08:32:30,119] {logging_mixin.py:115} INFO - [2022-09-30 08:32:30,119] {dagbag.py:507} INFO - Filling up the DagBag from /home/airflow/.local/lib/python3.7/site-packages/airflow/example_dags/example_branch_operator_decorator.py
[2022-09-30 08:32:30,235] {processor.py:651} INFO - DAG(s) dict_keys(['example_branch_python_operator_decorator']) retrieved from /home/airflow/.local/lib/python3.7/site-packages/airflow/example_dags/example_branch_operator_decorator.py
[2022-09-30 08:32:30,254] {logging_mixin.py:115} INFO - [2022-09-30 08:32:30,254] {dag.py:2371} INFO - Sync 1 DAGs
[2022-09-30 08:32:30,274] {logging_mixin.py:115} INFO - [2022-09-30 08:32:30,274] {dag.py:2919} INFO - Setting next_dagrun for example_branch_python_operator_decorator to 2022-09-29T00:00:00+00:00, run_after=2022-09-30T00:00:00+00:00
[2022-09-30 08:32:30,286] {processor.py:161} INFO - Processing /home/airflow/.local/lib/python3.7/site-packages/airflow/example_dags/example_branch_operator_decorator.py took 0.171 seconds
[2022-09-30 08:33:00,652] {processor.py:153} INFO - Started process (PID=1912) to work on /home/airflow/.local/lib/python3.7/site-packages/airflow/example_dags/example_branch_operator_decorator.py
[2022-09-30 08:33:00,652] {processor.py:641} INFO - Processing file /home/airflow/.local/lib/python3.7/site-packages/airflow/example_dags/example_branch_operator_decorator.py for tasks to queue
[2022-09-30 08:33:00,653] {logging_mixin.py:115} INFO - [2022-09-30 08:33:00,653] {dagbag.py:507} INFO - Filling up the DagBag from /home/airflow/.local/lib/python3.7/site-packages/airflow/example_dags/example_branch_operator_decorator.py
[2022-09-30 08:33:00,780] {processor.py:651} INFO - DAG(s) dict_keys(['example_branch_python_operator_decorator']) retrieved from /home/airflow/.local/lib/python3.7/site-packages/airflow/example_dags/example_branch_operator_decorator.py
[2022-09-30 08:33:00,801] {logging_mixin.py:115} INFO - [2022-09-30 08:33:00,801] {dag.py:2371} INFO - Sync 1 DAGs
[2022-09-30 08:33:00,820] {logging_mixin.py:115} INFO - [2022-09-30 08:33:00,820] {dag.py:2919} INFO - Setting next_dagrun for example_branch_python_operator_decorator to 2022-09-29T00:00:00+00:00, run_after=2022-09-30T00:00:00+00:00
[2022-09-30 08:33:00,835] {processor.py:161} INFO - Processing /home/airflow/.local/lib/python3.7/site-packages/airflow/example_dags/example_branch_operator_decorator.py took 0.186 seconds
[2022-09-30 08:33:31,341] {processor.py:153} INFO - Started process (PID=1973) to work on /home/airflow/.local/lib/python3.7/site-packages/airflow/example_dags/example_branch_operator_decorator.py
[2022-09-30 08:33:31,343] {processor.py:641} INFO - Processing file /home/airflow/.local/lib/python3.7/site-packages/airflow/example_dags/example_branch_operator_decorator.py for tasks to queue
[2022-09-30 08:33:31,343] {logging_mixin.py:115} INFO - [2022-09-30 08:33:31,343] {dagbag.py:507} INFO - Filling up the DagBag from /home/airflow/.local/lib/python3.7/site-packages/airflow/example_dags/example_branch_operator_decorator.py
[2022-09-30 08:33:31,477] {processor.py:651} INFO - DAG(s) dict_keys(['example_branch_python_operator_decorator']) retrieved from /home/airflow/.local/lib/python3.7/site-packages/airflow/example_dags/example_branch_operator_decorator.py
[2022-09-30 08:33:31,499] {logging_mixin.py:115} INFO - [2022-09-30 08:33:31,498] {dag.py:2371} INFO - Sync 1 DAGs
[2022-09-30 08:33:31,522] {logging_mixin.py:115} INFO - [2022-09-30 08:33:31,522] {dag.py:2919} INFO - Setting next_dagrun for example_branch_python_operator_decorator to 2022-09-29T00:00:00+00:00, run_after=2022-09-30T00:00:00+00:00
[2022-09-30 08:33:31,534] {processor.py:161} INFO - Processing /home/airflow/.local/lib/python3.7/site-packages/airflow/example_dags/example_branch_operator_decorator.py took 0.198 seconds
[2022-09-30 08:34:01,615] {processor.py:153} INFO - Started process (PID=2025) to work on /home/airflow/.local/lib/python3.7/site-packages/airflow/example_dags/example_branch_operator_decorator.py
[2022-09-30 08:34:01,616] {processor.py:641} INFO - Processing file /home/airflow/.local/lib/python3.7/site-packages/airflow/example_dags/example_branch_operator_decorator.py for tasks to queue
[2022-09-30 08:34:01,617] {logging_mixin.py:115} INFO - [2022-09-30 08:34:01,616] {dagbag.py:507} INFO - Filling up the DagBag from /home/airflow/.local/lib/python3.7/site-packages/airflow/example_dags/example_branch_operator_decorator.py
[2022-09-30 08:34:01,743] {processor.py:651} INFO - DAG(s) dict_keys(['example_branch_python_operator_decorator']) retrieved from /home/airflow/.local/lib/python3.7/site-packages/airflow/example_dags/example_branch_operator_decorator.py
[2022-09-30 08:34:01,763] {logging_mixin.py:115} INFO - [2022-09-30 08:34:01,763] {dag.py:2371} INFO - Sync 1 DAGs
[2022-09-30 08:34:01,784] {logging_mixin.py:115} INFO - [2022-09-30 08:34:01,784] {dag.py:2919} INFO - Setting next_dagrun for example_branch_python_operator_decorator to 2022-09-29T00:00:00+00:00, run_after=2022-09-30T00:00:00+00:00
[2022-09-30 08:34:01,796] {processor.py:161} INFO - Processing /home/airflow/.local/lib/python3.7/site-packages/airflow/example_dags/example_branch_operator_decorator.py took 0.184 seconds
[2022-09-30 08:34:32,246] {processor.py:153} INFO - Started process (PID=2087) to work on /home/airflow/.local/lib/python3.7/site-packages/airflow/example_dags/example_branch_operator_decorator.py
[2022-09-30 08:34:32,246] {processor.py:641} INFO - Processing file /home/airflow/.local/lib/python3.7/site-packages/airflow/example_dags/example_branch_operator_decorator.py for tasks to queue
[2022-09-30 08:34:32,247] {logging_mixin.py:115} INFO - [2022-09-30 08:34:32,247] {dagbag.py:507} INFO - Filling up the DagBag from /home/airflow/.local/lib/python3.7/site-packages/airflow/example_dags/example_branch_operator_decorator.py
[2022-09-30 08:34:32,366] {processor.py:651} INFO - DAG(s) dict_keys(['example_branch_python_operator_decorator']) retrieved from /home/airflow/.local/lib/python3.7/site-packages/airflow/example_dags/example_branch_operator_decorator.py
[2022-09-30 08:34:32,387] {logging_mixin.py:115} INFO - [2022-09-30 08:34:32,387] {dag.py:2371} INFO - Sync 1 DAGs
[2022-09-30 08:34:32,409] {logging_mixin.py:115} INFO - [2022-09-30 08:34:32,409] {dag.py:2919} INFO - Setting next_dagrun for example_branch_python_operator_decorator to 2022-09-29T00:00:00+00:00, run_after=2022-09-30T00:00:00+00:00
[2022-09-30 08:34:32,421] {processor.py:161} INFO - Processing /home/airflow/.local/lib/python3.7/site-packages/airflow/example_dags/example_branch_operator_decorator.py took 0.178 seconds
