[2022-09-30 08:15:10,096] {processor.py:153} INFO - Started process (PID=68) to work on /home/airflow/.local/lib/python3.7/site-packages/airflow/example_dags/example_branch_operator.py
[2022-09-30 08:15:10,097] {processor.py:641} INFO - Processing file /home/airflow/.local/lib/python3.7/site-packages/airflow/example_dags/example_branch_operator.py for tasks to queue
[2022-09-30 08:15:10,097] {logging_mixin.py:115} INFO - [2022-09-30 08:15:10,097] {dagbag.py:507} INFO - Filling up the DagBag from /home/airflow/.local/lib/python3.7/site-packages/airflow/example_dags/example_branch_operator.py
[2022-09-30 08:15:10,111] {processor.py:651} INFO - DAG(s) dict_keys(['example_branch_operator']) retrieved from /home/airflow/.local/lib/python3.7/site-packages/airflow/example_dags/example_branch_operator.py
[2022-09-30 08:15:10,358] {logging_mixin.py:115} INFO - [2022-09-30 08:15:10,358] {manager.py:508} INFO - Created Permission View: can delete on DAG:example_branch_operator
[2022-09-30 08:15:10,369] {logging_mixin.py:115} INFO - [2022-09-30 08:15:10,369] {manager.py:508} INFO - Created Permission View: can edit on DAG:example_branch_operator
[2022-09-30 08:15:10,381] {logging_mixin.py:115} INFO - [2022-09-30 08:15:10,381] {manager.py:508} INFO - Created Permission View: can read on DAG:example_branch_operator
[2022-09-30 08:15:10,382] {logging_mixin.py:115} INFO - [2022-09-30 08:15:10,381] {dag.py:2371} INFO - Sync 1 DAGs
[2022-09-30 08:15:10,395] {logging_mixin.py:115} INFO - [2022-09-30 08:15:10,395] {dag.py:2390} INFO - Creating ORM DAG for example_branch_operator
[2022-09-30 08:15:10,418] {logging_mixin.py:115} INFO - [2022-09-30 08:15:10,418] {dag.py:2919} INFO - Setting next_dagrun for example_branch_operator to 2022-09-29T00:00:00+00:00, run_after=2022-09-30T00:00:00+00:00
[2022-09-30 08:15:10,445] {processor.py:161} INFO - Processing /home/airflow/.local/lib/python3.7/site-packages/airflow/example_dags/example_branch_operator.py took 0.353 seconds
[2022-09-30 08:15:40,771] {processor.py:153} INFO - Started process (PID=129) to work on /home/airflow/.local/lib/python3.7/site-packages/airflow/example_dags/example_branch_operator.py
[2022-09-30 08:15:40,772] {processor.py:641} INFO - Processing file /home/airflow/.local/lib/python3.7/site-packages/airflow/example_dags/example_branch_operator.py for tasks to queue
[2022-09-30 08:15:40,773] {logging_mixin.py:115} INFO - [2022-09-30 08:15:40,773] {dagbag.py:507} INFO - Filling up the DagBag from /home/airflow/.local/lib/python3.7/site-packages/airflow/example_dags/example_branch_operator.py
[2022-09-30 08:15:40,785] {processor.py:651} INFO - DAG(s) dict_keys(['example_branch_operator']) retrieved from /home/airflow/.local/lib/python3.7/site-packages/airflow/example_dags/example_branch_operator.py
[2022-09-30 08:15:40,810] {logging_mixin.py:115} INFO - [2022-09-30 08:15:40,810] {dag.py:2371} INFO - Sync 1 DAGs
[2022-09-30 08:15:40,940] {logging_mixin.py:115} INFO - [2022-09-30 08:15:40,940] {dag.py:2919} INFO - Setting next_dagrun for example_branch_operator to 2022-09-29T00:00:00+00:00, run_after=2022-09-30T00:00:00+00:00
[2022-09-30 08:15:40,951] {processor.py:161} INFO - Processing /home/airflow/.local/lib/python3.7/site-packages/airflow/example_dags/example_branch_operator.py took 0.182 seconds
[2022-09-30 08:16:43,397] {processor.py:153} INFO - Started process (PID=69) to work on /home/airflow/.local/lib/python3.7/site-packages/airflow/example_dags/example_branch_operator.py
[2022-09-30 08:16:43,397] {processor.py:641} INFO - Processing file /home/airflow/.local/lib/python3.7/site-packages/airflow/example_dags/example_branch_operator.py for tasks to queue
[2022-09-30 08:16:43,398] {logging_mixin.py:115} INFO - [2022-09-30 08:16:43,398] {dagbag.py:507} INFO - Filling up the DagBag from /home/airflow/.local/lib/python3.7/site-packages/airflow/example_dags/example_branch_operator.py
[2022-09-30 08:16:43,413] {processor.py:651} INFO - DAG(s) dict_keys(['example_branch_operator']) retrieved from /home/airflow/.local/lib/python3.7/site-packages/airflow/example_dags/example_branch_operator.py
[2022-09-30 08:16:43,439] {logging_mixin.py:115} INFO - [2022-09-30 08:16:43,439] {dag.py:2371} INFO - Sync 1 DAGs
[2022-09-30 08:16:43,574] {logging_mixin.py:115} INFO - [2022-09-30 08:16:43,574] {dag.py:2919} INFO - Setting next_dagrun for example_branch_operator to 2022-09-29T00:00:00+00:00, run_after=2022-09-30T00:00:00+00:00
[2022-09-30 08:16:43,586] {processor.py:161} INFO - Processing /home/airflow/.local/lib/python3.7/site-packages/airflow/example_dags/example_branch_operator.py took 0.193 seconds
[2022-09-30 08:17:14,603] {processor.py:153} INFO - Started process (PID=128) to work on /home/airflow/.local/lib/python3.7/site-packages/airflow/example_dags/example_branch_operator.py
[2022-09-30 08:17:14,604] {processor.py:641} INFO - Processing file /home/airflow/.local/lib/python3.7/site-packages/airflow/example_dags/example_branch_operator.py for tasks to queue
[2022-09-30 08:17:14,604] {logging_mixin.py:115} INFO - [2022-09-30 08:17:14,604] {dagbag.py:507} INFO - Filling up the DagBag from /home/airflow/.local/lib/python3.7/site-packages/airflow/example_dags/example_branch_operator.py
[2022-09-30 08:17:14,614] {processor.py:651} INFO - DAG(s) dict_keys(['example_branch_operator']) retrieved from /home/airflow/.local/lib/python3.7/site-packages/airflow/example_dags/example_branch_operator.py
[2022-09-30 08:17:14,644] {logging_mixin.py:115} INFO - [2022-09-30 08:17:14,644] {dag.py:2371} INFO - Sync 1 DAGs
[2022-09-30 08:17:14,813] {logging_mixin.py:115} INFO - [2022-09-30 08:17:14,813] {dag.py:2919} INFO - Setting next_dagrun for example_branch_operator to 2022-09-29T00:00:00+00:00, run_after=2022-09-30T00:00:00+00:00
[2022-09-30 08:17:14,829] {processor.py:161} INFO - Processing /home/airflow/.local/lib/python3.7/site-packages/airflow/example_dags/example_branch_operator.py took 0.229 seconds
[2022-09-30 08:17:45,154] {processor.py:153} INFO - Started process (PID=182) to work on /home/airflow/.local/lib/python3.7/site-packages/airflow/example_dags/example_branch_operator.py
[2022-09-30 08:17:45,154] {processor.py:641} INFO - Processing file /home/airflow/.local/lib/python3.7/site-packages/airflow/example_dags/example_branch_operator.py for tasks to queue
[2022-09-30 08:17:45,155] {logging_mixin.py:115} INFO - [2022-09-30 08:17:45,155] {dagbag.py:507} INFO - Filling up the DagBag from /home/airflow/.local/lib/python3.7/site-packages/airflow/example_dags/example_branch_operator.py
[2022-09-30 08:17:45,167] {processor.py:651} INFO - DAG(s) dict_keys(['example_branch_operator']) retrieved from /home/airflow/.local/lib/python3.7/site-packages/airflow/example_dags/example_branch_operator.py
[2022-09-30 08:17:45,197] {logging_mixin.py:115} INFO - [2022-09-30 08:17:45,197] {dag.py:2371} INFO - Sync 1 DAGs
[2022-09-30 08:17:45,356] {logging_mixin.py:115} INFO - [2022-09-30 08:17:45,356] {dag.py:2919} INFO - Setting next_dagrun for example_branch_operator to 2022-09-29T00:00:00+00:00, run_after=2022-09-30T00:00:00+00:00
[2022-09-30 08:17:45,371] {processor.py:161} INFO - Processing /home/airflow/.local/lib/python3.7/site-packages/airflow/example_dags/example_branch_operator.py took 0.220 seconds
[2022-09-30 08:18:15,468] {processor.py:153} INFO - Started process (PID=243) to work on /home/airflow/.local/lib/python3.7/site-packages/airflow/example_dags/example_branch_operator.py
[2022-09-30 08:18:15,468] {processor.py:641} INFO - Processing file /home/airflow/.local/lib/python3.7/site-packages/airflow/example_dags/example_branch_operator.py for tasks to queue
[2022-09-30 08:18:15,469] {logging_mixin.py:115} INFO - [2022-09-30 08:18:15,469] {dagbag.py:507} INFO - Filling up the DagBag from /home/airflow/.local/lib/python3.7/site-packages/airflow/example_dags/example_branch_operator.py
[2022-09-30 08:18:15,479] {processor.py:651} INFO - DAG(s) dict_keys(['example_branch_operator']) retrieved from /home/airflow/.local/lib/python3.7/site-packages/airflow/example_dags/example_branch_operator.py
[2022-09-30 08:18:15,502] {logging_mixin.py:115} INFO - [2022-09-30 08:18:15,502] {dag.py:2371} INFO - Sync 1 DAGs
[2022-09-30 08:18:15,629] {logging_mixin.py:115} INFO - [2022-09-30 08:18:15,629] {dag.py:2919} INFO - Setting next_dagrun for example_branch_operator to 2022-09-29T00:00:00+00:00, run_after=2022-09-30T00:00:00+00:00
[2022-09-30 08:18:15,640] {processor.py:161} INFO - Processing /home/airflow/.local/lib/python3.7/site-packages/airflow/example_dags/example_branch_operator.py took 0.176 seconds
[2022-09-30 08:18:46,019] {processor.py:153} INFO - Started process (PID=302) to work on /home/airflow/.local/lib/python3.7/site-packages/airflow/example_dags/example_branch_operator.py
[2022-09-30 08:18:46,020] {processor.py:641} INFO - Processing file /home/airflow/.local/lib/python3.7/site-packages/airflow/example_dags/example_branch_operator.py for tasks to queue
[2022-09-30 08:18:46,020] {logging_mixin.py:115} INFO - [2022-09-30 08:18:46,020] {dagbag.py:507} INFO - Filling up the DagBag from /home/airflow/.local/lib/python3.7/site-packages/airflow/example_dags/example_branch_operator.py
[2022-09-30 08:18:46,035] {processor.py:651} INFO - DAG(s) dict_keys(['example_branch_operator']) retrieved from /home/airflow/.local/lib/python3.7/site-packages/airflow/example_dags/example_branch_operator.py
[2022-09-30 08:18:46,066] {logging_mixin.py:115} INFO - [2022-09-30 08:18:46,066] {dag.py:2371} INFO - Sync 1 DAGs
[2022-09-30 08:18:46,274] {logging_mixin.py:115} INFO - [2022-09-30 08:18:46,273] {dag.py:2919} INFO - Setting next_dagrun for example_branch_operator to 2022-09-29T00:00:00+00:00, run_after=2022-09-30T00:00:00+00:00
[2022-09-30 08:18:46,288] {processor.py:161} INFO - Processing /home/airflow/.local/lib/python3.7/site-packages/airflow/example_dags/example_branch_operator.py took 0.273 seconds
[2022-09-30 08:19:17,012] {processor.py:153} INFO - Started process (PID=356) to work on /home/airflow/.local/lib/python3.7/site-packages/airflow/example_dags/example_branch_operator.py
[2022-09-30 08:19:17,013] {processor.py:641} INFO - Processing file /home/airflow/.local/lib/python3.7/site-packages/airflow/example_dags/example_branch_operator.py for tasks to queue
[2022-09-30 08:19:17,014] {logging_mixin.py:115} INFO - [2022-09-30 08:19:17,014] {dagbag.py:507} INFO - Filling up the DagBag from /home/airflow/.local/lib/python3.7/site-packages/airflow/example_dags/example_branch_operator.py
[2022-09-30 08:19:17,024] {processor.py:651} INFO - DAG(s) dict_keys(['example_branch_operator']) retrieved from /home/airflow/.local/lib/python3.7/site-packages/airflow/example_dags/example_branch_operator.py
[2022-09-30 08:19:17,054] {logging_mixin.py:115} INFO - [2022-09-30 08:19:17,054] {dag.py:2371} INFO - Sync 1 DAGs
[2022-09-30 08:19:17,184] {logging_mixin.py:115} INFO - [2022-09-30 08:19:17,184] {dag.py:2919} INFO - Setting next_dagrun for example_branch_operator to 2022-09-29T00:00:00+00:00, run_after=2022-09-30T00:00:00+00:00
[2022-09-30 08:19:17,196] {processor.py:161} INFO - Processing /home/airflow/.local/lib/python3.7/site-packages/airflow/example_dags/example_branch_operator.py took 0.187 seconds
[2022-09-30 08:19:47,862] {processor.py:153} INFO - Started process (PID=417) to work on /home/airflow/.local/lib/python3.7/site-packages/airflow/example_dags/example_branch_operator.py
[2022-09-30 08:19:47,863] {processor.py:641} INFO - Processing file /home/airflow/.local/lib/python3.7/site-packages/airflow/example_dags/example_branch_operator.py for tasks to queue
[2022-09-30 08:19:47,864] {logging_mixin.py:115} INFO - [2022-09-30 08:19:47,864] {dagbag.py:507} INFO - Filling up the DagBag from /home/airflow/.local/lib/python3.7/site-packages/airflow/example_dags/example_branch_operator.py
[2022-09-30 08:19:47,873] {processor.py:651} INFO - DAG(s) dict_keys(['example_branch_operator']) retrieved from /home/airflow/.local/lib/python3.7/site-packages/airflow/example_dags/example_branch_operator.py
[2022-09-30 08:19:47,902] {logging_mixin.py:115} INFO - [2022-09-30 08:19:47,902] {dag.py:2371} INFO - Sync 1 DAGs
[2022-09-30 08:19:48,043] {logging_mixin.py:115} INFO - [2022-09-30 08:19:48,042] {dag.py:2919} INFO - Setting next_dagrun for example_branch_operator to 2022-09-29T00:00:00+00:00, run_after=2022-09-30T00:00:00+00:00
[2022-09-30 08:19:48,055] {processor.py:161} INFO - Processing /home/airflow/.local/lib/python3.7/site-packages/airflow/example_dags/example_branch_operator.py took 0.196 seconds
[2022-09-30 08:20:18,540] {processor.py:153} INFO - Started process (PID=479) to work on /home/airflow/.local/lib/python3.7/site-packages/airflow/example_dags/example_branch_operator.py
[2022-09-30 08:20:18,541] {processor.py:641} INFO - Processing file /home/airflow/.local/lib/python3.7/site-packages/airflow/example_dags/example_branch_operator.py for tasks to queue
[2022-09-30 08:20:18,541] {logging_mixin.py:115} INFO - [2022-09-30 08:20:18,541] {dagbag.py:507} INFO - Filling up the DagBag from /home/airflow/.local/lib/python3.7/site-packages/airflow/example_dags/example_branch_operator.py
[2022-09-30 08:20:18,554] {processor.py:651} INFO - DAG(s) dict_keys(['example_branch_operator']) retrieved from /home/airflow/.local/lib/python3.7/site-packages/airflow/example_dags/example_branch_operator.py
[2022-09-30 08:20:18,580] {logging_mixin.py:115} INFO - [2022-09-30 08:20:18,580] {dag.py:2371} INFO - Sync 1 DAGs
[2022-09-30 08:20:18,734] {logging_mixin.py:115} INFO - [2022-09-30 08:20:18,734] {dag.py:2919} INFO - Setting next_dagrun for example_branch_operator to 2022-09-29T00:00:00+00:00, run_after=2022-09-30T00:00:00+00:00
[2022-09-30 08:20:18,749] {processor.py:161} INFO - Processing /home/airflow/.local/lib/python3.7/site-packages/airflow/example_dags/example_branch_operator.py took 0.212 seconds
[2022-09-30 08:20:49,596] {processor.py:153} INFO - Started process (PID=531) to work on /home/airflow/.local/lib/python3.7/site-packages/airflow/example_dags/example_branch_operator.py
[2022-09-30 08:20:49,596] {processor.py:641} INFO - Processing file /home/airflow/.local/lib/python3.7/site-packages/airflow/example_dags/example_branch_operator.py for tasks to queue
[2022-09-30 08:20:49,597] {logging_mixin.py:115} INFO - [2022-09-30 08:20:49,597] {dagbag.py:507} INFO - Filling up the DagBag from /home/airflow/.local/lib/python3.7/site-packages/airflow/example_dags/example_branch_operator.py
[2022-09-30 08:20:49,608] {processor.py:651} INFO - DAG(s) dict_keys(['example_branch_operator']) retrieved from /home/airflow/.local/lib/python3.7/site-packages/airflow/example_dags/example_branch_operator.py
[2022-09-30 08:20:49,632] {logging_mixin.py:115} INFO - [2022-09-30 08:20:49,632] {dag.py:2371} INFO - Sync 1 DAGs
[2022-09-30 08:20:49,771] {logging_mixin.py:115} INFO - [2022-09-30 08:20:49,770] {dag.py:2919} INFO - Setting next_dagrun for example_branch_operator to 2022-09-29T00:00:00+00:00, run_after=2022-09-30T00:00:00+00:00
[2022-09-30 08:20:49,781] {processor.py:161} INFO - Processing /home/airflow/.local/lib/python3.7/site-packages/airflow/example_dags/example_branch_operator.py took 0.188 seconds
[2022-09-30 08:21:20,325] {processor.py:153} INFO - Started process (PID=592) to work on /home/airflow/.local/lib/python3.7/site-packages/airflow/example_dags/example_branch_operator.py
[2022-09-30 08:21:20,326] {processor.py:641} INFO - Processing file /home/airflow/.local/lib/python3.7/site-packages/airflow/example_dags/example_branch_operator.py for tasks to queue
[2022-09-30 08:21:20,327] {logging_mixin.py:115} INFO - [2022-09-30 08:21:20,326] {dagbag.py:507} INFO - Filling up the DagBag from /home/airflow/.local/lib/python3.7/site-packages/airflow/example_dags/example_branch_operator.py
[2022-09-30 08:21:20,336] {processor.py:651} INFO - DAG(s) dict_keys(['example_branch_operator']) retrieved from /home/airflow/.local/lib/python3.7/site-packages/airflow/example_dags/example_branch_operator.py
[2022-09-30 08:21:20,366] {logging_mixin.py:115} INFO - [2022-09-30 08:21:20,366] {dag.py:2371} INFO - Sync 1 DAGs
[2022-09-30 08:21:20,501] {logging_mixin.py:115} INFO - [2022-09-30 08:21:20,501] {dag.py:2919} INFO - Setting next_dagrun for example_branch_operator to 2022-09-29T00:00:00+00:00, run_after=2022-09-30T00:00:00+00:00
[2022-09-30 08:21:20,513] {processor.py:161} INFO - Processing /home/airflow/.local/lib/python3.7/site-packages/airflow/example_dags/example_branch_operator.py took 0.191 seconds
[2022-09-30 08:21:51,102] {processor.py:153} INFO - Started process (PID=653) to work on /home/airflow/.local/lib/python3.7/site-packages/airflow/example_dags/example_branch_operator.py
[2022-09-30 08:21:51,107] {processor.py:641} INFO - Processing file /home/airflow/.local/lib/python3.7/site-packages/airflow/example_dags/example_branch_operator.py for tasks to queue
[2022-09-30 08:21:51,108] {logging_mixin.py:115} INFO - [2022-09-30 08:21:51,107] {dagbag.py:507} INFO - Filling up the DagBag from /home/airflow/.local/lib/python3.7/site-packages/airflow/example_dags/example_branch_operator.py
[2022-09-30 08:21:51,119] {processor.py:651} INFO - DAG(s) dict_keys(['example_branch_operator']) retrieved from /home/airflow/.local/lib/python3.7/site-packages/airflow/example_dags/example_branch_operator.py
[2022-09-30 08:21:51,149] {logging_mixin.py:115} INFO - [2022-09-30 08:21:51,149] {dag.py:2371} INFO - Sync 1 DAGs
[2022-09-30 08:21:51,303] {logging_mixin.py:115} INFO - [2022-09-30 08:21:51,303] {dag.py:2919} INFO - Setting next_dagrun for example_branch_operator to 2022-09-29T00:00:00+00:00, run_after=2022-09-30T00:00:00+00:00
[2022-09-30 08:21:51,319] {processor.py:161} INFO - Processing /home/airflow/.local/lib/python3.7/site-packages/airflow/example_dags/example_branch_operator.py took 0.220 seconds
[2022-09-30 08:22:21,566] {processor.py:153} INFO - Started process (PID=705) to work on /home/airflow/.local/lib/python3.7/site-packages/airflow/example_dags/example_branch_operator.py
[2022-09-30 08:22:21,567] {processor.py:641} INFO - Processing file /home/airflow/.local/lib/python3.7/site-packages/airflow/example_dags/example_branch_operator.py for tasks to queue
[2022-09-30 08:22:21,568] {logging_mixin.py:115} INFO - [2022-09-30 08:22:21,568] {dagbag.py:507} INFO - Filling up the DagBag from /home/airflow/.local/lib/python3.7/site-packages/airflow/example_dags/example_branch_operator.py
[2022-09-30 08:22:21,580] {processor.py:651} INFO - DAG(s) dict_keys(['example_branch_operator']) retrieved from /home/airflow/.local/lib/python3.7/site-packages/airflow/example_dags/example_branch_operator.py
[2022-09-30 08:22:21,608] {logging_mixin.py:115} INFO - [2022-09-30 08:22:21,607] {dag.py:2371} INFO - Sync 1 DAGs
[2022-09-30 08:22:21,746] {logging_mixin.py:115} INFO - [2022-09-30 08:22:21,746] {dag.py:2919} INFO - Setting next_dagrun for example_branch_operator to 2022-09-29T00:00:00+00:00, run_after=2022-09-30T00:00:00+00:00
[2022-09-30 08:22:21,756] {processor.py:161} INFO - Processing /home/airflow/.local/lib/python3.7/site-packages/airflow/example_dags/example_branch_operator.py took 0.193 seconds
[2022-09-30 08:22:51,915] {processor.py:153} INFO - Started process (PID=766) to work on /home/airflow/.local/lib/python3.7/site-packages/airflow/example_dags/example_branch_operator.py
[2022-09-30 08:22:51,916] {processor.py:641} INFO - Processing file /home/airflow/.local/lib/python3.7/site-packages/airflow/example_dags/example_branch_operator.py for tasks to queue
[2022-09-30 08:22:51,917] {logging_mixin.py:115} INFO - [2022-09-30 08:22:51,917] {dagbag.py:507} INFO - Filling up the DagBag from /home/airflow/.local/lib/python3.7/site-packages/airflow/example_dags/example_branch_operator.py
[2022-09-30 08:22:51,930] {processor.py:651} INFO - DAG(s) dict_keys(['example_branch_operator']) retrieved from /home/airflow/.local/lib/python3.7/site-packages/airflow/example_dags/example_branch_operator.py
[2022-09-30 08:22:51,965] {logging_mixin.py:115} INFO - [2022-09-30 08:22:51,965] {dag.py:2371} INFO - Sync 1 DAGs
[2022-09-30 08:22:52,120] {logging_mixin.py:115} INFO - [2022-09-30 08:22:52,120] {dag.py:2919} INFO - Setting next_dagrun for example_branch_operator to 2022-09-29T00:00:00+00:00, run_after=2022-09-30T00:00:00+00:00
[2022-09-30 08:22:52,134] {processor.py:161} INFO - Processing /home/airflow/.local/lib/python3.7/site-packages/airflow/example_dags/example_branch_operator.py took 0.223 seconds
[2022-09-30 08:23:22,555] {processor.py:153} INFO - Started process (PID=827) to work on /home/airflow/.local/lib/python3.7/site-packages/airflow/example_dags/example_branch_operator.py
[2022-09-30 08:23:22,556] {processor.py:641} INFO - Processing file /home/airflow/.local/lib/python3.7/site-packages/airflow/example_dags/example_branch_operator.py for tasks to queue
[2022-09-30 08:23:22,557] {logging_mixin.py:115} INFO - [2022-09-30 08:23:22,557] {dagbag.py:507} INFO - Filling up the DagBag from /home/airflow/.local/lib/python3.7/site-packages/airflow/example_dags/example_branch_operator.py
[2022-09-30 08:23:22,568] {processor.py:651} INFO - DAG(s) dict_keys(['example_branch_operator']) retrieved from /home/airflow/.local/lib/python3.7/site-packages/airflow/example_dags/example_branch_operator.py
[2022-09-30 08:23:22,601] {logging_mixin.py:115} INFO - [2022-09-30 08:23:22,601] {dag.py:2371} INFO - Sync 1 DAGs
[2022-09-30 08:23:22,756] {logging_mixin.py:115} INFO - [2022-09-30 08:23:22,756] {dag.py:2919} INFO - Setting next_dagrun for example_branch_operator to 2022-09-29T00:00:00+00:00, run_after=2022-09-30T00:00:00+00:00
[2022-09-30 08:23:22,766] {processor.py:161} INFO - Processing /home/airflow/.local/lib/python3.7/site-packages/airflow/example_dags/example_branch_operator.py took 0.214 seconds
[2022-09-30 08:23:53,018] {processor.py:153} INFO - Started process (PID=879) to work on /home/airflow/.local/lib/python3.7/site-packages/airflow/example_dags/example_branch_operator.py
[2022-09-30 08:23:53,018] {processor.py:641} INFO - Processing file /home/airflow/.local/lib/python3.7/site-packages/airflow/example_dags/example_branch_operator.py for tasks to queue
[2022-09-30 08:23:53,019] {logging_mixin.py:115} INFO - [2022-09-30 08:23:53,019] {dagbag.py:507} INFO - Filling up the DagBag from /home/airflow/.local/lib/python3.7/site-packages/airflow/example_dags/example_branch_operator.py
[2022-09-30 08:23:53,028] {processor.py:651} INFO - DAG(s) dict_keys(['example_branch_operator']) retrieved from /home/airflow/.local/lib/python3.7/site-packages/airflow/example_dags/example_branch_operator.py
[2022-09-30 08:23:53,057] {logging_mixin.py:115} INFO - [2022-09-30 08:23:53,057] {dag.py:2371} INFO - Sync 1 DAGs
[2022-09-30 08:23:53,174] {logging_mixin.py:115} INFO - [2022-09-30 08:23:53,174] {dag.py:2919} INFO - Setting next_dagrun for example_branch_operator to 2022-09-29T00:00:00+00:00, run_after=2022-09-30T00:00:00+00:00
[2022-09-30 08:23:53,185] {processor.py:161} INFO - Processing /home/airflow/.local/lib/python3.7/site-packages/airflow/example_dags/example_branch_operator.py took 0.170 seconds
[2022-09-30 08:24:23,718] {processor.py:153} INFO - Started process (PID=940) to work on /home/airflow/.local/lib/python3.7/site-packages/airflow/example_dags/example_branch_operator.py
[2022-09-30 08:24:23,719] {processor.py:641} INFO - Processing file /home/airflow/.local/lib/python3.7/site-packages/airflow/example_dags/example_branch_operator.py for tasks to queue
[2022-09-30 08:24:23,719] {logging_mixin.py:115} INFO - [2022-09-30 08:24:23,719] {dagbag.py:507} INFO - Filling up the DagBag from /home/airflow/.local/lib/python3.7/site-packages/airflow/example_dags/example_branch_operator.py
[2022-09-30 08:24:23,729] {processor.py:651} INFO - DAG(s) dict_keys(['example_branch_operator']) retrieved from /home/airflow/.local/lib/python3.7/site-packages/airflow/example_dags/example_branch_operator.py
[2022-09-30 08:24:23,757] {logging_mixin.py:115} INFO - [2022-09-30 08:24:23,757] {dag.py:2371} INFO - Sync 1 DAGs
[2022-09-30 08:24:23,881] {logging_mixin.py:115} INFO - [2022-09-30 08:24:23,881] {dag.py:2919} INFO - Setting next_dagrun for example_branch_operator to 2022-09-29T00:00:00+00:00, run_after=2022-09-30T00:00:00+00:00
[2022-09-30 08:24:23,892] {processor.py:161} INFO - Processing /home/airflow/.local/lib/python3.7/site-packages/airflow/example_dags/example_branch_operator.py took 0.177 seconds
[2022-09-30 08:24:54,177] {processor.py:153} INFO - Started process (PID=1001) to work on /home/airflow/.local/lib/python3.7/site-packages/airflow/example_dags/example_branch_operator.py
[2022-09-30 08:24:54,178] {processor.py:641} INFO - Processing file /home/airflow/.local/lib/python3.7/site-packages/airflow/example_dags/example_branch_operator.py for tasks to queue
[2022-09-30 08:24:54,179] {logging_mixin.py:115} INFO - [2022-09-30 08:24:54,178] {dagbag.py:507} INFO - Filling up the DagBag from /home/airflow/.local/lib/python3.7/site-packages/airflow/example_dags/example_branch_operator.py
[2022-09-30 08:24:54,188] {processor.py:651} INFO - DAG(s) dict_keys(['example_branch_operator']) retrieved from /home/airflow/.local/lib/python3.7/site-packages/airflow/example_dags/example_branch_operator.py
[2022-09-30 08:24:54,219] {logging_mixin.py:115} INFO - [2022-09-30 08:24:54,219] {dag.py:2371} INFO - Sync 1 DAGs
[2022-09-30 08:24:54,378] {logging_mixin.py:115} INFO - [2022-09-30 08:24:54,378] {dag.py:2919} INFO - Setting next_dagrun for example_branch_operator to 2022-09-29T00:00:00+00:00, run_after=2022-09-30T00:00:00+00:00
[2022-09-30 08:24:54,388] {processor.py:161} INFO - Processing /home/airflow/.local/lib/python3.7/site-packages/airflow/example_dags/example_branch_operator.py took 0.216 seconds
[2022-09-30 08:25:24,904] {processor.py:153} INFO - Started process (PID=1053) to work on /home/airflow/.local/lib/python3.7/site-packages/airflow/example_dags/example_branch_operator.py
[2022-09-30 08:25:24,905] {processor.py:641} INFO - Processing file /home/airflow/.local/lib/python3.7/site-packages/airflow/example_dags/example_branch_operator.py for tasks to queue
[2022-09-30 08:25:24,906] {logging_mixin.py:115} INFO - [2022-09-30 08:25:24,906] {dagbag.py:507} INFO - Filling up the DagBag from /home/airflow/.local/lib/python3.7/site-packages/airflow/example_dags/example_branch_operator.py
[2022-09-30 08:25:24,920] {processor.py:651} INFO - DAG(s) dict_keys(['example_branch_operator']) retrieved from /home/airflow/.local/lib/python3.7/site-packages/airflow/example_dags/example_branch_operator.py
[2022-09-30 08:25:24,955] {logging_mixin.py:115} INFO - [2022-09-30 08:25:24,955] {dag.py:2371} INFO - Sync 1 DAGs
[2022-09-30 08:25:25,134] {logging_mixin.py:115} INFO - [2022-09-30 08:25:25,134] {dag.py:2919} INFO - Setting next_dagrun for example_branch_operator to 2022-09-29T00:00:00+00:00, run_after=2022-09-30T00:00:00+00:00
[2022-09-30 08:25:25,148] {processor.py:161} INFO - Processing /home/airflow/.local/lib/python3.7/site-packages/airflow/example_dags/example_branch_operator.py took 0.247 seconds
[2022-09-30 08:25:55,958] {processor.py:153} INFO - Started process (PID=1114) to work on /home/airflow/.local/lib/python3.7/site-packages/airflow/example_dags/example_branch_operator.py
[2022-09-30 08:25:55,960] {processor.py:641} INFO - Processing file /home/airflow/.local/lib/python3.7/site-packages/airflow/example_dags/example_branch_operator.py for tasks to queue
[2022-09-30 08:25:55,961] {logging_mixin.py:115} INFO - [2022-09-30 08:25:55,961] {dagbag.py:507} INFO - Filling up the DagBag from /home/airflow/.local/lib/python3.7/site-packages/airflow/example_dags/example_branch_operator.py
[2022-09-30 08:25:55,973] {processor.py:651} INFO - DAG(s) dict_keys(['example_branch_operator']) retrieved from /home/airflow/.local/lib/python3.7/site-packages/airflow/example_dags/example_branch_operator.py
[2022-09-30 08:25:56,001] {logging_mixin.py:115} INFO - [2022-09-30 08:25:56,001] {dag.py:2371} INFO - Sync 1 DAGs
[2022-09-30 08:25:56,133] {logging_mixin.py:115} INFO - [2022-09-30 08:25:56,133] {dag.py:2919} INFO - Setting next_dagrun for example_branch_operator to 2022-09-29T00:00:00+00:00, run_after=2022-09-30T00:00:00+00:00
[2022-09-30 08:25:56,146] {processor.py:161} INFO - Processing /home/airflow/.local/lib/python3.7/site-packages/airflow/example_dags/example_branch_operator.py took 0.191 seconds
[2022-09-30 08:26:26,480] {processor.py:153} INFO - Started process (PID=1175) to work on /home/airflow/.local/lib/python3.7/site-packages/airflow/example_dags/example_branch_operator.py
[2022-09-30 08:26:26,481] {processor.py:641} INFO - Processing file /home/airflow/.local/lib/python3.7/site-packages/airflow/example_dags/example_branch_operator.py for tasks to queue
[2022-09-30 08:26:26,482] {logging_mixin.py:115} INFO - [2022-09-30 08:26:26,482] {dagbag.py:507} INFO - Filling up the DagBag from /home/airflow/.local/lib/python3.7/site-packages/airflow/example_dags/example_branch_operator.py
[2022-09-30 08:26:26,492] {processor.py:651} INFO - DAG(s) dict_keys(['example_branch_operator']) retrieved from /home/airflow/.local/lib/python3.7/site-packages/airflow/example_dags/example_branch_operator.py
[2022-09-30 08:26:26,521] {logging_mixin.py:115} INFO - [2022-09-30 08:26:26,521] {dag.py:2371} INFO - Sync 1 DAGs
[2022-09-30 08:26:26,655] {logging_mixin.py:115} INFO - [2022-09-30 08:26:26,655] {dag.py:2919} INFO - Setting next_dagrun for example_branch_operator to 2022-09-29T00:00:00+00:00, run_after=2022-09-30T00:00:00+00:00
[2022-09-30 08:26:26,668] {processor.py:161} INFO - Processing /home/airflow/.local/lib/python3.7/site-packages/airflow/example_dags/example_branch_operator.py took 0.190 seconds
[2022-09-30 08:26:57,410] {processor.py:153} INFO - Started process (PID=1227) to work on /home/airflow/.local/lib/python3.7/site-packages/airflow/example_dags/example_branch_operator.py
[2022-09-30 08:26:57,411] {processor.py:641} INFO - Processing file /home/airflow/.local/lib/python3.7/site-packages/airflow/example_dags/example_branch_operator.py for tasks to queue
[2022-09-30 08:26:57,411] {logging_mixin.py:115} INFO - [2022-09-30 08:26:57,411] {dagbag.py:507} INFO - Filling up the DagBag from /home/airflow/.local/lib/python3.7/site-packages/airflow/example_dags/example_branch_operator.py
[2022-09-30 08:26:57,424] {processor.py:651} INFO - DAG(s) dict_keys(['example_branch_operator']) retrieved from /home/airflow/.local/lib/python3.7/site-packages/airflow/example_dags/example_branch_operator.py
[2022-09-30 08:26:57,452] {logging_mixin.py:115} INFO - [2022-09-30 08:26:57,452] {dag.py:2371} INFO - Sync 1 DAGs
[2022-09-30 08:26:57,474] {logging_mixin.py:115} INFO - [2022-09-30 08:26:57,474] {dag.py:2919} INFO - Setting next_dagrun for example_branch_operator to 2022-09-29T00:00:00+00:00, run_after=2022-09-30T00:00:00+00:00
[2022-09-30 08:26:57,486] {processor.py:161} INFO - Processing /home/airflow/.local/lib/python3.7/site-packages/airflow/example_dags/example_branch_operator.py took 0.079 seconds
[2022-09-30 08:27:27,703] {processor.py:153} INFO - Started process (PID=1288) to work on /home/airflow/.local/lib/python3.7/site-packages/airflow/example_dags/example_branch_operator.py
[2022-09-30 08:27:27,704] {processor.py:641} INFO - Processing file /home/airflow/.local/lib/python3.7/site-packages/airflow/example_dags/example_branch_operator.py for tasks to queue
[2022-09-30 08:27:27,704] {logging_mixin.py:115} INFO - [2022-09-30 08:27:27,704] {dagbag.py:507} INFO - Filling up the DagBag from /home/airflow/.local/lib/python3.7/site-packages/airflow/example_dags/example_branch_operator.py
[2022-09-30 08:27:27,717] {processor.py:651} INFO - DAG(s) dict_keys(['example_branch_operator']) retrieved from /home/airflow/.local/lib/python3.7/site-packages/airflow/example_dags/example_branch_operator.py
[2022-09-30 08:27:27,741] {logging_mixin.py:115} INFO - [2022-09-30 08:27:27,741] {dag.py:2371} INFO - Sync 1 DAGs
[2022-09-30 08:27:27,763] {logging_mixin.py:115} INFO - [2022-09-30 08:27:27,763] {dag.py:2919} INFO - Setting next_dagrun for example_branch_operator to 2022-09-29T00:00:00+00:00, run_after=2022-09-30T00:00:00+00:00
[2022-09-30 08:27:27,774] {processor.py:161} INFO - Processing /home/airflow/.local/lib/python3.7/site-packages/airflow/example_dags/example_branch_operator.py took 0.074 seconds
[2022-09-30 08:27:58,721] {processor.py:153} INFO - Started process (PID=1349) to work on /home/airflow/.local/lib/python3.7/site-packages/airflow/example_dags/example_branch_operator.py
[2022-09-30 08:27:58,721] {processor.py:641} INFO - Processing file /home/airflow/.local/lib/python3.7/site-packages/airflow/example_dags/example_branch_operator.py for tasks to queue
[2022-09-30 08:27:58,722] {logging_mixin.py:115} INFO - [2022-09-30 08:27:58,722] {dagbag.py:507} INFO - Filling up the DagBag from /home/airflow/.local/lib/python3.7/site-packages/airflow/example_dags/example_branch_operator.py
[2022-09-30 08:27:58,735] {processor.py:651} INFO - DAG(s) dict_keys(['example_branch_operator']) retrieved from /home/airflow/.local/lib/python3.7/site-packages/airflow/example_dags/example_branch_operator.py
[2022-09-30 08:27:58,760] {logging_mixin.py:115} INFO - [2022-09-30 08:27:58,760] {dag.py:2371} INFO - Sync 1 DAGs
[2022-09-30 08:27:58,784] {logging_mixin.py:115} INFO - [2022-09-30 08:27:58,784] {dag.py:2919} INFO - Setting next_dagrun for example_branch_operator to 2022-09-29T00:00:00+00:00, run_after=2022-09-30T00:00:00+00:00
[2022-09-30 08:27:58,796] {processor.py:161} INFO - Processing /home/airflow/.local/lib/python3.7/site-packages/airflow/example_dags/example_branch_operator.py took 0.079 seconds
[2022-09-30 08:28:29,408] {processor.py:153} INFO - Started process (PID=1401) to work on /home/airflow/.local/lib/python3.7/site-packages/airflow/example_dags/example_branch_operator.py
[2022-09-30 08:28:29,408] {processor.py:641} INFO - Processing file /home/airflow/.local/lib/python3.7/site-packages/airflow/example_dags/example_branch_operator.py for tasks to queue
[2022-09-30 08:28:29,409] {logging_mixin.py:115} INFO - [2022-09-30 08:28:29,409] {dagbag.py:507} INFO - Filling up the DagBag from /home/airflow/.local/lib/python3.7/site-packages/airflow/example_dags/example_branch_operator.py
[2022-09-30 08:28:29,421] {processor.py:651} INFO - DAG(s) dict_keys(['example_branch_operator']) retrieved from /home/airflow/.local/lib/python3.7/site-packages/airflow/example_dags/example_branch_operator.py
[2022-09-30 08:28:29,445] {logging_mixin.py:115} INFO - [2022-09-30 08:28:29,445] {dag.py:2371} INFO - Sync 1 DAGs
[2022-09-30 08:28:29,465] {logging_mixin.py:115} INFO - [2022-09-30 08:28:29,465] {dag.py:2919} INFO - Setting next_dagrun for example_branch_operator to 2022-09-29T00:00:00+00:00, run_after=2022-09-30T00:00:00+00:00
[2022-09-30 08:28:29,476] {processor.py:161} INFO - Processing /home/airflow/.local/lib/python3.7/site-packages/airflow/example_dags/example_branch_operator.py took 0.071 seconds
[2022-09-30 08:29:00,457] {processor.py:153} INFO - Started process (PID=1463) to work on /home/airflow/.local/lib/python3.7/site-packages/airflow/example_dags/example_branch_operator.py
[2022-09-30 08:29:00,458] {processor.py:641} INFO - Processing file /home/airflow/.local/lib/python3.7/site-packages/airflow/example_dags/example_branch_operator.py for tasks to queue
[2022-09-30 08:29:00,459] {logging_mixin.py:115} INFO - [2022-09-30 08:29:00,459] {dagbag.py:507} INFO - Filling up the DagBag from /home/airflow/.local/lib/python3.7/site-packages/airflow/example_dags/example_branch_operator.py
[2022-09-30 08:29:00,472] {processor.py:651} INFO - DAG(s) dict_keys(['example_branch_operator']) retrieved from /home/airflow/.local/lib/python3.7/site-packages/airflow/example_dags/example_branch_operator.py
[2022-09-30 08:29:00,497] {logging_mixin.py:115} INFO - [2022-09-30 08:29:00,497] {dag.py:2371} INFO - Sync 1 DAGs
[2022-09-30 08:29:00,518] {logging_mixin.py:115} INFO - [2022-09-30 08:29:00,518] {dag.py:2919} INFO - Setting next_dagrun for example_branch_operator to 2022-09-29T00:00:00+00:00, run_after=2022-09-30T00:00:00+00:00
[2022-09-30 08:29:00,531] {processor.py:161} INFO - Processing /home/airflow/.local/lib/python3.7/site-packages/airflow/example_dags/example_branch_operator.py took 0.077 seconds
[2022-09-30 08:29:31,330] {processor.py:153} INFO - Started process (PID=1524) to work on /home/airflow/.local/lib/python3.7/site-packages/airflow/example_dags/example_branch_operator.py
[2022-09-30 08:29:31,331] {processor.py:641} INFO - Processing file /home/airflow/.local/lib/python3.7/site-packages/airflow/example_dags/example_branch_operator.py for tasks to queue
[2022-09-30 08:29:31,332] {logging_mixin.py:115} INFO - [2022-09-30 08:29:31,332] {dagbag.py:507} INFO - Filling up the DagBag from /home/airflow/.local/lib/python3.7/site-packages/airflow/example_dags/example_branch_operator.py
[2022-09-30 08:29:31,348] {processor.py:651} INFO - DAG(s) dict_keys(['example_branch_operator']) retrieved from /home/airflow/.local/lib/python3.7/site-packages/airflow/example_dags/example_branch_operator.py
[2022-09-30 08:29:31,378] {logging_mixin.py:115} INFO - [2022-09-30 08:29:31,378] {dag.py:2371} INFO - Sync 1 DAGs
[2022-09-30 08:29:31,405] {logging_mixin.py:115} INFO - [2022-09-30 08:29:31,405] {dag.py:2919} INFO - Setting next_dagrun for example_branch_operator to 2022-09-29T00:00:00+00:00, run_after=2022-09-30T00:00:00+00:00
[2022-09-30 08:29:31,417] {processor.py:161} INFO - Processing /home/airflow/.local/lib/python3.7/site-packages/airflow/example_dags/example_branch_operator.py took 0.090 seconds
[2022-09-30 08:30:02,145] {processor.py:153} INFO - Started process (PID=1576) to work on /home/airflow/.local/lib/python3.7/site-packages/airflow/example_dags/example_branch_operator.py
[2022-09-30 08:30:02,146] {processor.py:641} INFO - Processing file /home/airflow/.local/lib/python3.7/site-packages/airflow/example_dags/example_branch_operator.py for tasks to queue
[2022-09-30 08:30:02,147] {logging_mixin.py:115} INFO - [2022-09-30 08:30:02,146] {dagbag.py:507} INFO - Filling up the DagBag from /home/airflow/.local/lib/python3.7/site-packages/airflow/example_dags/example_branch_operator.py
[2022-09-30 08:30:02,158] {processor.py:651} INFO - DAG(s) dict_keys(['example_branch_operator']) retrieved from /home/airflow/.local/lib/python3.7/site-packages/airflow/example_dags/example_branch_operator.py
[2022-09-30 08:30:02,181] {logging_mixin.py:115} INFO - [2022-09-30 08:30:02,181] {dag.py:2371} INFO - Sync 1 DAGs
[2022-09-30 08:30:02,203] {logging_mixin.py:115} INFO - [2022-09-30 08:30:02,203] {dag.py:2919} INFO - Setting next_dagrun for example_branch_operator to 2022-09-29T00:00:00+00:00, run_after=2022-09-30T00:00:00+00:00
[2022-09-30 08:30:02,215] {processor.py:161} INFO - Processing /home/airflow/.local/lib/python3.7/site-packages/airflow/example_dags/example_branch_operator.py took 0.074 seconds
[2022-09-30 08:30:32,342] {processor.py:153} INFO - Started process (PID=1638) to work on /home/airflow/.local/lib/python3.7/site-packages/airflow/example_dags/example_branch_operator.py
[2022-09-30 08:30:32,343] {processor.py:641} INFO - Processing file /home/airflow/.local/lib/python3.7/site-packages/airflow/example_dags/example_branch_operator.py for tasks to queue
[2022-09-30 08:30:32,344] {logging_mixin.py:115} INFO - [2022-09-30 08:30:32,344] {dagbag.py:507} INFO - Filling up the DagBag from /home/airflow/.local/lib/python3.7/site-packages/airflow/example_dags/example_branch_operator.py
[2022-09-30 08:30:32,356] {processor.py:651} INFO - DAG(s) dict_keys(['example_branch_operator']) retrieved from /home/airflow/.local/lib/python3.7/site-packages/airflow/example_dags/example_branch_operator.py
[2022-09-30 08:30:32,379] {logging_mixin.py:115} INFO - [2022-09-30 08:30:32,379] {dag.py:2371} INFO - Sync 1 DAGs
[2022-09-30 08:30:32,400] {logging_mixin.py:115} INFO - [2022-09-30 08:30:32,399] {dag.py:2919} INFO - Setting next_dagrun for example_branch_operator to 2022-09-29T00:00:00+00:00, run_after=2022-09-30T00:00:00+00:00
[2022-09-30 08:30:32,412] {processor.py:161} INFO - Processing /home/airflow/.local/lib/python3.7/site-packages/airflow/example_dags/example_branch_operator.py took 0.072 seconds
[2022-09-30 08:31:02,555] {processor.py:153} INFO - Started process (PID=1699) to work on /home/airflow/.local/lib/python3.7/site-packages/airflow/example_dags/example_branch_operator.py
[2022-09-30 08:31:02,556] {processor.py:641} INFO - Processing file /home/airflow/.local/lib/python3.7/site-packages/airflow/example_dags/example_branch_operator.py for tasks to queue
[2022-09-30 08:31:02,557] {logging_mixin.py:115} INFO - [2022-09-30 08:31:02,557] {dagbag.py:507} INFO - Filling up the DagBag from /home/airflow/.local/lib/python3.7/site-packages/airflow/example_dags/example_branch_operator.py
[2022-09-30 08:31:02,569] {processor.py:651} INFO - DAG(s) dict_keys(['example_branch_operator']) retrieved from /home/airflow/.local/lib/python3.7/site-packages/airflow/example_dags/example_branch_operator.py
[2022-09-30 08:31:02,592] {logging_mixin.py:115} INFO - [2022-09-30 08:31:02,592] {dag.py:2371} INFO - Sync 1 DAGs
[2022-09-30 08:31:02,616] {logging_mixin.py:115} INFO - [2022-09-30 08:31:02,616] {dag.py:2919} INFO - Setting next_dagrun for example_branch_operator to 2022-09-29T00:00:00+00:00, run_after=2022-09-30T00:00:00+00:00
[2022-09-30 08:31:02,628] {processor.py:161} INFO - Processing /home/airflow/.local/lib/python3.7/site-packages/airflow/example_dags/example_branch_operator.py took 0.076 seconds
[2022-09-30 08:31:33,440] {processor.py:153} INFO - Started process (PID=1751) to work on /home/airflow/.local/lib/python3.7/site-packages/airflow/example_dags/example_branch_operator.py
[2022-09-30 08:31:33,441] {processor.py:641} INFO - Processing file /home/airflow/.local/lib/python3.7/site-packages/airflow/example_dags/example_branch_operator.py for tasks to queue
[2022-09-30 08:31:33,442] {logging_mixin.py:115} INFO - [2022-09-30 08:31:33,441] {dagbag.py:507} INFO - Filling up the DagBag from /home/airflow/.local/lib/python3.7/site-packages/airflow/example_dags/example_branch_operator.py
[2022-09-30 08:31:33,453] {processor.py:651} INFO - DAG(s) dict_keys(['example_branch_operator']) retrieved from /home/airflow/.local/lib/python3.7/site-packages/airflow/example_dags/example_branch_operator.py
[2022-09-30 08:31:33,477] {logging_mixin.py:115} INFO - [2022-09-30 08:31:33,477] {dag.py:2371} INFO - Sync 1 DAGs
[2022-09-30 08:31:33,498] {logging_mixin.py:115} INFO - [2022-09-30 08:31:33,498] {dag.py:2919} INFO - Setting next_dagrun for example_branch_operator to 2022-09-29T00:00:00+00:00, run_after=2022-09-30T00:00:00+00:00
[2022-09-30 08:31:33,510] {processor.py:161} INFO - Processing /home/airflow/.local/lib/python3.7/site-packages/airflow/example_dags/example_branch_operator.py took 0.072 seconds
[2022-09-30 08:32:04,199] {processor.py:153} INFO - Started process (PID=1812) to work on /home/airflow/.local/lib/python3.7/site-packages/airflow/example_dags/example_branch_operator.py
[2022-09-30 08:32:04,201] {processor.py:641} INFO - Processing file /home/airflow/.local/lib/python3.7/site-packages/airflow/example_dags/example_branch_operator.py for tasks to queue
[2022-09-30 08:32:04,202] {logging_mixin.py:115} INFO - [2022-09-30 08:32:04,202] {dagbag.py:507} INFO - Filling up the DagBag from /home/airflow/.local/lib/python3.7/site-packages/airflow/example_dags/example_branch_operator.py
[2022-09-30 08:32:04,324] {processor.py:651} INFO - DAG(s) dict_keys(['example_branch_operator']) retrieved from /home/airflow/.local/lib/python3.7/site-packages/airflow/example_dags/example_branch_operator.py
[2022-09-30 08:32:04,343] {logging_mixin.py:115} INFO - [2022-09-30 08:32:04,343] {dag.py:2371} INFO - Sync 1 DAGs
[2022-09-30 08:32:04,363] {logging_mixin.py:115} INFO - [2022-09-30 08:32:04,363] {dag.py:2919} INFO - Setting next_dagrun for example_branch_operator to 2022-09-29T00:00:00+00:00, run_after=2022-09-30T00:00:00+00:00
[2022-09-30 08:32:04,374] {processor.py:161} INFO - Processing /home/airflow/.local/lib/python3.7/site-packages/airflow/example_dags/example_branch_operator.py took 0.179 seconds
[2022-09-30 08:32:34,472] {processor.py:153} INFO - Started process (PID=1873) to work on /home/airflow/.local/lib/python3.7/site-packages/airflow/example_dags/example_branch_operator.py
[2022-09-30 08:32:34,473] {processor.py:641} INFO - Processing file /home/airflow/.local/lib/python3.7/site-packages/airflow/example_dags/example_branch_operator.py for tasks to queue
[2022-09-30 08:32:34,474] {logging_mixin.py:115} INFO - [2022-09-30 08:32:34,474] {dagbag.py:507} INFO - Filling up the DagBag from /home/airflow/.local/lib/python3.7/site-packages/airflow/example_dags/example_branch_operator.py
[2022-09-30 08:32:34,589] {processor.py:651} INFO - DAG(s) dict_keys(['example_branch_operator']) retrieved from /home/airflow/.local/lib/python3.7/site-packages/airflow/example_dags/example_branch_operator.py
[2022-09-30 08:32:34,608] {logging_mixin.py:115} INFO - [2022-09-30 08:32:34,608] {dag.py:2371} INFO - Sync 1 DAGs
[2022-09-30 08:32:34,627] {logging_mixin.py:115} INFO - [2022-09-30 08:32:34,627] {dag.py:2919} INFO - Setting next_dagrun for example_branch_operator to 2022-09-29T00:00:00+00:00, run_after=2022-09-30T00:00:00+00:00
[2022-09-30 08:32:34,637] {processor.py:161} INFO - Processing /home/airflow/.local/lib/python3.7/site-packages/airflow/example_dags/example_branch_operator.py took 0.168 seconds
[2022-09-30 08:33:04,914] {processor.py:153} INFO - Started process (PID=1931) to work on /home/airflow/.local/lib/python3.7/site-packages/airflow/example_dags/example_branch_operator.py
[2022-09-30 08:33:04,914] {processor.py:641} INFO - Processing file /home/airflow/.local/lib/python3.7/site-packages/airflow/example_dags/example_branch_operator.py for tasks to queue
[2022-09-30 08:33:04,915] {logging_mixin.py:115} INFO - [2022-09-30 08:33:04,915] {dagbag.py:507} INFO - Filling up the DagBag from /home/airflow/.local/lib/python3.7/site-packages/airflow/example_dags/example_branch_operator.py
[2022-09-30 08:33:05,068] {processor.py:651} INFO - DAG(s) dict_keys(['example_branch_operator']) retrieved from /home/airflow/.local/lib/python3.7/site-packages/airflow/example_dags/example_branch_operator.py
[2022-09-30 08:33:05,091] {logging_mixin.py:115} INFO - [2022-09-30 08:33:05,091] {dag.py:2371} INFO - Sync 1 DAGs
[2022-09-30 08:33:05,112] {logging_mixin.py:115} INFO - [2022-09-30 08:33:05,112] {dag.py:2919} INFO - Setting next_dagrun for example_branch_operator to 2022-09-29T00:00:00+00:00, run_after=2022-09-30T00:00:00+00:00
[2022-09-30 08:33:05,127] {processor.py:161} INFO - Processing /home/airflow/.local/lib/python3.7/site-packages/airflow/example_dags/example_branch_operator.py took 0.216 seconds
[2022-09-30 08:33:35,514] {processor.py:153} INFO - Started process (PID=1986) to work on /home/airflow/.local/lib/python3.7/site-packages/airflow/example_dags/example_branch_operator.py
[2022-09-30 08:33:35,514] {processor.py:641} INFO - Processing file /home/airflow/.local/lib/python3.7/site-packages/airflow/example_dags/example_branch_operator.py for tasks to queue
[2022-09-30 08:33:35,515] {logging_mixin.py:115} INFO - [2022-09-30 08:33:35,515] {dagbag.py:507} INFO - Filling up the DagBag from /home/airflow/.local/lib/python3.7/site-packages/airflow/example_dags/example_branch_operator.py
[2022-09-30 08:33:35,631] {processor.py:651} INFO - DAG(s) dict_keys(['example_branch_operator']) retrieved from /home/airflow/.local/lib/python3.7/site-packages/airflow/example_dags/example_branch_operator.py
[2022-09-30 08:33:35,650] {logging_mixin.py:115} INFO - [2022-09-30 08:33:35,650] {dag.py:2371} INFO - Sync 1 DAGs
[2022-09-30 08:33:35,670] {logging_mixin.py:115} INFO - [2022-09-30 08:33:35,670] {dag.py:2919} INFO - Setting next_dagrun for example_branch_operator to 2022-09-29T00:00:00+00:00, run_after=2022-09-30T00:00:00+00:00
[2022-09-30 08:33:35,680] {processor.py:161} INFO - Processing /home/airflow/.local/lib/python3.7/site-packages/airflow/example_dags/example_branch_operator.py took 0.170 seconds
[2022-09-30 08:34:06,105] {processor.py:153} INFO - Started process (PID=2047) to work on /home/airflow/.local/lib/python3.7/site-packages/airflow/example_dags/example_branch_operator.py
[2022-09-30 08:34:06,106] {processor.py:641} INFO - Processing file /home/airflow/.local/lib/python3.7/site-packages/airflow/example_dags/example_branch_operator.py for tasks to queue
[2022-09-30 08:34:06,106] {logging_mixin.py:115} INFO - [2022-09-30 08:34:06,106] {dagbag.py:507} INFO - Filling up the DagBag from /home/airflow/.local/lib/python3.7/site-packages/airflow/example_dags/example_branch_operator.py
[2022-09-30 08:34:06,217] {processor.py:651} INFO - DAG(s) dict_keys(['example_branch_operator']) retrieved from /home/airflow/.local/lib/python3.7/site-packages/airflow/example_dags/example_branch_operator.py
[2022-09-30 08:34:06,236] {logging_mixin.py:115} INFO - [2022-09-30 08:34:06,236] {dag.py:2371} INFO - Sync 1 DAGs
[2022-09-30 08:34:06,257] {logging_mixin.py:115} INFO - [2022-09-30 08:34:06,257] {dag.py:2919} INFO - Setting next_dagrun for example_branch_operator to 2022-09-29T00:00:00+00:00, run_after=2022-09-30T00:00:00+00:00
[2022-09-30 08:34:06,268] {processor.py:161} INFO - Processing /home/airflow/.local/lib/python3.7/site-packages/airflow/example_dags/example_branch_operator.py took 0.166 seconds
[2022-09-30 08:34:36,415] {processor.py:153} INFO - Started process (PID=2109) to work on /home/airflow/.local/lib/python3.7/site-packages/airflow/example_dags/example_branch_operator.py
[2022-09-30 08:34:36,416] {processor.py:641} INFO - Processing file /home/airflow/.local/lib/python3.7/site-packages/airflow/example_dags/example_branch_operator.py for tasks to queue
[2022-09-30 08:34:36,416] {logging_mixin.py:115} INFO - [2022-09-30 08:34:36,416] {dagbag.py:507} INFO - Filling up the DagBag from /home/airflow/.local/lib/python3.7/site-packages/airflow/example_dags/example_branch_operator.py
[2022-09-30 08:34:36,544] {processor.py:651} INFO - DAG(s) dict_keys(['example_branch_operator']) retrieved from /home/airflow/.local/lib/python3.7/site-packages/airflow/example_dags/example_branch_operator.py
[2022-09-30 08:34:36,566] {logging_mixin.py:115} INFO - [2022-09-30 08:34:36,566] {dag.py:2371} INFO - Sync 1 DAGs
[2022-09-30 08:34:36,587] {logging_mixin.py:115} INFO - [2022-09-30 08:34:36,586] {dag.py:2919} INFO - Setting next_dagrun for example_branch_operator to 2022-09-29T00:00:00+00:00, run_after=2022-09-30T00:00:00+00:00
[2022-09-30 08:34:36,598] {processor.py:161} INFO - Processing /home/airflow/.local/lib/python3.7/site-packages/airflow/example_dags/example_branch_operator.py took 0.186 seconds
