[2022-09-30 08:15:09,787] {processor.py:153} INFO - Started process (PID=66) to work on /home/airflow/.local/lib/python3.7/site-packages/airflow/example_dags/example_sla_dag.py
[2022-09-30 08:15:09,788] {processor.py:641} INFO - Processing file /home/airflow/.local/lib/python3.7/site-packages/airflow/example_dags/example_sla_dag.py for tasks to queue
[2022-09-30 08:15:09,789] {logging_mixin.py:115} INFO - [2022-09-30 08:15:09,789] {dagbag.py:507} INFO - Filling up the DagBag from /home/airflow/.local/lib/python3.7/site-packages/airflow/example_dags/example_sla_dag.py
[2022-09-30 08:15:09,810] {processor.py:651} INFO - DAG(s) dict_keys(['example_sla_dag']) retrieved from /home/airflow/.local/lib/python3.7/site-packages/airflow/example_dags/example_sla_dag.py
[2022-09-30 08:15:10,011] {logging_mixin.py:115} INFO - [2022-09-30 08:15:10,010] {manager.py:508} INFO - Created Permission View: can delete on DAG:example_sla_dag
[2022-09-30 08:15:10,022] {logging_mixin.py:115} INFO - [2022-09-30 08:15:10,022] {manager.py:508} INFO - Created Permission View: can edit on DAG:example_sla_dag
[2022-09-30 08:15:10,030] {logging_mixin.py:115} INFO - [2022-09-30 08:15:10,030] {manager.py:508} INFO - Created Permission View: can read on DAG:example_sla_dag
[2022-09-30 08:15:10,030] {logging_mixin.py:115} INFO - [2022-09-30 08:15:10,030] {dag.py:2371} INFO - Sync 1 DAGs
[2022-09-30 08:15:10,038] {logging_mixin.py:115} INFO - [2022-09-30 08:15:10,038] {dag.py:2390} INFO - Creating ORM DAG for example_sla_dag
[2022-09-30 08:15:10,056] {logging_mixin.py:115} INFO - [2022-09-30 08:15:10,055] {dag.py:2919} INFO - Setting next_dagrun for example_sla_dag to 2022-09-30T08:12:00+00:00, run_after=2022-09-30T08:14:00+00:00
[2022-09-30 08:15:10,070] {processor.py:161} INFO - Processing /home/airflow/.local/lib/python3.7/site-packages/airflow/example_dags/example_sla_dag.py took 0.287 seconds
[2022-09-30 08:15:40,493] {processor.py:153} INFO - Started process (PID=127) to work on /home/airflow/.local/lib/python3.7/site-packages/airflow/example_dags/example_sla_dag.py
[2022-09-30 08:15:40,494] {processor.py:641} INFO - Processing file /home/airflow/.local/lib/python3.7/site-packages/airflow/example_dags/example_sla_dag.py for tasks to queue
[2022-09-30 08:15:40,496] {logging_mixin.py:115} INFO - [2022-09-30 08:15:40,496] {dagbag.py:507} INFO - Filling up the DagBag from /home/airflow/.local/lib/python3.7/site-packages/airflow/example_dags/example_sla_dag.py
[2022-09-30 08:15:40,515] {processor.py:651} INFO - DAG(s) dict_keys(['example_sla_dag']) retrieved from /home/airflow/.local/lib/python3.7/site-packages/airflow/example_dags/example_sla_dag.py
[2022-09-30 08:15:40,544] {logging_mixin.py:115} INFO - [2022-09-30 08:15:40,544] {dag.py:2371} INFO - Sync 1 DAGs
[2022-09-30 08:15:40,678] {logging_mixin.py:115} INFO - [2022-09-30 08:15:40,678] {dag.py:2919} INFO - Setting next_dagrun for example_sla_dag to 2022-09-30T08:12:00+00:00, run_after=2022-09-30T08:14:00+00:00
[2022-09-30 08:15:40,747] {processor.py:161} INFO - Processing /home/airflow/.local/lib/python3.7/site-packages/airflow/example_dags/example_sla_dag.py took 0.259 seconds
[2022-09-30 08:16:43,138] {processor.py:153} INFO - Started process (PID=67) to work on /home/airflow/.local/lib/python3.7/site-packages/airflow/example_dags/example_sla_dag.py
[2022-09-30 08:16:43,139] {processor.py:641} INFO - Processing file /home/airflow/.local/lib/python3.7/site-packages/airflow/example_dags/example_sla_dag.py for tasks to queue
[2022-09-30 08:16:43,140] {logging_mixin.py:115} INFO - [2022-09-30 08:16:43,140] {dagbag.py:507} INFO - Filling up the DagBag from /home/airflow/.local/lib/python3.7/site-packages/airflow/example_dags/example_sla_dag.py
[2022-09-30 08:16:43,164] {processor.py:651} INFO - DAG(s) dict_keys(['example_sla_dag']) retrieved from /home/airflow/.local/lib/python3.7/site-packages/airflow/example_dags/example_sla_dag.py
[2022-09-30 08:16:43,196] {logging_mixin.py:115} INFO - [2022-09-30 08:16:43,196] {dag.py:2371} INFO - Sync 1 DAGs
[2022-09-30 08:16:43,357] {logging_mixin.py:115} INFO - [2022-09-30 08:16:43,357] {dag.py:2919} INFO - Setting next_dagrun for example_sla_dag to 2022-09-30T08:14:00+00:00, run_after=2022-09-30T08:16:00+00:00
[2022-09-30 08:16:43,369] {processor.py:161} INFO - Processing /home/airflow/.local/lib/python3.7/site-packages/airflow/example_dags/example_sla_dag.py took 0.235 seconds
[2022-09-30 08:17:14,346] {processor.py:153} INFO - Started process (PID=120) to work on /home/airflow/.local/lib/python3.7/site-packages/airflow/example_dags/example_sla_dag.py
[2022-09-30 08:17:14,347] {processor.py:641} INFO - Processing file /home/airflow/.local/lib/python3.7/site-packages/airflow/example_dags/example_sla_dag.py for tasks to queue
[2022-09-30 08:17:14,348] {logging_mixin.py:115} INFO - [2022-09-30 08:17:14,348] {dagbag.py:507} INFO - Filling up the DagBag from /home/airflow/.local/lib/python3.7/site-packages/airflow/example_dags/example_sla_dag.py
[2022-09-30 08:17:14,377] {processor.py:651} INFO - DAG(s) dict_keys(['example_sla_dag']) retrieved from /home/airflow/.local/lib/python3.7/site-packages/airflow/example_dags/example_sla_dag.py
[2022-09-30 08:17:14,405] {logging_mixin.py:115} INFO - [2022-09-30 08:17:14,405] {dag.py:2371} INFO - Sync 1 DAGs
[2022-09-30 08:17:14,566] {logging_mixin.py:115} INFO - [2022-09-30 08:17:14,566] {dag.py:2919} INFO - Setting next_dagrun for example_sla_dag to 2022-09-30T08:14:00+00:00, run_after=2022-09-30T08:16:00+00:00
[2022-09-30 08:17:14,580] {processor.py:161} INFO - Processing /home/airflow/.local/lib/python3.7/site-packages/airflow/example_dags/example_sla_dag.py took 0.239 seconds
[2022-09-30 08:17:44,757] {processor.py:153} INFO - Started process (PID=180) to work on /home/airflow/.local/lib/python3.7/site-packages/airflow/example_dags/example_sla_dag.py
[2022-09-30 08:17:44,758] {processor.py:641} INFO - Processing file /home/airflow/.local/lib/python3.7/site-packages/airflow/example_dags/example_sla_dag.py for tasks to queue
[2022-09-30 08:17:44,759] {logging_mixin.py:115} INFO - [2022-09-30 08:17:44,759] {dagbag.py:507} INFO - Filling up the DagBag from /home/airflow/.local/lib/python3.7/site-packages/airflow/example_dags/example_sla_dag.py
[2022-09-30 08:17:44,783] {processor.py:651} INFO - DAG(s) dict_keys(['example_sla_dag']) retrieved from /home/airflow/.local/lib/python3.7/site-packages/airflow/example_dags/example_sla_dag.py
[2022-09-30 08:17:44,940] {logging_mixin.py:115} INFO - [2022-09-30 08:17:44,940] {dag.py:2371} INFO - Sync 1 DAGs
[2022-09-30 08:17:45,119] {logging_mixin.py:115} INFO - [2022-09-30 08:17:45,118] {dag.py:2919} INFO - Setting next_dagrun for example_sla_dag to 2022-09-30T08:14:00+00:00, run_after=2022-09-30T08:16:00+00:00
[2022-09-30 08:17:45,132] {processor.py:161} INFO - Processing /home/airflow/.local/lib/python3.7/site-packages/airflow/example_dags/example_sla_dag.py took 0.379 seconds
[2022-09-30 08:18:15,242] {processor.py:153} INFO - Started process (PID=241) to work on /home/airflow/.local/lib/python3.7/site-packages/airflow/example_dags/example_sla_dag.py
[2022-09-30 08:18:15,242] {processor.py:641} INFO - Processing file /home/airflow/.local/lib/python3.7/site-packages/airflow/example_dags/example_sla_dag.py for tasks to queue
[2022-09-30 08:18:15,243] {logging_mixin.py:115} INFO - [2022-09-30 08:18:15,243] {dagbag.py:507} INFO - Filling up the DagBag from /home/airflow/.local/lib/python3.7/site-packages/airflow/example_dags/example_sla_dag.py
[2022-09-30 08:18:15,261] {processor.py:651} INFO - DAG(s) dict_keys(['example_sla_dag']) retrieved from /home/airflow/.local/lib/python3.7/site-packages/airflow/example_dags/example_sla_dag.py
[2022-09-30 08:18:15,291] {logging_mixin.py:115} INFO - [2022-09-30 08:18:15,291] {dag.py:2371} INFO - Sync 1 DAGs
[2022-09-30 08:18:15,438] {logging_mixin.py:115} INFO - [2022-09-30 08:18:15,438] {dag.py:2919} INFO - Setting next_dagrun for example_sla_dag to 2022-09-30T08:16:00+00:00, run_after=2022-09-30T08:18:00+00:00
[2022-09-30 08:18:15,449] {processor.py:161} INFO - Processing /home/airflow/.local/lib/python3.7/site-packages/airflow/example_dags/example_sla_dag.py took 0.210 seconds
[2022-09-30 08:18:45,753] {processor.py:153} INFO - Started process (PID=293) to work on /home/airflow/.local/lib/python3.7/site-packages/airflow/example_dags/example_sla_dag.py
[2022-09-30 08:18:45,754] {processor.py:641} INFO - Processing file /home/airflow/.local/lib/python3.7/site-packages/airflow/example_dags/example_sla_dag.py for tasks to queue
[2022-09-30 08:18:45,755] {logging_mixin.py:115} INFO - [2022-09-30 08:18:45,755] {dagbag.py:507} INFO - Filling up the DagBag from /home/airflow/.local/lib/python3.7/site-packages/airflow/example_dags/example_sla_dag.py
[2022-09-30 08:18:45,784] {processor.py:651} INFO - DAG(s) dict_keys(['example_sla_dag']) retrieved from /home/airflow/.local/lib/python3.7/site-packages/airflow/example_dags/example_sla_dag.py
[2022-09-30 08:18:45,825] {logging_mixin.py:115} INFO - [2022-09-30 08:18:45,825] {dag.py:2371} INFO - Sync 1 DAGs
[2022-09-30 08:18:45,982] {logging_mixin.py:115} INFO - [2022-09-30 08:18:45,982] {dag.py:2919} INFO - Setting next_dagrun for example_sla_dag to 2022-09-30T08:16:00+00:00, run_after=2022-09-30T08:18:00+00:00
[2022-09-30 08:18:45,996] {processor.py:161} INFO - Processing /home/airflow/.local/lib/python3.7/site-packages/airflow/example_dags/example_sla_dag.py took 0.246 seconds
[2022-09-30 08:19:16,773] {processor.py:153} INFO - Started process (PID=354) to work on /home/airflow/.local/lib/python3.7/site-packages/airflow/example_dags/example_sla_dag.py
[2022-09-30 08:19:16,778] {processor.py:641} INFO - Processing file /home/airflow/.local/lib/python3.7/site-packages/airflow/example_dags/example_sla_dag.py for tasks to queue
[2022-09-30 08:19:16,778] {logging_mixin.py:115} INFO - [2022-09-30 08:19:16,778] {dagbag.py:507} INFO - Filling up the DagBag from /home/airflow/.local/lib/python3.7/site-packages/airflow/example_dags/example_sla_dag.py
[2022-09-30 08:19:16,796] {processor.py:651} INFO - DAG(s) dict_keys(['example_sla_dag']) retrieved from /home/airflow/.local/lib/python3.7/site-packages/airflow/example_dags/example_sla_dag.py
[2022-09-30 08:19:16,827] {logging_mixin.py:115} INFO - [2022-09-30 08:19:16,827] {dag.py:2371} INFO - Sync 1 DAGs
[2022-09-30 08:19:16,980] {logging_mixin.py:115} INFO - [2022-09-30 08:19:16,980] {dag.py:2919} INFO - Setting next_dagrun for example_sla_dag to 2022-09-30T08:16:00+00:00, run_after=2022-09-30T08:18:00+00:00
[2022-09-30 08:19:16,991] {processor.py:161} INFO - Processing /home/airflow/.local/lib/python3.7/site-packages/airflow/example_dags/example_sla_dag.py took 0.221 seconds
[2022-09-30 08:19:47,568] {processor.py:153} INFO - Started process (PID=415) to work on /home/airflow/.local/lib/python3.7/site-packages/airflow/example_dags/example_sla_dag.py
[2022-09-30 08:19:47,569] {processor.py:641} INFO - Processing file /home/airflow/.local/lib/python3.7/site-packages/airflow/example_dags/example_sla_dag.py for tasks to queue
[2022-09-30 08:19:47,570] {logging_mixin.py:115} INFO - [2022-09-30 08:19:47,570] {dagbag.py:507} INFO - Filling up the DagBag from /home/airflow/.local/lib/python3.7/site-packages/airflow/example_dags/example_sla_dag.py
[2022-09-30 08:19:47,590] {processor.py:651} INFO - DAG(s) dict_keys(['example_sla_dag']) retrieved from /home/airflow/.local/lib/python3.7/site-packages/airflow/example_dags/example_sla_dag.py
[2022-09-30 08:19:47,693] {logging_mixin.py:115} INFO - [2022-09-30 08:19:47,693] {dag.py:2371} INFO - Sync 1 DAGs
[2022-09-30 08:19:47,828] {logging_mixin.py:115} INFO - [2022-09-30 08:19:47,828] {dag.py:2919} INFO - Setting next_dagrun for example_sla_dag to 2022-09-30T08:16:00+00:00, run_after=2022-09-30T08:18:00+00:00
[2022-09-30 08:19:47,838] {processor.py:161} INFO - Processing /home/airflow/.local/lib/python3.7/site-packages/airflow/example_dags/example_sla_dag.py took 0.274 seconds
[2022-09-30 08:20:18,310] {processor.py:153} INFO - Started process (PID=477) to work on /home/airflow/.local/lib/python3.7/site-packages/airflow/example_dags/example_sla_dag.py
[2022-09-30 08:20:18,311] {processor.py:641} INFO - Processing file /home/airflow/.local/lib/python3.7/site-packages/airflow/example_dags/example_sla_dag.py for tasks to queue
[2022-09-30 08:20:18,311] {logging_mixin.py:115} INFO - [2022-09-30 08:20:18,311] {dagbag.py:507} INFO - Filling up the DagBag from /home/airflow/.local/lib/python3.7/site-packages/airflow/example_dags/example_sla_dag.py
[2022-09-30 08:20:18,327] {processor.py:651} INFO - DAG(s) dict_keys(['example_sla_dag']) retrieved from /home/airflow/.local/lib/python3.7/site-packages/airflow/example_dags/example_sla_dag.py
[2022-09-30 08:20:18,354] {logging_mixin.py:115} INFO - [2022-09-30 08:20:18,354] {dag.py:2371} INFO - Sync 1 DAGs
[2022-09-30 08:20:18,504] {logging_mixin.py:115} INFO - [2022-09-30 08:20:18,504] {dag.py:2919} INFO - Setting next_dagrun for example_sla_dag to 2022-09-30T08:18:00+00:00, run_after=2022-09-30T08:20:00+00:00
[2022-09-30 08:20:18,517] {processor.py:161} INFO - Processing /home/airflow/.local/lib/python3.7/site-packages/airflow/example_dags/example_sla_dag.py took 0.210 seconds
[2022-09-30 08:20:49,378] {processor.py:153} INFO - Started process (PID=529) to work on /home/airflow/.local/lib/python3.7/site-packages/airflow/example_dags/example_sla_dag.py
[2022-09-30 08:20:49,379] {processor.py:641} INFO - Processing file /home/airflow/.local/lib/python3.7/site-packages/airflow/example_dags/example_sla_dag.py for tasks to queue
[2022-09-30 08:20:49,380] {logging_mixin.py:115} INFO - [2022-09-30 08:20:49,379] {dagbag.py:507} INFO - Filling up the DagBag from /home/airflow/.local/lib/python3.7/site-packages/airflow/example_dags/example_sla_dag.py
[2022-09-30 08:20:49,398] {processor.py:651} INFO - DAG(s) dict_keys(['example_sla_dag']) retrieved from /home/airflow/.local/lib/python3.7/site-packages/airflow/example_dags/example_sla_dag.py
[2022-09-30 08:20:49,424] {logging_mixin.py:115} INFO - [2022-09-30 08:20:49,423] {dag.py:2371} INFO - Sync 1 DAGs
[2022-09-30 08:20:49,563] {logging_mixin.py:115} INFO - [2022-09-30 08:20:49,563] {dag.py:2919} INFO - Setting next_dagrun for example_sla_dag to 2022-09-30T08:18:00+00:00, run_after=2022-09-30T08:20:00+00:00
[2022-09-30 08:20:49,573] {processor.py:161} INFO - Processing /home/airflow/.local/lib/python3.7/site-packages/airflow/example_dags/example_sla_dag.py took 0.200 seconds
[2022-09-30 08:21:20,067] {processor.py:153} INFO - Started process (PID=590) to work on /home/airflow/.local/lib/python3.7/site-packages/airflow/example_dags/example_sla_dag.py
[2022-09-30 08:21:20,068] {processor.py:641} INFO - Processing file /home/airflow/.local/lib/python3.7/site-packages/airflow/example_dags/example_sla_dag.py for tasks to queue
[2022-09-30 08:21:20,069] {logging_mixin.py:115} INFO - [2022-09-30 08:21:20,068] {dagbag.py:507} INFO - Filling up the DagBag from /home/airflow/.local/lib/python3.7/site-packages/airflow/example_dags/example_sla_dag.py
[2022-09-30 08:21:20,095] {processor.py:651} INFO - DAG(s) dict_keys(['example_sla_dag']) retrieved from /home/airflow/.local/lib/python3.7/site-packages/airflow/example_dags/example_sla_dag.py
[2022-09-30 08:21:20,149] {logging_mixin.py:115} INFO - [2022-09-30 08:21:20,148] {dag.py:2371} INFO - Sync 1 DAGs
[2022-09-30 08:21:20,295] {logging_mixin.py:115} INFO - [2022-09-30 08:21:20,295] {dag.py:2919} INFO - Setting next_dagrun for example_sla_dag to 2022-09-30T08:18:00+00:00, run_after=2022-09-30T08:20:00+00:00
[2022-09-30 08:21:20,305] {processor.py:161} INFO - Processing /home/airflow/.local/lib/python3.7/site-packages/airflow/example_dags/example_sla_dag.py took 0.243 seconds
[2022-09-30 08:21:50,861] {processor.py:153} INFO - Started process (PID=651) to work on /home/airflow/.local/lib/python3.7/site-packages/airflow/example_dags/example_sla_dag.py
[2022-09-30 08:21:50,862] {processor.py:641} INFO - Processing file /home/airflow/.local/lib/python3.7/site-packages/airflow/example_dags/example_sla_dag.py for tasks to queue
[2022-09-30 08:21:50,863] {logging_mixin.py:115} INFO - [2022-09-30 08:21:50,863] {dagbag.py:507} INFO - Filling up the DagBag from /home/airflow/.local/lib/python3.7/site-packages/airflow/example_dags/example_sla_dag.py
[2022-09-30 08:21:50,893] {processor.py:651} INFO - DAG(s) dict_keys(['example_sla_dag']) retrieved from /home/airflow/.local/lib/python3.7/site-packages/airflow/example_dags/example_sla_dag.py
[2022-09-30 08:21:51,041] {logging_mixin.py:115} INFO - [2022-09-30 08:21:51,041] {dag.py:2371} INFO - Sync 1 DAGs
[2022-09-30 08:21:51,068] {logging_mixin.py:115} INFO - [2022-09-30 08:21:51,068] {dag.py:2919} INFO - Setting next_dagrun for example_sla_dag to 2022-09-30T08:18:00+00:00, run_after=2022-09-30T08:20:00+00:00
[2022-09-30 08:21:51,080] {processor.py:161} INFO - Processing /home/airflow/.local/lib/python3.7/site-packages/airflow/example_dags/example_sla_dag.py took 0.224 seconds
[2022-09-30 08:22:21,341] {processor.py:153} INFO - Started process (PID=703) to work on /home/airflow/.local/lib/python3.7/site-packages/airflow/example_dags/example_sla_dag.py
[2022-09-30 08:22:21,341] {processor.py:641} INFO - Processing file /home/airflow/.local/lib/python3.7/site-packages/airflow/example_dags/example_sla_dag.py for tasks to queue
[2022-09-30 08:22:21,343] {logging_mixin.py:115} INFO - [2022-09-30 08:22:21,343] {dagbag.py:507} INFO - Filling up the DagBag from /home/airflow/.local/lib/python3.7/site-packages/airflow/example_dags/example_sla_dag.py
[2022-09-30 08:22:21,366] {processor.py:651} INFO - DAG(s) dict_keys(['example_sla_dag']) retrieved from /home/airflow/.local/lib/python3.7/site-packages/airflow/example_dags/example_sla_dag.py
[2022-09-30 08:22:21,501] {logging_mixin.py:115} INFO - [2022-09-30 08:22:21,501] {dag.py:2371} INFO - Sync 1 DAGs
[2022-09-30 08:22:21,523] {logging_mixin.py:115} INFO - [2022-09-30 08:22:21,523] {dag.py:2919} INFO - Setting next_dagrun for example_sla_dag to 2022-09-30T08:20:00+00:00, run_after=2022-09-30T08:22:00+00:00
[2022-09-30 08:22:21,534] {processor.py:161} INFO - Processing /home/airflow/.local/lib/python3.7/site-packages/airflow/example_dags/example_sla_dag.py took 0.198 seconds
[2022-09-30 08:22:51,692] {processor.py:153} INFO - Started process (PID=764) to work on /home/airflow/.local/lib/python3.7/site-packages/airflow/example_dags/example_sla_dag.py
[2022-09-30 08:22:51,693] {processor.py:641} INFO - Processing file /home/airflow/.local/lib/python3.7/site-packages/airflow/example_dags/example_sla_dag.py for tasks to queue
[2022-09-30 08:22:51,695] {logging_mixin.py:115} INFO - [2022-09-30 08:22:51,694] {dagbag.py:507} INFO - Filling up the DagBag from /home/airflow/.local/lib/python3.7/site-packages/airflow/example_dags/example_sla_dag.py
[2022-09-30 08:22:51,716] {processor.py:651} INFO - DAG(s) dict_keys(['example_sla_dag']) retrieved from /home/airflow/.local/lib/python3.7/site-packages/airflow/example_dags/example_sla_dag.py
[2022-09-30 08:22:51,845] {logging_mixin.py:115} INFO - [2022-09-30 08:22:51,845] {dag.py:2371} INFO - Sync 1 DAGs
[2022-09-30 08:22:51,880] {logging_mixin.py:115} INFO - [2022-09-30 08:22:51,880] {dag.py:2919} INFO - Setting next_dagrun for example_sla_dag to 2022-09-30T08:20:00+00:00, run_after=2022-09-30T08:22:00+00:00
[2022-09-30 08:22:51,891] {processor.py:161} INFO - Processing /home/airflow/.local/lib/python3.7/site-packages/airflow/example_dags/example_sla_dag.py took 0.203 seconds
[2022-09-30 08:23:22,351] {processor.py:153} INFO - Started process (PID=825) to work on /home/airflow/.local/lib/python3.7/site-packages/airflow/example_dags/example_sla_dag.py
[2022-09-30 08:23:22,351] {processor.py:641} INFO - Processing file /home/airflow/.local/lib/python3.7/site-packages/airflow/example_dags/example_sla_dag.py for tasks to queue
[2022-09-30 08:23:22,352] {logging_mixin.py:115} INFO - [2022-09-30 08:23:22,352] {dagbag.py:507} INFO - Filling up the DagBag from /home/airflow/.local/lib/python3.7/site-packages/airflow/example_dags/example_sla_dag.py
[2022-09-30 08:23:22,371] {processor.py:651} INFO - DAG(s) dict_keys(['example_sla_dag']) retrieved from /home/airflow/.local/lib/python3.7/site-packages/airflow/example_dags/example_sla_dag.py
[2022-09-30 08:23:22,497] {logging_mixin.py:115} INFO - [2022-09-30 08:23:22,497] {dag.py:2371} INFO - Sync 1 DAGs
[2022-09-30 08:23:22,523] {logging_mixin.py:115} INFO - [2022-09-30 08:23:22,523] {dag.py:2919} INFO - Setting next_dagrun for example_sla_dag to 2022-09-30T08:20:00+00:00, run_after=2022-09-30T08:22:00+00:00
[2022-09-30 08:23:22,535] {processor.py:161} INFO - Processing /home/airflow/.local/lib/python3.7/site-packages/airflow/example_dags/example_sla_dag.py took 0.188 seconds
[2022-09-30 08:23:52,825] {processor.py:153} INFO - Started process (PID=877) to work on /home/airflow/.local/lib/python3.7/site-packages/airflow/example_dags/example_sla_dag.py
[2022-09-30 08:23:52,826] {processor.py:641} INFO - Processing file /home/airflow/.local/lib/python3.7/site-packages/airflow/example_dags/example_sla_dag.py for tasks to queue
[2022-09-30 08:23:52,826] {logging_mixin.py:115} INFO - [2022-09-30 08:23:52,826] {dagbag.py:507} INFO - Filling up the DagBag from /home/airflow/.local/lib/python3.7/site-packages/airflow/example_dags/example_sla_dag.py
[2022-09-30 08:23:52,849] {processor.py:651} INFO - DAG(s) dict_keys(['example_sla_dag']) retrieved from /home/airflow/.local/lib/python3.7/site-packages/airflow/example_dags/example_sla_dag.py
[2022-09-30 08:23:52,966] {logging_mixin.py:115} INFO - [2022-09-30 08:23:52,966] {dag.py:2371} INFO - Sync 1 DAGs
[2022-09-30 08:23:52,987] {logging_mixin.py:115} INFO - [2022-09-30 08:23:52,987] {dag.py:2919} INFO - Setting next_dagrun for example_sla_dag to 2022-09-30T08:20:00+00:00, run_after=2022-09-30T08:22:00+00:00
[2022-09-30 08:23:52,997] {processor.py:161} INFO - Processing /home/airflow/.local/lib/python3.7/site-packages/airflow/example_dags/example_sla_dag.py took 0.176 seconds
[2022-09-30 08:24:23,532] {processor.py:153} INFO - Started process (PID=938) to work on /home/airflow/.local/lib/python3.7/site-packages/airflow/example_dags/example_sla_dag.py
[2022-09-30 08:24:23,533] {processor.py:641} INFO - Processing file /home/airflow/.local/lib/python3.7/site-packages/airflow/example_dags/example_sla_dag.py for tasks to queue
[2022-09-30 08:24:23,533] {logging_mixin.py:115} INFO - [2022-09-30 08:24:23,533] {dagbag.py:507} INFO - Filling up the DagBag from /home/airflow/.local/lib/python3.7/site-packages/airflow/example_dags/example_sla_dag.py
[2022-09-30 08:24:23,552] {processor.py:651} INFO - DAG(s) dict_keys(['example_sla_dag']) retrieved from /home/airflow/.local/lib/python3.7/site-packages/airflow/example_dags/example_sla_dag.py
[2022-09-30 08:24:23,665] {logging_mixin.py:115} INFO - [2022-09-30 08:24:23,665] {dag.py:2371} INFO - Sync 1 DAGs
[2022-09-30 08:24:23,687] {logging_mixin.py:115} INFO - [2022-09-30 08:24:23,686] {dag.py:2919} INFO - Setting next_dagrun for example_sla_dag to 2022-09-30T08:22:00+00:00, run_after=2022-09-30T08:24:00+00:00
[2022-09-30 08:24:23,698] {processor.py:161} INFO - Processing /home/airflow/.local/lib/python3.7/site-packages/airflow/example_dags/example_sla_dag.py took 0.169 seconds
[2022-09-30 08:24:53,945] {processor.py:153} INFO - Started process (PID=999) to work on /home/airflow/.local/lib/python3.7/site-packages/airflow/example_dags/example_sla_dag.py
[2022-09-30 08:24:53,946] {processor.py:641} INFO - Processing file /home/airflow/.local/lib/python3.7/site-packages/airflow/example_dags/example_sla_dag.py for tasks to queue
[2022-09-30 08:24:53,947] {logging_mixin.py:115} INFO - [2022-09-30 08:24:53,947] {dagbag.py:507} INFO - Filling up the DagBag from /home/airflow/.local/lib/python3.7/site-packages/airflow/example_dags/example_sla_dag.py
[2022-09-30 08:24:53,967] {processor.py:651} INFO - DAG(s) dict_keys(['example_sla_dag']) retrieved from /home/airflow/.local/lib/python3.7/site-packages/airflow/example_dags/example_sla_dag.py
[2022-09-30 08:24:54,104] {logging_mixin.py:115} INFO - [2022-09-30 08:24:54,104] {dag.py:2371} INFO - Sync 1 DAGs
[2022-09-30 08:24:54,129] {logging_mixin.py:115} INFO - [2022-09-30 08:24:54,129] {dag.py:2919} INFO - Setting next_dagrun for example_sla_dag to 2022-09-30T08:22:00+00:00, run_after=2022-09-30T08:24:00+00:00
[2022-09-30 08:24:54,140] {processor.py:161} INFO - Processing /home/airflow/.local/lib/python3.7/site-packages/airflow/example_dags/example_sla_dag.py took 0.198 seconds
[2022-09-30 08:25:24,648] {processor.py:153} INFO - Started process (PID=1051) to work on /home/airflow/.local/lib/python3.7/site-packages/airflow/example_dags/example_sla_dag.py
[2022-09-30 08:25:24,648] {processor.py:641} INFO - Processing file /home/airflow/.local/lib/python3.7/site-packages/airflow/example_dags/example_sla_dag.py for tasks to queue
[2022-09-30 08:25:24,649] {logging_mixin.py:115} INFO - [2022-09-30 08:25:24,649] {dagbag.py:507} INFO - Filling up the DagBag from /home/airflow/.local/lib/python3.7/site-packages/airflow/example_dags/example_sla_dag.py
[2022-09-30 08:25:24,674] {processor.py:651} INFO - DAG(s) dict_keys(['example_sla_dag']) retrieved from /home/airflow/.local/lib/python3.7/site-packages/airflow/example_dags/example_sla_dag.py
[2022-09-30 08:25:24,838] {logging_mixin.py:115} INFO - [2022-09-30 08:25:24,838] {dag.py:2371} INFO - Sync 1 DAGs
[2022-09-30 08:25:24,866] {logging_mixin.py:115} INFO - [2022-09-30 08:25:24,866] {dag.py:2919} INFO - Setting next_dagrun for example_sla_dag to 2022-09-30T08:22:00+00:00, run_after=2022-09-30T08:24:00+00:00
[2022-09-30 08:25:24,880] {processor.py:161} INFO - Processing /home/airflow/.local/lib/python3.7/site-packages/airflow/example_dags/example_sla_dag.py took 0.235 seconds
[2022-09-30 08:25:55,765] {processor.py:153} INFO - Started process (PID=1112) to work on /home/airflow/.local/lib/python3.7/site-packages/airflow/example_dags/example_sla_dag.py
[2022-09-30 08:25:55,766] {processor.py:641} INFO - Processing file /home/airflow/.local/lib/python3.7/site-packages/airflow/example_dags/example_sla_dag.py for tasks to queue
[2022-09-30 08:25:55,766] {logging_mixin.py:115} INFO - [2022-09-30 08:25:55,766] {dagbag.py:507} INFO - Filling up the DagBag from /home/airflow/.local/lib/python3.7/site-packages/airflow/example_dags/example_sla_dag.py
[2022-09-30 08:25:55,785] {processor.py:651} INFO - DAG(s) dict_keys(['example_sla_dag']) retrieved from /home/airflow/.local/lib/python3.7/site-packages/airflow/example_dags/example_sla_dag.py
[2022-09-30 08:25:55,903] {logging_mixin.py:115} INFO - [2022-09-30 08:25:55,903] {dag.py:2371} INFO - Sync 1 DAGs
[2022-09-30 08:25:55,924] {logging_mixin.py:115} INFO - [2022-09-30 08:25:55,924] {dag.py:2919} INFO - Setting next_dagrun for example_sla_dag to 2022-09-30T08:22:00+00:00, run_after=2022-09-30T08:24:00+00:00
[2022-09-30 08:25:55,934] {processor.py:161} INFO - Processing /home/airflow/.local/lib/python3.7/site-packages/airflow/example_dags/example_sla_dag.py took 0.172 seconds
[2022-09-30 08:26:26,259] {processor.py:153} INFO - Started process (PID=1173) to work on /home/airflow/.local/lib/python3.7/site-packages/airflow/example_dags/example_sla_dag.py
[2022-09-30 08:26:26,260] {processor.py:641} INFO - Processing file /home/airflow/.local/lib/python3.7/site-packages/airflow/example_dags/example_sla_dag.py for tasks to queue
[2022-09-30 08:26:26,261] {logging_mixin.py:115} INFO - [2022-09-30 08:26:26,261] {dagbag.py:507} INFO - Filling up the DagBag from /home/airflow/.local/lib/python3.7/site-packages/airflow/example_dags/example_sla_dag.py
[2022-09-30 08:26:26,282] {processor.py:651} INFO - DAG(s) dict_keys(['example_sla_dag']) retrieved from /home/airflow/.local/lib/python3.7/site-packages/airflow/example_dags/example_sla_dag.py
[2022-09-30 08:26:26,424] {logging_mixin.py:115} INFO - [2022-09-30 08:26:26,424] {dag.py:2371} INFO - Sync 1 DAGs
[2022-09-30 08:26:26,447] {logging_mixin.py:115} INFO - [2022-09-30 08:26:26,447] {dag.py:2919} INFO - Setting next_dagrun for example_sla_dag to 2022-09-30T08:24:00+00:00, run_after=2022-09-30T08:26:00+00:00
[2022-09-30 08:26:26,459] {processor.py:161} INFO - Processing /home/airflow/.local/lib/python3.7/site-packages/airflow/example_dags/example_sla_dag.py took 0.204 seconds
[2022-09-30 08:26:57,307] {processor.py:153} INFO - Started process (PID=1225) to work on /home/airflow/.local/lib/python3.7/site-packages/airflow/example_dags/example_sla_dag.py
[2022-09-30 08:26:57,307] {processor.py:641} INFO - Processing file /home/airflow/.local/lib/python3.7/site-packages/airflow/example_dags/example_sla_dag.py for tasks to queue
[2022-09-30 08:26:57,308] {logging_mixin.py:115} INFO - [2022-09-30 08:26:57,308] {dagbag.py:507} INFO - Filling up the DagBag from /home/airflow/.local/lib/python3.7/site-packages/airflow/example_dags/example_sla_dag.py
[2022-09-30 08:26:57,331] {processor.py:651} INFO - DAG(s) dict_keys(['example_sla_dag']) retrieved from /home/airflow/.local/lib/python3.7/site-packages/airflow/example_dags/example_sla_dag.py
[2022-09-30 08:26:57,354] {logging_mixin.py:115} INFO - [2022-09-30 08:26:57,354] {dag.py:2371} INFO - Sync 1 DAGs
[2022-09-30 08:26:57,379] {logging_mixin.py:115} INFO - [2022-09-30 08:26:57,379] {dag.py:2919} INFO - Setting next_dagrun for example_sla_dag to 2022-09-30T08:24:00+00:00, run_after=2022-09-30T08:26:00+00:00
[2022-09-30 08:26:57,390] {processor.py:161} INFO - Processing /home/airflow/.local/lib/python3.7/site-packages/airflow/example_dags/example_sla_dag.py took 0.087 seconds
[2022-09-30 08:27:27,602] {processor.py:153} INFO - Started process (PID=1286) to work on /home/airflow/.local/lib/python3.7/site-packages/airflow/example_dags/example_sla_dag.py
[2022-09-30 08:27:27,602] {processor.py:641} INFO - Processing file /home/airflow/.local/lib/python3.7/site-packages/airflow/example_dags/example_sla_dag.py for tasks to queue
[2022-09-30 08:27:27,603] {logging_mixin.py:115} INFO - [2022-09-30 08:27:27,603] {dagbag.py:507} INFO - Filling up the DagBag from /home/airflow/.local/lib/python3.7/site-packages/airflow/example_dags/example_sla_dag.py
[2022-09-30 08:27:27,622] {processor.py:651} INFO - DAG(s) dict_keys(['example_sla_dag']) retrieved from /home/airflow/.local/lib/python3.7/site-packages/airflow/example_dags/example_sla_dag.py
[2022-09-30 08:27:27,645] {logging_mixin.py:115} INFO - [2022-09-30 08:27:27,645] {dag.py:2371} INFO - Sync 1 DAGs
[2022-09-30 08:27:27,669] {logging_mixin.py:115} INFO - [2022-09-30 08:27:27,669] {dag.py:2919} INFO - Setting next_dagrun for example_sla_dag to 2022-09-30T08:24:00+00:00, run_after=2022-09-30T08:26:00+00:00
[2022-09-30 08:27:27,681] {processor.py:161} INFO - Processing /home/airflow/.local/lib/python3.7/site-packages/airflow/example_dags/example_sla_dag.py took 0.083 seconds
[2022-09-30 08:27:58,585] {processor.py:153} INFO - Started process (PID=1347) to work on /home/airflow/.local/lib/python3.7/site-packages/airflow/example_dags/example_sla_dag.py
[2022-09-30 08:27:58,585] {processor.py:641} INFO - Processing file /home/airflow/.local/lib/python3.7/site-packages/airflow/example_dags/example_sla_dag.py for tasks to queue
[2022-09-30 08:27:58,586] {logging_mixin.py:115} INFO - [2022-09-30 08:27:58,586] {dagbag.py:507} INFO - Filling up the DagBag from /home/airflow/.local/lib/python3.7/site-packages/airflow/example_dags/example_sla_dag.py
[2022-09-30 08:27:58,606] {processor.py:651} INFO - DAG(s) dict_keys(['example_sla_dag']) retrieved from /home/airflow/.local/lib/python3.7/site-packages/airflow/example_dags/example_sla_dag.py
[2022-09-30 08:27:58,661] {logging_mixin.py:115} INFO - [2022-09-30 08:27:58,661] {dag.py:2371} INFO - Sync 1 DAGs
[2022-09-30 08:27:58,693] {logging_mixin.py:115} INFO - [2022-09-30 08:27:58,693] {dag.py:2919} INFO - Setting next_dagrun for example_sla_dag to 2022-09-30T08:24:00+00:00, run_after=2022-09-30T08:26:00+00:00
[2022-09-30 08:27:58,704] {processor.py:161} INFO - Processing /home/airflow/.local/lib/python3.7/site-packages/airflow/example_dags/example_sla_dag.py took 0.123 seconds
[2022-09-30 08:28:29,314] {processor.py:153} INFO - Started process (PID=1399) to work on /home/airflow/.local/lib/python3.7/site-packages/airflow/example_dags/example_sla_dag.py
[2022-09-30 08:28:29,315] {processor.py:641} INFO - Processing file /home/airflow/.local/lib/python3.7/site-packages/airflow/example_dags/example_sla_dag.py for tasks to queue
[2022-09-30 08:28:29,315] {logging_mixin.py:115} INFO - [2022-09-30 08:28:29,315] {dagbag.py:507} INFO - Filling up the DagBag from /home/airflow/.local/lib/python3.7/site-packages/airflow/example_dags/example_sla_dag.py
[2022-09-30 08:28:29,334] {processor.py:651} INFO - DAG(s) dict_keys(['example_sla_dag']) retrieved from /home/airflow/.local/lib/python3.7/site-packages/airflow/example_dags/example_sla_dag.py
[2022-09-30 08:28:29,356] {logging_mixin.py:115} INFO - [2022-09-30 08:28:29,355] {dag.py:2371} INFO - Sync 1 DAGs
[2022-09-30 08:28:29,379] {logging_mixin.py:115} INFO - [2022-09-30 08:28:29,379] {dag.py:2919} INFO - Setting next_dagrun for example_sla_dag to 2022-09-30T08:26:00+00:00, run_after=2022-09-30T08:28:00+00:00
[2022-09-30 08:28:29,390] {processor.py:161} INFO - Processing /home/airflow/.local/lib/python3.7/site-packages/airflow/example_dags/example_sla_dag.py took 0.079 seconds
[2022-09-30 08:29:00,365] {processor.py:153} INFO - Started process (PID=1461) to work on /home/airflow/.local/lib/python3.7/site-packages/airflow/example_dags/example_sla_dag.py
[2022-09-30 08:29:00,365] {processor.py:641} INFO - Processing file /home/airflow/.local/lib/python3.7/site-packages/airflow/example_dags/example_sla_dag.py for tasks to queue
[2022-09-30 08:29:00,366] {logging_mixin.py:115} INFO - [2022-09-30 08:29:00,366] {dagbag.py:507} INFO - Filling up the DagBag from /home/airflow/.local/lib/python3.7/site-packages/airflow/example_dags/example_sla_dag.py
[2022-09-30 08:29:00,384] {processor.py:651} INFO - DAG(s) dict_keys(['example_sla_dag']) retrieved from /home/airflow/.local/lib/python3.7/site-packages/airflow/example_dags/example_sla_dag.py
[2022-09-30 08:29:00,406] {logging_mixin.py:115} INFO - [2022-09-30 08:29:00,406] {dag.py:2371} INFO - Sync 1 DAGs
[2022-09-30 08:29:00,428] {logging_mixin.py:115} INFO - [2022-09-30 08:29:00,428] {dag.py:2919} INFO - Setting next_dagrun for example_sla_dag to 2022-09-30T08:26:00+00:00, run_after=2022-09-30T08:28:00+00:00
[2022-09-30 08:29:00,439] {processor.py:161} INFO - Processing /home/airflow/.local/lib/python3.7/site-packages/airflow/example_dags/example_sla_dag.py took 0.077 seconds
[2022-09-30 08:29:31,234] {processor.py:153} INFO - Started process (PID=1522) to work on /home/airflow/.local/lib/python3.7/site-packages/airflow/example_dags/example_sla_dag.py
[2022-09-30 08:29:31,235] {processor.py:641} INFO - Processing file /home/airflow/.local/lib/python3.7/site-packages/airflow/example_dags/example_sla_dag.py for tasks to queue
[2022-09-30 08:29:31,235] {logging_mixin.py:115} INFO - [2022-09-30 08:29:31,235] {dagbag.py:507} INFO - Filling up the DagBag from /home/airflow/.local/lib/python3.7/site-packages/airflow/example_dags/example_sla_dag.py
[2022-09-30 08:29:31,255] {processor.py:651} INFO - DAG(s) dict_keys(['example_sla_dag']) retrieved from /home/airflow/.local/lib/python3.7/site-packages/airflow/example_dags/example_sla_dag.py
[2022-09-30 08:29:31,277] {logging_mixin.py:115} INFO - [2022-09-30 08:29:31,277] {dag.py:2371} INFO - Sync 1 DAGs
[2022-09-30 08:29:31,300] {logging_mixin.py:115} INFO - [2022-09-30 08:29:31,300] {dag.py:2919} INFO - Setting next_dagrun for example_sla_dag to 2022-09-30T08:26:00+00:00, run_after=2022-09-30T08:28:00+00:00
[2022-09-30 08:29:31,312] {processor.py:161} INFO - Processing /home/airflow/.local/lib/python3.7/site-packages/airflow/example_dags/example_sla_dag.py took 0.080 seconds
[2022-09-30 08:30:01,913] {processor.py:153} INFO - Started process (PID=1574) to work on /home/airflow/.local/lib/python3.7/site-packages/airflow/example_dags/example_sla_dag.py
[2022-09-30 08:30:01,914] {processor.py:641} INFO - Processing file /home/airflow/.local/lib/python3.7/site-packages/airflow/example_dags/example_sla_dag.py for tasks to queue
[2022-09-30 08:30:01,914] {logging_mixin.py:115} INFO - [2022-09-30 08:30:01,914] {dagbag.py:507} INFO - Filling up the DagBag from /home/airflow/.local/lib/python3.7/site-packages/airflow/example_dags/example_sla_dag.py
[2022-09-30 08:30:01,933] {processor.py:651} INFO - DAG(s) dict_keys(['example_sla_dag']) retrieved from /home/airflow/.local/lib/python3.7/site-packages/airflow/example_dags/example_sla_dag.py
[2022-09-30 08:30:01,956] {logging_mixin.py:115} INFO - [2022-09-30 08:30:01,956] {dag.py:2371} INFO - Sync 1 DAGs
[2022-09-30 08:30:01,979] {logging_mixin.py:115} INFO - [2022-09-30 08:30:01,979] {dag.py:2919} INFO - Setting next_dagrun for example_sla_dag to 2022-09-30T08:28:00+00:00, run_after=2022-09-30T08:30:00+00:00
[2022-09-30 08:30:01,990] {processor.py:161} INFO - Processing /home/airflow/.local/lib/python3.7/site-packages/airflow/example_dags/example_sla_dag.py took 0.080 seconds
[2022-09-30 08:30:32,015] {processor.py:153} INFO - Started process (PID=1635) to work on /home/airflow/.local/lib/python3.7/site-packages/airflow/example_dags/example_sla_dag.py
[2022-09-30 08:30:32,016] {processor.py:641} INFO - Processing file /home/airflow/.local/lib/python3.7/site-packages/airflow/example_dags/example_sla_dag.py for tasks to queue
[2022-09-30 08:30:32,016] {logging_mixin.py:115} INFO - [2022-09-30 08:30:32,016] {dagbag.py:507} INFO - Filling up the DagBag from /home/airflow/.local/lib/python3.7/site-packages/airflow/example_dags/example_sla_dag.py
[2022-09-30 08:30:32,034] {processor.py:651} INFO - DAG(s) dict_keys(['example_sla_dag']) retrieved from /home/airflow/.local/lib/python3.7/site-packages/airflow/example_dags/example_sla_dag.py
[2022-09-30 08:30:32,056] {logging_mixin.py:115} INFO - [2022-09-30 08:30:32,056] {dag.py:2371} INFO - Sync 1 DAGs
[2022-09-30 08:30:32,078] {logging_mixin.py:115} INFO - [2022-09-30 08:30:32,077] {dag.py:2919} INFO - Setting next_dagrun for example_sla_dag to 2022-09-30T08:28:00+00:00, run_after=2022-09-30T08:30:00+00:00
[2022-09-30 08:30:32,089] {processor.py:161} INFO - Processing /home/airflow/.local/lib/python3.7/site-packages/airflow/example_dags/example_sla_dag.py took 0.077 seconds
[2022-09-30 08:31:02,224] {processor.py:153} INFO - Started process (PID=1696) to work on /home/airflow/.local/lib/python3.7/site-packages/airflow/example_dags/example_sla_dag.py
[2022-09-30 08:31:02,224] {processor.py:641} INFO - Processing file /home/airflow/.local/lib/python3.7/site-packages/airflow/example_dags/example_sla_dag.py for tasks to queue
[2022-09-30 08:31:02,225] {logging_mixin.py:115} INFO - [2022-09-30 08:31:02,225] {dagbag.py:507} INFO - Filling up the DagBag from /home/airflow/.local/lib/python3.7/site-packages/airflow/example_dags/example_sla_dag.py
[2022-09-30 08:31:02,244] {processor.py:651} INFO - DAG(s) dict_keys(['example_sla_dag']) retrieved from /home/airflow/.local/lib/python3.7/site-packages/airflow/example_dags/example_sla_dag.py
[2022-09-30 08:31:02,266] {logging_mixin.py:115} INFO - [2022-09-30 08:31:02,266] {dag.py:2371} INFO - Sync 1 DAGs
[2022-09-30 08:31:02,290] {logging_mixin.py:115} INFO - [2022-09-30 08:31:02,290] {dag.py:2919} INFO - Setting next_dagrun for example_sla_dag to 2022-09-30T08:28:00+00:00, run_after=2022-09-30T08:30:00+00:00
[2022-09-30 08:31:02,301] {processor.py:161} INFO - Processing /home/airflow/.local/lib/python3.7/site-packages/airflow/example_dags/example_sla_dag.py took 0.080 seconds
[2022-09-30 08:31:32,338] {processor.py:153} INFO - Started process (PID=1748) to work on /home/airflow/.local/lib/python3.7/site-packages/airflow/example_dags/example_sla_dag.py
[2022-09-30 08:31:32,338] {processor.py:641} INFO - Processing file /home/airflow/.local/lib/python3.7/site-packages/airflow/example_dags/example_sla_dag.py for tasks to queue
[2022-09-30 08:31:32,339] {logging_mixin.py:115} INFO - [2022-09-30 08:31:32,339] {dagbag.py:507} INFO - Filling up the DagBag from /home/airflow/.local/lib/python3.7/site-packages/airflow/example_dags/example_sla_dag.py
[2022-09-30 08:31:32,357] {processor.py:651} INFO - DAG(s) dict_keys(['example_sla_dag']) retrieved from /home/airflow/.local/lib/python3.7/site-packages/airflow/example_dags/example_sla_dag.py
[2022-09-30 08:31:32,378] {logging_mixin.py:115} INFO - [2022-09-30 08:31:32,378] {dag.py:2371} INFO - Sync 1 DAGs
[2022-09-30 08:31:32,401] {logging_mixin.py:115} INFO - [2022-09-30 08:31:32,401] {dag.py:2919} INFO - Setting next_dagrun for example_sla_dag to 2022-09-30T08:28:00+00:00, run_after=2022-09-30T08:30:00+00:00
[2022-09-30 08:31:32,411] {processor.py:161} INFO - Processing /home/airflow/.local/lib/python3.7/site-packages/airflow/example_dags/example_sla_dag.py took 0.076 seconds
[2022-09-30 08:32:02,997] {processor.py:153} INFO - Started process (PID=1810) to work on /home/airflow/.local/lib/python3.7/site-packages/airflow/example_dags/example_sla_dag.py
[2022-09-30 08:32:02,998] {processor.py:641} INFO - Processing file /home/airflow/.local/lib/python3.7/site-packages/airflow/example_dags/example_sla_dag.py for tasks to queue
[2022-09-30 08:32:02,998] {logging_mixin.py:115} INFO - [2022-09-30 08:32:02,998] {dagbag.py:507} INFO - Filling up the DagBag from /home/airflow/.local/lib/python3.7/site-packages/airflow/example_dags/example_sla_dag.py
[2022-09-30 08:32:03,112] {processor.py:651} INFO - DAG(s) dict_keys(['example_sla_dag']) retrieved from /home/airflow/.local/lib/python3.7/site-packages/airflow/example_dags/example_sla_dag.py
[2022-09-30 08:32:03,130] {logging_mixin.py:115} INFO - [2022-09-30 08:32:03,130] {dag.py:2371} INFO - Sync 1 DAGs
[2022-09-30 08:32:03,151] {logging_mixin.py:115} INFO - [2022-09-30 08:32:03,151] {dag.py:2919} INFO - Setting next_dagrun for example_sla_dag to 2022-09-30T08:30:00+00:00, run_after=2022-09-30T08:32:00+00:00
[2022-09-30 08:32:03,162] {processor.py:161} INFO - Processing /home/airflow/.local/lib/python3.7/site-packages/airflow/example_dags/example_sla_dag.py took 0.168 seconds
[2022-09-30 08:32:33,288] {processor.py:153} INFO - Started process (PID=1871) to work on /home/airflow/.local/lib/python3.7/site-packages/airflow/example_dags/example_sla_dag.py
[2022-09-30 08:32:33,289] {processor.py:641} INFO - Processing file /home/airflow/.local/lib/python3.7/site-packages/airflow/example_dags/example_sla_dag.py for tasks to queue
[2022-09-30 08:32:33,289] {logging_mixin.py:115} INFO - [2022-09-30 08:32:33,289] {dagbag.py:507} INFO - Filling up the DagBag from /home/airflow/.local/lib/python3.7/site-packages/airflow/example_dags/example_sla_dag.py
[2022-09-30 08:32:33,416] {processor.py:651} INFO - DAG(s) dict_keys(['example_sla_dag']) retrieved from /home/airflow/.local/lib/python3.7/site-packages/airflow/example_dags/example_sla_dag.py
[2022-09-30 08:32:33,434] {logging_mixin.py:115} INFO - [2022-09-30 08:32:33,434] {dag.py:2371} INFO - Sync 1 DAGs
[2022-09-30 08:32:33,457] {logging_mixin.py:115} INFO - [2022-09-30 08:32:33,457] {dag.py:2919} INFO - Setting next_dagrun for example_sla_dag to 2022-09-30T08:30:00+00:00, run_after=2022-09-30T08:32:00+00:00
[2022-09-30 08:32:33,467] {processor.py:161} INFO - Processing /home/airflow/.local/lib/python3.7/site-packages/airflow/example_dags/example_sla_dag.py took 0.182 seconds
[2022-09-30 08:33:03,716] {processor.py:153} INFO - Started process (PID=1923) to work on /home/airflow/.local/lib/python3.7/site-packages/airflow/example_dags/example_sla_dag.py
[2022-09-30 08:33:03,717] {processor.py:641} INFO - Processing file /home/airflow/.local/lib/python3.7/site-packages/airflow/example_dags/example_sla_dag.py for tasks to queue
[2022-09-30 08:33:03,717] {logging_mixin.py:115} INFO - [2022-09-30 08:33:03,717] {dagbag.py:507} INFO - Filling up the DagBag from /home/airflow/.local/lib/python3.7/site-packages/airflow/example_dags/example_sla_dag.py
[2022-09-30 08:33:03,849] {processor.py:651} INFO - DAG(s) dict_keys(['example_sla_dag']) retrieved from /home/airflow/.local/lib/python3.7/site-packages/airflow/example_dags/example_sla_dag.py
[2022-09-30 08:33:03,869] {logging_mixin.py:115} INFO - [2022-09-30 08:33:03,869] {dag.py:2371} INFO - Sync 1 DAGs
[2022-09-30 08:33:03,895] {logging_mixin.py:115} INFO - [2022-09-30 08:33:03,895] {dag.py:2919} INFO - Setting next_dagrun for example_sla_dag to 2022-09-30T08:30:00+00:00, run_after=2022-09-30T08:32:00+00:00
[2022-09-30 08:33:03,905] {processor.py:161} INFO - Processing /home/airflow/.local/lib/python3.7/site-packages/airflow/example_dags/example_sla_dag.py took 0.192 seconds
[2022-09-30 08:33:34,338] {processor.py:153} INFO - Started process (PID=1984) to work on /home/airflow/.local/lib/python3.7/site-packages/airflow/example_dags/example_sla_dag.py
[2022-09-30 08:33:34,338] {processor.py:641} INFO - Processing file /home/airflow/.local/lib/python3.7/site-packages/airflow/example_dags/example_sla_dag.py for tasks to queue
[2022-09-30 08:33:34,339] {logging_mixin.py:115} INFO - [2022-09-30 08:33:34,339] {dagbag.py:507} INFO - Filling up the DagBag from /home/airflow/.local/lib/python3.7/site-packages/airflow/example_dags/example_sla_dag.py
[2022-09-30 08:33:34,461] {processor.py:651} INFO - DAG(s) dict_keys(['example_sla_dag']) retrieved from /home/airflow/.local/lib/python3.7/site-packages/airflow/example_dags/example_sla_dag.py
[2022-09-30 08:33:34,479] {logging_mixin.py:115} INFO - [2022-09-30 08:33:34,479] {dag.py:2371} INFO - Sync 1 DAGs
[2022-09-30 08:33:34,500] {logging_mixin.py:115} INFO - [2022-09-30 08:33:34,500] {dag.py:2919} INFO - Setting next_dagrun for example_sla_dag to 2022-09-30T08:30:00+00:00, run_after=2022-09-30T08:32:00+00:00
[2022-09-30 08:33:34,510] {processor.py:161} INFO - Processing /home/airflow/.local/lib/python3.7/site-packages/airflow/example_dags/example_sla_dag.py took 0.175 seconds
[2022-09-30 08:34:04,900] {processor.py:153} INFO - Started process (PID=2045) to work on /home/airflow/.local/lib/python3.7/site-packages/airflow/example_dags/example_sla_dag.py
[2022-09-30 08:34:04,901] {processor.py:641} INFO - Processing file /home/airflow/.local/lib/python3.7/site-packages/airflow/example_dags/example_sla_dag.py for tasks to queue
[2022-09-30 08:34:04,902] {logging_mixin.py:115} INFO - [2022-09-30 08:34:04,902] {dagbag.py:507} INFO - Filling up the DagBag from /home/airflow/.local/lib/python3.7/site-packages/airflow/example_dags/example_sla_dag.py
[2022-09-30 08:34:05,030] {processor.py:651} INFO - DAG(s) dict_keys(['example_sla_dag']) retrieved from /home/airflow/.local/lib/python3.7/site-packages/airflow/example_dags/example_sla_dag.py
[2022-09-30 08:34:05,049] {logging_mixin.py:115} INFO - [2022-09-30 08:34:05,049] {dag.py:2371} INFO - Sync 1 DAGs
[2022-09-30 08:34:05,072] {logging_mixin.py:115} INFO - [2022-09-30 08:34:05,072] {dag.py:2919} INFO - Setting next_dagrun for example_sla_dag to 2022-09-30T08:32:00+00:00, run_after=2022-09-30T08:34:00+00:00
[2022-09-30 08:34:05,083] {processor.py:161} INFO - Processing /home/airflow/.local/lib/python3.7/site-packages/airflow/example_dags/example_sla_dag.py took 0.186 seconds
[2022-09-30 08:34:35,232] {processor.py:153} INFO - Started process (PID=2098) to work on /home/airflow/.local/lib/python3.7/site-packages/airflow/example_dags/example_sla_dag.py
[2022-09-30 08:34:35,233] {processor.py:641} INFO - Processing file /home/airflow/.local/lib/python3.7/site-packages/airflow/example_dags/example_sla_dag.py for tasks to queue
[2022-09-30 08:34:35,234] {logging_mixin.py:115} INFO - [2022-09-30 08:34:35,234] {dagbag.py:507} INFO - Filling up the DagBag from /home/airflow/.local/lib/python3.7/site-packages/airflow/example_dags/example_sla_dag.py
[2022-09-30 08:34:35,362] {processor.py:651} INFO - DAG(s) dict_keys(['example_sla_dag']) retrieved from /home/airflow/.local/lib/python3.7/site-packages/airflow/example_dags/example_sla_dag.py
[2022-09-30 08:34:35,380] {logging_mixin.py:115} INFO - [2022-09-30 08:34:35,379] {dag.py:2371} INFO - Sync 1 DAGs
[2022-09-30 08:34:35,400] {logging_mixin.py:115} INFO - [2022-09-30 08:34:35,400] {dag.py:2919} INFO - Setting next_dagrun for example_sla_dag to 2022-09-30T08:32:00+00:00, run_after=2022-09-30T08:34:00+00:00
[2022-09-30 08:34:35,411] {processor.py:161} INFO - Processing /home/airflow/.local/lib/python3.7/site-packages/airflow/example_dags/example_sla_dag.py took 0.182 seconds
