[2022-09-30 08:15:12,196] {processor.py:153} INFO - Started process (PID=80) to work on /home/airflow/.local/lib/python3.7/site-packages/airflow/example_dags/example_external_task_marker_dag.py
[2022-09-30 08:15:12,197] {processor.py:641} INFO - Processing file /home/airflow/.local/lib/python3.7/site-packages/airflow/example_dags/example_external_task_marker_dag.py for tasks to queue
[2022-09-30 08:15:12,198] {logging_mixin.py:115} INFO - [2022-09-30 08:15:12,198] {dagbag.py:507} INFO - Filling up the DagBag from /home/airflow/.local/lib/python3.7/site-packages/airflow/example_dags/example_external_task_marker_dag.py
[2022-09-30 08:15:12,204] {processor.py:651} INFO - DAG(s) dict_keys(['example_external_task_marker_parent', 'example_external_task_marker_child']) retrieved from /home/airflow/.local/lib/python3.7/site-packages/airflow/example_dags/example_external_task_marker_dag.py
[2022-09-30 08:15:12,427] {logging_mixin.py:115} INFO - [2022-09-30 08:15:12,427] {manager.py:508} INFO - Created Permission View: can delete on DAG:example_external_task_marker_parent
[2022-09-30 08:15:12,438] {logging_mixin.py:115} INFO - [2022-09-30 08:15:12,438] {manager.py:508} INFO - Created Permission View: can edit on DAG:example_external_task_marker_parent
[2022-09-30 08:15:12,446] {logging_mixin.py:115} INFO - [2022-09-30 08:15:12,446] {manager.py:508} INFO - Created Permission View: can read on DAG:example_external_task_marker_parent
[2022-09-30 08:15:12,484] {logging_mixin.py:115} INFO - [2022-09-30 08:15:12,484] {manager.py:508} INFO - Created Permission View: can delete on DAG:example_external_task_marker_child
[2022-09-30 08:15:12,492] {logging_mixin.py:115} INFO - [2022-09-30 08:15:12,492] {manager.py:508} INFO - Created Permission View: can edit on DAG:example_external_task_marker_child
[2022-09-30 08:15:12,501] {logging_mixin.py:115} INFO - [2022-09-30 08:15:12,501] {manager.py:508} INFO - Created Permission View: can read on DAG:example_external_task_marker_child
[2022-09-30 08:15:12,501] {logging_mixin.py:115} INFO - [2022-09-30 08:15:12,501] {dag.py:2371} INFO - Sync 2 DAGs
[2022-09-30 08:15:12,512] {logging_mixin.py:115} INFO - [2022-09-30 08:15:12,512] {dag.py:2390} INFO - Creating ORM DAG for example_external_task_marker_child
[2022-09-30 08:15:12,513] {logging_mixin.py:115} INFO - [2022-09-30 08:15:12,513] {dag.py:2390} INFO - Creating ORM DAG for example_external_task_marker_parent
[2022-09-30 08:15:12,525] {logging_mixin.py:115} INFO - [2022-09-30 08:15:12,525] {dag.py:2919} INFO - Setting next_dagrun for example_external_task_marker_child to None, run_after=None
[2022-09-30 08:15:12,526] {logging_mixin.py:115} INFO - [2022-09-30 08:15:12,526] {dag.py:2919} INFO - Setting next_dagrun for example_external_task_marker_parent to None, run_after=None
[2022-09-30 08:15:12,545] {processor.py:161} INFO - Processing /home/airflow/.local/lib/python3.7/site-packages/airflow/example_dags/example_external_task_marker_dag.py took 0.353 seconds
[2022-09-30 08:15:42,945] {processor.py:153} INFO - Started process (PID=141) to work on /home/airflow/.local/lib/python3.7/site-packages/airflow/example_dags/example_external_task_marker_dag.py
[2022-09-30 08:15:42,946] {processor.py:641} INFO - Processing file /home/airflow/.local/lib/python3.7/site-packages/airflow/example_dags/example_external_task_marker_dag.py for tasks to queue
[2022-09-30 08:15:42,947] {logging_mixin.py:115} INFO - [2022-09-30 08:15:42,947] {dagbag.py:507} INFO - Filling up the DagBag from /home/airflow/.local/lib/python3.7/site-packages/airflow/example_dags/example_external_task_marker_dag.py
[2022-09-30 08:15:42,951] {processor.py:651} INFO - DAG(s) dict_keys(['example_external_task_marker_parent', 'example_external_task_marker_child']) retrieved from /home/airflow/.local/lib/python3.7/site-packages/airflow/example_dags/example_external_task_marker_dag.py
[2022-09-30 08:15:42,994] {logging_mixin.py:115} INFO - [2022-09-30 08:15:42,994] {dag.py:2371} INFO - Sync 2 DAGs
[2022-09-30 08:15:43,113] {logging_mixin.py:115} INFO - [2022-09-30 08:15:43,113] {dag.py:2919} INFO - Setting next_dagrun for example_external_task_marker_child to None, run_after=None
[2022-09-30 08:15:43,114] {logging_mixin.py:115} INFO - [2022-09-30 08:15:43,114] {dag.py:2919} INFO - Setting next_dagrun for example_external_task_marker_parent to None, run_after=None
[2022-09-30 08:15:43,125] {processor.py:161} INFO - Processing /home/airflow/.local/lib/python3.7/site-packages/airflow/example_dags/example_external_task_marker_dag.py took 0.182 seconds
[2022-09-30 08:16:44,671] {processor.py:153} INFO - Started process (PID=81) to work on /home/airflow/.local/lib/python3.7/site-packages/airflow/example_dags/example_external_task_marker_dag.py
[2022-09-30 08:16:44,672] {processor.py:641} INFO - Processing file /home/airflow/.local/lib/python3.7/site-packages/airflow/example_dags/example_external_task_marker_dag.py for tasks to queue
[2022-09-30 08:16:44,672] {logging_mixin.py:115} INFO - [2022-09-30 08:16:44,672] {dagbag.py:507} INFO - Filling up the DagBag from /home/airflow/.local/lib/python3.7/site-packages/airflow/example_dags/example_external_task_marker_dag.py
[2022-09-30 08:16:44,677] {processor.py:651} INFO - DAG(s) dict_keys(['example_external_task_marker_parent', 'example_external_task_marker_child']) retrieved from /home/airflow/.local/lib/python3.7/site-packages/airflow/example_dags/example_external_task_marker_dag.py
[2022-09-30 08:16:44,726] {logging_mixin.py:115} INFO - [2022-09-30 08:16:44,726] {dag.py:2371} INFO - Sync 2 DAGs
[2022-09-30 08:16:44,885] {logging_mixin.py:115} INFO - [2022-09-30 08:16:44,885] {dag.py:2919} INFO - Setting next_dagrun for example_external_task_marker_child to None, run_after=None
[2022-09-30 08:16:44,886] {logging_mixin.py:115} INFO - [2022-09-30 08:16:44,886] {dag.py:2919} INFO - Setting next_dagrun for example_external_task_marker_parent to None, run_after=None
[2022-09-30 08:16:44,900] {processor.py:161} INFO - Processing /home/airflow/.local/lib/python3.7/site-packages/airflow/example_dags/example_external_task_marker_dag.py took 0.232 seconds
[2022-09-30 08:17:16,223] {processor.py:153} INFO - Started process (PID=142) to work on /home/airflow/.local/lib/python3.7/site-packages/airflow/example_dags/example_external_task_marker_dag.py
[2022-09-30 08:17:16,224] {processor.py:641} INFO - Processing file /home/airflow/.local/lib/python3.7/site-packages/airflow/example_dags/example_external_task_marker_dag.py for tasks to queue
[2022-09-30 08:17:16,225] {logging_mixin.py:115} INFO - [2022-09-30 08:17:16,225] {dagbag.py:507} INFO - Filling up the DagBag from /home/airflow/.local/lib/python3.7/site-packages/airflow/example_dags/example_external_task_marker_dag.py
[2022-09-30 08:17:16,230] {processor.py:651} INFO - DAG(s) dict_keys(['example_external_task_marker_parent', 'example_external_task_marker_child']) retrieved from /home/airflow/.local/lib/python3.7/site-packages/airflow/example_dags/example_external_task_marker_dag.py
[2022-09-30 08:17:16,284] {logging_mixin.py:115} INFO - [2022-09-30 08:17:16,284] {dag.py:2371} INFO - Sync 2 DAGs
[2022-09-30 08:17:16,444] {logging_mixin.py:115} INFO - [2022-09-30 08:17:16,444] {dag.py:2919} INFO - Setting next_dagrun for example_external_task_marker_child to None, run_after=None
[2022-09-30 08:17:16,445] {logging_mixin.py:115} INFO - [2022-09-30 08:17:16,445] {dag.py:2919} INFO - Setting next_dagrun for example_external_task_marker_parent to None, run_after=None
[2022-09-30 08:17:16,458] {processor.py:161} INFO - Processing /home/airflow/.local/lib/python3.7/site-packages/airflow/example_dags/example_external_task_marker_dag.py took 0.237 seconds
[2022-09-30 08:17:46,679] {processor.py:153} INFO - Started process (PID=194) to work on /home/airflow/.local/lib/python3.7/site-packages/airflow/example_dags/example_external_task_marker_dag.py
[2022-09-30 08:17:46,680] {processor.py:641} INFO - Processing file /home/airflow/.local/lib/python3.7/site-packages/airflow/example_dags/example_external_task_marker_dag.py for tasks to queue
[2022-09-30 08:17:46,681] {logging_mixin.py:115} INFO - [2022-09-30 08:17:46,681] {dagbag.py:507} INFO - Filling up the DagBag from /home/airflow/.local/lib/python3.7/site-packages/airflow/example_dags/example_external_task_marker_dag.py
[2022-09-30 08:17:46,686] {processor.py:651} INFO - DAG(s) dict_keys(['example_external_task_marker_parent', 'example_external_task_marker_child']) retrieved from /home/airflow/.local/lib/python3.7/site-packages/airflow/example_dags/example_external_task_marker_dag.py
[2022-09-30 08:17:46,748] {logging_mixin.py:115} INFO - [2022-09-30 08:17:46,748] {dag.py:2371} INFO - Sync 2 DAGs
[2022-09-30 08:17:46,902] {logging_mixin.py:115} INFO - [2022-09-30 08:17:46,902] {dag.py:2919} INFO - Setting next_dagrun for example_external_task_marker_child to None, run_after=None
[2022-09-30 08:17:46,903] {logging_mixin.py:115} INFO - [2022-09-30 08:17:46,903] {dag.py:2919} INFO - Setting next_dagrun for example_external_task_marker_parent to None, run_after=None
[2022-09-30 08:17:46,917] {processor.py:161} INFO - Processing /home/airflow/.local/lib/python3.7/site-packages/airflow/example_dags/example_external_task_marker_dag.py took 0.243 seconds
[2022-09-30 08:18:17,200] {processor.py:153} INFO - Started process (PID=255) to work on /home/airflow/.local/lib/python3.7/site-packages/airflow/example_dags/example_external_task_marker_dag.py
[2022-09-30 08:18:17,201] {processor.py:641} INFO - Processing file /home/airflow/.local/lib/python3.7/site-packages/airflow/example_dags/example_external_task_marker_dag.py for tasks to queue
[2022-09-30 08:18:17,201] {logging_mixin.py:115} INFO - [2022-09-30 08:18:17,201] {dagbag.py:507} INFO - Filling up the DagBag from /home/airflow/.local/lib/python3.7/site-packages/airflow/example_dags/example_external_task_marker_dag.py
[2022-09-30 08:18:17,206] {processor.py:651} INFO - DAG(s) dict_keys(['example_external_task_marker_parent', 'example_external_task_marker_child']) retrieved from /home/airflow/.local/lib/python3.7/site-packages/airflow/example_dags/example_external_task_marker_dag.py
[2022-09-30 08:18:17,248] {logging_mixin.py:115} INFO - [2022-09-30 08:18:17,248] {dag.py:2371} INFO - Sync 2 DAGs
[2022-09-30 08:18:17,438] {logging_mixin.py:115} INFO - [2022-09-30 08:18:17,438] {dag.py:2919} INFO - Setting next_dagrun for example_external_task_marker_child to None, run_after=None
[2022-09-30 08:18:17,438] {logging_mixin.py:115} INFO - [2022-09-30 08:18:17,438] {dag.py:2919} INFO - Setting next_dagrun for example_external_task_marker_parent to None, run_after=None
[2022-09-30 08:18:17,458] {processor.py:161} INFO - Processing /home/airflow/.local/lib/python3.7/site-packages/airflow/example_dags/example_external_task_marker_dag.py took 0.261 seconds
[2022-09-30 08:18:47,525] {processor.py:153} INFO - Started process (PID=316) to work on /home/airflow/.local/lib/python3.7/site-packages/airflow/example_dags/example_external_task_marker_dag.py
[2022-09-30 08:18:47,528] {processor.py:641} INFO - Processing file /home/airflow/.local/lib/python3.7/site-packages/airflow/example_dags/example_external_task_marker_dag.py for tasks to queue
[2022-09-30 08:18:47,529] {logging_mixin.py:115} INFO - [2022-09-30 08:18:47,529] {dagbag.py:507} INFO - Filling up the DagBag from /home/airflow/.local/lib/python3.7/site-packages/airflow/example_dags/example_external_task_marker_dag.py
[2022-09-30 08:18:47,533] {processor.py:651} INFO - DAG(s) dict_keys(['example_external_task_marker_parent', 'example_external_task_marker_child']) retrieved from /home/airflow/.local/lib/python3.7/site-packages/airflow/example_dags/example_external_task_marker_dag.py
[2022-09-30 08:18:47,576] {logging_mixin.py:115} INFO - [2022-09-30 08:18:47,576] {dag.py:2371} INFO - Sync 2 DAGs
[2022-09-30 08:18:47,707] {logging_mixin.py:115} INFO - [2022-09-30 08:18:47,707] {dag.py:2919} INFO - Setting next_dagrun for example_external_task_marker_child to None, run_after=None
[2022-09-30 08:18:47,707] {logging_mixin.py:115} INFO - [2022-09-30 08:18:47,707] {dag.py:2919} INFO - Setting next_dagrun for example_external_task_marker_parent to None, run_after=None
[2022-09-30 08:18:47,719] {processor.py:161} INFO - Processing /home/airflow/.local/lib/python3.7/site-packages/airflow/example_dags/example_external_task_marker_dag.py took 0.199 seconds
[2022-09-30 08:19:18,492] {processor.py:153} INFO - Started process (PID=368) to work on /home/airflow/.local/lib/python3.7/site-packages/airflow/example_dags/example_external_task_marker_dag.py
[2022-09-30 08:19:18,493] {processor.py:641} INFO - Processing file /home/airflow/.local/lib/python3.7/site-packages/airflow/example_dags/example_external_task_marker_dag.py for tasks to queue
[2022-09-30 08:19:18,493] {logging_mixin.py:115} INFO - [2022-09-30 08:19:18,493] {dagbag.py:507} INFO - Filling up the DagBag from /home/airflow/.local/lib/python3.7/site-packages/airflow/example_dags/example_external_task_marker_dag.py
[2022-09-30 08:19:18,498] {processor.py:651} INFO - DAG(s) dict_keys(['example_external_task_marker_parent', 'example_external_task_marker_child']) retrieved from /home/airflow/.local/lib/python3.7/site-packages/airflow/example_dags/example_external_task_marker_dag.py
[2022-09-30 08:19:18,547] {logging_mixin.py:115} INFO - [2022-09-30 08:19:18,547] {dag.py:2371} INFO - Sync 2 DAGs
[2022-09-30 08:19:18,680] {logging_mixin.py:115} INFO - [2022-09-30 08:19:18,680] {dag.py:2919} INFO - Setting next_dagrun for example_external_task_marker_child to None, run_after=None
[2022-09-30 08:19:18,680] {logging_mixin.py:115} INFO - [2022-09-30 08:19:18,680] {dag.py:2919} INFO - Setting next_dagrun for example_external_task_marker_parent to None, run_after=None
[2022-09-30 08:19:18,694] {processor.py:161} INFO - Processing /home/airflow/.local/lib/python3.7/site-packages/airflow/example_dags/example_external_task_marker_dag.py took 0.206 seconds
[2022-09-30 08:19:49,360] {processor.py:153} INFO - Started process (PID=429) to work on /home/airflow/.local/lib/python3.7/site-packages/airflow/example_dags/example_external_task_marker_dag.py
[2022-09-30 08:19:49,361] {processor.py:641} INFO - Processing file /home/airflow/.local/lib/python3.7/site-packages/airflow/example_dags/example_external_task_marker_dag.py for tasks to queue
[2022-09-30 08:19:49,362] {logging_mixin.py:115} INFO - [2022-09-30 08:19:49,362] {dagbag.py:507} INFO - Filling up the DagBag from /home/airflow/.local/lib/python3.7/site-packages/airflow/example_dags/example_external_task_marker_dag.py
[2022-09-30 08:19:49,366] {processor.py:651} INFO - DAG(s) dict_keys(['example_external_task_marker_parent', 'example_external_task_marker_child']) retrieved from /home/airflow/.local/lib/python3.7/site-packages/airflow/example_dags/example_external_task_marker_dag.py
[2022-09-30 08:19:49,410] {logging_mixin.py:115} INFO - [2022-09-30 08:19:49,410] {dag.py:2371} INFO - Sync 2 DAGs
[2022-09-30 08:19:49,542] {logging_mixin.py:115} INFO - [2022-09-30 08:19:49,542] {dag.py:2919} INFO - Setting next_dagrun for example_external_task_marker_child to None, run_after=None
[2022-09-30 08:19:49,543] {logging_mixin.py:115} INFO - [2022-09-30 08:19:49,543] {dag.py:2919} INFO - Setting next_dagrun for example_external_task_marker_parent to None, run_after=None
[2022-09-30 08:19:49,554] {processor.py:161} INFO - Processing /home/airflow/.local/lib/python3.7/site-packages/airflow/example_dags/example_external_task_marker_dag.py took 0.196 seconds
[2022-09-30 08:20:19,811] {processor.py:153} INFO - Started process (PID=491) to work on /home/airflow/.local/lib/python3.7/site-packages/airflow/example_dags/example_external_task_marker_dag.py
[2022-09-30 08:20:19,812] {processor.py:641} INFO - Processing file /home/airflow/.local/lib/python3.7/site-packages/airflow/example_dags/example_external_task_marker_dag.py for tasks to queue
[2022-09-30 08:20:19,812] {logging_mixin.py:115} INFO - [2022-09-30 08:20:19,812] {dagbag.py:507} INFO - Filling up the DagBag from /home/airflow/.local/lib/python3.7/site-packages/airflow/example_dags/example_external_task_marker_dag.py
[2022-09-30 08:20:19,817] {processor.py:651} INFO - DAG(s) dict_keys(['example_external_task_marker_parent', 'example_external_task_marker_child']) retrieved from /home/airflow/.local/lib/python3.7/site-packages/airflow/example_dags/example_external_task_marker_dag.py
[2022-09-30 08:20:19,865] {logging_mixin.py:115} INFO - [2022-09-30 08:20:19,865] {dag.py:2371} INFO - Sync 2 DAGs
[2022-09-30 08:20:20,001] {logging_mixin.py:115} INFO - [2022-09-30 08:20:20,001] {dag.py:2919} INFO - Setting next_dagrun for example_external_task_marker_child to None, run_after=None
[2022-09-30 08:20:20,002] {logging_mixin.py:115} INFO - [2022-09-30 08:20:20,002] {dag.py:2919} INFO - Setting next_dagrun for example_external_task_marker_parent to None, run_after=None
[2022-09-30 08:20:20,016] {processor.py:161} INFO - Processing /home/airflow/.local/lib/python3.7/site-packages/airflow/example_dags/example_external_task_marker_dag.py took 0.208 seconds
[2022-09-30 08:20:50,860] {processor.py:153} INFO - Started process (PID=543) to work on /home/airflow/.local/lib/python3.7/site-packages/airflow/example_dags/example_external_task_marker_dag.py
[2022-09-30 08:20:50,860] {processor.py:641} INFO - Processing file /home/airflow/.local/lib/python3.7/site-packages/airflow/example_dags/example_external_task_marker_dag.py for tasks to queue
[2022-09-30 08:20:50,861] {logging_mixin.py:115} INFO - [2022-09-30 08:20:50,861] {dagbag.py:507} INFO - Filling up the DagBag from /home/airflow/.local/lib/python3.7/site-packages/airflow/example_dags/example_external_task_marker_dag.py
[2022-09-30 08:20:50,866] {processor.py:651} INFO - DAG(s) dict_keys(['example_external_task_marker_parent', 'example_external_task_marker_child']) retrieved from /home/airflow/.local/lib/python3.7/site-packages/airflow/example_dags/example_external_task_marker_dag.py
[2022-09-30 08:20:50,907] {logging_mixin.py:115} INFO - [2022-09-30 08:20:50,907] {dag.py:2371} INFO - Sync 2 DAGs
[2022-09-30 08:20:51,040] {logging_mixin.py:115} INFO - [2022-09-30 08:20:51,040] {dag.py:2919} INFO - Setting next_dagrun for example_external_task_marker_child to None, run_after=None
[2022-09-30 08:20:51,041] {logging_mixin.py:115} INFO - [2022-09-30 08:20:51,041] {dag.py:2919} INFO - Setting next_dagrun for example_external_task_marker_parent to None, run_after=None
[2022-09-30 08:20:51,051] {processor.py:161} INFO - Processing /home/airflow/.local/lib/python3.7/site-packages/airflow/example_dags/example_external_task_marker_dag.py took 0.195 seconds
[2022-09-30 08:21:21,641] {processor.py:153} INFO - Started process (PID=604) to work on /home/airflow/.local/lib/python3.7/site-packages/airflow/example_dags/example_external_task_marker_dag.py
[2022-09-30 08:21:21,641] {processor.py:641} INFO - Processing file /home/airflow/.local/lib/python3.7/site-packages/airflow/example_dags/example_external_task_marker_dag.py for tasks to queue
[2022-09-30 08:21:21,642] {logging_mixin.py:115} INFO - [2022-09-30 08:21:21,642] {dagbag.py:507} INFO - Filling up the DagBag from /home/airflow/.local/lib/python3.7/site-packages/airflow/example_dags/example_external_task_marker_dag.py
[2022-09-30 08:21:21,646] {processor.py:651} INFO - DAG(s) dict_keys(['example_external_task_marker_parent', 'example_external_task_marker_child']) retrieved from /home/airflow/.local/lib/python3.7/site-packages/airflow/example_dags/example_external_task_marker_dag.py
[2022-09-30 08:21:21,691] {logging_mixin.py:115} INFO - [2022-09-30 08:21:21,691] {dag.py:2371} INFO - Sync 2 DAGs
[2022-09-30 08:21:21,834] {logging_mixin.py:115} INFO - [2022-09-30 08:21:21,834] {dag.py:2919} INFO - Setting next_dagrun for example_external_task_marker_child to None, run_after=None
[2022-09-30 08:21:21,835] {logging_mixin.py:115} INFO - [2022-09-30 08:21:21,835] {dag.py:2919} INFO - Setting next_dagrun for example_external_task_marker_parent to None, run_after=None
[2022-09-30 08:21:21,846] {processor.py:161} INFO - Processing /home/airflow/.local/lib/python3.7/site-packages/airflow/example_dags/example_external_task_marker_dag.py took 0.209 seconds
[2022-09-30 08:21:52,787] {processor.py:153} INFO - Started process (PID=665) to work on /home/airflow/.local/lib/python3.7/site-packages/airflow/example_dags/example_external_task_marker_dag.py
[2022-09-30 08:21:52,788] {processor.py:641} INFO - Processing file /home/airflow/.local/lib/python3.7/site-packages/airflow/example_dags/example_external_task_marker_dag.py for tasks to queue
[2022-09-30 08:21:52,789] {logging_mixin.py:115} INFO - [2022-09-30 08:21:52,788] {dagbag.py:507} INFO - Filling up the DagBag from /home/airflow/.local/lib/python3.7/site-packages/airflow/example_dags/example_external_task_marker_dag.py
[2022-09-30 08:21:52,794] {processor.py:651} INFO - DAG(s) dict_keys(['example_external_task_marker_parent', 'example_external_task_marker_child']) retrieved from /home/airflow/.local/lib/python3.7/site-packages/airflow/example_dags/example_external_task_marker_dag.py
[2022-09-30 08:21:52,848] {logging_mixin.py:115} INFO - [2022-09-30 08:21:52,848] {dag.py:2371} INFO - Sync 2 DAGs
[2022-09-30 08:21:53,003] {logging_mixin.py:115} INFO - [2022-09-30 08:21:53,003] {dag.py:2919} INFO - Setting next_dagrun for example_external_task_marker_child to None, run_after=None
[2022-09-30 08:21:53,003] {logging_mixin.py:115} INFO - [2022-09-30 08:21:53,003] {dag.py:2919} INFO - Setting next_dagrun for example_external_task_marker_parent to None, run_after=None
[2022-09-30 08:21:53,016] {processor.py:161} INFO - Processing /home/airflow/.local/lib/python3.7/site-packages/airflow/example_dags/example_external_task_marker_dag.py took 0.232 seconds
[2022-09-30 08:22:24,272] {processor.py:153} INFO - Started process (PID=724) to work on /home/airflow/.local/lib/python3.7/site-packages/airflow/example_dags/example_external_task_marker_dag.py
[2022-09-30 08:22:24,273] {processor.py:641} INFO - Processing file /home/airflow/.local/lib/python3.7/site-packages/airflow/example_dags/example_external_task_marker_dag.py for tasks to queue
[2022-09-30 08:22:24,274] {logging_mixin.py:115} INFO - [2022-09-30 08:22:24,273] {dagbag.py:507} INFO - Filling up the DagBag from /home/airflow/.local/lib/python3.7/site-packages/airflow/example_dags/example_external_task_marker_dag.py
[2022-09-30 08:22:24,279] {processor.py:651} INFO - DAG(s) dict_keys(['example_external_task_marker_parent', 'example_external_task_marker_child']) retrieved from /home/airflow/.local/lib/python3.7/site-packages/airflow/example_dags/example_external_task_marker_dag.py
[2022-09-30 08:22:24,330] {logging_mixin.py:115} INFO - [2022-09-30 08:22:24,330] {dag.py:2371} INFO - Sync 2 DAGs
[2022-09-30 08:22:24,483] {logging_mixin.py:115} INFO - [2022-09-30 08:22:24,483] {dag.py:2919} INFO - Setting next_dagrun for example_external_task_marker_child to None, run_after=None
[2022-09-30 08:22:24,484] {logging_mixin.py:115} INFO - [2022-09-30 08:22:24,484] {dag.py:2919} INFO - Setting next_dagrun for example_external_task_marker_parent to None, run_after=None
[2022-09-30 08:22:24,496] {processor.py:161} INFO - Processing /home/airflow/.local/lib/python3.7/site-packages/airflow/example_dags/example_external_task_marker_dag.py took 0.228 seconds
[2022-09-30 08:22:54,580] {processor.py:153} INFO - Started process (PID=780) to work on /home/airflow/.local/lib/python3.7/site-packages/airflow/example_dags/example_external_task_marker_dag.py
[2022-09-30 08:22:54,580] {processor.py:641} INFO - Processing file /home/airflow/.local/lib/python3.7/site-packages/airflow/example_dags/example_external_task_marker_dag.py for tasks to queue
[2022-09-30 08:22:54,582] {logging_mixin.py:115} INFO - [2022-09-30 08:22:54,582] {dagbag.py:507} INFO - Filling up the DagBag from /home/airflow/.local/lib/python3.7/site-packages/airflow/example_dags/example_external_task_marker_dag.py
[2022-09-30 08:22:54,588] {processor.py:651} INFO - DAG(s) dict_keys(['example_external_task_marker_parent', 'example_external_task_marker_child']) retrieved from /home/airflow/.local/lib/python3.7/site-packages/airflow/example_dags/example_external_task_marker_dag.py
[2022-09-30 08:22:54,647] {logging_mixin.py:115} INFO - [2022-09-30 08:22:54,647] {dag.py:2371} INFO - Sync 2 DAGs
[2022-09-30 08:22:54,799] {logging_mixin.py:115} INFO - [2022-09-30 08:22:54,799] {dag.py:2919} INFO - Setting next_dagrun for example_external_task_marker_child to None, run_after=None
[2022-09-30 08:22:54,799] {logging_mixin.py:115} INFO - [2022-09-30 08:22:54,799] {dag.py:2919} INFO - Setting next_dagrun for example_external_task_marker_parent to None, run_after=None
[2022-09-30 08:22:54,811] {processor.py:161} INFO - Processing /home/airflow/.local/lib/python3.7/site-packages/airflow/example_dags/example_external_task_marker_dag.py took 0.235 seconds
[2022-09-30 08:23:24,864] {processor.py:153} INFO - Started process (PID=841) to work on /home/airflow/.local/lib/python3.7/site-packages/airflow/example_dags/example_external_task_marker_dag.py
[2022-09-30 08:23:24,864] {processor.py:641} INFO - Processing file /home/airflow/.local/lib/python3.7/site-packages/airflow/example_dags/example_external_task_marker_dag.py for tasks to queue
[2022-09-30 08:23:24,865] {logging_mixin.py:115} INFO - [2022-09-30 08:23:24,865] {dagbag.py:507} INFO - Filling up the DagBag from /home/airflow/.local/lib/python3.7/site-packages/airflow/example_dags/example_external_task_marker_dag.py
[2022-09-30 08:23:24,870] {processor.py:651} INFO - DAG(s) dict_keys(['example_external_task_marker_parent', 'example_external_task_marker_child']) retrieved from /home/airflow/.local/lib/python3.7/site-packages/airflow/example_dags/example_external_task_marker_dag.py
[2022-09-30 08:23:24,932] {logging_mixin.py:115} INFO - [2022-09-30 08:23:24,932] {dag.py:2371} INFO - Sync 2 DAGs
[2022-09-30 08:23:25,062] {logging_mixin.py:115} INFO - [2022-09-30 08:23:25,062] {dag.py:2919} INFO - Setting next_dagrun for example_external_task_marker_child to None, run_after=None
[2022-09-30 08:23:25,062] {logging_mixin.py:115} INFO - [2022-09-30 08:23:25,062] {dag.py:2919} INFO - Setting next_dagrun for example_external_task_marker_parent to None, run_after=None
[2022-09-30 08:23:25,073] {processor.py:161} INFO - Processing /home/airflow/.local/lib/python3.7/site-packages/airflow/example_dags/example_external_task_marker_dag.py took 0.213 seconds
[2022-09-30 08:23:55,430] {processor.py:153} INFO - Started process (PID=893) to work on /home/airflow/.local/lib/python3.7/site-packages/airflow/example_dags/example_external_task_marker_dag.py
[2022-09-30 08:23:55,431] {processor.py:641} INFO - Processing file /home/airflow/.local/lib/python3.7/site-packages/airflow/example_dags/example_external_task_marker_dag.py for tasks to queue
[2022-09-30 08:23:55,431] {logging_mixin.py:115} INFO - [2022-09-30 08:23:55,431] {dagbag.py:507} INFO - Filling up the DagBag from /home/airflow/.local/lib/python3.7/site-packages/airflow/example_dags/example_external_task_marker_dag.py
[2022-09-30 08:23:55,438] {processor.py:651} INFO - DAG(s) dict_keys(['example_external_task_marker_parent', 'example_external_task_marker_child']) retrieved from /home/airflow/.local/lib/python3.7/site-packages/airflow/example_dags/example_external_task_marker_dag.py
[2022-09-30 08:23:55,485] {logging_mixin.py:115} INFO - [2022-09-30 08:23:55,485] {dag.py:2371} INFO - Sync 2 DAGs
[2022-09-30 08:23:55,607] {logging_mixin.py:115} INFO - [2022-09-30 08:23:55,607] {dag.py:2919} INFO - Setting next_dagrun for example_external_task_marker_child to None, run_after=None
[2022-09-30 08:23:55,608] {logging_mixin.py:115} INFO - [2022-09-30 08:23:55,608] {dag.py:2919} INFO - Setting next_dagrun for example_external_task_marker_parent to None, run_after=None
[2022-09-30 08:23:55,618] {processor.py:161} INFO - Processing /home/airflow/.local/lib/python3.7/site-packages/airflow/example_dags/example_external_task_marker_dag.py took 0.191 seconds
[2022-09-30 08:24:25,919] {processor.py:153} INFO - Started process (PID=954) to work on /home/airflow/.local/lib/python3.7/site-packages/airflow/example_dags/example_external_task_marker_dag.py
[2022-09-30 08:24:25,920] {processor.py:641} INFO - Processing file /home/airflow/.local/lib/python3.7/site-packages/airflow/example_dags/example_external_task_marker_dag.py for tasks to queue
[2022-09-30 08:24:25,921] {logging_mixin.py:115} INFO - [2022-09-30 08:24:25,921] {dagbag.py:507} INFO - Filling up the DagBag from /home/airflow/.local/lib/python3.7/site-packages/airflow/example_dags/example_external_task_marker_dag.py
[2022-09-30 08:24:25,927] {processor.py:651} INFO - DAG(s) dict_keys(['example_external_task_marker_parent', 'example_external_task_marker_child']) retrieved from /home/airflow/.local/lib/python3.7/site-packages/airflow/example_dags/example_external_task_marker_dag.py
[2022-09-30 08:24:25,976] {logging_mixin.py:115} INFO - [2022-09-30 08:24:25,976] {dag.py:2371} INFO - Sync 2 DAGs
[2022-09-30 08:24:26,125] {logging_mixin.py:115} INFO - [2022-09-30 08:24:26,124] {dag.py:2919} INFO - Setting next_dagrun for example_external_task_marker_child to None, run_after=None
[2022-09-30 08:24:26,125] {logging_mixin.py:115} INFO - [2022-09-30 08:24:26,125] {dag.py:2919} INFO - Setting next_dagrun for example_external_task_marker_parent to None, run_after=None
[2022-09-30 08:24:26,137] {processor.py:161} INFO - Processing /home/airflow/.local/lib/python3.7/site-packages/airflow/example_dags/example_external_task_marker_dag.py took 0.223 seconds
[2022-09-30 08:24:56,711] {processor.py:153} INFO - Started process (PID=1013) to work on /home/airflow/.local/lib/python3.7/site-packages/airflow/example_dags/example_external_task_marker_dag.py
[2022-09-30 08:24:56,712] {processor.py:641} INFO - Processing file /home/airflow/.local/lib/python3.7/site-packages/airflow/example_dags/example_external_task_marker_dag.py for tasks to queue
[2022-09-30 08:24:56,713] {logging_mixin.py:115} INFO - [2022-09-30 08:24:56,712] {dagbag.py:507} INFO - Filling up the DagBag from /home/airflow/.local/lib/python3.7/site-packages/airflow/example_dags/example_external_task_marker_dag.py
[2022-09-30 08:24:56,717] {processor.py:651} INFO - DAG(s) dict_keys(['example_external_task_marker_parent', 'example_external_task_marker_child']) retrieved from /home/airflow/.local/lib/python3.7/site-packages/airflow/example_dags/example_external_task_marker_dag.py
[2022-09-30 08:24:56,771] {logging_mixin.py:115} INFO - [2022-09-30 08:24:56,770] {dag.py:2371} INFO - Sync 2 DAGs
[2022-09-30 08:24:56,884] {logging_mixin.py:115} INFO - [2022-09-30 08:24:56,884] {dag.py:2919} INFO - Setting next_dagrun for example_external_task_marker_child to None, run_after=None
[2022-09-30 08:24:56,885] {logging_mixin.py:115} INFO - [2022-09-30 08:24:56,885] {dag.py:2919} INFO - Setting next_dagrun for example_external_task_marker_parent to None, run_after=None
[2022-09-30 08:24:56,896] {processor.py:161} INFO - Processing /home/airflow/.local/lib/python3.7/site-packages/airflow/example_dags/example_external_task_marker_dag.py took 0.187 seconds
[2022-09-30 08:25:27,304] {processor.py:153} INFO - Started process (PID=1065) to work on /home/airflow/.local/lib/python3.7/site-packages/airflow/example_dags/example_external_task_marker_dag.py
[2022-09-30 08:25:27,305] {processor.py:641} INFO - Processing file /home/airflow/.local/lib/python3.7/site-packages/airflow/example_dags/example_external_task_marker_dag.py for tasks to queue
[2022-09-30 08:25:27,306] {logging_mixin.py:115} INFO - [2022-09-30 08:25:27,305] {dagbag.py:507} INFO - Filling up the DagBag from /home/airflow/.local/lib/python3.7/site-packages/airflow/example_dags/example_external_task_marker_dag.py
[2022-09-30 08:25:27,310] {processor.py:651} INFO - DAG(s) dict_keys(['example_external_task_marker_parent', 'example_external_task_marker_child']) retrieved from /home/airflow/.local/lib/python3.7/site-packages/airflow/example_dags/example_external_task_marker_dag.py
[2022-09-30 08:25:27,359] {logging_mixin.py:115} INFO - [2022-09-30 08:25:27,359] {dag.py:2371} INFO - Sync 2 DAGs
[2022-09-30 08:25:27,485] {logging_mixin.py:115} INFO - [2022-09-30 08:25:27,485] {dag.py:2919} INFO - Setting next_dagrun for example_external_task_marker_child to None, run_after=None
[2022-09-30 08:25:27,486] {logging_mixin.py:115} INFO - [2022-09-30 08:25:27,486] {dag.py:2919} INFO - Setting next_dagrun for example_external_task_marker_parent to None, run_after=None
[2022-09-30 08:25:27,501] {processor.py:161} INFO - Processing /home/airflow/.local/lib/python3.7/site-packages/airflow/example_dags/example_external_task_marker_dag.py took 0.200 seconds
[2022-09-30 08:25:58,125] {processor.py:153} INFO - Started process (PID=1126) to work on /home/airflow/.local/lib/python3.7/site-packages/airflow/example_dags/example_external_task_marker_dag.py
[2022-09-30 08:25:58,126] {processor.py:641} INFO - Processing file /home/airflow/.local/lib/python3.7/site-packages/airflow/example_dags/example_external_task_marker_dag.py for tasks to queue
[2022-09-30 08:25:58,126] {logging_mixin.py:115} INFO - [2022-09-30 08:25:58,126] {dagbag.py:507} INFO - Filling up the DagBag from /home/airflow/.local/lib/python3.7/site-packages/airflow/example_dags/example_external_task_marker_dag.py
[2022-09-30 08:25:58,130] {processor.py:651} INFO - DAG(s) dict_keys(['example_external_task_marker_parent', 'example_external_task_marker_child']) retrieved from /home/airflow/.local/lib/python3.7/site-packages/airflow/example_dags/example_external_task_marker_dag.py
[2022-09-30 08:25:58,183] {logging_mixin.py:115} INFO - [2022-09-30 08:25:58,183] {dag.py:2371} INFO - Sync 2 DAGs
[2022-09-30 08:25:58,316] {logging_mixin.py:115} INFO - [2022-09-30 08:25:58,315] {dag.py:2919} INFO - Setting next_dagrun for example_external_task_marker_child to None, run_after=None
[2022-09-30 08:25:58,316] {logging_mixin.py:115} INFO - [2022-09-30 08:25:58,316] {dag.py:2919} INFO - Setting next_dagrun for example_external_task_marker_parent to None, run_after=None
[2022-09-30 08:25:58,326] {processor.py:161} INFO - Processing /home/airflow/.local/lib/python3.7/site-packages/airflow/example_dags/example_external_task_marker_dag.py took 0.204 seconds
[2022-09-30 08:26:28,828] {processor.py:153} INFO - Started process (PID=1187) to work on /home/airflow/.local/lib/python3.7/site-packages/airflow/example_dags/example_external_task_marker_dag.py
[2022-09-30 08:26:28,829] {processor.py:641} INFO - Processing file /home/airflow/.local/lib/python3.7/site-packages/airflow/example_dags/example_external_task_marker_dag.py for tasks to queue
[2022-09-30 08:26:28,830] {logging_mixin.py:115} INFO - [2022-09-30 08:26:28,830] {dagbag.py:507} INFO - Filling up the DagBag from /home/airflow/.local/lib/python3.7/site-packages/airflow/example_dags/example_external_task_marker_dag.py
[2022-09-30 08:26:28,834] {processor.py:651} INFO - DAG(s) dict_keys(['example_external_task_marker_parent', 'example_external_task_marker_child']) retrieved from /home/airflow/.local/lib/python3.7/site-packages/airflow/example_dags/example_external_task_marker_dag.py
[2022-09-30 08:26:28,883] {logging_mixin.py:115} INFO - [2022-09-30 08:26:28,883] {dag.py:2371} INFO - Sync 2 DAGs
[2022-09-30 08:26:29,004] {logging_mixin.py:115} INFO - [2022-09-30 08:26:29,004] {dag.py:2919} INFO - Setting next_dagrun for example_external_task_marker_child to None, run_after=None
[2022-09-30 08:26:29,005] {logging_mixin.py:115} INFO - [2022-09-30 08:26:29,005] {dag.py:2919} INFO - Setting next_dagrun for example_external_task_marker_parent to None, run_after=None
[2022-09-30 08:26:29,016] {processor.py:161} INFO - Processing /home/airflow/.local/lib/python3.7/site-packages/airflow/example_dags/example_external_task_marker_dag.py took 0.191 seconds
[2022-09-30 08:26:59,081] {processor.py:153} INFO - Started process (PID=1239) to work on /home/airflow/.local/lib/python3.7/site-packages/airflow/example_dags/example_external_task_marker_dag.py
[2022-09-30 08:26:59,082] {processor.py:641} INFO - Processing file /home/airflow/.local/lib/python3.7/site-packages/airflow/example_dags/example_external_task_marker_dag.py for tasks to queue
[2022-09-30 08:26:59,082] {logging_mixin.py:115} INFO - [2022-09-30 08:26:59,082] {dagbag.py:507} INFO - Filling up the DagBag from /home/airflow/.local/lib/python3.7/site-packages/airflow/example_dags/example_external_task_marker_dag.py
[2022-09-30 08:26:59,087] {processor.py:651} INFO - DAG(s) dict_keys(['example_external_task_marker_parent', 'example_external_task_marker_child']) retrieved from /home/airflow/.local/lib/python3.7/site-packages/airflow/example_dags/example_external_task_marker_dag.py
[2022-09-30 08:26:59,132] {logging_mixin.py:115} INFO - [2022-09-30 08:26:59,132] {dag.py:2371} INFO - Sync 2 DAGs
[2022-09-30 08:26:59,153] {logging_mixin.py:115} INFO - [2022-09-30 08:26:59,153] {dag.py:2919} INFO - Setting next_dagrun for example_external_task_marker_child to None, run_after=None
[2022-09-30 08:26:59,153] {logging_mixin.py:115} INFO - [2022-09-30 08:26:59,153] {dag.py:2919} INFO - Setting next_dagrun for example_external_task_marker_parent to None, run_after=None
[2022-09-30 08:26:59,166] {processor.py:161} INFO - Processing /home/airflow/.local/lib/python3.7/site-packages/airflow/example_dags/example_external_task_marker_dag.py took 0.088 seconds
[2022-09-30 08:27:29,369] {processor.py:153} INFO - Started process (PID=1300) to work on /home/airflow/.local/lib/python3.7/site-packages/airflow/example_dags/example_external_task_marker_dag.py
[2022-09-30 08:27:29,370] {processor.py:641} INFO - Processing file /home/airflow/.local/lib/python3.7/site-packages/airflow/example_dags/example_external_task_marker_dag.py for tasks to queue
[2022-09-30 08:27:29,371] {logging_mixin.py:115} INFO - [2022-09-30 08:27:29,371] {dagbag.py:507} INFO - Filling up the DagBag from /home/airflow/.local/lib/python3.7/site-packages/airflow/example_dags/example_external_task_marker_dag.py
[2022-09-30 08:27:29,376] {processor.py:651} INFO - DAG(s) dict_keys(['example_external_task_marker_parent', 'example_external_task_marker_child']) retrieved from /home/airflow/.local/lib/python3.7/site-packages/airflow/example_dags/example_external_task_marker_dag.py
[2022-09-30 08:27:29,421] {logging_mixin.py:115} INFO - [2022-09-30 08:27:29,421] {dag.py:2371} INFO - Sync 2 DAGs
[2022-09-30 08:27:29,442] {logging_mixin.py:115} INFO - [2022-09-30 08:27:29,442] {dag.py:2919} INFO - Setting next_dagrun for example_external_task_marker_child to None, run_after=None
[2022-09-30 08:27:29,443] {logging_mixin.py:115} INFO - [2022-09-30 08:27:29,443] {dag.py:2919} INFO - Setting next_dagrun for example_external_task_marker_parent to None, run_after=None
[2022-09-30 08:27:29,455] {processor.py:161} INFO - Processing /home/airflow/.local/lib/python3.7/site-packages/airflow/example_dags/example_external_task_marker_dag.py took 0.089 seconds
[2022-09-30 08:28:00,310] {processor.py:153} INFO - Started process (PID=1361) to work on /home/airflow/.local/lib/python3.7/site-packages/airflow/example_dags/example_external_task_marker_dag.py
[2022-09-30 08:28:00,311] {processor.py:641} INFO - Processing file /home/airflow/.local/lib/python3.7/site-packages/airflow/example_dags/example_external_task_marker_dag.py for tasks to queue
[2022-09-30 08:28:00,312] {logging_mixin.py:115} INFO - [2022-09-30 08:28:00,312] {dagbag.py:507} INFO - Filling up the DagBag from /home/airflow/.local/lib/python3.7/site-packages/airflow/example_dags/example_external_task_marker_dag.py
[2022-09-30 08:28:00,316] {processor.py:651} INFO - DAG(s) dict_keys(['example_external_task_marker_parent', 'example_external_task_marker_child']) retrieved from /home/airflow/.local/lib/python3.7/site-packages/airflow/example_dags/example_external_task_marker_dag.py
[2022-09-30 08:28:00,362] {logging_mixin.py:115} INFO - [2022-09-30 08:28:00,362] {dag.py:2371} INFO - Sync 2 DAGs
[2022-09-30 08:28:00,382] {logging_mixin.py:115} INFO - [2022-09-30 08:28:00,382] {dag.py:2919} INFO - Setting next_dagrun for example_external_task_marker_child to None, run_after=None
[2022-09-30 08:28:00,383] {logging_mixin.py:115} INFO - [2022-09-30 08:28:00,383] {dag.py:2919} INFO - Setting next_dagrun for example_external_task_marker_parent to None, run_after=None
[2022-09-30 08:28:00,395] {processor.py:161} INFO - Processing /home/airflow/.local/lib/python3.7/site-packages/airflow/example_dags/example_external_task_marker_dag.py took 0.087 seconds
[2022-09-30 08:28:31,115] {processor.py:153} INFO - Started process (PID=1413) to work on /home/airflow/.local/lib/python3.7/site-packages/airflow/example_dags/example_external_task_marker_dag.py
[2022-09-30 08:28:31,116] {processor.py:641} INFO - Processing file /home/airflow/.local/lib/python3.7/site-packages/airflow/example_dags/example_external_task_marker_dag.py for tasks to queue
[2022-09-30 08:28:31,117] {logging_mixin.py:115} INFO - [2022-09-30 08:28:31,117] {dagbag.py:507} INFO - Filling up the DagBag from /home/airflow/.local/lib/python3.7/site-packages/airflow/example_dags/example_external_task_marker_dag.py
[2022-09-30 08:28:31,121] {processor.py:651} INFO - DAG(s) dict_keys(['example_external_task_marker_parent', 'example_external_task_marker_child']) retrieved from /home/airflow/.local/lib/python3.7/site-packages/airflow/example_dags/example_external_task_marker_dag.py
[2022-09-30 08:28:31,166] {logging_mixin.py:115} INFO - [2022-09-30 08:28:31,166] {dag.py:2371} INFO - Sync 2 DAGs
[2022-09-30 08:28:31,186] {logging_mixin.py:115} INFO - [2022-09-30 08:28:31,186] {dag.py:2919} INFO - Setting next_dagrun for example_external_task_marker_child to None, run_after=None
[2022-09-30 08:28:31,186] {logging_mixin.py:115} INFO - [2022-09-30 08:28:31,186] {dag.py:2919} INFO - Setting next_dagrun for example_external_task_marker_parent to None, run_after=None
[2022-09-30 08:28:31,198] {processor.py:161} INFO - Processing /home/airflow/.local/lib/python3.7/site-packages/airflow/example_dags/example_external_task_marker_dag.py took 0.086 seconds
[2022-09-30 08:29:02,035] {processor.py:153} INFO - Started process (PID=1475) to work on /home/airflow/.local/lib/python3.7/site-packages/airflow/example_dags/example_external_task_marker_dag.py
[2022-09-30 08:29:02,036] {processor.py:641} INFO - Processing file /home/airflow/.local/lib/python3.7/site-packages/airflow/example_dags/example_external_task_marker_dag.py for tasks to queue
[2022-09-30 08:29:02,037] {logging_mixin.py:115} INFO - [2022-09-30 08:29:02,037] {dagbag.py:507} INFO - Filling up the DagBag from /home/airflow/.local/lib/python3.7/site-packages/airflow/example_dags/example_external_task_marker_dag.py
[2022-09-30 08:29:02,041] {processor.py:651} INFO - DAG(s) dict_keys(['example_external_task_marker_parent', 'example_external_task_marker_child']) retrieved from /home/airflow/.local/lib/python3.7/site-packages/airflow/example_dags/example_external_task_marker_dag.py
[2022-09-30 08:29:02,085] {logging_mixin.py:115} INFO - [2022-09-30 08:29:02,085] {dag.py:2371} INFO - Sync 2 DAGs
[2022-09-30 08:29:02,104] {logging_mixin.py:115} INFO - [2022-09-30 08:29:02,104] {dag.py:2919} INFO - Setting next_dagrun for example_external_task_marker_child to None, run_after=None
[2022-09-30 08:29:02,105] {logging_mixin.py:115} INFO - [2022-09-30 08:29:02,105] {dag.py:2919} INFO - Setting next_dagrun for example_external_task_marker_parent to None, run_after=None
[2022-09-30 08:29:02,117] {processor.py:161} INFO - Processing /home/airflow/.local/lib/python3.7/site-packages/airflow/example_dags/example_external_task_marker_dag.py took 0.084 seconds
[2022-09-30 08:29:32,948] {processor.py:153} INFO - Started process (PID=1536) to work on /home/airflow/.local/lib/python3.7/site-packages/airflow/example_dags/example_external_task_marker_dag.py
[2022-09-30 08:29:32,949] {processor.py:641} INFO - Processing file /home/airflow/.local/lib/python3.7/site-packages/airflow/example_dags/example_external_task_marker_dag.py for tasks to queue
[2022-09-30 08:29:32,950] {logging_mixin.py:115} INFO - [2022-09-30 08:29:32,949] {dagbag.py:507} INFO - Filling up the DagBag from /home/airflow/.local/lib/python3.7/site-packages/airflow/example_dags/example_external_task_marker_dag.py
[2022-09-30 08:29:32,954] {processor.py:651} INFO - DAG(s) dict_keys(['example_external_task_marker_parent', 'example_external_task_marker_child']) retrieved from /home/airflow/.local/lib/python3.7/site-packages/airflow/example_dags/example_external_task_marker_dag.py
[2022-09-30 08:29:33,004] {logging_mixin.py:115} INFO - [2022-09-30 08:29:33,004] {dag.py:2371} INFO - Sync 2 DAGs
[2022-09-30 08:29:33,027] {logging_mixin.py:115} INFO - [2022-09-30 08:29:33,027] {dag.py:2919} INFO - Setting next_dagrun for example_external_task_marker_child to None, run_after=None
[2022-09-30 08:29:33,028] {logging_mixin.py:115} INFO - [2022-09-30 08:29:33,028] {dag.py:2919} INFO - Setting next_dagrun for example_external_task_marker_parent to None, run_after=None
[2022-09-30 08:29:33,041] {processor.py:161} INFO - Processing /home/airflow/.local/lib/python3.7/site-packages/airflow/example_dags/example_external_task_marker_dag.py took 0.096 seconds
[2022-09-30 08:30:03,821] {processor.py:153} INFO - Started process (PID=1597) to work on /home/airflow/.local/lib/python3.7/site-packages/airflow/example_dags/example_external_task_marker_dag.py
[2022-09-30 08:30:03,821] {processor.py:641} INFO - Processing file /home/airflow/.local/lib/python3.7/site-packages/airflow/example_dags/example_external_task_marker_dag.py for tasks to queue
[2022-09-30 08:30:03,822] {logging_mixin.py:115} INFO - [2022-09-30 08:30:03,822] {dagbag.py:507} INFO - Filling up the DagBag from /home/airflow/.local/lib/python3.7/site-packages/airflow/example_dags/example_external_task_marker_dag.py
[2022-09-30 08:30:03,827] {processor.py:651} INFO - DAG(s) dict_keys(['example_external_task_marker_parent', 'example_external_task_marker_child']) retrieved from /home/airflow/.local/lib/python3.7/site-packages/airflow/example_dags/example_external_task_marker_dag.py
[2022-09-30 08:30:03,876] {logging_mixin.py:115} INFO - [2022-09-30 08:30:03,876] {dag.py:2371} INFO - Sync 2 DAGs
[2022-09-30 08:30:03,898] {logging_mixin.py:115} INFO - [2022-09-30 08:30:03,898] {dag.py:2919} INFO - Setting next_dagrun for example_external_task_marker_child to None, run_after=None
[2022-09-30 08:30:03,898] {logging_mixin.py:115} INFO - [2022-09-30 08:30:03,898] {dag.py:2919} INFO - Setting next_dagrun for example_external_task_marker_parent to None, run_after=None
[2022-09-30 08:30:03,913] {processor.py:161} INFO - Processing /home/airflow/.local/lib/python3.7/site-packages/airflow/example_dags/example_external_task_marker_dag.py took 0.095 seconds
[2022-09-30 08:30:34,047] {processor.py:153} INFO - Started process (PID=1650) to work on /home/airflow/.local/lib/python3.7/site-packages/airflow/example_dags/example_external_task_marker_dag.py
[2022-09-30 08:30:34,048] {processor.py:641} INFO - Processing file /home/airflow/.local/lib/python3.7/site-packages/airflow/example_dags/example_external_task_marker_dag.py for tasks to queue
[2022-09-30 08:30:34,049] {logging_mixin.py:115} INFO - [2022-09-30 08:30:34,049] {dagbag.py:507} INFO - Filling up the DagBag from /home/airflow/.local/lib/python3.7/site-packages/airflow/example_dags/example_external_task_marker_dag.py
[2022-09-30 08:30:34,053] {processor.py:651} INFO - DAG(s) dict_keys(['example_external_task_marker_parent', 'example_external_task_marker_child']) retrieved from /home/airflow/.local/lib/python3.7/site-packages/airflow/example_dags/example_external_task_marker_dag.py
[2022-09-30 08:30:34,099] {logging_mixin.py:115} INFO - [2022-09-30 08:30:34,099] {dag.py:2371} INFO - Sync 2 DAGs
[2022-09-30 08:30:34,119] {logging_mixin.py:115} INFO - [2022-09-30 08:30:34,119] {dag.py:2919} INFO - Setting next_dagrun for example_external_task_marker_child to None, run_after=None
[2022-09-30 08:30:34,119] {logging_mixin.py:115} INFO - [2022-09-30 08:30:34,119] {dag.py:2919} INFO - Setting next_dagrun for example_external_task_marker_parent to None, run_after=None
[2022-09-30 08:30:34,131] {processor.py:161} INFO - Processing /home/airflow/.local/lib/python3.7/site-packages/airflow/example_dags/example_external_task_marker_dag.py took 0.086 seconds
[2022-09-30 08:31:04,271] {processor.py:153} INFO - Started process (PID=1711) to work on /home/airflow/.local/lib/python3.7/site-packages/airflow/example_dags/example_external_task_marker_dag.py
[2022-09-30 08:31:04,271] {processor.py:641} INFO - Processing file /home/airflow/.local/lib/python3.7/site-packages/airflow/example_dags/example_external_task_marker_dag.py for tasks to queue
[2022-09-30 08:31:04,272] {logging_mixin.py:115} INFO - [2022-09-30 08:31:04,272] {dagbag.py:507} INFO - Filling up the DagBag from /home/airflow/.local/lib/python3.7/site-packages/airflow/example_dags/example_external_task_marker_dag.py
[2022-09-30 08:31:04,277] {processor.py:651} INFO - DAG(s) dict_keys(['example_external_task_marker_parent', 'example_external_task_marker_child']) retrieved from /home/airflow/.local/lib/python3.7/site-packages/airflow/example_dags/example_external_task_marker_dag.py
[2022-09-30 08:31:04,322] {logging_mixin.py:115} INFO - [2022-09-30 08:31:04,322] {dag.py:2371} INFO - Sync 2 DAGs
[2022-09-30 08:31:04,343] {logging_mixin.py:115} INFO - [2022-09-30 08:31:04,343] {dag.py:2919} INFO - Setting next_dagrun for example_external_task_marker_child to None, run_after=None
[2022-09-30 08:31:04,344] {logging_mixin.py:115} INFO - [2022-09-30 08:31:04,344] {dag.py:2919} INFO - Setting next_dagrun for example_external_task_marker_parent to None, run_after=None
[2022-09-30 08:31:04,355] {processor.py:161} INFO - Processing /home/airflow/.local/lib/python3.7/site-packages/airflow/example_dags/example_external_task_marker_dag.py took 0.088 seconds
[2022-09-30 08:31:35,190] {processor.py:153} INFO - Started process (PID=1772) to work on /home/airflow/.local/lib/python3.7/site-packages/airflow/example_dags/example_external_task_marker_dag.py
[2022-09-30 08:31:35,191] {processor.py:641} INFO - Processing file /home/airflow/.local/lib/python3.7/site-packages/airflow/example_dags/example_external_task_marker_dag.py for tasks to queue
[2022-09-30 08:31:35,191] {logging_mixin.py:115} INFO - [2022-09-30 08:31:35,191] {dagbag.py:507} INFO - Filling up the DagBag from /home/airflow/.local/lib/python3.7/site-packages/airflow/example_dags/example_external_task_marker_dag.py
[2022-09-30 08:31:35,195] {processor.py:651} INFO - DAG(s) dict_keys(['example_external_task_marker_parent', 'example_external_task_marker_child']) retrieved from /home/airflow/.local/lib/python3.7/site-packages/airflow/example_dags/example_external_task_marker_dag.py
[2022-09-30 08:31:35,242] {logging_mixin.py:115} INFO - [2022-09-30 08:31:35,242] {dag.py:2371} INFO - Sync 2 DAGs
[2022-09-30 08:31:35,265] {logging_mixin.py:115} INFO - [2022-09-30 08:31:35,265] {dag.py:2919} INFO - Setting next_dagrun for example_external_task_marker_child to None, run_after=None
[2022-09-30 08:31:35,266] {logging_mixin.py:115} INFO - [2022-09-30 08:31:35,266] {dag.py:2919} INFO - Setting next_dagrun for example_external_task_marker_parent to None, run_after=None
[2022-09-30 08:31:35,278] {processor.py:161} INFO - Processing /home/airflow/.local/lib/python3.7/site-packages/airflow/example_dags/example_external_task_marker_dag.py took 0.091 seconds
[2022-09-30 08:32:06,357] {processor.py:153} INFO - Started process (PID=1824) to work on /home/airflow/.local/lib/python3.7/site-packages/airflow/example_dags/example_external_task_marker_dag.py
[2022-09-30 08:32:06,357] {processor.py:641} INFO - Processing file /home/airflow/.local/lib/python3.7/site-packages/airflow/example_dags/example_external_task_marker_dag.py for tasks to queue
[2022-09-30 08:32:06,358] {logging_mixin.py:115} INFO - [2022-09-30 08:32:06,358] {dagbag.py:507} INFO - Filling up the DagBag from /home/airflow/.local/lib/python3.7/site-packages/airflow/example_dags/example_external_task_marker_dag.py
[2022-09-30 08:32:06,362] {processor.py:651} INFO - DAG(s) dict_keys(['example_external_task_marker_parent', 'example_external_task_marker_child']) retrieved from /home/airflow/.local/lib/python3.7/site-packages/airflow/example_dags/example_external_task_marker_dag.py
[2022-09-30 08:32:06,500] {logging_mixin.py:115} INFO - [2022-09-30 08:32:06,500] {dag.py:2371} INFO - Sync 2 DAGs
[2022-09-30 08:32:06,518] {logging_mixin.py:115} INFO - [2022-09-30 08:32:06,518] {dag.py:2919} INFO - Setting next_dagrun for example_external_task_marker_child to None, run_after=None
[2022-09-30 08:32:06,519] {logging_mixin.py:115} INFO - [2022-09-30 08:32:06,519] {dag.py:2919} INFO - Setting next_dagrun for example_external_task_marker_parent to None, run_after=None
[2022-09-30 08:32:06,531] {processor.py:161} INFO - Processing /home/airflow/.local/lib/python3.7/site-packages/airflow/example_dags/example_external_task_marker_dag.py took 0.177 seconds
[2022-09-30 08:32:36,634] {processor.py:153} INFO - Started process (PID=1885) to work on /home/airflow/.local/lib/python3.7/site-packages/airflow/example_dags/example_external_task_marker_dag.py
[2022-09-30 08:32:36,634] {processor.py:641} INFO - Processing file /home/airflow/.local/lib/python3.7/site-packages/airflow/example_dags/example_external_task_marker_dag.py for tasks to queue
[2022-09-30 08:32:36,635] {logging_mixin.py:115} INFO - [2022-09-30 08:32:36,635] {dagbag.py:507} INFO - Filling up the DagBag from /home/airflow/.local/lib/python3.7/site-packages/airflow/example_dags/example_external_task_marker_dag.py
[2022-09-30 08:32:36,639] {processor.py:651} INFO - DAG(s) dict_keys(['example_external_task_marker_parent', 'example_external_task_marker_child']) retrieved from /home/airflow/.local/lib/python3.7/site-packages/airflow/example_dags/example_external_task_marker_dag.py
[2022-09-30 08:32:36,786] {logging_mixin.py:115} INFO - [2022-09-30 08:32:36,786] {dag.py:2371} INFO - Sync 2 DAGs
[2022-09-30 08:32:36,804] {logging_mixin.py:115} INFO - [2022-09-30 08:32:36,804] {dag.py:2919} INFO - Setting next_dagrun for example_external_task_marker_child to None, run_after=None
[2022-09-30 08:32:36,805] {logging_mixin.py:115} INFO - [2022-09-30 08:32:36,805] {dag.py:2919} INFO - Setting next_dagrun for example_external_task_marker_parent to None, run_after=None
[2022-09-30 08:32:36,816] {processor.py:161} INFO - Processing /home/airflow/.local/lib/python3.7/site-packages/airflow/example_dags/example_external_task_marker_dag.py took 0.186 seconds
[2022-09-30 08:33:07,500] {processor.py:153} INFO - Started process (PID=1946) to work on /home/airflow/.local/lib/python3.7/site-packages/airflow/example_dags/example_external_task_marker_dag.py
[2022-09-30 08:33:07,501] {processor.py:641} INFO - Processing file /home/airflow/.local/lib/python3.7/site-packages/airflow/example_dags/example_external_task_marker_dag.py for tasks to queue
[2022-09-30 08:33:07,501] {logging_mixin.py:115} INFO - [2022-09-30 08:33:07,501] {dagbag.py:507} INFO - Filling up the DagBag from /home/airflow/.local/lib/python3.7/site-packages/airflow/example_dags/example_external_task_marker_dag.py
[2022-09-30 08:33:07,506] {processor.py:651} INFO - DAG(s) dict_keys(['example_external_task_marker_parent', 'example_external_task_marker_child']) retrieved from /home/airflow/.local/lib/python3.7/site-packages/airflow/example_dags/example_external_task_marker_dag.py
[2022-09-30 08:33:07,660] {logging_mixin.py:115} INFO - [2022-09-30 08:33:07,660] {dag.py:2371} INFO - Sync 2 DAGs
[2022-09-30 08:33:07,679] {logging_mixin.py:115} INFO - [2022-09-30 08:33:07,679] {dag.py:2919} INFO - Setting next_dagrun for example_external_task_marker_child to None, run_after=None
[2022-09-30 08:33:07,679] {logging_mixin.py:115} INFO - [2022-09-30 08:33:07,679] {dag.py:2919} INFO - Setting next_dagrun for example_external_task_marker_parent to None, run_after=None
[2022-09-30 08:33:07,695] {processor.py:161} INFO - Processing /home/airflow/.local/lib/python3.7/site-packages/airflow/example_dags/example_external_task_marker_dag.py took 0.198 seconds
[2022-09-30 08:33:37,905] {processor.py:153} INFO - Started process (PID=1998) to work on /home/airflow/.local/lib/python3.7/site-packages/airflow/example_dags/example_external_task_marker_dag.py
[2022-09-30 08:33:37,905] {processor.py:641} INFO - Processing file /home/airflow/.local/lib/python3.7/site-packages/airflow/example_dags/example_external_task_marker_dag.py for tasks to queue
[2022-09-30 08:33:37,906] {logging_mixin.py:115} INFO - [2022-09-30 08:33:37,906] {dagbag.py:507} INFO - Filling up the DagBag from /home/airflow/.local/lib/python3.7/site-packages/airflow/example_dags/example_external_task_marker_dag.py
[2022-09-30 08:33:37,910] {processor.py:651} INFO - DAG(s) dict_keys(['example_external_task_marker_parent', 'example_external_task_marker_child']) retrieved from /home/airflow/.local/lib/python3.7/site-packages/airflow/example_dags/example_external_task_marker_dag.py
[2022-09-30 08:33:38,051] {logging_mixin.py:115} INFO - [2022-09-30 08:33:38,051] {dag.py:2371} INFO - Sync 2 DAGs
[2022-09-30 08:33:38,069] {logging_mixin.py:115} INFO - [2022-09-30 08:33:38,069] {dag.py:2919} INFO - Setting next_dagrun for example_external_task_marker_child to None, run_after=None
[2022-09-30 08:33:38,069] {logging_mixin.py:115} INFO - [2022-09-30 08:33:38,069] {dag.py:2919} INFO - Setting next_dagrun for example_external_task_marker_parent to None, run_after=None
[2022-09-30 08:33:38,080] {processor.py:161} INFO - Processing /home/airflow/.local/lib/python3.7/site-packages/airflow/example_dags/example_external_task_marker_dag.py took 0.178 seconds
[2022-09-30 08:34:08,497] {processor.py:153} INFO - Started process (PID=2059) to work on /home/airflow/.local/lib/python3.7/site-packages/airflow/example_dags/example_external_task_marker_dag.py
[2022-09-30 08:34:08,498] {processor.py:641} INFO - Processing file /home/airflow/.local/lib/python3.7/site-packages/airflow/example_dags/example_external_task_marker_dag.py for tasks to queue
[2022-09-30 08:34:08,499] {logging_mixin.py:115} INFO - [2022-09-30 08:34:08,499] {dagbag.py:507} INFO - Filling up the DagBag from /home/airflow/.local/lib/python3.7/site-packages/airflow/example_dags/example_external_task_marker_dag.py
[2022-09-30 08:34:08,503] {processor.py:651} INFO - DAG(s) dict_keys(['example_external_task_marker_parent', 'example_external_task_marker_child']) retrieved from /home/airflow/.local/lib/python3.7/site-packages/airflow/example_dags/example_external_task_marker_dag.py
[2022-09-30 08:34:08,641] {logging_mixin.py:115} INFO - [2022-09-30 08:34:08,641] {dag.py:2371} INFO - Sync 2 DAGs
[2022-09-30 08:34:08,664] {logging_mixin.py:115} INFO - [2022-09-30 08:34:08,664] {dag.py:2919} INFO - Setting next_dagrun for example_external_task_marker_child to None, run_after=None
[2022-09-30 08:34:08,665] {logging_mixin.py:115} INFO - [2022-09-30 08:34:08,665] {dag.py:2919} INFO - Setting next_dagrun for example_external_task_marker_parent to None, run_after=None
[2022-09-30 08:34:08,679] {processor.py:161} INFO - Processing /home/airflow/.local/lib/python3.7/site-packages/airflow/example_dags/example_external_task_marker_dag.py took 0.184 seconds
[2022-09-30 08:34:38,703] {processor.py:153} INFO - Started process (PID=2120) to work on /home/airflow/.local/lib/python3.7/site-packages/airflow/example_dags/example_external_task_marker_dag.py
[2022-09-30 08:34:38,703] {processor.py:641} INFO - Processing file /home/airflow/.local/lib/python3.7/site-packages/airflow/example_dags/example_external_task_marker_dag.py for tasks to queue
[2022-09-30 08:34:38,704] {logging_mixin.py:115} INFO - [2022-09-30 08:34:38,704] {dagbag.py:507} INFO - Filling up the DagBag from /home/airflow/.local/lib/python3.7/site-packages/airflow/example_dags/example_external_task_marker_dag.py
[2022-09-30 08:34:38,709] {processor.py:651} INFO - DAG(s) dict_keys(['example_external_task_marker_parent', 'example_external_task_marker_child']) retrieved from /home/airflow/.local/lib/python3.7/site-packages/airflow/example_dags/example_external_task_marker_dag.py
[2022-09-30 08:34:38,866] {logging_mixin.py:115} INFO - [2022-09-30 08:34:38,866] {dag.py:2371} INFO - Sync 2 DAGs
[2022-09-30 08:34:38,886] {logging_mixin.py:115} INFO - [2022-09-30 08:34:38,886] {dag.py:2919} INFO - Setting next_dagrun for example_external_task_marker_child to None, run_after=None
[2022-09-30 08:34:38,886] {logging_mixin.py:115} INFO - [2022-09-30 08:34:38,886] {dag.py:2919} INFO - Setting next_dagrun for example_external_task_marker_parent to None, run_after=None
[2022-09-30 08:34:38,899] {processor.py:161} INFO - Processing /home/airflow/.local/lib/python3.7/site-packages/airflow/example_dags/example_external_task_marker_dag.py took 0.200 seconds
[2022-09-30 08:35:09,093] {processor.py:153} INFO - Started process (PID=2172) to work on /home/airflow/.local/lib/python3.7/site-packages/airflow/example_dags/example_external_task_marker_dag.py
[2022-09-30 08:35:09,094] {processor.py:641} INFO - Processing file /home/airflow/.local/lib/python3.7/site-packages/airflow/example_dags/example_external_task_marker_dag.py for tasks to queue
[2022-09-30 08:35:09,095] {logging_mixin.py:115} INFO - [2022-09-30 08:35:09,095] {dagbag.py:507} INFO - Filling up the DagBag from /home/airflow/.local/lib/python3.7/site-packages/airflow/example_dags/example_external_task_marker_dag.py
[2022-09-30 08:35:09,100] {processor.py:651} INFO - DAG(s) dict_keys(['example_external_task_marker_parent', 'example_external_task_marker_child']) retrieved from /home/airflow/.local/lib/python3.7/site-packages/airflow/example_dags/example_external_task_marker_dag.py
[2022-09-30 08:35:09,245] {logging_mixin.py:115} INFO - [2022-09-30 08:35:09,245] {dag.py:2371} INFO - Sync 2 DAGs
[2022-09-30 08:35:09,265] {logging_mixin.py:115} INFO - [2022-09-30 08:35:09,264] {dag.py:2919} INFO - Setting next_dagrun for example_external_task_marker_child to None, run_after=None
[2022-09-30 08:35:09,265] {logging_mixin.py:115} INFO - [2022-09-30 08:35:09,265] {dag.py:2919} INFO - Setting next_dagrun for example_external_task_marker_parent to None, run_after=None
[2022-09-30 08:35:09,276] {processor.py:161} INFO - Processing /home/airflow/.local/lib/python3.7/site-packages/airflow/example_dags/example_external_task_marker_dag.py took 0.187 seconds
