[2022-09-30 08:15:10,695] {processor.py:153} INFO - Started process (PID=71) to work on /home/airflow/.local/lib/python3.7/site-packages/airflow/example_dags/example_bash_operator.py
[2022-09-30 08:15:10,696] {processor.py:641} INFO - Processing file /home/airflow/.local/lib/python3.7/site-packages/airflow/example_dags/example_bash_operator.py for tasks to queue
[2022-09-30 08:15:10,697] {logging_mixin.py:115} INFO - [2022-09-30 08:15:10,697] {dagbag.py:507} INFO - Filling up the DagBag from /home/airflow/.local/lib/python3.7/site-packages/airflow/example_dags/example_bash_operator.py
[2022-09-30 08:15:10,716] {processor.py:651} INFO - DAG(s) dict_keys(['example_bash_operator']) retrieved from /home/airflow/.local/lib/python3.7/site-packages/airflow/example_dags/example_bash_operator.py
[2022-09-30 08:15:10,944] {logging_mixin.py:115} INFO - [2022-09-30 08:15:10,943] {manager.py:508} INFO - Created Permission View: can delete on DAG:example_bash_operator
[2022-09-30 08:15:10,959] {logging_mixin.py:115} INFO - [2022-09-30 08:15:10,959] {manager.py:508} INFO - Created Permission View: can edit on DAG:example_bash_operator
[2022-09-30 08:15:10,971] {logging_mixin.py:115} INFO - [2022-09-30 08:15:10,971] {manager.py:508} INFO - Created Permission View: can read on DAG:example_bash_operator
[2022-09-30 08:15:10,971] {logging_mixin.py:115} INFO - [2022-09-30 08:15:10,971] {dag.py:2371} INFO - Sync 1 DAGs
[2022-09-30 08:15:10,983] {logging_mixin.py:115} INFO - [2022-09-30 08:15:10,983] {dag.py:2390} INFO - Creating ORM DAG for example_bash_operator
[2022-09-30 08:15:11,000] {logging_mixin.py:115} INFO - [2022-09-30 08:15:11,000] {dag.py:2919} INFO - Setting next_dagrun for example_bash_operator to 2022-09-29T00:00:00+00:00, run_after=2022-09-30T00:00:00+00:00
[2022-09-30 08:15:11,019] {processor.py:161} INFO - Processing /home/airflow/.local/lib/python3.7/site-packages/airflow/example_dags/example_bash_operator.py took 0.328 seconds
[2022-09-30 08:15:41,891] {processor.py:153} INFO - Started process (PID=132) to work on /home/airflow/.local/lib/python3.7/site-packages/airflow/example_dags/example_bash_operator.py
[2022-09-30 08:15:41,892] {processor.py:641} INFO - Processing file /home/airflow/.local/lib/python3.7/site-packages/airflow/example_dags/example_bash_operator.py for tasks to queue
[2022-09-30 08:15:41,893] {logging_mixin.py:115} INFO - [2022-09-30 08:15:41,893] {dagbag.py:507} INFO - Filling up the DagBag from /home/airflow/.local/lib/python3.7/site-packages/airflow/example_dags/example_bash_operator.py
[2022-09-30 08:15:41,906] {processor.py:651} INFO - DAG(s) dict_keys(['example_bash_operator']) retrieved from /home/airflow/.local/lib/python3.7/site-packages/airflow/example_dags/example_bash_operator.py
[2022-09-30 08:15:41,939] {logging_mixin.py:115} INFO - [2022-09-30 08:15:41,939] {dag.py:2371} INFO - Sync 1 DAGs
[2022-09-30 08:15:42,066] {logging_mixin.py:115} INFO - [2022-09-30 08:15:42,066] {dag.py:2919} INFO - Setting next_dagrun for example_bash_operator to 2022-09-29T00:00:00+00:00, run_after=2022-09-30T00:00:00+00:00
[2022-09-30 08:15:42,076] {processor.py:161} INFO - Processing /home/airflow/.local/lib/python3.7/site-packages/airflow/example_dags/example_bash_operator.py took 0.188 seconds
[2022-09-30 08:16:43,676] {processor.py:153} INFO - Started process (PID=72) to work on /home/airflow/.local/lib/python3.7/site-packages/airflow/example_dags/example_bash_operator.py
[2022-09-30 08:16:43,677] {processor.py:641} INFO - Processing file /home/airflow/.local/lib/python3.7/site-packages/airflow/example_dags/example_bash_operator.py for tasks to queue
[2022-09-30 08:16:43,677] {logging_mixin.py:115} INFO - [2022-09-30 08:16:43,677] {dagbag.py:507} INFO - Filling up the DagBag from /home/airflow/.local/lib/python3.7/site-packages/airflow/example_dags/example_bash_operator.py
[2022-09-30 08:16:43,691] {processor.py:651} INFO - DAG(s) dict_keys(['example_bash_operator']) retrieved from /home/airflow/.local/lib/python3.7/site-packages/airflow/example_dags/example_bash_operator.py
[2022-09-30 08:16:43,720] {logging_mixin.py:115} INFO - [2022-09-30 08:16:43,720] {dag.py:2371} INFO - Sync 1 DAGs
[2022-09-30 08:16:43,852] {logging_mixin.py:115} INFO - [2022-09-30 08:16:43,852] {dag.py:2919} INFO - Setting next_dagrun for example_bash_operator to 2022-09-29T00:00:00+00:00, run_after=2022-09-30T00:00:00+00:00
[2022-09-30 08:16:43,864] {processor.py:161} INFO - Processing /home/airflow/.local/lib/python3.7/site-packages/airflow/example_dags/example_bash_operator.py took 0.192 seconds
[2022-09-30 08:17:14,963] {processor.py:153} INFO - Started process (PID=133) to work on /home/airflow/.local/lib/python3.7/site-packages/airflow/example_dags/example_bash_operator.py
[2022-09-30 08:17:14,964] {processor.py:641} INFO - Processing file /home/airflow/.local/lib/python3.7/site-packages/airflow/example_dags/example_bash_operator.py for tasks to queue
[2022-09-30 08:17:14,965] {logging_mixin.py:115} INFO - [2022-09-30 08:17:14,965] {dagbag.py:507} INFO - Filling up the DagBag from /home/airflow/.local/lib/python3.7/site-packages/airflow/example_dags/example_bash_operator.py
[2022-09-30 08:17:14,980] {processor.py:651} INFO - DAG(s) dict_keys(['example_bash_operator']) retrieved from /home/airflow/.local/lib/python3.7/site-packages/airflow/example_dags/example_bash_operator.py
[2022-09-30 08:17:15,023] {logging_mixin.py:115} INFO - [2022-09-30 08:17:15,023] {dag.py:2371} INFO - Sync 1 DAGs
[2022-09-30 08:17:15,224] {logging_mixin.py:115} INFO - [2022-09-30 08:17:15,224] {dag.py:2919} INFO - Setting next_dagrun for example_bash_operator to 2022-09-29T00:00:00+00:00, run_after=2022-09-30T00:00:00+00:00
[2022-09-30 08:17:15,237] {processor.py:161} INFO - Processing /home/airflow/.local/lib/python3.7/site-packages/airflow/example_dags/example_bash_operator.py took 0.280 seconds
[2022-09-30 08:17:45,484] {processor.py:153} INFO - Started process (PID=185) to work on /home/airflow/.local/lib/python3.7/site-packages/airflow/example_dags/example_bash_operator.py
[2022-09-30 08:17:45,485] {processor.py:641} INFO - Processing file /home/airflow/.local/lib/python3.7/site-packages/airflow/example_dags/example_bash_operator.py for tasks to queue
[2022-09-30 08:17:45,485] {logging_mixin.py:115} INFO - [2022-09-30 08:17:45,485] {dagbag.py:507} INFO - Filling up the DagBag from /home/airflow/.local/lib/python3.7/site-packages/airflow/example_dags/example_bash_operator.py
[2022-09-30 08:17:45,501] {processor.py:651} INFO - DAG(s) dict_keys(['example_bash_operator']) retrieved from /home/airflow/.local/lib/python3.7/site-packages/airflow/example_dags/example_bash_operator.py
[2022-09-30 08:17:45,537] {logging_mixin.py:115} INFO - [2022-09-30 08:17:45,537] {dag.py:2371} INFO - Sync 1 DAGs
[2022-09-30 08:17:45,676] {logging_mixin.py:115} INFO - [2022-09-30 08:17:45,676] {dag.py:2919} INFO - Setting next_dagrun for example_bash_operator to 2022-09-29T00:00:00+00:00, run_after=2022-09-30T00:00:00+00:00
[2022-09-30 08:17:45,690] {processor.py:161} INFO - Processing /home/airflow/.local/lib/python3.7/site-packages/airflow/example_dags/example_bash_operator.py took 0.209 seconds
[2022-09-30 08:18:15,863] {processor.py:153} INFO - Started process (PID=246) to work on /home/airflow/.local/lib/python3.7/site-packages/airflow/example_dags/example_bash_operator.py
[2022-09-30 08:18:15,863] {processor.py:641} INFO - Processing file /home/airflow/.local/lib/python3.7/site-packages/airflow/example_dags/example_bash_operator.py for tasks to queue
[2022-09-30 08:18:15,864] {logging_mixin.py:115} INFO - [2022-09-30 08:18:15,864] {dagbag.py:507} INFO - Filling up the DagBag from /home/airflow/.local/lib/python3.7/site-packages/airflow/example_dags/example_bash_operator.py
[2022-09-30 08:18:15,874] {processor.py:651} INFO - DAG(s) dict_keys(['example_bash_operator']) retrieved from /home/airflow/.local/lib/python3.7/site-packages/airflow/example_dags/example_bash_operator.py
[2022-09-30 08:18:15,901] {logging_mixin.py:115} INFO - [2022-09-30 08:18:15,901] {dag.py:2371} INFO - Sync 1 DAGs
[2022-09-30 08:18:16,016] {logging_mixin.py:115} INFO - [2022-09-30 08:18:16,016] {dag.py:2919} INFO - Setting next_dagrun for example_bash_operator to 2022-09-29T00:00:00+00:00, run_after=2022-09-30T00:00:00+00:00
[2022-09-30 08:18:16,028] {processor.py:161} INFO - Processing /home/airflow/.local/lib/python3.7/site-packages/airflow/example_dags/example_bash_operator.py took 0.169 seconds
[2022-09-30 08:18:46,541] {processor.py:153} INFO - Started process (PID=307) to work on /home/airflow/.local/lib/python3.7/site-packages/airflow/example_dags/example_bash_operator.py
[2022-09-30 08:18:46,542] {processor.py:641} INFO - Processing file /home/airflow/.local/lib/python3.7/site-packages/airflow/example_dags/example_bash_operator.py for tasks to queue
[2022-09-30 08:18:46,543] {logging_mixin.py:115} INFO - [2022-09-30 08:18:46,543] {dagbag.py:507} INFO - Filling up the DagBag from /home/airflow/.local/lib/python3.7/site-packages/airflow/example_dags/example_bash_operator.py
[2022-09-30 08:18:46,558] {processor.py:651} INFO - DAG(s) dict_keys(['example_bash_operator']) retrieved from /home/airflow/.local/lib/python3.7/site-packages/airflow/example_dags/example_bash_operator.py
[2022-09-30 08:18:46,596] {logging_mixin.py:115} INFO - [2022-09-30 08:18:46,596] {dag.py:2371} INFO - Sync 1 DAGs
[2022-09-30 08:18:46,755] {logging_mixin.py:115} INFO - [2022-09-30 08:18:46,755] {dag.py:2919} INFO - Setting next_dagrun for example_bash_operator to 2022-09-29T00:00:00+00:00, run_after=2022-09-30T00:00:00+00:00
[2022-09-30 08:18:46,768] {processor.py:161} INFO - Processing /home/airflow/.local/lib/python3.7/site-packages/airflow/example_dags/example_bash_operator.py took 0.231 seconds
[2022-09-30 08:19:17,425] {processor.py:153} INFO - Started process (PID=359) to work on /home/airflow/.local/lib/python3.7/site-packages/airflow/example_dags/example_bash_operator.py
[2022-09-30 08:19:17,426] {processor.py:641} INFO - Processing file /home/airflow/.local/lib/python3.7/site-packages/airflow/example_dags/example_bash_operator.py for tasks to queue
[2022-09-30 08:19:17,427] {logging_mixin.py:115} INFO - [2022-09-30 08:19:17,426] {dagbag.py:507} INFO - Filling up the DagBag from /home/airflow/.local/lib/python3.7/site-packages/airflow/example_dags/example_bash_operator.py
[2022-09-30 08:19:17,438] {processor.py:651} INFO - DAG(s) dict_keys(['example_bash_operator']) retrieved from /home/airflow/.local/lib/python3.7/site-packages/airflow/example_dags/example_bash_operator.py
[2022-09-30 08:19:17,469] {logging_mixin.py:115} INFO - [2022-09-30 08:19:17,468] {dag.py:2371} INFO - Sync 1 DAGs
[2022-09-30 08:19:17,605] {logging_mixin.py:115} INFO - [2022-09-30 08:19:17,605] {dag.py:2919} INFO - Setting next_dagrun for example_bash_operator to 2022-09-29T00:00:00+00:00, run_after=2022-09-30T00:00:00+00:00
[2022-09-30 08:19:17,619] {processor.py:161} INFO - Processing /home/airflow/.local/lib/python3.7/site-packages/airflow/example_dags/example_bash_operator.py took 0.198 seconds
[2022-09-30 08:19:48,279] {processor.py:153} INFO - Started process (PID=420) to work on /home/airflow/.local/lib/python3.7/site-packages/airflow/example_dags/example_bash_operator.py
[2022-09-30 08:19:48,280] {processor.py:641} INFO - Processing file /home/airflow/.local/lib/python3.7/site-packages/airflow/example_dags/example_bash_operator.py for tasks to queue
[2022-09-30 08:19:48,281] {logging_mixin.py:115} INFO - [2022-09-30 08:19:48,281] {dagbag.py:507} INFO - Filling up the DagBag from /home/airflow/.local/lib/python3.7/site-packages/airflow/example_dags/example_bash_operator.py
[2022-09-30 08:19:48,294] {processor.py:651} INFO - DAG(s) dict_keys(['example_bash_operator']) retrieved from /home/airflow/.local/lib/python3.7/site-packages/airflow/example_dags/example_bash_operator.py
[2022-09-30 08:19:48,323] {logging_mixin.py:115} INFO - [2022-09-30 08:19:48,323] {dag.py:2371} INFO - Sync 1 DAGs
[2022-09-30 08:19:48,452] {logging_mixin.py:115} INFO - [2022-09-30 08:19:48,452] {dag.py:2919} INFO - Setting next_dagrun for example_bash_operator to 2022-09-29T00:00:00+00:00, run_after=2022-09-30T00:00:00+00:00
[2022-09-30 08:19:48,465] {processor.py:161} INFO - Processing /home/airflow/.local/lib/python3.7/site-packages/airflow/example_dags/example_bash_operator.py took 0.191 seconds
[2022-09-30 08:20:18,983] {processor.py:153} INFO - Started process (PID=482) to work on /home/airflow/.local/lib/python3.7/site-packages/airflow/example_dags/example_bash_operator.py
[2022-09-30 08:20:18,984] {processor.py:641} INFO - Processing file /home/airflow/.local/lib/python3.7/site-packages/airflow/example_dags/example_bash_operator.py for tasks to queue
[2022-09-30 08:20:18,985] {logging_mixin.py:115} INFO - [2022-09-30 08:20:18,985] {dagbag.py:507} INFO - Filling up the DagBag from /home/airflow/.local/lib/python3.7/site-packages/airflow/example_dags/example_bash_operator.py
[2022-09-30 08:20:18,998] {processor.py:651} INFO - DAG(s) dict_keys(['example_bash_operator']) retrieved from /home/airflow/.local/lib/python3.7/site-packages/airflow/example_dags/example_bash_operator.py
[2022-09-30 08:20:19,029] {logging_mixin.py:115} INFO - [2022-09-30 08:20:19,029] {dag.py:2371} INFO - Sync 1 DAGs
[2022-09-30 08:20:19,159] {logging_mixin.py:115} INFO - [2022-09-30 08:20:19,159] {dag.py:2919} INFO - Setting next_dagrun for example_bash_operator to 2022-09-29T00:00:00+00:00, run_after=2022-09-30T00:00:00+00:00
[2022-09-30 08:20:19,171] {processor.py:161} INFO - Processing /home/airflow/.local/lib/python3.7/site-packages/airflow/example_dags/example_bash_operator.py took 0.191 seconds
[2022-09-30 08:20:50,007] {processor.py:153} INFO - Started process (PID=534) to work on /home/airflow/.local/lib/python3.7/site-packages/airflow/example_dags/example_bash_operator.py
[2022-09-30 08:20:50,007] {processor.py:641} INFO - Processing file /home/airflow/.local/lib/python3.7/site-packages/airflow/example_dags/example_bash_operator.py for tasks to queue
[2022-09-30 08:20:50,008] {logging_mixin.py:115} INFO - [2022-09-30 08:20:50,008] {dagbag.py:507} INFO - Filling up the DagBag from /home/airflow/.local/lib/python3.7/site-packages/airflow/example_dags/example_bash_operator.py
[2022-09-30 08:20:50,019] {processor.py:651} INFO - DAG(s) dict_keys(['example_bash_operator']) retrieved from /home/airflow/.local/lib/python3.7/site-packages/airflow/example_dags/example_bash_operator.py
[2022-09-30 08:20:50,048] {logging_mixin.py:115} INFO - [2022-09-30 08:20:50,047] {dag.py:2371} INFO - Sync 1 DAGs
[2022-09-30 08:20:50,169] {logging_mixin.py:115} INFO - [2022-09-30 08:20:50,169] {dag.py:2919} INFO - Setting next_dagrun for example_bash_operator to 2022-09-29T00:00:00+00:00, run_after=2022-09-30T00:00:00+00:00
[2022-09-30 08:20:50,181] {processor.py:161} INFO - Processing /home/airflow/.local/lib/python3.7/site-packages/airflow/example_dags/example_bash_operator.py took 0.178 seconds
[2022-09-30 08:21:20,767] {processor.py:153} INFO - Started process (PID=595) to work on /home/airflow/.local/lib/python3.7/site-packages/airflow/example_dags/example_bash_operator.py
[2022-09-30 08:21:20,768] {processor.py:641} INFO - Processing file /home/airflow/.local/lib/python3.7/site-packages/airflow/example_dags/example_bash_operator.py for tasks to queue
[2022-09-30 08:21:20,769] {logging_mixin.py:115} INFO - [2022-09-30 08:21:20,769] {dagbag.py:507} INFO - Filling up the DagBag from /home/airflow/.local/lib/python3.7/site-packages/airflow/example_dags/example_bash_operator.py
[2022-09-30 08:21:20,790] {processor.py:651} INFO - DAG(s) dict_keys(['example_bash_operator']) retrieved from /home/airflow/.local/lib/python3.7/site-packages/airflow/example_dags/example_bash_operator.py
[2022-09-30 08:21:20,827] {logging_mixin.py:115} INFO - [2022-09-30 08:21:20,827] {dag.py:2371} INFO - Sync 1 DAGs
[2022-09-30 08:21:20,950] {logging_mixin.py:115} INFO - [2022-09-30 08:21:20,950] {dag.py:2919} INFO - Setting next_dagrun for example_bash_operator to 2022-09-29T00:00:00+00:00, run_after=2022-09-30T00:00:00+00:00
[2022-09-30 08:21:20,962] {processor.py:161} INFO - Processing /home/airflow/.local/lib/python3.7/site-packages/airflow/example_dags/example_bash_operator.py took 0.198 seconds
[2022-09-30 08:21:51,770] {processor.py:153} INFO - Started process (PID=656) to work on /home/airflow/.local/lib/python3.7/site-packages/airflow/example_dags/example_bash_operator.py
[2022-09-30 08:21:51,771] {processor.py:641} INFO - Processing file /home/airflow/.local/lib/python3.7/site-packages/airflow/example_dags/example_bash_operator.py for tasks to queue
[2022-09-30 08:21:51,772] {logging_mixin.py:115} INFO - [2022-09-30 08:21:51,772] {dagbag.py:507} INFO - Filling up the DagBag from /home/airflow/.local/lib/python3.7/site-packages/airflow/example_dags/example_bash_operator.py
[2022-09-30 08:21:51,783] {processor.py:651} INFO - DAG(s) dict_keys(['example_bash_operator']) retrieved from /home/airflow/.local/lib/python3.7/site-packages/airflow/example_dags/example_bash_operator.py
[2022-09-30 08:21:51,810] {logging_mixin.py:115} INFO - [2022-09-30 08:21:51,810] {dag.py:2371} INFO - Sync 1 DAGs
[2022-09-30 08:21:51,944] {logging_mixin.py:115} INFO - [2022-09-30 08:21:51,943] {dag.py:2919} INFO - Setting next_dagrun for example_bash_operator to 2022-09-29T00:00:00+00:00, run_after=2022-09-30T00:00:00+00:00
[2022-09-30 08:21:51,954] {processor.py:161} INFO - Processing /home/airflow/.local/lib/python3.7/site-packages/airflow/example_dags/example_bash_operator.py took 0.187 seconds
[2022-09-30 08:22:21,999] {processor.py:153} INFO - Started process (PID=709) to work on /home/airflow/.local/lib/python3.7/site-packages/airflow/example_dags/example_bash_operator.py
[2022-09-30 08:22:22,000] {processor.py:641} INFO - Processing file /home/airflow/.local/lib/python3.7/site-packages/airflow/example_dags/example_bash_operator.py for tasks to queue
[2022-09-30 08:22:22,001] {logging_mixin.py:115} INFO - [2022-09-30 08:22:22,001] {dagbag.py:507} INFO - Filling up the DagBag from /home/airflow/.local/lib/python3.7/site-packages/airflow/example_dags/example_bash_operator.py
[2022-09-30 08:22:22,015] {processor.py:651} INFO - DAG(s) dict_keys(['example_bash_operator']) retrieved from /home/airflow/.local/lib/python3.7/site-packages/airflow/example_dags/example_bash_operator.py
[2022-09-30 08:22:22,048] {logging_mixin.py:115} INFO - [2022-09-30 08:22:22,048] {dag.py:2371} INFO - Sync 1 DAGs
[2022-09-30 08:22:22,185] {logging_mixin.py:115} INFO - [2022-09-30 08:22:22,185] {dag.py:2919} INFO - Setting next_dagrun for example_bash_operator to 2022-09-29T00:00:00+00:00, run_after=2022-09-30T00:00:00+00:00
[2022-09-30 08:22:22,196] {processor.py:161} INFO - Processing /home/airflow/.local/lib/python3.7/site-packages/airflow/example_dags/example_bash_operator.py took 0.199 seconds
[2022-09-30 08:22:52,374] {processor.py:153} INFO - Started process (PID=769) to work on /home/airflow/.local/lib/python3.7/site-packages/airflow/example_dags/example_bash_operator.py
[2022-09-30 08:22:52,375] {processor.py:641} INFO - Processing file /home/airflow/.local/lib/python3.7/site-packages/airflow/example_dags/example_bash_operator.py for tasks to queue
[2022-09-30 08:22:52,375] {logging_mixin.py:115} INFO - [2022-09-30 08:22:52,375] {dagbag.py:507} INFO - Filling up the DagBag from /home/airflow/.local/lib/python3.7/site-packages/airflow/example_dags/example_bash_operator.py
[2022-09-30 08:22:52,387] {processor.py:651} INFO - DAG(s) dict_keys(['example_bash_operator']) retrieved from /home/airflow/.local/lib/python3.7/site-packages/airflow/example_dags/example_bash_operator.py
[2022-09-30 08:22:52,417] {logging_mixin.py:115} INFO - [2022-09-30 08:22:52,417] {dag.py:2371} INFO - Sync 1 DAGs
[2022-09-30 08:22:52,547] {logging_mixin.py:115} INFO - [2022-09-30 08:22:52,547] {dag.py:2919} INFO - Setting next_dagrun for example_bash_operator to 2022-09-29T00:00:00+00:00, run_after=2022-09-30T00:00:00+00:00
[2022-09-30 08:22:52,558] {processor.py:161} INFO - Processing /home/airflow/.local/lib/python3.7/site-packages/airflow/example_dags/example_bash_operator.py took 0.187 seconds
[2022-09-30 08:23:23,071] {processor.py:153} INFO - Started process (PID=830) to work on /home/airflow/.local/lib/python3.7/site-packages/airflow/example_dags/example_bash_operator.py
[2022-09-30 08:23:23,071] {processor.py:641} INFO - Processing file /home/airflow/.local/lib/python3.7/site-packages/airflow/example_dags/example_bash_operator.py for tasks to queue
[2022-09-30 08:23:23,072] {logging_mixin.py:115} INFO - [2022-09-30 08:23:23,072] {dagbag.py:507} INFO - Filling up the DagBag from /home/airflow/.local/lib/python3.7/site-packages/airflow/example_dags/example_bash_operator.py
[2022-09-30 08:23:23,083] {processor.py:651} INFO - DAG(s) dict_keys(['example_bash_operator']) retrieved from /home/airflow/.local/lib/python3.7/site-packages/airflow/example_dags/example_bash_operator.py
[2022-09-30 08:23:23,110] {logging_mixin.py:115} INFO - [2022-09-30 08:23:23,110] {dag.py:2371} INFO - Sync 1 DAGs
[2022-09-30 08:23:23,236] {logging_mixin.py:115} INFO - [2022-09-30 08:23:23,236] {dag.py:2919} INFO - Setting next_dagrun for example_bash_operator to 2022-09-29T00:00:00+00:00, run_after=2022-09-30T00:00:00+00:00
[2022-09-30 08:23:23,248] {processor.py:161} INFO - Processing /home/airflow/.local/lib/python3.7/site-packages/airflow/example_dags/example_bash_operator.py took 0.180 seconds
[2022-09-30 08:23:53,396] {processor.py:153} INFO - Started process (PID=882) to work on /home/airflow/.local/lib/python3.7/site-packages/airflow/example_dags/example_bash_operator.py
[2022-09-30 08:23:53,397] {processor.py:641} INFO - Processing file /home/airflow/.local/lib/python3.7/site-packages/airflow/example_dags/example_bash_operator.py for tasks to queue
[2022-09-30 08:23:53,398] {logging_mixin.py:115} INFO - [2022-09-30 08:23:53,398] {dagbag.py:507} INFO - Filling up the DagBag from /home/airflow/.local/lib/python3.7/site-packages/airflow/example_dags/example_bash_operator.py
[2022-09-30 08:23:53,408] {processor.py:651} INFO - DAG(s) dict_keys(['example_bash_operator']) retrieved from /home/airflow/.local/lib/python3.7/site-packages/airflow/example_dags/example_bash_operator.py
[2022-09-30 08:23:53,435] {logging_mixin.py:115} INFO - [2022-09-30 08:23:53,435] {dag.py:2371} INFO - Sync 1 DAGs
[2022-09-30 08:23:53,568] {logging_mixin.py:115} INFO - [2022-09-30 08:23:53,568] {dag.py:2919} INFO - Setting next_dagrun for example_bash_operator to 2022-09-29T00:00:00+00:00, run_after=2022-09-30T00:00:00+00:00
[2022-09-30 08:23:53,584] {processor.py:161} INFO - Processing /home/airflow/.local/lib/python3.7/site-packages/airflow/example_dags/example_bash_operator.py took 0.191 seconds
[2022-09-30 08:24:23,953] {processor.py:153} INFO - Started process (PID=943) to work on /home/airflow/.local/lib/python3.7/site-packages/airflow/example_dags/example_bash_operator.py
[2022-09-30 08:24:23,954] {processor.py:641} INFO - Processing file /home/airflow/.local/lib/python3.7/site-packages/airflow/example_dags/example_bash_operator.py for tasks to queue
[2022-09-30 08:24:23,955] {logging_mixin.py:115} INFO - [2022-09-30 08:24:23,955] {dagbag.py:507} INFO - Filling up the DagBag from /home/airflow/.local/lib/python3.7/site-packages/airflow/example_dags/example_bash_operator.py
[2022-09-30 08:24:23,967] {processor.py:651} INFO - DAG(s) dict_keys(['example_bash_operator']) retrieved from /home/airflow/.local/lib/python3.7/site-packages/airflow/example_dags/example_bash_operator.py
[2022-09-30 08:24:24,000] {logging_mixin.py:115} INFO - [2022-09-30 08:24:24,000] {dag.py:2371} INFO - Sync 1 DAGs
[2022-09-30 08:24:24,131] {logging_mixin.py:115} INFO - [2022-09-30 08:24:24,131] {dag.py:2919} INFO - Setting next_dagrun for example_bash_operator to 2022-09-29T00:00:00+00:00, run_after=2022-09-30T00:00:00+00:00
[2022-09-30 08:24:24,142] {processor.py:161} INFO - Processing /home/airflow/.local/lib/python3.7/site-packages/airflow/example_dags/example_bash_operator.py took 0.193 seconds
[2022-09-30 08:24:54,599] {processor.py:153} INFO - Started process (PID=1004) to work on /home/airflow/.local/lib/python3.7/site-packages/airflow/example_dags/example_bash_operator.py
[2022-09-30 08:24:54,599] {processor.py:641} INFO - Processing file /home/airflow/.local/lib/python3.7/site-packages/airflow/example_dags/example_bash_operator.py for tasks to queue
[2022-09-30 08:24:54,600] {logging_mixin.py:115} INFO - [2022-09-30 08:24:54,600] {dagbag.py:507} INFO - Filling up the DagBag from /home/airflow/.local/lib/python3.7/site-packages/airflow/example_dags/example_bash_operator.py
[2022-09-30 08:24:54,612] {processor.py:651} INFO - DAG(s) dict_keys(['example_bash_operator']) retrieved from /home/airflow/.local/lib/python3.7/site-packages/airflow/example_dags/example_bash_operator.py
[2022-09-30 08:24:54,647] {logging_mixin.py:115} INFO - [2022-09-30 08:24:54,647] {dag.py:2371} INFO - Sync 1 DAGs
[2022-09-30 08:24:54,812] {logging_mixin.py:115} INFO - [2022-09-30 08:24:54,812] {dag.py:2919} INFO - Setting next_dagrun for example_bash_operator to 2022-09-29T00:00:00+00:00, run_after=2022-09-30T00:00:00+00:00
[2022-09-30 08:24:54,824] {processor.py:161} INFO - Processing /home/airflow/.local/lib/python3.7/site-packages/airflow/example_dags/example_bash_operator.py took 0.229 seconds
[2022-09-30 08:25:25,367] {processor.py:153} INFO - Started process (PID=1056) to work on /home/airflow/.local/lib/python3.7/site-packages/airflow/example_dags/example_bash_operator.py
[2022-09-30 08:25:25,367] {processor.py:641} INFO - Processing file /home/airflow/.local/lib/python3.7/site-packages/airflow/example_dags/example_bash_operator.py for tasks to queue
[2022-09-30 08:25:25,368] {logging_mixin.py:115} INFO - [2022-09-30 08:25:25,368] {dagbag.py:507} INFO - Filling up the DagBag from /home/airflow/.local/lib/python3.7/site-packages/airflow/example_dags/example_bash_operator.py
[2022-09-30 08:25:25,381] {processor.py:651} INFO - DAG(s) dict_keys(['example_bash_operator']) retrieved from /home/airflow/.local/lib/python3.7/site-packages/airflow/example_dags/example_bash_operator.py
[2022-09-30 08:25:25,412] {logging_mixin.py:115} INFO - [2022-09-30 08:25:25,412] {dag.py:2371} INFO - Sync 1 DAGs
[2022-09-30 08:25:25,565] {logging_mixin.py:115} INFO - [2022-09-30 08:25:25,565] {dag.py:2919} INFO - Setting next_dagrun for example_bash_operator to 2022-09-29T00:00:00+00:00, run_after=2022-09-30T00:00:00+00:00
[2022-09-30 08:25:25,581] {processor.py:161} INFO - Processing /home/airflow/.local/lib/python3.7/site-packages/airflow/example_dags/example_bash_operator.py took 0.217 seconds
[2022-09-30 08:25:56,395] {processor.py:153} INFO - Started process (PID=1117) to work on /home/airflow/.local/lib/python3.7/site-packages/airflow/example_dags/example_bash_operator.py
[2022-09-30 08:25:56,395] {processor.py:641} INFO - Processing file /home/airflow/.local/lib/python3.7/site-packages/airflow/example_dags/example_bash_operator.py for tasks to queue
[2022-09-30 08:25:56,396] {logging_mixin.py:115} INFO - [2022-09-30 08:25:56,396] {dagbag.py:507} INFO - Filling up the DagBag from /home/airflow/.local/lib/python3.7/site-packages/airflow/example_dags/example_bash_operator.py
[2022-09-30 08:25:56,407] {processor.py:651} INFO - DAG(s) dict_keys(['example_bash_operator']) retrieved from /home/airflow/.local/lib/python3.7/site-packages/airflow/example_dags/example_bash_operator.py
[2022-09-30 08:25:56,438] {logging_mixin.py:115} INFO - [2022-09-30 08:25:56,438] {dag.py:2371} INFO - Sync 1 DAGs
[2022-09-30 08:25:56,581] {logging_mixin.py:115} INFO - [2022-09-30 08:25:56,580] {dag.py:2919} INFO - Setting next_dagrun for example_bash_operator to 2022-09-29T00:00:00+00:00, run_after=2022-09-30T00:00:00+00:00
[2022-09-30 08:25:56,594] {processor.py:161} INFO - Processing /home/airflow/.local/lib/python3.7/site-packages/airflow/example_dags/example_bash_operator.py took 0.202 seconds
[2022-09-30 08:26:26,917] {processor.py:153} INFO - Started process (PID=1178) to work on /home/airflow/.local/lib/python3.7/site-packages/airflow/example_dags/example_bash_operator.py
[2022-09-30 08:26:26,917] {processor.py:641} INFO - Processing file /home/airflow/.local/lib/python3.7/site-packages/airflow/example_dags/example_bash_operator.py for tasks to queue
[2022-09-30 08:26:26,918] {logging_mixin.py:115} INFO - [2022-09-30 08:26:26,918] {dagbag.py:507} INFO - Filling up the DagBag from /home/airflow/.local/lib/python3.7/site-packages/airflow/example_dags/example_bash_operator.py
[2022-09-30 08:26:26,933] {processor.py:651} INFO - DAG(s) dict_keys(['example_bash_operator']) retrieved from /home/airflow/.local/lib/python3.7/site-packages/airflow/example_dags/example_bash_operator.py
[2022-09-30 08:26:26,967] {logging_mixin.py:115} INFO - [2022-09-30 08:26:26,966] {dag.py:2371} INFO - Sync 1 DAGs
[2022-09-30 08:26:27,097] {logging_mixin.py:115} INFO - [2022-09-30 08:26:27,097] {dag.py:2919} INFO - Setting next_dagrun for example_bash_operator to 2022-09-29T00:00:00+00:00, run_after=2022-09-30T00:00:00+00:00
[2022-09-30 08:26:27,108] {processor.py:161} INFO - Processing /home/airflow/.local/lib/python3.7/site-packages/airflow/example_dags/example_bash_operator.py took 0.195 seconds
[2022-09-30 08:26:57,597] {processor.py:153} INFO - Started process (PID=1230) to work on /home/airflow/.local/lib/python3.7/site-packages/airflow/example_dags/example_bash_operator.py
[2022-09-30 08:26:57,598] {processor.py:641} INFO - Processing file /home/airflow/.local/lib/python3.7/site-packages/airflow/example_dags/example_bash_operator.py for tasks to queue
[2022-09-30 08:26:57,599] {logging_mixin.py:115} INFO - [2022-09-30 08:26:57,599] {dagbag.py:507} INFO - Filling up the DagBag from /home/airflow/.local/lib/python3.7/site-packages/airflow/example_dags/example_bash_operator.py
[2022-09-30 08:26:57,615] {processor.py:651} INFO - DAG(s) dict_keys(['example_bash_operator']) retrieved from /home/airflow/.local/lib/python3.7/site-packages/airflow/example_dags/example_bash_operator.py
[2022-09-30 08:26:57,639] {logging_mixin.py:115} INFO - [2022-09-30 08:26:57,639] {dag.py:2371} INFO - Sync 1 DAGs
[2022-09-30 08:26:57,664] {logging_mixin.py:115} INFO - [2022-09-30 08:26:57,664] {dag.py:2919} INFO - Setting next_dagrun for example_bash_operator to 2022-09-29T00:00:00+00:00, run_after=2022-09-30T00:00:00+00:00
[2022-09-30 08:26:57,676] {processor.py:161} INFO - Processing /home/airflow/.local/lib/python3.7/site-packages/airflow/example_dags/example_bash_operator.py took 0.082 seconds
[2022-09-30 08:27:27,885] {processor.py:153} INFO - Started process (PID=1291) to work on /home/airflow/.local/lib/python3.7/site-packages/airflow/example_dags/example_bash_operator.py
[2022-09-30 08:27:27,885] {processor.py:641} INFO - Processing file /home/airflow/.local/lib/python3.7/site-packages/airflow/example_dags/example_bash_operator.py for tasks to queue
[2022-09-30 08:27:27,886] {logging_mixin.py:115} INFO - [2022-09-30 08:27:27,886] {dagbag.py:507} INFO - Filling up the DagBag from /home/airflow/.local/lib/python3.7/site-packages/airflow/example_dags/example_bash_operator.py
[2022-09-30 08:27:27,899] {processor.py:651} INFO - DAG(s) dict_keys(['example_bash_operator']) retrieved from /home/airflow/.local/lib/python3.7/site-packages/airflow/example_dags/example_bash_operator.py
[2022-09-30 08:27:27,924] {logging_mixin.py:115} INFO - [2022-09-30 08:27:27,924] {dag.py:2371} INFO - Sync 1 DAGs
[2022-09-30 08:27:27,947] {logging_mixin.py:115} INFO - [2022-09-30 08:27:27,947] {dag.py:2919} INFO - Setting next_dagrun for example_bash_operator to 2022-09-29T00:00:00+00:00, run_after=2022-09-30T00:00:00+00:00
[2022-09-30 08:27:27,959] {processor.py:161} INFO - Processing /home/airflow/.local/lib/python3.7/site-packages/airflow/example_dags/example_bash_operator.py took 0.077 seconds
[2022-09-30 08:27:58,851] {processor.py:153} INFO - Started process (PID=1352) to work on /home/airflow/.local/lib/python3.7/site-packages/airflow/example_dags/example_bash_operator.py
[2022-09-30 08:27:58,852] {processor.py:641} INFO - Processing file /home/airflow/.local/lib/python3.7/site-packages/airflow/example_dags/example_bash_operator.py for tasks to queue
[2022-09-30 08:27:58,852] {logging_mixin.py:115} INFO - [2022-09-30 08:27:58,852] {dagbag.py:507} INFO - Filling up the DagBag from /home/airflow/.local/lib/python3.7/site-packages/airflow/example_dags/example_bash_operator.py
[2022-09-30 08:27:58,866] {processor.py:651} INFO - DAG(s) dict_keys(['example_bash_operator']) retrieved from /home/airflow/.local/lib/python3.7/site-packages/airflow/example_dags/example_bash_operator.py
[2022-09-30 08:27:58,891] {logging_mixin.py:115} INFO - [2022-09-30 08:27:58,891] {dag.py:2371} INFO - Sync 1 DAGs
[2022-09-30 08:27:58,914] {logging_mixin.py:115} INFO - [2022-09-30 08:27:58,914] {dag.py:2919} INFO - Setting next_dagrun for example_bash_operator to 2022-09-29T00:00:00+00:00, run_after=2022-09-30T00:00:00+00:00
[2022-09-30 08:27:58,926] {processor.py:161} INFO - Processing /home/airflow/.local/lib/python3.7/site-packages/airflow/example_dags/example_bash_operator.py took 0.078 seconds
[2022-09-30 08:28:29,581] {processor.py:153} INFO - Started process (PID=1404) to work on /home/airflow/.local/lib/python3.7/site-packages/airflow/example_dags/example_bash_operator.py
[2022-09-30 08:28:29,582] {processor.py:641} INFO - Processing file /home/airflow/.local/lib/python3.7/site-packages/airflow/example_dags/example_bash_operator.py for tasks to queue
[2022-09-30 08:28:29,583] {logging_mixin.py:115} INFO - [2022-09-30 08:28:29,583] {dagbag.py:507} INFO - Filling up the DagBag from /home/airflow/.local/lib/python3.7/site-packages/airflow/example_dags/example_bash_operator.py
[2022-09-30 08:28:29,598] {processor.py:651} INFO - DAG(s) dict_keys(['example_bash_operator']) retrieved from /home/airflow/.local/lib/python3.7/site-packages/airflow/example_dags/example_bash_operator.py
[2022-09-30 08:28:29,685] {logging_mixin.py:115} INFO - [2022-09-30 08:28:29,685] {dag.py:2371} INFO - Sync 1 DAGs
[2022-09-30 08:28:29,708] {logging_mixin.py:115} INFO - [2022-09-30 08:28:29,708] {dag.py:2919} INFO - Setting next_dagrun for example_bash_operator to 2022-09-29T00:00:00+00:00, run_after=2022-09-30T00:00:00+00:00
[2022-09-30 08:28:29,721] {processor.py:161} INFO - Processing /home/airflow/.local/lib/python3.7/site-packages/airflow/example_dags/example_bash_operator.py took 0.143 seconds
[2022-09-30 08:29:00,582] {processor.py:153} INFO - Started process (PID=1466) to work on /home/airflow/.local/lib/python3.7/site-packages/airflow/example_dags/example_bash_operator.py
[2022-09-30 08:29:00,583] {processor.py:641} INFO - Processing file /home/airflow/.local/lib/python3.7/site-packages/airflow/example_dags/example_bash_operator.py for tasks to queue
[2022-09-30 08:29:00,584] {logging_mixin.py:115} INFO - [2022-09-30 08:29:00,583] {dagbag.py:507} INFO - Filling up the DagBag from /home/airflow/.local/lib/python3.7/site-packages/airflow/example_dags/example_bash_operator.py
[2022-09-30 08:29:00,597] {processor.py:651} INFO - DAG(s) dict_keys(['example_bash_operator']) retrieved from /home/airflow/.local/lib/python3.7/site-packages/airflow/example_dags/example_bash_operator.py
[2022-09-30 08:29:00,619] {logging_mixin.py:115} INFO - [2022-09-30 08:29:00,619] {dag.py:2371} INFO - Sync 1 DAGs
[2022-09-30 08:29:00,640] {logging_mixin.py:115} INFO - [2022-09-30 08:29:00,640] {dag.py:2919} INFO - Setting next_dagrun for example_bash_operator to 2022-09-29T00:00:00+00:00, run_after=2022-09-30T00:00:00+00:00
[2022-09-30 08:29:00,652] {processor.py:161} INFO - Processing /home/airflow/.local/lib/python3.7/site-packages/airflow/example_dags/example_bash_operator.py took 0.072 seconds
[2022-09-30 08:29:31,470] {processor.py:153} INFO - Started process (PID=1527) to work on /home/airflow/.local/lib/python3.7/site-packages/airflow/example_dags/example_bash_operator.py
[2022-09-30 08:29:31,470] {processor.py:641} INFO - Processing file /home/airflow/.local/lib/python3.7/site-packages/airflow/example_dags/example_bash_operator.py for tasks to queue
[2022-09-30 08:29:31,471] {logging_mixin.py:115} INFO - [2022-09-30 08:29:31,471] {dagbag.py:507} INFO - Filling up the DagBag from /home/airflow/.local/lib/python3.7/site-packages/airflow/example_dags/example_bash_operator.py
[2022-09-30 08:29:31,485] {processor.py:651} INFO - DAG(s) dict_keys(['example_bash_operator']) retrieved from /home/airflow/.local/lib/python3.7/site-packages/airflow/example_dags/example_bash_operator.py
[2022-09-30 08:29:31,509] {logging_mixin.py:115} INFO - [2022-09-30 08:29:31,509] {dag.py:2371} INFO - Sync 1 DAGs
[2022-09-30 08:29:31,532] {logging_mixin.py:115} INFO - [2022-09-30 08:29:31,531] {dag.py:2919} INFO - Setting next_dagrun for example_bash_operator to 2022-09-29T00:00:00+00:00, run_after=2022-09-30T00:00:00+00:00
[2022-09-30 08:29:31,544] {processor.py:161} INFO - Processing /home/airflow/.local/lib/python3.7/site-packages/airflow/example_dags/example_bash_operator.py took 0.076 seconds
[2022-09-30 08:30:02,346] {processor.py:153} INFO - Started process (PID=1579) to work on /home/airflow/.local/lib/python3.7/site-packages/airflow/example_dags/example_bash_operator.py
[2022-09-30 08:30:02,346] {processor.py:641} INFO - Processing file /home/airflow/.local/lib/python3.7/site-packages/airflow/example_dags/example_bash_operator.py for tasks to queue
[2022-09-30 08:30:02,347] {logging_mixin.py:115} INFO - [2022-09-30 08:30:02,347] {dagbag.py:507} INFO - Filling up the DagBag from /home/airflow/.local/lib/python3.7/site-packages/airflow/example_dags/example_bash_operator.py
[2022-09-30 08:30:02,360] {processor.py:651} INFO - DAG(s) dict_keys(['example_bash_operator']) retrieved from /home/airflow/.local/lib/python3.7/site-packages/airflow/example_dags/example_bash_operator.py
[2022-09-30 08:30:02,383] {logging_mixin.py:115} INFO - [2022-09-30 08:30:02,383] {dag.py:2371} INFO - Sync 1 DAGs
[2022-09-30 08:30:02,408] {logging_mixin.py:115} INFO - [2022-09-30 08:30:02,408] {dag.py:2919} INFO - Setting next_dagrun for example_bash_operator to 2022-09-29T00:00:00+00:00, run_after=2022-09-30T00:00:00+00:00
[2022-09-30 08:30:02,420] {processor.py:161} INFO - Processing /home/airflow/.local/lib/python3.7/site-packages/airflow/example_dags/example_bash_operator.py took 0.077 seconds
[2022-09-30 08:30:32,530] {processor.py:153} INFO - Started process (PID=1641) to work on /home/airflow/.local/lib/python3.7/site-packages/airflow/example_dags/example_bash_operator.py
[2022-09-30 08:30:32,530] {processor.py:641} INFO - Processing file /home/airflow/.local/lib/python3.7/site-packages/airflow/example_dags/example_bash_operator.py for tasks to queue
[2022-09-30 08:30:32,531] {logging_mixin.py:115} INFO - [2022-09-30 08:30:32,531] {dagbag.py:507} INFO - Filling up the DagBag from /home/airflow/.local/lib/python3.7/site-packages/airflow/example_dags/example_bash_operator.py
[2022-09-30 08:30:32,545] {processor.py:651} INFO - DAG(s) dict_keys(['example_bash_operator']) retrieved from /home/airflow/.local/lib/python3.7/site-packages/airflow/example_dags/example_bash_operator.py
[2022-09-30 08:30:32,567] {logging_mixin.py:115} INFO - [2022-09-30 08:30:32,567] {dag.py:2371} INFO - Sync 1 DAGs
[2022-09-30 08:30:32,590] {logging_mixin.py:115} INFO - [2022-09-30 08:30:32,590] {dag.py:2919} INFO - Setting next_dagrun for example_bash_operator to 2022-09-29T00:00:00+00:00, run_after=2022-09-30T00:00:00+00:00
[2022-09-30 08:30:32,601] {processor.py:161} INFO - Processing /home/airflow/.local/lib/python3.7/site-packages/airflow/example_dags/example_bash_operator.py took 0.074 seconds
[2022-09-30 08:31:02,745] {processor.py:153} INFO - Started process (PID=1702) to work on /home/airflow/.local/lib/python3.7/site-packages/airflow/example_dags/example_bash_operator.py
[2022-09-30 08:31:02,746] {processor.py:641} INFO - Processing file /home/airflow/.local/lib/python3.7/site-packages/airflow/example_dags/example_bash_operator.py for tasks to queue
[2022-09-30 08:31:02,746] {logging_mixin.py:115} INFO - [2022-09-30 08:31:02,746] {dagbag.py:507} INFO - Filling up the DagBag from /home/airflow/.local/lib/python3.7/site-packages/airflow/example_dags/example_bash_operator.py
[2022-09-30 08:31:02,759] {processor.py:651} INFO - DAG(s) dict_keys(['example_bash_operator']) retrieved from /home/airflow/.local/lib/python3.7/site-packages/airflow/example_dags/example_bash_operator.py
[2022-09-30 08:31:02,781] {logging_mixin.py:115} INFO - [2022-09-30 08:31:02,781] {dag.py:2371} INFO - Sync 1 DAGs
[2022-09-30 08:31:02,801] {logging_mixin.py:115} INFO - [2022-09-30 08:31:02,801] {dag.py:2919} INFO - Setting next_dagrun for example_bash_operator to 2022-09-29T00:00:00+00:00, run_after=2022-09-30T00:00:00+00:00
[2022-09-30 08:31:02,813] {processor.py:161} INFO - Processing /home/airflow/.local/lib/python3.7/site-packages/airflow/example_dags/example_bash_operator.py took 0.070 seconds
[2022-09-30 08:31:33,614] {processor.py:153} INFO - Started process (PID=1754) to work on /home/airflow/.local/lib/python3.7/site-packages/airflow/example_dags/example_bash_operator.py
[2022-09-30 08:31:33,615] {processor.py:641} INFO - Processing file /home/airflow/.local/lib/python3.7/site-packages/airflow/example_dags/example_bash_operator.py for tasks to queue
[2022-09-30 08:31:33,615] {logging_mixin.py:115} INFO - [2022-09-30 08:31:33,615] {dagbag.py:507} INFO - Filling up the DagBag from /home/airflow/.local/lib/python3.7/site-packages/airflow/example_dags/example_bash_operator.py
[2022-09-30 08:31:33,629] {processor.py:651} INFO - DAG(s) dict_keys(['example_bash_operator']) retrieved from /home/airflow/.local/lib/python3.7/site-packages/airflow/example_dags/example_bash_operator.py
[2022-09-30 08:31:33,652] {logging_mixin.py:115} INFO - [2022-09-30 08:31:33,652] {dag.py:2371} INFO - Sync 1 DAGs
[2022-09-30 08:31:33,674] {logging_mixin.py:115} INFO - [2022-09-30 08:31:33,674] {dag.py:2919} INFO - Setting next_dagrun for example_bash_operator to 2022-09-29T00:00:00+00:00, run_after=2022-09-30T00:00:00+00:00
[2022-09-30 08:31:33,686] {processor.py:161} INFO - Processing /home/airflow/.local/lib/python3.7/site-packages/airflow/example_dags/example_bash_operator.py took 0.074 seconds
[2022-09-30 08:32:04,578] {processor.py:153} INFO - Started process (PID=1815) to work on /home/airflow/.local/lib/python3.7/site-packages/airflow/example_dags/example_bash_operator.py
[2022-09-30 08:32:04,578] {processor.py:641} INFO - Processing file /home/airflow/.local/lib/python3.7/site-packages/airflow/example_dags/example_bash_operator.py for tasks to queue
[2022-09-30 08:32:04,579] {logging_mixin.py:115} INFO - [2022-09-30 08:32:04,579] {dagbag.py:507} INFO - Filling up the DagBag from /home/airflow/.local/lib/python3.7/site-packages/airflow/example_dags/example_bash_operator.py
[2022-09-30 08:32:04,690] {processor.py:651} INFO - DAG(s) dict_keys(['example_bash_operator']) retrieved from /home/airflow/.local/lib/python3.7/site-packages/airflow/example_dags/example_bash_operator.py
[2022-09-30 08:32:04,710] {logging_mixin.py:115} INFO - [2022-09-30 08:32:04,710] {dag.py:2371} INFO - Sync 1 DAGs
[2022-09-30 08:32:04,729] {logging_mixin.py:115} INFO - [2022-09-30 08:32:04,729] {dag.py:2919} INFO - Setting next_dagrun for example_bash_operator to 2022-09-29T00:00:00+00:00, run_after=2022-09-30T00:00:00+00:00
[2022-09-30 08:32:04,740] {processor.py:161} INFO - Processing /home/airflow/.local/lib/python3.7/site-packages/airflow/example_dags/example_bash_operator.py took 0.165 seconds
[2022-09-30 08:32:34,844] {processor.py:153} INFO - Started process (PID=1876) to work on /home/airflow/.local/lib/python3.7/site-packages/airflow/example_dags/example_bash_operator.py
[2022-09-30 08:32:34,845] {processor.py:641} INFO - Processing file /home/airflow/.local/lib/python3.7/site-packages/airflow/example_dags/example_bash_operator.py for tasks to queue
[2022-09-30 08:32:34,845] {logging_mixin.py:115} INFO - [2022-09-30 08:32:34,845] {dagbag.py:507} INFO - Filling up the DagBag from /home/airflow/.local/lib/python3.7/site-packages/airflow/example_dags/example_bash_operator.py
[2022-09-30 08:32:34,962] {processor.py:651} INFO - DAG(s) dict_keys(['example_bash_operator']) retrieved from /home/airflow/.local/lib/python3.7/site-packages/airflow/example_dags/example_bash_operator.py
[2022-09-30 08:32:34,984] {logging_mixin.py:115} INFO - [2022-09-30 08:32:34,984] {dag.py:2371} INFO - Sync 1 DAGs
[2022-09-30 08:32:35,004] {logging_mixin.py:115} INFO - [2022-09-30 08:32:35,004] {dag.py:2919} INFO - Setting next_dagrun for example_bash_operator to 2022-09-29T00:00:00+00:00, run_after=2022-09-30T00:00:00+00:00
[2022-09-30 08:32:35,016] {processor.py:161} INFO - Processing /home/airflow/.local/lib/python3.7/site-packages/airflow/example_dags/example_bash_operator.py took 0.175 seconds
[2022-09-30 08:33:05,593] {processor.py:153} INFO - Started process (PID=1937) to work on /home/airflow/.local/lib/python3.7/site-packages/airflow/example_dags/example_bash_operator.py
[2022-09-30 08:33:05,594] {processor.py:641} INFO - Processing file /home/airflow/.local/lib/python3.7/site-packages/airflow/example_dags/example_bash_operator.py for tasks to queue
[2022-09-30 08:33:05,595] {logging_mixin.py:115} INFO - [2022-09-30 08:33:05,594] {dagbag.py:507} INFO - Filling up the DagBag from /home/airflow/.local/lib/python3.7/site-packages/airflow/example_dags/example_bash_operator.py
[2022-09-30 08:33:05,733] {processor.py:651} INFO - DAG(s) dict_keys(['example_bash_operator']) retrieved from /home/airflow/.local/lib/python3.7/site-packages/airflow/example_dags/example_bash_operator.py
[2022-09-30 08:33:05,755] {logging_mixin.py:115} INFO - [2022-09-30 08:33:05,755] {dag.py:2371} INFO - Sync 1 DAGs
[2022-09-30 08:33:05,777] {logging_mixin.py:115} INFO - [2022-09-30 08:33:05,777] {dag.py:2919} INFO - Setting next_dagrun for example_bash_operator to 2022-09-29T00:00:00+00:00, run_after=2022-09-30T00:00:00+00:00
[2022-09-30 08:33:05,794] {processor.py:161} INFO - Processing /home/airflow/.local/lib/python3.7/site-packages/airflow/example_dags/example_bash_operator.py took 0.204 seconds
[2022-09-30 08:33:35,903] {processor.py:153} INFO - Started process (PID=1989) to work on /home/airflow/.local/lib/python3.7/site-packages/airflow/example_dags/example_bash_operator.py
[2022-09-30 08:33:35,903] {processor.py:641} INFO - Processing file /home/airflow/.local/lib/python3.7/site-packages/airflow/example_dags/example_bash_operator.py for tasks to queue
[2022-09-30 08:33:35,904] {logging_mixin.py:115} INFO - [2022-09-30 08:33:35,904] {dagbag.py:507} INFO - Filling up the DagBag from /home/airflow/.local/lib/python3.7/site-packages/airflow/example_dags/example_bash_operator.py
[2022-09-30 08:33:36,025] {processor.py:651} INFO - DAG(s) dict_keys(['example_bash_operator']) retrieved from /home/airflow/.local/lib/python3.7/site-packages/airflow/example_dags/example_bash_operator.py
[2022-09-30 08:33:36,045] {logging_mixin.py:115} INFO - [2022-09-30 08:33:36,045] {dag.py:2371} INFO - Sync 1 DAGs
[2022-09-30 08:33:36,064] {logging_mixin.py:115} INFO - [2022-09-30 08:33:36,064] {dag.py:2919} INFO - Setting next_dagrun for example_bash_operator to 2022-09-29T00:00:00+00:00, run_after=2022-09-30T00:00:00+00:00
[2022-09-30 08:33:36,076] {processor.py:161} INFO - Processing /home/airflow/.local/lib/python3.7/site-packages/airflow/example_dags/example_bash_operator.py took 0.176 seconds
[2022-09-30 08:34:06,330] {processor.py:153} INFO - Started process (PID=2049) to work on /home/airflow/.local/lib/python3.7/site-packages/airflow/example_dags/example_bash_operator.py
[2022-09-30 08:34:06,330] {processor.py:641} INFO - Processing file /home/airflow/.local/lib/python3.7/site-packages/airflow/example_dags/example_bash_operator.py for tasks to queue
[2022-09-30 08:34:06,331] {logging_mixin.py:115} INFO - [2022-09-30 08:34:06,331] {dagbag.py:507} INFO - Filling up the DagBag from /home/airflow/.local/lib/python3.7/site-packages/airflow/example_dags/example_bash_operator.py
[2022-09-30 08:34:06,463] {processor.py:651} INFO - DAG(s) dict_keys(['example_bash_operator']) retrieved from /home/airflow/.local/lib/python3.7/site-packages/airflow/example_dags/example_bash_operator.py
[2022-09-30 08:34:06,483] {logging_mixin.py:115} INFO - [2022-09-30 08:34:06,483] {dag.py:2371} INFO - Sync 1 DAGs
[2022-09-30 08:34:06,504] {logging_mixin.py:115} INFO - [2022-09-30 08:34:06,504] {dag.py:2919} INFO - Setting next_dagrun for example_bash_operator to 2022-09-29T00:00:00+00:00, run_after=2022-09-30T00:00:00+00:00
[2022-09-30 08:34:06,516] {processor.py:161} INFO - Processing /home/airflow/.local/lib/python3.7/site-packages/airflow/example_dags/example_bash_operator.py took 0.190 seconds
[2022-09-30 08:34:36,657] {processor.py:153} INFO - Started process (PID=2111) to work on /home/airflow/.local/lib/python3.7/site-packages/airflow/example_dags/example_bash_operator.py
[2022-09-30 08:34:36,658] {processor.py:641} INFO - Processing file /home/airflow/.local/lib/python3.7/site-packages/airflow/example_dags/example_bash_operator.py for tasks to queue
[2022-09-30 08:34:36,658] {logging_mixin.py:115} INFO - [2022-09-30 08:34:36,658] {dagbag.py:507} INFO - Filling up the DagBag from /home/airflow/.local/lib/python3.7/site-packages/airflow/example_dags/example_bash_operator.py
[2022-09-30 08:34:36,774] {processor.py:651} INFO - DAG(s) dict_keys(['example_bash_operator']) retrieved from /home/airflow/.local/lib/python3.7/site-packages/airflow/example_dags/example_bash_operator.py
[2022-09-30 08:34:36,796] {logging_mixin.py:115} INFO - [2022-09-30 08:34:36,796] {dag.py:2371} INFO - Sync 1 DAGs
[2022-09-30 08:34:36,818] {logging_mixin.py:115} INFO - [2022-09-30 08:34:36,818] {dag.py:2919} INFO - Setting next_dagrun for example_bash_operator to 2022-09-29T00:00:00+00:00, run_after=2022-09-30T00:00:00+00:00
[2022-09-30 08:34:36,832] {processor.py:161} INFO - Processing /home/airflow/.local/lib/python3.7/site-packages/airflow/example_dags/example_bash_operator.py took 0.178 seconds
