[2022-09-30 08:15:12,478] {processor.py:153} INFO - Started process (PID=81) to work on /home/airflow/.local/lib/python3.7/site-packages/airflow/example_dags/example_xcomargs.py
[2022-09-30 08:15:12,479] {processor.py:641} INFO - Processing file /home/airflow/.local/lib/python3.7/site-packages/airflow/example_dags/example_xcomargs.py for tasks to queue
[2022-09-30 08:15:12,480] {logging_mixin.py:115} INFO - [2022-09-30 08:15:12,480] {dagbag.py:507} INFO - Filling up the DagBag from /home/airflow/.local/lib/python3.7/site-packages/airflow/example_dags/example_xcomargs.py
[2022-09-30 08:15:12,504] {processor.py:651} INFO - DAG(s) dict_keys(['example_xcom_args', 'example_xcom_args_with_operators']) retrieved from /home/airflow/.local/lib/python3.7/site-packages/airflow/example_dags/example_xcomargs.py
[2022-09-30 08:15:12,733] {logging_mixin.py:115} INFO - [2022-09-30 08:15:12,733] {manager.py:508} INFO - Created Permission View: can delete on DAG:example_xcom_args
[2022-09-30 08:15:12,745] {logging_mixin.py:115} INFO - [2022-09-30 08:15:12,745] {manager.py:508} INFO - Created Permission View: can edit on DAG:example_xcom_args
[2022-09-30 08:15:12,755] {logging_mixin.py:115} INFO - [2022-09-30 08:15:12,755] {manager.py:508} INFO - Created Permission View: can read on DAG:example_xcom_args
[2022-09-30 08:15:12,774] {logging_mixin.py:115} INFO - [2022-09-30 08:15:12,774] {manager.py:508} INFO - Created Permission View: can delete on DAG:example_xcom_args_with_operators
[2022-09-30 08:15:12,783] {logging_mixin.py:115} INFO - [2022-09-30 08:15:12,783] {manager.py:508} INFO - Created Permission View: can edit on DAG:example_xcom_args_with_operators
[2022-09-30 08:15:12,791] {logging_mixin.py:115} INFO - [2022-09-30 08:15:12,791] {manager.py:508} INFO - Created Permission View: can read on DAG:example_xcom_args_with_operators
[2022-09-30 08:15:12,791] {logging_mixin.py:115} INFO - [2022-09-30 08:15:12,791] {dag.py:2371} INFO - Sync 2 DAGs
[2022-09-30 08:15:12,802] {logging_mixin.py:115} INFO - [2022-09-30 08:15:12,802] {dag.py:2390} INFO - Creating ORM DAG for example_xcom_args
[2022-09-30 08:15:12,803] {logging_mixin.py:115} INFO - [2022-09-30 08:15:12,803] {dag.py:2390} INFO - Creating ORM DAG for example_xcom_args_with_operators
[2022-09-30 08:15:12,821] {logging_mixin.py:115} INFO - [2022-09-30 08:15:12,821] {dag.py:2919} INFO - Setting next_dagrun for example_xcom_args to None, run_after=None
[2022-09-30 08:15:12,822] {logging_mixin.py:115} INFO - [2022-09-30 08:15:12,822] {dag.py:2919} INFO - Setting next_dagrun for example_xcom_args_with_operators to None, run_after=None
[2022-09-30 08:15:12,844] {processor.py:161} INFO - Processing /home/airflow/.local/lib/python3.7/site-packages/airflow/example_dags/example_xcomargs.py took 0.369 seconds
[2022-09-30 08:15:43,144] {processor.py:153} INFO - Started process (PID=142) to work on /home/airflow/.local/lib/python3.7/site-packages/airflow/example_dags/example_xcomargs.py
[2022-09-30 08:15:43,145] {processor.py:641} INFO - Processing file /home/airflow/.local/lib/python3.7/site-packages/airflow/example_dags/example_xcomargs.py for tasks to queue
[2022-09-30 08:15:43,146] {logging_mixin.py:115} INFO - [2022-09-30 08:15:43,145] {dagbag.py:507} INFO - Filling up the DagBag from /home/airflow/.local/lib/python3.7/site-packages/airflow/example_dags/example_xcomargs.py
[2022-09-30 08:15:43,166] {processor.py:651} INFO - DAG(s) dict_keys(['example_xcom_args', 'example_xcom_args_with_operators']) retrieved from /home/airflow/.local/lib/python3.7/site-packages/airflow/example_dags/example_xcomargs.py
[2022-09-30 08:15:43,327] {logging_mixin.py:115} INFO - [2022-09-30 08:15:43,327] {dag.py:2371} INFO - Sync 2 DAGs
[2022-09-30 08:15:43,344] {logging_mixin.py:115} INFO - [2022-09-30 08:15:43,344] {dag.py:2919} INFO - Setting next_dagrun for example_xcom_args to None, run_after=None
[2022-09-30 08:15:43,345] {logging_mixin.py:115} INFO - [2022-09-30 08:15:43,345] {dag.py:2919} INFO - Setting next_dagrun for example_xcom_args_with_operators to None, run_after=None
[2022-09-30 08:15:43,359] {processor.py:161} INFO - Processing /home/airflow/.local/lib/python3.7/site-packages/airflow/example_dags/example_xcomargs.py took 0.218 seconds
[2022-09-30 08:16:44,840] {processor.py:153} INFO - Started process (PID=82) to work on /home/airflow/.local/lib/python3.7/site-packages/airflow/example_dags/example_xcomargs.py
[2022-09-30 08:16:44,841] {processor.py:641} INFO - Processing file /home/airflow/.local/lib/python3.7/site-packages/airflow/example_dags/example_xcomargs.py for tasks to queue
[2022-09-30 08:16:44,842] {logging_mixin.py:115} INFO - [2022-09-30 08:16:44,842] {dagbag.py:507} INFO - Filling up the DagBag from /home/airflow/.local/lib/python3.7/site-packages/airflow/example_dags/example_xcomargs.py
[2022-09-30 08:16:44,867] {processor.py:651} INFO - DAG(s) dict_keys(['example_xcom_args', 'example_xcom_args_with_operators']) retrieved from /home/airflow/.local/lib/python3.7/site-packages/airflow/example_dags/example_xcomargs.py
[2022-09-30 08:16:45,110] {logging_mixin.py:115} INFO - [2022-09-30 08:16:45,110] {dag.py:2371} INFO - Sync 2 DAGs
[2022-09-30 08:16:45,127] {logging_mixin.py:115} INFO - [2022-09-30 08:16:45,127] {dag.py:2919} INFO - Setting next_dagrun for example_xcom_args to None, run_after=None
[2022-09-30 08:16:45,128] {logging_mixin.py:115} INFO - [2022-09-30 08:16:45,128] {dag.py:2919} INFO - Setting next_dagrun for example_xcom_args_with_operators to None, run_after=None
[2022-09-30 08:16:45,141] {processor.py:161} INFO - Processing /home/airflow/.local/lib/python3.7/site-packages/airflow/example_dags/example_xcomargs.py took 0.305 seconds
[2022-09-30 08:17:16,491] {processor.py:153} INFO - Started process (PID=143) to work on /home/airflow/.local/lib/python3.7/site-packages/airflow/example_dags/example_xcomargs.py
[2022-09-30 08:17:16,493] {processor.py:641} INFO - Processing file /home/airflow/.local/lib/python3.7/site-packages/airflow/example_dags/example_xcomargs.py for tasks to queue
[2022-09-30 08:17:16,495] {logging_mixin.py:115} INFO - [2022-09-30 08:17:16,495] {dagbag.py:507} INFO - Filling up the DagBag from /home/airflow/.local/lib/python3.7/site-packages/airflow/example_dags/example_xcomargs.py
[2022-09-30 08:17:16,514] {processor.py:651} INFO - DAG(s) dict_keys(['example_xcom_args', 'example_xcom_args_with_operators']) retrieved from /home/airflow/.local/lib/python3.7/site-packages/airflow/example_dags/example_xcomargs.py
[2022-09-30 08:17:16,718] {logging_mixin.py:115} INFO - [2022-09-30 08:17:16,718] {dag.py:2371} INFO - Sync 2 DAGs
[2022-09-30 08:17:16,738] {logging_mixin.py:115} INFO - [2022-09-30 08:17:16,738] {dag.py:2919} INFO - Setting next_dagrun for example_xcom_args to None, run_after=None
[2022-09-30 08:17:16,739] {logging_mixin.py:115} INFO - [2022-09-30 08:17:16,739] {dag.py:2919} INFO - Setting next_dagrun for example_xcom_args_with_operators to None, run_after=None
[2022-09-30 08:17:16,754] {processor.py:161} INFO - Processing /home/airflow/.local/lib/python3.7/site-packages/airflow/example_dags/example_xcomargs.py took 0.266 seconds
[2022-09-30 08:17:46,805] {processor.py:153} INFO - Started process (PID=195) to work on /home/airflow/.local/lib/python3.7/site-packages/airflow/example_dags/example_xcomargs.py
[2022-09-30 08:17:46,805] {processor.py:641} INFO - Processing file /home/airflow/.local/lib/python3.7/site-packages/airflow/example_dags/example_xcomargs.py for tasks to queue
[2022-09-30 08:17:46,806] {logging_mixin.py:115} INFO - [2022-09-30 08:17:46,806] {dagbag.py:507} INFO - Filling up the DagBag from /home/airflow/.local/lib/python3.7/site-packages/airflow/example_dags/example_xcomargs.py
[2022-09-30 08:17:46,826] {processor.py:651} INFO - DAG(s) dict_keys(['example_xcom_args', 'example_xcom_args_with_operators']) retrieved from /home/airflow/.local/lib/python3.7/site-packages/airflow/example_dags/example_xcomargs.py
[2022-09-30 08:17:47,047] {logging_mixin.py:115} INFO - [2022-09-30 08:17:47,046] {dag.py:2371} INFO - Sync 2 DAGs
[2022-09-30 08:17:47,068] {logging_mixin.py:115} INFO - [2022-09-30 08:17:47,068] {dag.py:2919} INFO - Setting next_dagrun for example_xcom_args to None, run_after=None
[2022-09-30 08:17:47,069] {logging_mixin.py:115} INFO - [2022-09-30 08:17:47,069] {dag.py:2919} INFO - Setting next_dagrun for example_xcom_args_with_operators to None, run_after=None
[2022-09-30 08:17:47,083] {processor.py:161} INFO - Processing /home/airflow/.local/lib/python3.7/site-packages/airflow/example_dags/example_xcomargs.py took 0.281 seconds
[2022-09-30 08:18:17,200] {processor.py:153} INFO - Started process (PID=256) to work on /home/airflow/.local/lib/python3.7/site-packages/airflow/example_dags/example_xcomargs.py
[2022-09-30 08:18:17,201] {processor.py:641} INFO - Processing file /home/airflow/.local/lib/python3.7/site-packages/airflow/example_dags/example_xcomargs.py for tasks to queue
[2022-09-30 08:18:17,201] {logging_mixin.py:115} INFO - [2022-09-30 08:18:17,201] {dagbag.py:507} INFO - Filling up the DagBag from /home/airflow/.local/lib/python3.7/site-packages/airflow/example_dags/example_xcomargs.py
[2022-09-30 08:18:17,220] {processor.py:651} INFO - DAG(s) dict_keys(['example_xcom_args', 'example_xcom_args_with_operators']) retrieved from /home/airflow/.local/lib/python3.7/site-packages/airflow/example_dags/example_xcomargs.py
[2022-09-30 08:18:17,415] {logging_mixin.py:115} INFO - [2022-09-30 08:18:17,415] {dag.py:2371} INFO - Sync 2 DAGs
[2022-09-30 08:18:17,438] {logging_mixin.py:115} INFO - [2022-09-30 08:18:17,438] {dag.py:2919} INFO - Setting next_dagrun for example_xcom_args to None, run_after=None
[2022-09-30 08:18:17,438] {logging_mixin.py:115} INFO - [2022-09-30 08:18:17,438] {dag.py:2919} INFO - Setting next_dagrun for example_xcom_args_with_operators to None, run_after=None
[2022-09-30 08:18:17,452] {processor.py:161} INFO - Processing /home/airflow/.local/lib/python3.7/site-packages/airflow/example_dags/example_xcomargs.py took 0.255 seconds
[2022-09-30 08:18:47,742] {processor.py:153} INFO - Started process (PID=317) to work on /home/airflow/.local/lib/python3.7/site-packages/airflow/example_dags/example_xcomargs.py
[2022-09-30 08:18:47,743] {processor.py:641} INFO - Processing file /home/airflow/.local/lib/python3.7/site-packages/airflow/example_dags/example_xcomargs.py for tasks to queue
[2022-09-30 08:18:47,744] {logging_mixin.py:115} INFO - [2022-09-30 08:18:47,744] {dagbag.py:507} INFO - Filling up the DagBag from /home/airflow/.local/lib/python3.7/site-packages/airflow/example_dags/example_xcomargs.py
[2022-09-30 08:18:47,765] {processor.py:651} INFO - DAG(s) dict_keys(['example_xcom_args', 'example_xcom_args_with_operators']) retrieved from /home/airflow/.local/lib/python3.7/site-packages/airflow/example_dags/example_xcomargs.py
[2022-09-30 08:18:47,956] {logging_mixin.py:115} INFO - [2022-09-30 08:18:47,956] {dag.py:2371} INFO - Sync 2 DAGs
[2022-09-30 08:18:47,976] {logging_mixin.py:115} INFO - [2022-09-30 08:18:47,975] {dag.py:2919} INFO - Setting next_dagrun for example_xcom_args to None, run_after=None
[2022-09-30 08:18:47,976] {logging_mixin.py:115} INFO - [2022-09-30 08:18:47,976] {dag.py:2919} INFO - Setting next_dagrun for example_xcom_args_with_operators to None, run_after=None
[2022-09-30 08:18:47,988] {processor.py:161} INFO - Processing /home/airflow/.local/lib/python3.7/site-packages/airflow/example_dags/example_xcomargs.py took 0.249 seconds
[2022-09-30 08:19:18,574] {processor.py:153} INFO - Started process (PID=369) to work on /home/airflow/.local/lib/python3.7/site-packages/airflow/example_dags/example_xcomargs.py
[2022-09-30 08:19:18,575] {processor.py:641} INFO - Processing file /home/airflow/.local/lib/python3.7/site-packages/airflow/example_dags/example_xcomargs.py for tasks to queue
[2022-09-30 08:19:18,576] {logging_mixin.py:115} INFO - [2022-09-30 08:19:18,576] {dagbag.py:507} INFO - Filling up the DagBag from /home/airflow/.local/lib/python3.7/site-packages/airflow/example_dags/example_xcomargs.py
[2022-09-30 08:19:18,593] {processor.py:651} INFO - DAG(s) dict_keys(['example_xcom_args', 'example_xcom_args_with_operators']) retrieved from /home/airflow/.local/lib/python3.7/site-packages/airflow/example_dags/example_xcomargs.py
[2022-09-30 08:19:18,790] {logging_mixin.py:115} INFO - [2022-09-30 08:19:18,790] {dag.py:2371} INFO - Sync 2 DAGs
[2022-09-30 08:19:18,816] {logging_mixin.py:115} INFO - [2022-09-30 08:19:18,816] {dag.py:2919} INFO - Setting next_dagrun for example_xcom_args to None, run_after=None
[2022-09-30 08:19:18,817] {logging_mixin.py:115} INFO - [2022-09-30 08:19:18,817] {dag.py:2919} INFO - Setting next_dagrun for example_xcom_args_with_operators to None, run_after=None
[2022-09-30 08:19:18,829] {processor.py:161} INFO - Processing /home/airflow/.local/lib/python3.7/site-packages/airflow/example_dags/example_xcomargs.py took 0.258 seconds
[2022-09-30 08:19:49,574] {processor.py:153} INFO - Started process (PID=430) to work on /home/airflow/.local/lib/python3.7/site-packages/airflow/example_dags/example_xcomargs.py
[2022-09-30 08:19:49,575] {processor.py:641} INFO - Processing file /home/airflow/.local/lib/python3.7/site-packages/airflow/example_dags/example_xcomargs.py for tasks to queue
[2022-09-30 08:19:49,577] {logging_mixin.py:115} INFO - [2022-09-30 08:19:49,577] {dagbag.py:507} INFO - Filling up the DagBag from /home/airflow/.local/lib/python3.7/site-packages/airflow/example_dags/example_xcomargs.py
[2022-09-30 08:19:49,594] {processor.py:651} INFO - DAG(s) dict_keys(['example_xcom_args', 'example_xcom_args_with_operators']) retrieved from /home/airflow/.local/lib/python3.7/site-packages/airflow/example_dags/example_xcomargs.py
[2022-09-30 08:19:49,795] {logging_mixin.py:115} INFO - [2022-09-30 08:19:49,795] {dag.py:2371} INFO - Sync 2 DAGs
[2022-09-30 08:19:49,814] {logging_mixin.py:115} INFO - [2022-09-30 08:19:49,814] {dag.py:2919} INFO - Setting next_dagrun for example_xcom_args to None, run_after=None
[2022-09-30 08:19:49,815] {logging_mixin.py:115} INFO - [2022-09-30 08:19:49,815] {dag.py:2919} INFO - Setting next_dagrun for example_xcom_args_with_operators to None, run_after=None
[2022-09-30 08:19:49,828] {processor.py:161} INFO - Processing /home/airflow/.local/lib/python3.7/site-packages/airflow/example_dags/example_xcomargs.py took 0.258 seconds
[2022-09-30 08:20:20,080] {processor.py:153} INFO - Started process (PID=494) to work on /home/airflow/.local/lib/python3.7/site-packages/airflow/example_dags/example_xcomargs.py
[2022-09-30 08:20:20,080] {processor.py:641} INFO - Processing file /home/airflow/.local/lib/python3.7/site-packages/airflow/example_dags/example_xcomargs.py for tasks to queue
[2022-09-30 08:20:20,081] {logging_mixin.py:115} INFO - [2022-09-30 08:20:20,081] {dagbag.py:507} INFO - Filling up the DagBag from /home/airflow/.local/lib/python3.7/site-packages/airflow/example_dags/example_xcomargs.py
[2022-09-30 08:20:20,100] {processor.py:651} INFO - DAG(s) dict_keys(['example_xcom_args', 'example_xcom_args_with_operators']) retrieved from /home/airflow/.local/lib/python3.7/site-packages/airflow/example_dags/example_xcomargs.py
[2022-09-30 08:20:20,265] {logging_mixin.py:115} INFO - [2022-09-30 08:20:20,265] {dag.py:2371} INFO - Sync 2 DAGs
[2022-09-30 08:20:20,282] {logging_mixin.py:115} INFO - [2022-09-30 08:20:20,282] {dag.py:2919} INFO - Setting next_dagrun for example_xcom_args to None, run_after=None
[2022-09-30 08:20:20,282] {logging_mixin.py:115} INFO - [2022-09-30 08:20:20,282] {dag.py:2919} INFO - Setting next_dagrun for example_xcom_args_with_operators to None, run_after=None
[2022-09-30 08:20:20,294] {processor.py:161} INFO - Processing /home/airflow/.local/lib/python3.7/site-packages/airflow/example_dags/example_xcomargs.py took 0.218 seconds
[2022-09-30 08:20:51,071] {processor.py:153} INFO - Started process (PID=544) to work on /home/airflow/.local/lib/python3.7/site-packages/airflow/example_dags/example_xcomargs.py
[2022-09-30 08:20:51,071] {processor.py:641} INFO - Processing file /home/airflow/.local/lib/python3.7/site-packages/airflow/example_dags/example_xcomargs.py for tasks to queue
[2022-09-30 08:20:51,072] {logging_mixin.py:115} INFO - [2022-09-30 08:20:51,072] {dagbag.py:507} INFO - Filling up the DagBag from /home/airflow/.local/lib/python3.7/site-packages/airflow/example_dags/example_xcomargs.py
[2022-09-30 08:20:51,089] {processor.py:651} INFO - DAG(s) dict_keys(['example_xcom_args', 'example_xcom_args_with_operators']) retrieved from /home/airflow/.local/lib/python3.7/site-packages/airflow/example_dags/example_xcomargs.py
[2022-09-30 08:20:51,253] {logging_mixin.py:115} INFO - [2022-09-30 08:20:51,253] {dag.py:2371} INFO - Sync 2 DAGs
[2022-09-30 08:20:51,271] {logging_mixin.py:115} INFO - [2022-09-30 08:20:51,271] {dag.py:2919} INFO - Setting next_dagrun for example_xcom_args to None, run_after=None
[2022-09-30 08:20:51,272] {logging_mixin.py:115} INFO - [2022-09-30 08:20:51,272] {dag.py:2919} INFO - Setting next_dagrun for example_xcom_args_with_operators to None, run_after=None
[2022-09-30 08:20:51,284] {processor.py:161} INFO - Processing /home/airflow/.local/lib/python3.7/site-packages/airflow/example_dags/example_xcomargs.py took 0.216 seconds
[2022-09-30 08:21:21,849] {processor.py:153} INFO - Started process (PID=605) to work on /home/airflow/.local/lib/python3.7/site-packages/airflow/example_dags/example_xcomargs.py
[2022-09-30 08:21:21,849] {processor.py:641} INFO - Processing file /home/airflow/.local/lib/python3.7/site-packages/airflow/example_dags/example_xcomargs.py for tasks to queue
[2022-09-30 08:21:21,850] {logging_mixin.py:115} INFO - [2022-09-30 08:21:21,850] {dagbag.py:507} INFO - Filling up the DagBag from /home/airflow/.local/lib/python3.7/site-packages/airflow/example_dags/example_xcomargs.py
[2022-09-30 08:21:21,870] {processor.py:651} INFO - DAG(s) dict_keys(['example_xcom_args', 'example_xcom_args_with_operators']) retrieved from /home/airflow/.local/lib/python3.7/site-packages/airflow/example_dags/example_xcomargs.py
[2022-09-30 08:21:22,059] {logging_mixin.py:115} INFO - [2022-09-30 08:21:22,059] {dag.py:2371} INFO - Sync 2 DAGs
[2022-09-30 08:21:22,076] {logging_mixin.py:115} INFO - [2022-09-30 08:21:22,076] {dag.py:2919} INFO - Setting next_dagrun for example_xcom_args to None, run_after=None
[2022-09-30 08:21:22,077] {logging_mixin.py:115} INFO - [2022-09-30 08:21:22,077] {dag.py:2919} INFO - Setting next_dagrun for example_xcom_args_with_operators to None, run_after=None
[2022-09-30 08:21:22,089] {processor.py:161} INFO - Processing /home/airflow/.local/lib/python3.7/site-packages/airflow/example_dags/example_xcomargs.py took 0.244 seconds
[2022-09-30 08:21:52,995] {processor.py:153} INFO - Started process (PID=666) to work on /home/airflow/.local/lib/python3.7/site-packages/airflow/example_dags/example_xcomargs.py
[2022-09-30 08:21:52,996] {processor.py:641} INFO - Processing file /home/airflow/.local/lib/python3.7/site-packages/airflow/example_dags/example_xcomargs.py for tasks to queue
[2022-09-30 08:21:52,997] {logging_mixin.py:115} INFO - [2022-09-30 08:21:52,996] {dagbag.py:507} INFO - Filling up the DagBag from /home/airflow/.local/lib/python3.7/site-packages/airflow/example_dags/example_xcomargs.py
[2022-09-30 08:21:53,019] {processor.py:651} INFO - DAG(s) dict_keys(['example_xcom_args', 'example_xcom_args_with_operators']) retrieved from /home/airflow/.local/lib/python3.7/site-packages/airflow/example_dags/example_xcomargs.py
[2022-09-30 08:21:53,191] {logging_mixin.py:115} INFO - [2022-09-30 08:21:53,191] {dag.py:2371} INFO - Sync 2 DAGs
[2022-09-30 08:21:53,209] {logging_mixin.py:115} INFO - [2022-09-30 08:21:53,209] {dag.py:2919} INFO - Setting next_dagrun for example_xcom_args to None, run_after=None
[2022-09-30 08:21:53,210] {logging_mixin.py:115} INFO - [2022-09-30 08:21:53,209] {dag.py:2919} INFO - Setting next_dagrun for example_xcom_args_with_operators to None, run_after=None
[2022-09-30 08:21:53,222] {processor.py:161} INFO - Processing /home/airflow/.local/lib/python3.7/site-packages/airflow/example_dags/example_xcomargs.py took 0.231 seconds
[2022-09-30 08:22:24,352] {processor.py:153} INFO - Started process (PID=729) to work on /home/airflow/.local/lib/python3.7/site-packages/airflow/example_dags/example_xcomargs.py
[2022-09-30 08:22:24,352] {processor.py:641} INFO - Processing file /home/airflow/.local/lib/python3.7/site-packages/airflow/example_dags/example_xcomargs.py for tasks to queue
[2022-09-30 08:22:24,353] {logging_mixin.py:115} INFO - [2022-09-30 08:22:24,353] {dagbag.py:507} INFO - Filling up the DagBag from /home/airflow/.local/lib/python3.7/site-packages/airflow/example_dags/example_xcomargs.py
[2022-09-30 08:22:24,377] {processor.py:651} INFO - DAG(s) dict_keys(['example_xcom_args', 'example_xcom_args_with_operators']) retrieved from /home/airflow/.local/lib/python3.7/site-packages/airflow/example_dags/example_xcomargs.py
[2022-09-30 08:22:24,515] {logging_mixin.py:115} INFO - [2022-09-30 08:22:24,515] {dag.py:2371} INFO - Sync 2 DAGs
[2022-09-30 08:22:24,534] {logging_mixin.py:115} INFO - [2022-09-30 08:22:24,534] {dag.py:2919} INFO - Setting next_dagrun for example_xcom_args to None, run_after=None
[2022-09-30 08:22:24,535] {logging_mixin.py:115} INFO - [2022-09-30 08:22:24,535] {dag.py:2919} INFO - Setting next_dagrun for example_xcom_args_with_operators to None, run_after=None
[2022-09-30 08:22:24,549] {processor.py:161} INFO - Processing /home/airflow/.local/lib/python3.7/site-packages/airflow/example_dags/example_xcomargs.py took 0.200 seconds
[2022-09-30 08:22:54,580] {processor.py:153} INFO - Started process (PID=781) to work on /home/airflow/.local/lib/python3.7/site-packages/airflow/example_dags/example_xcomargs.py
[2022-09-30 08:22:54,580] {processor.py:641} INFO - Processing file /home/airflow/.local/lib/python3.7/site-packages/airflow/example_dags/example_xcomargs.py for tasks to queue
[2022-09-30 08:22:54,581] {logging_mixin.py:115} INFO - [2022-09-30 08:22:54,581] {dagbag.py:507} INFO - Filling up the DagBag from /home/airflow/.local/lib/python3.7/site-packages/airflow/example_dags/example_xcomargs.py
[2022-09-30 08:22:54,608] {processor.py:651} INFO - DAG(s) dict_keys(['example_xcom_args', 'example_xcom_args_with_operators']) retrieved from /home/airflow/.local/lib/python3.7/site-packages/airflow/example_dags/example_xcomargs.py
[2022-09-30 08:22:54,758] {logging_mixin.py:115} INFO - [2022-09-30 08:22:54,758] {dag.py:2371} INFO - Sync 2 DAGs
[2022-09-30 08:22:54,778] {logging_mixin.py:115} INFO - [2022-09-30 08:22:54,778] {dag.py:2919} INFO - Setting next_dagrun for example_xcom_args to None, run_after=None
[2022-09-30 08:22:54,778] {logging_mixin.py:115} INFO - [2022-09-30 08:22:54,778] {dag.py:2919} INFO - Setting next_dagrun for example_xcom_args_with_operators to None, run_after=None
[2022-09-30 08:22:54,790] {processor.py:161} INFO - Processing /home/airflow/.local/lib/python3.7/site-packages/airflow/example_dags/example_xcomargs.py took 0.213 seconds
[2022-09-30 08:23:25,013] {processor.py:153} INFO - Started process (PID=842) to work on /home/airflow/.local/lib/python3.7/site-packages/airflow/example_dags/example_xcomargs.py
[2022-09-30 08:23:25,014] {processor.py:641} INFO - Processing file /home/airflow/.local/lib/python3.7/site-packages/airflow/example_dags/example_xcomargs.py for tasks to queue
[2022-09-30 08:23:25,015] {logging_mixin.py:115} INFO - [2022-09-30 08:23:25,015] {dagbag.py:507} INFO - Filling up the DagBag from /home/airflow/.local/lib/python3.7/site-packages/airflow/example_dags/example_xcomargs.py
[2022-09-30 08:23:25,040] {processor.py:651} INFO - DAG(s) dict_keys(['example_xcom_args', 'example_xcom_args_with_operators']) retrieved from /home/airflow/.local/lib/python3.7/site-packages/airflow/example_dags/example_xcomargs.py
[2022-09-30 08:23:25,156] {logging_mixin.py:115} INFO - [2022-09-30 08:23:25,156] {dag.py:2371} INFO - Sync 2 DAGs
[2022-09-30 08:23:25,173] {logging_mixin.py:115} INFO - [2022-09-30 08:23:25,173] {dag.py:2919} INFO - Setting next_dagrun for example_xcom_args to None, run_after=None
[2022-09-30 08:23:25,173] {logging_mixin.py:115} INFO - [2022-09-30 08:23:25,173] {dag.py:2919} INFO - Setting next_dagrun for example_xcom_args_with_operators to None, run_after=None
[2022-09-30 08:23:25,185] {processor.py:161} INFO - Processing /home/airflow/.local/lib/python3.7/site-packages/airflow/example_dags/example_xcomargs.py took 0.176 seconds
[2022-09-30 08:23:55,463] {processor.py:153} INFO - Started process (PID=894) to work on /home/airflow/.local/lib/python3.7/site-packages/airflow/example_dags/example_xcomargs.py
[2022-09-30 08:23:55,464] {processor.py:641} INFO - Processing file /home/airflow/.local/lib/python3.7/site-packages/airflow/example_dags/example_xcomargs.py for tasks to queue
[2022-09-30 08:23:55,464] {logging_mixin.py:115} INFO - [2022-09-30 08:23:55,464] {dagbag.py:507} INFO - Filling up the DagBag from /home/airflow/.local/lib/python3.7/site-packages/airflow/example_dags/example_xcomargs.py
[2022-09-30 08:23:55,484] {processor.py:651} INFO - DAG(s) dict_keys(['example_xcom_args', 'example_xcom_args_with_operators']) retrieved from /home/airflow/.local/lib/python3.7/site-packages/airflow/example_dags/example_xcomargs.py
[2022-09-30 08:23:55,604] {logging_mixin.py:115} INFO - [2022-09-30 08:23:55,604] {dag.py:2371} INFO - Sync 2 DAGs
[2022-09-30 08:23:55,622] {logging_mixin.py:115} INFO - [2022-09-30 08:23:55,621] {dag.py:2919} INFO - Setting next_dagrun for example_xcom_args to None, run_after=None
[2022-09-30 08:23:55,622] {logging_mixin.py:115} INFO - [2022-09-30 08:23:55,622] {dag.py:2919} INFO - Setting next_dagrun for example_xcom_args_with_operators to None, run_after=None
[2022-09-30 08:23:55,634] {processor.py:161} INFO - Processing /home/airflow/.local/lib/python3.7/site-packages/airflow/example_dags/example_xcomargs.py took 0.174 seconds
[2022-09-30 08:24:26,067] {processor.py:153} INFO - Started process (PID=955) to work on /home/airflow/.local/lib/python3.7/site-packages/airflow/example_dags/example_xcomargs.py
[2022-09-30 08:24:26,067] {processor.py:641} INFO - Processing file /home/airflow/.local/lib/python3.7/site-packages/airflow/example_dags/example_xcomargs.py for tasks to queue
[2022-09-30 08:24:26,068] {logging_mixin.py:115} INFO - [2022-09-30 08:24:26,068] {dagbag.py:507} INFO - Filling up the DagBag from /home/airflow/.local/lib/python3.7/site-packages/airflow/example_dags/example_xcomargs.py
[2022-09-30 08:24:26,089] {processor.py:651} INFO - DAG(s) dict_keys(['example_xcom_args', 'example_xcom_args_with_operators']) retrieved from /home/airflow/.local/lib/python3.7/site-packages/airflow/example_dags/example_xcomargs.py
[2022-09-30 08:24:26,212] {logging_mixin.py:115} INFO - [2022-09-30 08:24:26,212] {dag.py:2371} INFO - Sync 2 DAGs
[2022-09-30 08:24:26,230] {logging_mixin.py:115} INFO - [2022-09-30 08:24:26,230] {dag.py:2919} INFO - Setting next_dagrun for example_xcom_args to None, run_after=None
[2022-09-30 08:24:26,230] {logging_mixin.py:115} INFO - [2022-09-30 08:24:26,230] {dag.py:2919} INFO - Setting next_dagrun for example_xcom_args_with_operators to None, run_after=None
[2022-09-30 08:24:26,243] {processor.py:161} INFO - Processing /home/airflow/.local/lib/python3.7/site-packages/airflow/example_dags/example_xcomargs.py took 0.179 seconds
[2022-09-30 08:24:56,916] {processor.py:153} INFO - Started process (PID=1014) to work on /home/airflow/.local/lib/python3.7/site-packages/airflow/example_dags/example_xcomargs.py
[2022-09-30 08:24:56,917] {processor.py:641} INFO - Processing file /home/airflow/.local/lib/python3.7/site-packages/airflow/example_dags/example_xcomargs.py for tasks to queue
[2022-09-30 08:24:56,918] {logging_mixin.py:115} INFO - [2022-09-30 08:24:56,918] {dagbag.py:507} INFO - Filling up the DagBag from /home/airflow/.local/lib/python3.7/site-packages/airflow/example_dags/example_xcomargs.py
[2022-09-30 08:24:56,938] {processor.py:651} INFO - DAG(s) dict_keys(['example_xcom_args', 'example_xcom_args_with_operators']) retrieved from /home/airflow/.local/lib/python3.7/site-packages/airflow/example_dags/example_xcomargs.py
[2022-09-30 08:24:57,066] {logging_mixin.py:115} INFO - [2022-09-30 08:24:57,066] {dag.py:2371} INFO - Sync 2 DAGs
[2022-09-30 08:24:57,083] {logging_mixin.py:115} INFO - [2022-09-30 08:24:57,083] {dag.py:2919} INFO - Setting next_dagrun for example_xcom_args to None, run_after=None
[2022-09-30 08:24:57,084] {logging_mixin.py:115} INFO - [2022-09-30 08:24:57,084] {dag.py:2919} INFO - Setting next_dagrun for example_xcom_args_with_operators to None, run_after=None
[2022-09-30 08:24:57,094] {processor.py:161} INFO - Processing /home/airflow/.local/lib/python3.7/site-packages/airflow/example_dags/example_xcomargs.py took 0.181 seconds
[2022-09-30 08:25:27,566] {processor.py:153} INFO - Started process (PID=1068) to work on /home/airflow/.local/lib/python3.7/site-packages/airflow/example_dags/example_xcomargs.py
[2022-09-30 08:25:27,567] {processor.py:641} INFO - Processing file /home/airflow/.local/lib/python3.7/site-packages/airflow/example_dags/example_xcomargs.py for tasks to queue
[2022-09-30 08:25:27,567] {logging_mixin.py:115} INFO - [2022-09-30 08:25:27,567] {dagbag.py:507} INFO - Filling up the DagBag from /home/airflow/.local/lib/python3.7/site-packages/airflow/example_dags/example_xcomargs.py
[2022-09-30 08:25:27,587] {processor.py:651} INFO - DAG(s) dict_keys(['example_xcom_args', 'example_xcom_args_with_operators']) retrieved from /home/airflow/.local/lib/python3.7/site-packages/airflow/example_dags/example_xcomargs.py
[2022-09-30 08:25:27,710] {logging_mixin.py:115} INFO - [2022-09-30 08:25:27,710] {dag.py:2371} INFO - Sync 2 DAGs
[2022-09-30 08:25:27,730] {logging_mixin.py:115} INFO - [2022-09-30 08:25:27,729] {dag.py:2919} INFO - Setting next_dagrun for example_xcom_args to None, run_after=None
[2022-09-30 08:25:27,730] {logging_mixin.py:115} INFO - [2022-09-30 08:25:27,730] {dag.py:2919} INFO - Setting next_dagrun for example_xcom_args_with_operators to None, run_after=None
[2022-09-30 08:25:27,740] {processor.py:161} INFO - Processing /home/airflow/.local/lib/python3.7/site-packages/airflow/example_dags/example_xcomargs.py took 0.177 seconds
[2022-09-30 08:25:58,352] {processor.py:153} INFO - Started process (PID=1127) to work on /home/airflow/.local/lib/python3.7/site-packages/airflow/example_dags/example_xcomargs.py
[2022-09-30 08:25:58,352] {processor.py:641} INFO - Processing file /home/airflow/.local/lib/python3.7/site-packages/airflow/example_dags/example_xcomargs.py for tasks to queue
[2022-09-30 08:25:58,353] {logging_mixin.py:115} INFO - [2022-09-30 08:25:58,353] {dagbag.py:507} INFO - Filling up the DagBag from /home/airflow/.local/lib/python3.7/site-packages/airflow/example_dags/example_xcomargs.py
[2022-09-30 08:25:58,372] {processor.py:651} INFO - DAG(s) dict_keys(['example_xcom_args', 'example_xcom_args_with_operators']) retrieved from /home/airflow/.local/lib/python3.7/site-packages/airflow/example_dags/example_xcomargs.py
[2022-09-30 08:25:58,493] {logging_mixin.py:115} INFO - [2022-09-30 08:25:58,493] {dag.py:2371} INFO - Sync 2 DAGs
[2022-09-30 08:25:58,512] {logging_mixin.py:115} INFO - [2022-09-30 08:25:58,512] {dag.py:2919} INFO - Setting next_dagrun for example_xcom_args to None, run_after=None
[2022-09-30 08:25:58,513] {logging_mixin.py:115} INFO - [2022-09-30 08:25:58,513] {dag.py:2919} INFO - Setting next_dagrun for example_xcom_args_with_operators to None, run_after=None
[2022-09-30 08:25:58,540] {processor.py:161} INFO - Processing /home/airflow/.local/lib/python3.7/site-packages/airflow/example_dags/example_xcomargs.py took 0.191 seconds
[2022-09-30 08:26:29,009] {processor.py:153} INFO - Started process (PID=1188) to work on /home/airflow/.local/lib/python3.7/site-packages/airflow/example_dags/example_xcomargs.py
[2022-09-30 08:26:29,010] {processor.py:641} INFO - Processing file /home/airflow/.local/lib/python3.7/site-packages/airflow/example_dags/example_xcomargs.py for tasks to queue
[2022-09-30 08:26:29,011] {logging_mixin.py:115} INFO - [2022-09-30 08:26:29,011] {dagbag.py:507} INFO - Filling up the DagBag from /home/airflow/.local/lib/python3.7/site-packages/airflow/example_dags/example_xcomargs.py
[2022-09-30 08:26:29,033] {processor.py:651} INFO - DAG(s) dict_keys(['example_xcom_args', 'example_xcom_args_with_operators']) retrieved from /home/airflow/.local/lib/python3.7/site-packages/airflow/example_dags/example_xcomargs.py
[2022-09-30 08:26:29,155] {logging_mixin.py:115} INFO - [2022-09-30 08:26:29,155] {dag.py:2371} INFO - Sync 2 DAGs
[2022-09-30 08:26:29,173] {logging_mixin.py:115} INFO - [2022-09-30 08:26:29,173] {dag.py:2919} INFO - Setting next_dagrun for example_xcom_args to None, run_after=None
[2022-09-30 08:26:29,174] {logging_mixin.py:115} INFO - [2022-09-30 08:26:29,174] {dag.py:2919} INFO - Setting next_dagrun for example_xcom_args_with_operators to None, run_after=None
[2022-09-30 08:26:29,186] {processor.py:161} INFO - Processing /home/airflow/.local/lib/python3.7/site-packages/airflow/example_dags/example_xcomargs.py took 0.180 seconds
[2022-09-30 08:26:59,224] {processor.py:153} INFO - Started process (PID=1242) to work on /home/airflow/.local/lib/python3.7/site-packages/airflow/example_dags/example_xcomargs.py
[2022-09-30 08:26:59,225] {processor.py:641} INFO - Processing file /home/airflow/.local/lib/python3.7/site-packages/airflow/example_dags/example_xcomargs.py for tasks to queue
[2022-09-30 08:26:59,226] {logging_mixin.py:115} INFO - [2022-09-30 08:26:59,226] {dagbag.py:507} INFO - Filling up the DagBag from /home/airflow/.local/lib/python3.7/site-packages/airflow/example_dags/example_xcomargs.py
[2022-09-30 08:26:59,246] {processor.py:651} INFO - DAG(s) dict_keys(['example_xcom_args', 'example_xcom_args_with_operators']) retrieved from /home/airflow/.local/lib/python3.7/site-packages/airflow/example_dags/example_xcomargs.py
[2022-09-30 08:26:59,309] {logging_mixin.py:115} INFO - [2022-09-30 08:26:59,309] {dag.py:2371} INFO - Sync 2 DAGs
[2022-09-30 08:26:59,329] {logging_mixin.py:115} INFO - [2022-09-30 08:26:59,329] {dag.py:2919} INFO - Setting next_dagrun for example_xcom_args to None, run_after=None
[2022-09-30 08:26:59,329] {logging_mixin.py:115} INFO - [2022-09-30 08:26:59,329] {dag.py:2919} INFO - Setting next_dagrun for example_xcom_args_with_operators to None, run_after=None
[2022-09-30 08:26:59,344] {processor.py:161} INFO - Processing /home/airflow/.local/lib/python3.7/site-packages/airflow/example_dags/example_xcomargs.py took 0.124 seconds
[2022-09-30 08:27:29,449] {processor.py:153} INFO - Started process (PID=1301) to work on /home/airflow/.local/lib/python3.7/site-packages/airflow/example_dags/example_xcomargs.py
[2022-09-30 08:27:29,449] {processor.py:641} INFO - Processing file /home/airflow/.local/lib/python3.7/site-packages/airflow/example_dags/example_xcomargs.py for tasks to queue
[2022-09-30 08:27:29,450] {logging_mixin.py:115} INFO - [2022-09-30 08:27:29,450] {dagbag.py:507} INFO - Filling up the DagBag from /home/airflow/.local/lib/python3.7/site-packages/airflow/example_dags/example_xcomargs.py
[2022-09-30 08:27:29,471] {processor.py:651} INFO - DAG(s) dict_keys(['example_xcom_args', 'example_xcom_args_with_operators']) retrieved from /home/airflow/.local/lib/python3.7/site-packages/airflow/example_dags/example_xcomargs.py
[2022-09-30 08:27:29,499] {logging_mixin.py:115} INFO - [2022-09-30 08:27:29,499] {dag.py:2371} INFO - Sync 2 DAGs
[2022-09-30 08:27:29,522] {logging_mixin.py:115} INFO - [2022-09-30 08:27:29,522] {dag.py:2919} INFO - Setting next_dagrun for example_xcom_args to None, run_after=None
[2022-09-30 08:27:29,523] {logging_mixin.py:115} INFO - [2022-09-30 08:27:29,523] {dag.py:2919} INFO - Setting next_dagrun for example_xcom_args_with_operators to None, run_after=None
[2022-09-30 08:27:29,536] {processor.py:161} INFO - Processing /home/airflow/.local/lib/python3.7/site-packages/airflow/example_dags/example_xcomargs.py took 0.090 seconds
[2022-09-30 08:28:00,402] {processor.py:153} INFO - Started process (PID=1362) to work on /home/airflow/.local/lib/python3.7/site-packages/airflow/example_dags/example_xcomargs.py
[2022-09-30 08:28:00,403] {processor.py:641} INFO - Processing file /home/airflow/.local/lib/python3.7/site-packages/airflow/example_dags/example_xcomargs.py for tasks to queue
[2022-09-30 08:28:00,403] {logging_mixin.py:115} INFO - [2022-09-30 08:28:00,403] {dagbag.py:507} INFO - Filling up the DagBag from /home/airflow/.local/lib/python3.7/site-packages/airflow/example_dags/example_xcomargs.py
[2022-09-30 08:28:00,425] {processor.py:651} INFO - DAG(s) dict_keys(['example_xcom_args', 'example_xcom_args_with_operators']) retrieved from /home/airflow/.local/lib/python3.7/site-packages/airflow/example_dags/example_xcomargs.py
[2022-09-30 08:28:00,490] {logging_mixin.py:115} INFO - [2022-09-30 08:28:00,489] {dag.py:2371} INFO - Sync 2 DAGs
[2022-09-30 08:28:00,508] {logging_mixin.py:115} INFO - [2022-09-30 08:28:00,508] {dag.py:2919} INFO - Setting next_dagrun for example_xcom_args to None, run_after=None
[2022-09-30 08:28:00,509] {logging_mixin.py:115} INFO - [2022-09-30 08:28:00,509] {dag.py:2919} INFO - Setting next_dagrun for example_xcom_args_with_operators to None, run_after=None
[2022-09-30 08:28:00,523] {processor.py:161} INFO - Processing /home/airflow/.local/lib/python3.7/site-packages/airflow/example_dags/example_xcomargs.py took 0.124 seconds
[2022-09-30 08:28:31,222] {processor.py:153} INFO - Started process (PID=1414) to work on /home/airflow/.local/lib/python3.7/site-packages/airflow/example_dags/example_xcomargs.py
[2022-09-30 08:28:31,223] {processor.py:641} INFO - Processing file /home/airflow/.local/lib/python3.7/site-packages/airflow/example_dags/example_xcomargs.py for tasks to queue
[2022-09-30 08:28:31,223] {logging_mixin.py:115} INFO - [2022-09-30 08:28:31,223] {dagbag.py:507} INFO - Filling up the DagBag from /home/airflow/.local/lib/python3.7/site-packages/airflow/example_dags/example_xcomargs.py
[2022-09-30 08:28:31,243] {processor.py:651} INFO - DAG(s) dict_keys(['example_xcom_args', 'example_xcom_args_with_operators']) retrieved from /home/airflow/.local/lib/python3.7/site-packages/airflow/example_dags/example_xcomargs.py
[2022-09-30 08:28:31,308] {logging_mixin.py:115} INFO - [2022-09-30 08:28:31,308] {dag.py:2371} INFO - Sync 2 DAGs
[2022-09-30 08:28:31,329] {logging_mixin.py:115} INFO - [2022-09-30 08:28:31,329] {dag.py:2919} INFO - Setting next_dagrun for example_xcom_args to None, run_after=None
[2022-09-30 08:28:31,329] {logging_mixin.py:115} INFO - [2022-09-30 08:28:31,329] {dag.py:2919} INFO - Setting next_dagrun for example_xcom_args_with_operators to None, run_after=None
[2022-09-30 08:28:31,343] {processor.py:161} INFO - Processing /home/airflow/.local/lib/python3.7/site-packages/airflow/example_dags/example_xcomargs.py took 0.124 seconds
[2022-09-30 08:29:02,119] {processor.py:153} INFO - Started process (PID=1476) to work on /home/airflow/.local/lib/python3.7/site-packages/airflow/example_dags/example_xcomargs.py
[2022-09-30 08:29:02,119] {processor.py:641} INFO - Processing file /home/airflow/.local/lib/python3.7/site-packages/airflow/example_dags/example_xcomargs.py for tasks to queue
[2022-09-30 08:29:02,120] {logging_mixin.py:115} INFO - [2022-09-30 08:29:02,120] {dagbag.py:507} INFO - Filling up the DagBag from /home/airflow/.local/lib/python3.7/site-packages/airflow/example_dags/example_xcomargs.py
[2022-09-30 08:29:02,142] {processor.py:651} INFO - DAG(s) dict_keys(['example_xcom_args', 'example_xcom_args_with_operators']) retrieved from /home/airflow/.local/lib/python3.7/site-packages/airflow/example_dags/example_xcomargs.py
[2022-09-30 08:29:02,170] {logging_mixin.py:115} INFO - [2022-09-30 08:29:02,170] {dag.py:2371} INFO - Sync 2 DAGs
[2022-09-30 08:29:02,190] {logging_mixin.py:115} INFO - [2022-09-30 08:29:02,190] {dag.py:2919} INFO - Setting next_dagrun for example_xcom_args to None, run_after=None
[2022-09-30 08:29:02,190] {logging_mixin.py:115} INFO - [2022-09-30 08:29:02,190] {dag.py:2919} INFO - Setting next_dagrun for example_xcom_args_with_operators to None, run_after=None
[2022-09-30 08:29:02,203] {processor.py:161} INFO - Processing /home/airflow/.local/lib/python3.7/site-packages/airflow/example_dags/example_xcomargs.py took 0.087 seconds
[2022-09-30 08:29:33,061] {processor.py:153} INFO - Started process (PID=1537) to work on /home/airflow/.local/lib/python3.7/site-packages/airflow/example_dags/example_xcomargs.py
[2022-09-30 08:29:33,062] {processor.py:641} INFO - Processing file /home/airflow/.local/lib/python3.7/site-packages/airflow/example_dags/example_xcomargs.py for tasks to queue
[2022-09-30 08:29:33,063] {logging_mixin.py:115} INFO - [2022-09-30 08:29:33,063] {dagbag.py:507} INFO - Filling up the DagBag from /home/airflow/.local/lib/python3.7/site-packages/airflow/example_dags/example_xcomargs.py
[2022-09-30 08:29:33,084] {processor.py:651} INFO - DAG(s) dict_keys(['example_xcom_args', 'example_xcom_args_with_operators']) retrieved from /home/airflow/.local/lib/python3.7/site-packages/airflow/example_dags/example_xcomargs.py
[2022-09-30 08:29:33,152] {logging_mixin.py:115} INFO - [2022-09-30 08:29:33,152] {dag.py:2371} INFO - Sync 2 DAGs
[2022-09-30 08:29:33,171] {logging_mixin.py:115} INFO - [2022-09-30 08:29:33,171] {dag.py:2919} INFO - Setting next_dagrun for example_xcom_args to None, run_after=None
[2022-09-30 08:29:33,172] {logging_mixin.py:115} INFO - [2022-09-30 08:29:33,172] {dag.py:2919} INFO - Setting next_dagrun for example_xcom_args_with_operators to None, run_after=None
[2022-09-30 08:29:33,187] {processor.py:161} INFO - Processing /home/airflow/.local/lib/python3.7/site-packages/airflow/example_dags/example_xcomargs.py took 0.129 seconds
[2022-09-30 08:30:03,915] {processor.py:153} INFO - Started process (PID=1598) to work on /home/airflow/.local/lib/python3.7/site-packages/airflow/example_dags/example_xcomargs.py
[2022-09-30 08:30:03,916] {processor.py:641} INFO - Processing file /home/airflow/.local/lib/python3.7/site-packages/airflow/example_dags/example_xcomargs.py for tasks to queue
[2022-09-30 08:30:03,916] {logging_mixin.py:115} INFO - [2022-09-30 08:30:03,916] {dagbag.py:507} INFO - Filling up the DagBag from /home/airflow/.local/lib/python3.7/site-packages/airflow/example_dags/example_xcomargs.py
[2022-09-30 08:30:03,938] {processor.py:651} INFO - DAG(s) dict_keys(['example_xcom_args', 'example_xcom_args_with_operators']) retrieved from /home/airflow/.local/lib/python3.7/site-packages/airflow/example_dags/example_xcomargs.py
[2022-09-30 08:30:03,968] {logging_mixin.py:115} INFO - [2022-09-30 08:30:03,968] {dag.py:2371} INFO - Sync 2 DAGs
[2022-09-30 08:30:03,990] {logging_mixin.py:115} INFO - [2022-09-30 08:30:03,990] {dag.py:2919} INFO - Setting next_dagrun for example_xcom_args to None, run_after=None
[2022-09-30 08:30:03,991] {logging_mixin.py:115} INFO - [2022-09-30 08:30:03,991] {dag.py:2919} INFO - Setting next_dagrun for example_xcom_args_with_operators to None, run_after=None
[2022-09-30 08:30:04,004] {processor.py:161} INFO - Processing /home/airflow/.local/lib/python3.7/site-packages/airflow/example_dags/example_xcomargs.py took 0.092 seconds
[2022-09-30 08:30:34,088] {processor.py:153} INFO - Started process (PID=1651) to work on /home/airflow/.local/lib/python3.7/site-packages/airflow/example_dags/example_xcomargs.py
[2022-09-30 08:30:34,088] {processor.py:641} INFO - Processing file /home/airflow/.local/lib/python3.7/site-packages/airflow/example_dags/example_xcomargs.py for tasks to queue
[2022-09-30 08:30:34,089] {logging_mixin.py:115} INFO - [2022-09-30 08:30:34,089] {dagbag.py:507} INFO - Filling up the DagBag from /home/airflow/.local/lib/python3.7/site-packages/airflow/example_dags/example_xcomargs.py
[2022-09-30 08:30:34,108] {processor.py:651} INFO - DAG(s) dict_keys(['example_xcom_args', 'example_xcom_args_with_operators']) retrieved from /home/airflow/.local/lib/python3.7/site-packages/airflow/example_dags/example_xcomargs.py
[2022-09-30 08:30:34,133] {logging_mixin.py:115} INFO - [2022-09-30 08:30:34,133] {dag.py:2371} INFO - Sync 2 DAGs
[2022-09-30 08:30:34,152] {logging_mixin.py:115} INFO - [2022-09-30 08:30:34,152] {dag.py:2919} INFO - Setting next_dagrun for example_xcom_args to None, run_after=None
[2022-09-30 08:30:34,153] {logging_mixin.py:115} INFO - [2022-09-30 08:30:34,153] {dag.py:2919} INFO - Setting next_dagrun for example_xcom_args_with_operators to None, run_after=None
[2022-09-30 08:30:34,165] {processor.py:161} INFO - Processing /home/airflow/.local/lib/python3.7/site-packages/airflow/example_dags/example_xcomargs.py took 0.080 seconds
[2022-09-30 08:31:04,372] {processor.py:153} INFO - Started process (PID=1712) to work on /home/airflow/.local/lib/python3.7/site-packages/airflow/example_dags/example_xcomargs.py
[2022-09-30 08:31:04,373] {processor.py:641} INFO - Processing file /home/airflow/.local/lib/python3.7/site-packages/airflow/example_dags/example_xcomargs.py for tasks to queue
[2022-09-30 08:31:04,374] {logging_mixin.py:115} INFO - [2022-09-30 08:31:04,374] {dagbag.py:507} INFO - Filling up the DagBag from /home/airflow/.local/lib/python3.7/site-packages/airflow/example_dags/example_xcomargs.py
[2022-09-30 08:31:04,396] {processor.py:651} INFO - DAG(s) dict_keys(['example_xcom_args', 'example_xcom_args_with_operators']) retrieved from /home/airflow/.local/lib/python3.7/site-packages/airflow/example_dags/example_xcomargs.py
[2022-09-30 08:31:04,460] {logging_mixin.py:115} INFO - [2022-09-30 08:31:04,460] {dag.py:2371} INFO - Sync 2 DAGs
[2022-09-30 08:31:04,478] {logging_mixin.py:115} INFO - [2022-09-30 08:31:04,478] {dag.py:2919} INFO - Setting next_dagrun for example_xcom_args to None, run_after=None
[2022-09-30 08:31:04,479] {logging_mixin.py:115} INFO - [2022-09-30 08:31:04,479] {dag.py:2919} INFO - Setting next_dagrun for example_xcom_args_with_operators to None, run_after=None
[2022-09-30 08:31:04,493] {processor.py:161} INFO - Processing /home/airflow/.local/lib/python3.7/site-packages/airflow/example_dags/example_xcomargs.py took 0.124 seconds
[2022-09-30 08:31:35,218] {processor.py:153} INFO - Started process (PID=1773) to work on /home/airflow/.local/lib/python3.7/site-packages/airflow/example_dags/example_xcomargs.py
[2022-09-30 08:31:35,219] {processor.py:641} INFO - Processing file /home/airflow/.local/lib/python3.7/site-packages/airflow/example_dags/example_xcomargs.py for tasks to queue
[2022-09-30 08:31:35,220] {logging_mixin.py:115} INFO - [2022-09-30 08:31:35,220] {dagbag.py:507} INFO - Filling up the DagBag from /home/airflow/.local/lib/python3.7/site-packages/airflow/example_dags/example_xcomargs.py
[2022-09-30 08:31:35,243] {processor.py:651} INFO - DAG(s) dict_keys(['example_xcom_args', 'example_xcom_args_with_operators']) retrieved from /home/airflow/.local/lib/python3.7/site-packages/airflow/example_dags/example_xcomargs.py
[2022-09-30 08:31:35,305] {logging_mixin.py:115} INFO - [2022-09-30 08:31:35,305] {dag.py:2371} INFO - Sync 2 DAGs
[2022-09-30 08:31:35,328] {logging_mixin.py:115} INFO - [2022-09-30 08:31:35,328] {dag.py:2919} INFO - Setting next_dagrun for example_xcom_args to None, run_after=None
[2022-09-30 08:31:35,329] {logging_mixin.py:115} INFO - [2022-09-30 08:31:35,329] {dag.py:2919} INFO - Setting next_dagrun for example_xcom_args_with_operators to None, run_after=None
[2022-09-30 08:31:35,342] {processor.py:161} INFO - Processing /home/airflow/.local/lib/python3.7/site-packages/airflow/example_dags/example_xcomargs.py took 0.127 seconds
[2022-09-30 08:32:06,527] {processor.py:153} INFO - Started process (PID=1825) to work on /home/airflow/.local/lib/python3.7/site-packages/airflow/example_dags/example_xcomargs.py
[2022-09-30 08:32:06,528] {processor.py:641} INFO - Processing file /home/airflow/.local/lib/python3.7/site-packages/airflow/example_dags/example_xcomargs.py for tasks to queue
[2022-09-30 08:32:06,529] {logging_mixin.py:115} INFO - [2022-09-30 08:32:06,528] {dagbag.py:507} INFO - Filling up the DagBag from /home/airflow/.local/lib/python3.7/site-packages/airflow/example_dags/example_xcomargs.py
[2022-09-30 08:32:06,644] {processor.py:651} INFO - DAG(s) dict_keys(['example_xcom_args', 'example_xcom_args_with_operators']) retrieved from /home/airflow/.local/lib/python3.7/site-packages/airflow/example_dags/example_xcomargs.py
[2022-09-30 08:32:06,698] {logging_mixin.py:115} INFO - [2022-09-30 08:32:06,698] {dag.py:2371} INFO - Sync 2 DAGs
[2022-09-30 08:32:06,716] {logging_mixin.py:115} INFO - [2022-09-30 08:32:06,715] {dag.py:2919} INFO - Setting next_dagrun for example_xcom_args to None, run_after=None
[2022-09-30 08:32:06,716] {logging_mixin.py:115} INFO - [2022-09-30 08:32:06,716] {dag.py:2919} INFO - Setting next_dagrun for example_xcom_args_with_operators to None, run_after=None
[2022-09-30 08:32:06,729] {processor.py:161} INFO - Processing /home/airflow/.local/lib/python3.7/site-packages/airflow/example_dags/example_xcomargs.py took 0.204 seconds
[2022-09-30 08:32:36,836] {processor.py:153} INFO - Started process (PID=1887) to work on /home/airflow/.local/lib/python3.7/site-packages/airflow/example_dags/example_xcomargs.py
[2022-09-30 08:32:36,837] {processor.py:641} INFO - Processing file /home/airflow/.local/lib/python3.7/site-packages/airflow/example_dags/example_xcomargs.py for tasks to queue
[2022-09-30 08:32:36,838] {logging_mixin.py:115} INFO - [2022-09-30 08:32:36,838] {dagbag.py:507} INFO - Filling up the DagBag from /home/airflow/.local/lib/python3.7/site-packages/airflow/example_dags/example_xcomargs.py
[2022-09-30 08:32:36,954] {processor.py:651} INFO - DAG(s) dict_keys(['example_xcom_args', 'example_xcom_args_with_operators']) retrieved from /home/airflow/.local/lib/python3.7/site-packages/airflow/example_dags/example_xcomargs.py
[2022-09-30 08:32:37,009] {logging_mixin.py:115} INFO - [2022-09-30 08:32:37,009] {dag.py:2371} INFO - Sync 2 DAGs
[2022-09-30 08:32:37,027] {logging_mixin.py:115} INFO - [2022-09-30 08:32:37,027] {dag.py:2919} INFO - Setting next_dagrun for example_xcom_args to None, run_after=None
[2022-09-30 08:32:37,027] {logging_mixin.py:115} INFO - [2022-09-30 08:32:37,027] {dag.py:2919} INFO - Setting next_dagrun for example_xcom_args_with_operators to None, run_after=None
[2022-09-30 08:32:37,039] {processor.py:161} INFO - Processing /home/airflow/.local/lib/python3.7/site-packages/airflow/example_dags/example_xcomargs.py took 0.205 seconds
[2022-09-30 08:33:07,692] {processor.py:153} INFO - Started process (PID=1947) to work on /home/airflow/.local/lib/python3.7/site-packages/airflow/example_dags/example_xcomargs.py
[2022-09-30 08:33:07,693] {processor.py:641} INFO - Processing file /home/airflow/.local/lib/python3.7/site-packages/airflow/example_dags/example_xcomargs.py for tasks to queue
[2022-09-30 08:33:07,694] {logging_mixin.py:115} INFO - [2022-09-30 08:33:07,694] {dagbag.py:507} INFO - Filling up the DagBag from /home/airflow/.local/lib/python3.7/site-packages/airflow/example_dags/example_xcomargs.py
[2022-09-30 08:33:07,827] {processor.py:651} INFO - DAG(s) dict_keys(['example_xcom_args', 'example_xcom_args_with_operators']) retrieved from /home/airflow/.local/lib/python3.7/site-packages/airflow/example_dags/example_xcomargs.py
[2022-09-30 08:33:07,884] {logging_mixin.py:115} INFO - [2022-09-30 08:33:07,883] {dag.py:2371} INFO - Sync 2 DAGs
[2022-09-30 08:33:07,904] {logging_mixin.py:115} INFO - [2022-09-30 08:33:07,904] {dag.py:2919} INFO - Setting next_dagrun for example_xcom_args to None, run_after=None
[2022-09-30 08:33:07,905] {logging_mixin.py:115} INFO - [2022-09-30 08:33:07,905] {dag.py:2919} INFO - Setting next_dagrun for example_xcom_args_with_operators to None, run_after=None
[2022-09-30 08:33:07,918] {processor.py:161} INFO - Processing /home/airflow/.local/lib/python3.7/site-packages/airflow/example_dags/example_xcomargs.py took 0.233 seconds
[2022-09-30 08:33:38,137] {processor.py:153} INFO - Started process (PID=2001) to work on /home/airflow/.local/lib/python3.7/site-packages/airflow/example_dags/example_xcomargs.py
[2022-09-30 08:33:38,137] {processor.py:641} INFO - Processing file /home/airflow/.local/lib/python3.7/site-packages/airflow/example_dags/example_xcomargs.py for tasks to queue
[2022-09-30 08:33:38,138] {logging_mixin.py:115} INFO - [2022-09-30 08:33:38,138] {dagbag.py:507} INFO - Filling up the DagBag from /home/airflow/.local/lib/python3.7/site-packages/airflow/example_dags/example_xcomargs.py
[2022-09-30 08:33:38,266] {processor.py:651} INFO - DAG(s) dict_keys(['example_xcom_args', 'example_xcom_args_with_operators']) retrieved from /home/airflow/.local/lib/python3.7/site-packages/airflow/example_dags/example_xcomargs.py
[2022-09-30 08:33:38,324] {logging_mixin.py:115} INFO - [2022-09-30 08:33:38,324] {dag.py:2371} INFO - Sync 2 DAGs
[2022-09-30 08:33:38,342] {logging_mixin.py:115} INFO - [2022-09-30 08:33:38,342] {dag.py:2919} INFO - Setting next_dagrun for example_xcom_args to None, run_after=None
[2022-09-30 08:33:38,343] {logging_mixin.py:115} INFO - [2022-09-30 08:33:38,343] {dag.py:2919} INFO - Setting next_dagrun for example_xcom_args_with_operators to None, run_after=None
[2022-09-30 08:33:38,355] {processor.py:161} INFO - Processing /home/airflow/.local/lib/python3.7/site-packages/airflow/example_dags/example_xcomargs.py took 0.222 seconds
[2022-09-30 08:34:08,739] {processor.py:153} INFO - Started process (PID=2062) to work on /home/airflow/.local/lib/python3.7/site-packages/airflow/example_dags/example_xcomargs.py
[2022-09-30 08:34:08,739] {processor.py:641} INFO - Processing file /home/airflow/.local/lib/python3.7/site-packages/airflow/example_dags/example_xcomargs.py for tasks to queue
[2022-09-30 08:34:08,740] {logging_mixin.py:115} INFO - [2022-09-30 08:34:08,740] {dagbag.py:507} INFO - Filling up the DagBag from /home/airflow/.local/lib/python3.7/site-packages/airflow/example_dags/example_xcomargs.py
[2022-09-30 08:34:08,878] {processor.py:651} INFO - DAG(s) dict_keys(['example_xcom_args', 'example_xcom_args_with_operators']) retrieved from /home/airflow/.local/lib/python3.7/site-packages/airflow/example_dags/example_xcomargs.py
[2022-09-30 08:34:08,932] {logging_mixin.py:115} INFO - [2022-09-30 08:34:08,932] {dag.py:2371} INFO - Sync 2 DAGs
[2022-09-30 08:34:08,949] {logging_mixin.py:115} INFO - [2022-09-30 08:34:08,949] {dag.py:2919} INFO - Setting next_dagrun for example_xcom_args to None, run_after=None
[2022-09-30 08:34:08,949] {logging_mixin.py:115} INFO - [2022-09-30 08:34:08,949] {dag.py:2919} INFO - Setting next_dagrun for example_xcom_args_with_operators to None, run_after=None
[2022-09-30 08:34:08,962] {processor.py:161} INFO - Processing /home/airflow/.local/lib/python3.7/site-packages/airflow/example_dags/example_xcomargs.py took 0.227 seconds
