[2022-09-30 08:15:05,861] {processor.py:153} INFO - Started process (PID=51) to work on /home/airflow/.local/lib/python3.7/site-packages/airflow/example_dags/example_short_circuit_operator.py
[2022-09-30 08:15:05,865] {processor.py:641} INFO - Processing file /home/airflow/.local/lib/python3.7/site-packages/airflow/example_dags/example_short_circuit_operator.py for tasks to queue
[2022-09-30 08:15:05,869] {logging_mixin.py:115} INFO - [2022-09-30 08:15:05,868] {dagbag.py:507} INFO - Filling up the DagBag from /home/airflow/.local/lib/python3.7/site-packages/airflow/example_dags/example_short_circuit_operator.py
[2022-09-30 08:15:05,948] {processor.py:651} INFO - DAG(s) dict_keys(['example_short_circuit_operator']) retrieved from /home/airflow/.local/lib/python3.7/site-packages/airflow/example_dags/example_short_circuit_operator.py
[2022-09-30 08:15:06,643] {logging_mixin.py:115} INFO - [2022-09-30 08:15:06,643] {manager.py:508} INFO - Created Permission View: can delete on DAG:example_short_circuit_operator
[2022-09-30 08:15:06,684] {logging_mixin.py:115} INFO - [2022-09-30 08:15:06,684] {manager.py:508} INFO - Created Permission View: can edit on DAG:example_short_circuit_operator
[2022-09-30 08:15:06,713] {logging_mixin.py:115} INFO - [2022-09-30 08:15:06,712] {manager.py:508} INFO - Created Permission View: can read on DAG:example_short_circuit_operator
[2022-09-30 08:15:06,715] {logging_mixin.py:115} INFO - [2022-09-30 08:15:06,715] {dag.py:2371} INFO - Sync 1 DAGs
[2022-09-30 08:15:06,751] {logging_mixin.py:115} INFO - [2022-09-30 08:15:06,751] {dag.py:2390} INFO - Creating ORM DAG for example_short_circuit_operator
[2022-09-30 08:15:06,780] {logging_mixin.py:115} INFO - [2022-09-30 08:15:06,779] {dag.py:2919} INFO - Setting next_dagrun for example_short_circuit_operator to 2022-09-29T08:15:06.778740+00:00, run_after=2022-09-30T08:15:06.778740+00:00
[2022-09-30 08:15:06,814] {processor.py:161} INFO - Processing /home/airflow/.local/lib/python3.7/site-packages/airflow/example_dags/example_short_circuit_operator.py took 0.960 seconds
[2022-09-30 08:15:36,921] {processor.py:153} INFO - Started process (PID=103) to work on /home/airflow/.local/lib/python3.7/site-packages/airflow/example_dags/example_short_circuit_operator.py
[2022-09-30 08:15:36,922] {processor.py:641} INFO - Processing file /home/airflow/.local/lib/python3.7/site-packages/airflow/example_dags/example_short_circuit_operator.py for tasks to queue
[2022-09-30 08:15:36,923] {logging_mixin.py:115} INFO - [2022-09-30 08:15:36,923] {dagbag.py:507} INFO - Filling up the DagBag from /home/airflow/.local/lib/python3.7/site-packages/airflow/example_dags/example_short_circuit_operator.py
[2022-09-30 08:15:36,932] {processor.py:651} INFO - DAG(s) dict_keys(['example_short_circuit_operator']) retrieved from /home/airflow/.local/lib/python3.7/site-packages/airflow/example_dags/example_short_circuit_operator.py
[2022-09-30 08:15:36,960] {logging_mixin.py:115} INFO - [2022-09-30 08:15:36,960] {dag.py:2371} INFO - Sync 1 DAGs
[2022-09-30 08:15:37,097] {logging_mixin.py:115} INFO - [2022-09-30 08:15:37,097] {dag.py:2919} INFO - Setting next_dagrun for example_short_circuit_operator to 2022-09-29T08:15:37.097553+00:00, run_after=2022-09-30T08:15:37.097553+00:00
[2022-09-30 08:15:37,109] {processor.py:161} INFO - Processing /home/airflow/.local/lib/python3.7/site-packages/airflow/example_dags/example_short_circuit_operator.py took 0.191 seconds
[2022-09-30 08:16:40,732] {processor.py:153} INFO - Started process (PID=52) to work on /home/airflow/.local/lib/python3.7/site-packages/airflow/example_dags/example_short_circuit_operator.py
[2022-09-30 08:16:40,742] {processor.py:641} INFO - Processing file /home/airflow/.local/lib/python3.7/site-packages/airflow/example_dags/example_short_circuit_operator.py for tasks to queue
[2022-09-30 08:16:40,743] {logging_mixin.py:115} INFO - [2022-09-30 08:16:40,743] {dagbag.py:507} INFO - Filling up the DagBag from /home/airflow/.local/lib/python3.7/site-packages/airflow/example_dags/example_short_circuit_operator.py
[2022-09-30 08:16:40,773] {processor.py:651} INFO - DAG(s) dict_keys(['example_short_circuit_operator']) retrieved from /home/airflow/.local/lib/python3.7/site-packages/airflow/example_dags/example_short_circuit_operator.py
[2022-09-30 08:16:40,827] {logging_mixin.py:115} INFO - [2022-09-30 08:16:40,827] {dag.py:2371} INFO - Sync 1 DAGs
[2022-09-30 08:16:41,000] {logging_mixin.py:115} INFO - [2022-09-30 08:16:41,000] {dag.py:2919} INFO - Setting next_dagrun for example_short_circuit_operator to 2022-09-29T08:16:41.000185+00:00, run_after=2022-09-30T08:16:41.000185+00:00
[2022-09-30 08:16:41,014] {processor.py:161} INFO - Processing /home/airflow/.local/lib/python3.7/site-packages/airflow/example_dags/example_short_circuit_operator.py took 0.299 seconds
[2022-09-30 08:17:11,081] {processor.py:153} INFO - Started process (PID=104) to work on /home/airflow/.local/lib/python3.7/site-packages/airflow/example_dags/example_short_circuit_operator.py
[2022-09-30 08:17:11,082] {processor.py:641} INFO - Processing file /home/airflow/.local/lib/python3.7/site-packages/airflow/example_dags/example_short_circuit_operator.py for tasks to queue
[2022-09-30 08:17:11,083] {logging_mixin.py:115} INFO - [2022-09-30 08:17:11,083] {dagbag.py:507} INFO - Filling up the DagBag from /home/airflow/.local/lib/python3.7/site-packages/airflow/example_dags/example_short_circuit_operator.py
[2022-09-30 08:17:11,095] {processor.py:651} INFO - DAG(s) dict_keys(['example_short_circuit_operator']) retrieved from /home/airflow/.local/lib/python3.7/site-packages/airflow/example_dags/example_short_circuit_operator.py
[2022-09-30 08:17:11,133] {logging_mixin.py:115} INFO - [2022-09-30 08:17:11,132] {dag.py:2371} INFO - Sync 1 DAGs
[2022-09-30 08:17:11,336] {logging_mixin.py:115} INFO - [2022-09-30 08:17:11,336] {dag.py:2919} INFO - Setting next_dagrun for example_short_circuit_operator to 2022-09-29T08:17:11.336024+00:00, run_after=2022-09-30T08:17:11.336024+00:00
[2022-09-30 08:17:11,350] {processor.py:161} INFO - Processing /home/airflow/.local/lib/python3.7/site-packages/airflow/example_dags/example_short_circuit_operator.py took 0.272 seconds
[2022-09-30 08:17:41,874] {processor.py:153} INFO - Started process (PID=165) to work on /home/airflow/.local/lib/python3.7/site-packages/airflow/example_dags/example_short_circuit_operator.py
[2022-09-30 08:17:41,875] {processor.py:641} INFO - Processing file /home/airflow/.local/lib/python3.7/site-packages/airflow/example_dags/example_short_circuit_operator.py for tasks to queue
[2022-09-30 08:17:41,876] {logging_mixin.py:115} INFO - [2022-09-30 08:17:41,876] {dagbag.py:507} INFO - Filling up the DagBag from /home/airflow/.local/lib/python3.7/site-packages/airflow/example_dags/example_short_circuit_operator.py
[2022-09-30 08:17:41,888] {processor.py:651} INFO - DAG(s) dict_keys(['example_short_circuit_operator']) retrieved from /home/airflow/.local/lib/python3.7/site-packages/airflow/example_dags/example_short_circuit_operator.py
[2022-09-30 08:17:41,920] {logging_mixin.py:115} INFO - [2022-09-30 08:17:41,919] {dag.py:2371} INFO - Sync 1 DAGs
[2022-09-30 08:17:42,057] {logging_mixin.py:115} INFO - [2022-09-30 08:17:42,057] {dag.py:2919} INFO - Setting next_dagrun for example_short_circuit_operator to 2022-09-29T08:17:42.056833+00:00, run_after=2022-09-30T08:17:42.056833+00:00
[2022-09-30 08:17:42,070] {processor.py:161} INFO - Processing /home/airflow/.local/lib/python3.7/site-packages/airflow/example_dags/example_short_circuit_operator.py took 0.200 seconds
[2022-09-30 08:18:12,104] {processor.py:153} INFO - Started process (PID=223) to work on /home/airflow/.local/lib/python3.7/site-packages/airflow/example_dags/example_short_circuit_operator.py
[2022-09-30 08:18:12,105] {processor.py:641} INFO - Processing file /home/airflow/.local/lib/python3.7/site-packages/airflow/example_dags/example_short_circuit_operator.py for tasks to queue
[2022-09-30 08:18:12,105] {logging_mixin.py:115} INFO - [2022-09-30 08:18:12,105] {dagbag.py:507} INFO - Filling up the DagBag from /home/airflow/.local/lib/python3.7/site-packages/airflow/example_dags/example_short_circuit_operator.py
[2022-09-30 08:18:12,115] {processor.py:651} INFO - DAG(s) dict_keys(['example_short_circuit_operator']) retrieved from /home/airflow/.local/lib/python3.7/site-packages/airflow/example_dags/example_short_circuit_operator.py
[2022-09-30 08:18:12,149] {logging_mixin.py:115} INFO - [2022-09-30 08:18:12,149] {dag.py:2371} INFO - Sync 1 DAGs
[2022-09-30 08:18:12,315] {logging_mixin.py:115} INFO - [2022-09-30 08:18:12,315] {dag.py:2919} INFO - Setting next_dagrun for example_short_circuit_operator to 2022-09-29T08:18:12.315113+00:00, run_after=2022-09-30T08:18:12.315113+00:00
[2022-09-30 08:18:12,326] {processor.py:161} INFO - Processing /home/airflow/.local/lib/python3.7/site-packages/airflow/example_dags/example_short_circuit_operator.py took 0.226 seconds
[2022-09-30 08:18:42,581] {processor.py:153} INFO - Started process (PID=278) to work on /home/airflow/.local/lib/python3.7/site-packages/airflow/example_dags/example_short_circuit_operator.py
[2022-09-30 08:18:42,582] {processor.py:641} INFO - Processing file /home/airflow/.local/lib/python3.7/site-packages/airflow/example_dags/example_short_circuit_operator.py for tasks to queue
[2022-09-30 08:18:42,583] {logging_mixin.py:115} INFO - [2022-09-30 08:18:42,583] {dagbag.py:507} INFO - Filling up the DagBag from /home/airflow/.local/lib/python3.7/site-packages/airflow/example_dags/example_short_circuit_operator.py
[2022-09-30 08:18:42,592] {processor.py:651} INFO - DAG(s) dict_keys(['example_short_circuit_operator']) retrieved from /home/airflow/.local/lib/python3.7/site-packages/airflow/example_dags/example_short_circuit_operator.py
[2022-09-30 08:18:42,617] {logging_mixin.py:115} INFO - [2022-09-30 08:18:42,617] {dag.py:2371} INFO - Sync 1 DAGs
[2022-09-30 08:18:42,741] {logging_mixin.py:115} INFO - [2022-09-30 08:18:42,741] {dag.py:2919} INFO - Setting next_dagrun for example_short_circuit_operator to 2022-09-29T08:18:42.741542+00:00, run_after=2022-09-30T08:18:42.741542+00:00
[2022-09-30 08:18:42,752] {processor.py:161} INFO - Processing /home/airflow/.local/lib/python3.7/site-packages/airflow/example_dags/example_short_circuit_operator.py took 0.174 seconds
[2022-09-30 08:19:12,923] {processor.py:153} INFO - Started process (PID=339) to work on /home/airflow/.local/lib/python3.7/site-packages/airflow/example_dags/example_short_circuit_operator.py
[2022-09-30 08:19:12,924] {processor.py:641} INFO - Processing file /home/airflow/.local/lib/python3.7/site-packages/airflow/example_dags/example_short_circuit_operator.py for tasks to queue
[2022-09-30 08:19:12,925] {logging_mixin.py:115} INFO - [2022-09-30 08:19:12,925] {dagbag.py:507} INFO - Filling up the DagBag from /home/airflow/.local/lib/python3.7/site-packages/airflow/example_dags/example_short_circuit_operator.py
[2022-09-30 08:19:12,935] {processor.py:651} INFO - DAG(s) dict_keys(['example_short_circuit_operator']) retrieved from /home/airflow/.local/lib/python3.7/site-packages/airflow/example_dags/example_short_circuit_operator.py
[2022-09-30 08:19:12,964] {logging_mixin.py:115} INFO - [2022-09-30 08:19:12,964] {dag.py:2371} INFO - Sync 1 DAGs
[2022-09-30 08:19:13,100] {logging_mixin.py:115} INFO - [2022-09-30 08:19:13,100] {dag.py:2919} INFO - Setting next_dagrun for example_short_circuit_operator to 2022-09-29T08:19:13.099949+00:00, run_after=2022-09-30T08:19:13.099949+00:00
[2022-09-30 08:19:13,112] {processor.py:161} INFO - Processing /home/airflow/.local/lib/python3.7/site-packages/airflow/example_dags/example_short_circuit_operator.py took 0.192 seconds
[2022-09-30 08:19:43,866] {processor.py:153} INFO - Started process (PID=398) to work on /home/airflow/.local/lib/python3.7/site-packages/airflow/example_dags/example_short_circuit_operator.py
[2022-09-30 08:19:43,866] {processor.py:641} INFO - Processing file /home/airflow/.local/lib/python3.7/site-packages/airflow/example_dags/example_short_circuit_operator.py for tasks to queue
[2022-09-30 08:19:43,867] {logging_mixin.py:115} INFO - [2022-09-30 08:19:43,867] {dagbag.py:507} INFO - Filling up the DagBag from /home/airflow/.local/lib/python3.7/site-packages/airflow/example_dags/example_short_circuit_operator.py
[2022-09-30 08:19:43,877] {processor.py:651} INFO - DAG(s) dict_keys(['example_short_circuit_operator']) retrieved from /home/airflow/.local/lib/python3.7/site-packages/airflow/example_dags/example_short_circuit_operator.py
[2022-09-30 08:19:43,904] {logging_mixin.py:115} INFO - [2022-09-30 08:19:43,904] {dag.py:2371} INFO - Sync 1 DAGs
[2022-09-30 08:19:44,082] {logging_mixin.py:115} INFO - [2022-09-30 08:19:44,082] {dag.py:2919} INFO - Setting next_dagrun for example_short_circuit_operator to 2022-09-29T08:19:44.082357+00:00, run_after=2022-09-30T08:19:44.082357+00:00
[2022-09-30 08:19:44,093] {processor.py:161} INFO - Processing /home/airflow/.local/lib/python3.7/site-packages/airflow/example_dags/example_short_circuit_operator.py took 0.231 seconds
[2022-09-30 08:20:14,756] {processor.py:153} INFO - Started process (PID=452) to work on /home/airflow/.local/lib/python3.7/site-packages/airflow/example_dags/example_short_circuit_operator.py
[2022-09-30 08:20:14,756] {processor.py:641} INFO - Processing file /home/airflow/.local/lib/python3.7/site-packages/airflow/example_dags/example_short_circuit_operator.py for tasks to queue
[2022-09-30 08:20:14,757] {logging_mixin.py:115} INFO - [2022-09-30 08:20:14,757] {dagbag.py:507} INFO - Filling up the DagBag from /home/airflow/.local/lib/python3.7/site-packages/airflow/example_dags/example_short_circuit_operator.py
[2022-09-30 08:20:14,766] {processor.py:651} INFO - DAG(s) dict_keys(['example_short_circuit_operator']) retrieved from /home/airflow/.local/lib/python3.7/site-packages/airflow/example_dags/example_short_circuit_operator.py
[2022-09-30 08:20:14,792] {logging_mixin.py:115} INFO - [2022-09-30 08:20:14,791] {dag.py:2371} INFO - Sync 1 DAGs
[2022-09-30 08:20:14,927] {logging_mixin.py:115} INFO - [2022-09-30 08:20:14,927] {dag.py:2919} INFO - Setting next_dagrun for example_short_circuit_operator to 2022-09-29T08:20:14.926987+00:00, run_after=2022-09-30T08:20:14.926987+00:00
[2022-09-30 08:20:14,940] {processor.py:161} INFO - Processing /home/airflow/.local/lib/python3.7/site-packages/airflow/example_dags/example_short_circuit_operator.py took 0.187 seconds
[2022-09-30 08:20:45,151] {processor.py:153} INFO - Started process (PID=514) to work on /home/airflow/.local/lib/python3.7/site-packages/airflow/example_dags/example_short_circuit_operator.py
[2022-09-30 08:20:45,152] {processor.py:641} INFO - Processing file /home/airflow/.local/lib/python3.7/site-packages/airflow/example_dags/example_short_circuit_operator.py for tasks to queue
[2022-09-30 08:20:45,153] {logging_mixin.py:115} INFO - [2022-09-30 08:20:45,153] {dagbag.py:507} INFO - Filling up the DagBag from /home/airflow/.local/lib/python3.7/site-packages/airflow/example_dags/example_short_circuit_operator.py
[2022-09-30 08:20:45,170] {processor.py:651} INFO - DAG(s) dict_keys(['example_short_circuit_operator']) retrieved from /home/airflow/.local/lib/python3.7/site-packages/airflow/example_dags/example_short_circuit_operator.py
[2022-09-30 08:20:45,206] {logging_mixin.py:115} INFO - [2022-09-30 08:20:45,206] {dag.py:2371} INFO - Sync 1 DAGs
[2022-09-30 08:20:45,415] {logging_mixin.py:115} INFO - [2022-09-30 08:20:45,415] {dag.py:2919} INFO - Setting next_dagrun for example_short_circuit_operator to 2022-09-29T08:20:45.415164+00:00, run_after=2022-09-30T08:20:45.415164+00:00
[2022-09-30 08:20:45,433] {processor.py:161} INFO - Processing /home/airflow/.local/lib/python3.7/site-packages/airflow/example_dags/example_short_circuit_operator.py took 0.285 seconds
[2022-09-30 08:21:16,215] {processor.py:153} INFO - Started process (PID=575) to work on /home/airflow/.local/lib/python3.7/site-packages/airflow/example_dags/example_short_circuit_operator.py
[2022-09-30 08:21:16,215] {processor.py:641} INFO - Processing file /home/airflow/.local/lib/python3.7/site-packages/airflow/example_dags/example_short_circuit_operator.py for tasks to queue
[2022-09-30 08:21:16,216] {logging_mixin.py:115} INFO - [2022-09-30 08:21:16,216] {dagbag.py:507} INFO - Filling up the DagBag from /home/airflow/.local/lib/python3.7/site-packages/airflow/example_dags/example_short_circuit_operator.py
[2022-09-30 08:21:16,226] {processor.py:651} INFO - DAG(s) dict_keys(['example_short_circuit_operator']) retrieved from /home/airflow/.local/lib/python3.7/site-packages/airflow/example_dags/example_short_circuit_operator.py
[2022-09-30 08:21:16,257] {logging_mixin.py:115} INFO - [2022-09-30 08:21:16,257] {dag.py:2371} INFO - Sync 1 DAGs
[2022-09-30 08:21:16,419] {logging_mixin.py:115} INFO - [2022-09-30 08:21:16,419] {dag.py:2919} INFO - Setting next_dagrun for example_short_circuit_operator to 2022-09-29T08:21:16.419484+00:00, run_after=2022-09-30T08:21:16.419484+00:00
[2022-09-30 08:21:16,431] {processor.py:161} INFO - Processing /home/airflow/.local/lib/python3.7/site-packages/airflow/example_dags/example_short_circuit_operator.py took 0.219 seconds
[2022-09-30 08:21:47,058] {processor.py:153} INFO - Started process (PID=627) to work on /home/airflow/.local/lib/python3.7/site-packages/airflow/example_dags/example_short_circuit_operator.py
[2022-09-30 08:21:47,059] {processor.py:641} INFO - Processing file /home/airflow/.local/lib/python3.7/site-packages/airflow/example_dags/example_short_circuit_operator.py for tasks to queue
[2022-09-30 08:21:47,060] {logging_mixin.py:115} INFO - [2022-09-30 08:21:47,060] {dagbag.py:507} INFO - Filling up the DagBag from /home/airflow/.local/lib/python3.7/site-packages/airflow/example_dags/example_short_circuit_operator.py
[2022-09-30 08:21:47,068] {processor.py:651} INFO - DAG(s) dict_keys(['example_short_circuit_operator']) retrieved from /home/airflow/.local/lib/python3.7/site-packages/airflow/example_dags/example_short_circuit_operator.py
[2022-09-30 08:21:47,099] {logging_mixin.py:115} INFO - [2022-09-30 08:21:47,099] {dag.py:2371} INFO - Sync 1 DAGs
[2022-09-30 08:21:47,229] {logging_mixin.py:115} INFO - [2022-09-30 08:21:47,229] {dag.py:2919} INFO - Setting next_dagrun for example_short_circuit_operator to 2022-09-29T08:21:47.229321+00:00, run_after=2022-09-30T08:21:47.229321+00:00
[2022-09-30 08:21:47,240] {processor.py:161} INFO - Processing /home/airflow/.local/lib/python3.7/site-packages/airflow/example_dags/example_short_circuit_operator.py took 0.186 seconds
[2022-09-30 08:22:17,291] {processor.py:153} INFO - Started process (PID=688) to work on /home/airflow/.local/lib/python3.7/site-packages/airflow/example_dags/example_short_circuit_operator.py
[2022-09-30 08:22:17,292] {processor.py:641} INFO - Processing file /home/airflow/.local/lib/python3.7/site-packages/airflow/example_dags/example_short_circuit_operator.py for tasks to queue
[2022-09-30 08:22:17,293] {logging_mixin.py:115} INFO - [2022-09-30 08:22:17,293] {dagbag.py:507} INFO - Filling up the DagBag from /home/airflow/.local/lib/python3.7/site-packages/airflow/example_dags/example_short_circuit_operator.py
[2022-09-30 08:22:17,304] {processor.py:651} INFO - DAG(s) dict_keys(['example_short_circuit_operator']) retrieved from /home/airflow/.local/lib/python3.7/site-packages/airflow/example_dags/example_short_circuit_operator.py
[2022-09-30 08:22:17,344] {logging_mixin.py:115} INFO - [2022-09-30 08:22:17,344] {dag.py:2371} INFO - Sync 1 DAGs
[2022-09-30 08:22:17,502] {logging_mixin.py:115} INFO - [2022-09-30 08:22:17,502] {dag.py:2919} INFO - Setting next_dagrun for example_short_circuit_operator to 2022-09-29T08:22:17.502490+00:00, run_after=2022-09-30T08:22:17.502490+00:00
[2022-09-30 08:22:17,516] {processor.py:161} INFO - Processing /home/airflow/.local/lib/python3.7/site-packages/airflow/example_dags/example_short_circuit_operator.py took 0.228 seconds
[2022-09-30 08:22:47,592] {processor.py:153} INFO - Started process (PID=749) to work on /home/airflow/.local/lib/python3.7/site-packages/airflow/example_dags/example_short_circuit_operator.py
[2022-09-30 08:22:47,593] {processor.py:641} INFO - Processing file /home/airflow/.local/lib/python3.7/site-packages/airflow/example_dags/example_short_circuit_operator.py for tasks to queue
[2022-09-30 08:22:47,594] {logging_mixin.py:115} INFO - [2022-09-30 08:22:47,593] {dagbag.py:507} INFO - Filling up the DagBag from /home/airflow/.local/lib/python3.7/site-packages/airflow/example_dags/example_short_circuit_operator.py
[2022-09-30 08:22:47,602] {processor.py:651} INFO - DAG(s) dict_keys(['example_short_circuit_operator']) retrieved from /home/airflow/.local/lib/python3.7/site-packages/airflow/example_dags/example_short_circuit_operator.py
[2022-09-30 08:22:47,639] {logging_mixin.py:115} INFO - [2022-09-30 08:22:47,639] {dag.py:2371} INFO - Sync 1 DAGs
[2022-09-30 08:22:47,841] {logging_mixin.py:115} INFO - [2022-09-30 08:22:47,841] {dag.py:2919} INFO - Setting next_dagrun for example_short_circuit_operator to 2022-09-29T08:22:47.841095+00:00, run_after=2022-09-30T08:22:47.841095+00:00
[2022-09-30 08:22:47,856] {processor.py:161} INFO - Processing /home/airflow/.local/lib/python3.7/site-packages/airflow/example_dags/example_short_circuit_operator.py took 0.267 seconds
[2022-09-30 08:23:18,884] {processor.py:153} INFO - Started process (PID=801) to work on /home/airflow/.local/lib/python3.7/site-packages/airflow/example_dags/example_short_circuit_operator.py
[2022-09-30 08:23:18,884] {processor.py:641} INFO - Processing file /home/airflow/.local/lib/python3.7/site-packages/airflow/example_dags/example_short_circuit_operator.py for tasks to queue
[2022-09-30 08:23:18,885] {logging_mixin.py:115} INFO - [2022-09-30 08:23:18,885] {dagbag.py:507} INFO - Filling up the DagBag from /home/airflow/.local/lib/python3.7/site-packages/airflow/example_dags/example_short_circuit_operator.py
[2022-09-30 08:23:18,895] {processor.py:651} INFO - DAG(s) dict_keys(['example_short_circuit_operator']) retrieved from /home/airflow/.local/lib/python3.7/site-packages/airflow/example_dags/example_short_circuit_operator.py
[2022-09-30 08:23:18,922] {logging_mixin.py:115} INFO - [2022-09-30 08:23:18,922] {dag.py:2371} INFO - Sync 1 DAGs
[2022-09-30 08:23:19,039] {logging_mixin.py:115} INFO - [2022-09-30 08:23:19,039] {dag.py:2919} INFO - Setting next_dagrun for example_short_circuit_operator to 2022-09-29T08:23:19.039480+00:00, run_after=2022-09-30T08:23:19.039480+00:00
[2022-09-30 08:23:19,050] {processor.py:161} INFO - Processing /home/airflow/.local/lib/python3.7/site-packages/airflow/example_dags/example_short_circuit_operator.py took 0.169 seconds
[2022-09-30 08:23:49,158] {processor.py:153} INFO - Started process (PID=862) to work on /home/airflow/.local/lib/python3.7/site-packages/airflow/example_dags/example_short_circuit_operator.py
[2022-09-30 08:23:49,159] {processor.py:641} INFO - Processing file /home/airflow/.local/lib/python3.7/site-packages/airflow/example_dags/example_short_circuit_operator.py for tasks to queue
[2022-09-30 08:23:49,160] {logging_mixin.py:115} INFO - [2022-09-30 08:23:49,159] {dagbag.py:507} INFO - Filling up the DagBag from /home/airflow/.local/lib/python3.7/site-packages/airflow/example_dags/example_short_circuit_operator.py
[2022-09-30 08:23:49,168] {processor.py:651} INFO - DAG(s) dict_keys(['example_short_circuit_operator']) retrieved from /home/airflow/.local/lib/python3.7/site-packages/airflow/example_dags/example_short_circuit_operator.py
[2022-09-30 08:23:49,197] {logging_mixin.py:115} INFO - [2022-09-30 08:23:49,197] {dag.py:2371} INFO - Sync 1 DAGs
[2022-09-30 08:23:49,319] {logging_mixin.py:115} INFO - [2022-09-30 08:23:49,319] {dag.py:2919} INFO - Setting next_dagrun for example_short_circuit_operator to 2022-09-29T08:23:49.319496+00:00, run_after=2022-09-30T08:23:49.319496+00:00
[2022-09-30 08:23:49,330] {processor.py:161} INFO - Processing /home/airflow/.local/lib/python3.7/site-packages/airflow/example_dags/example_short_circuit_operator.py took 0.175 seconds
[2022-09-30 08:24:19,718] {processor.py:153} INFO - Started process (PID=923) to work on /home/airflow/.local/lib/python3.7/site-packages/airflow/example_dags/example_short_circuit_operator.py
[2022-09-30 08:24:19,719] {processor.py:641} INFO - Processing file /home/airflow/.local/lib/python3.7/site-packages/airflow/example_dags/example_short_circuit_operator.py for tasks to queue
[2022-09-30 08:24:19,720] {logging_mixin.py:115} INFO - [2022-09-30 08:24:19,720] {dagbag.py:507} INFO - Filling up the DagBag from /home/airflow/.local/lib/python3.7/site-packages/airflow/example_dags/example_short_circuit_operator.py
[2022-09-30 08:24:19,728] {processor.py:651} INFO - DAG(s) dict_keys(['example_short_circuit_operator']) retrieved from /home/airflow/.local/lib/python3.7/site-packages/airflow/example_dags/example_short_circuit_operator.py
[2022-09-30 08:24:19,759] {logging_mixin.py:115} INFO - [2022-09-30 08:24:19,759] {dag.py:2371} INFO - Sync 1 DAGs
[2022-09-30 08:24:19,932] {logging_mixin.py:115} INFO - [2022-09-30 08:24:19,932] {dag.py:2919} INFO - Setting next_dagrun for example_short_circuit_operator to 2022-09-29T08:24:19.932130+00:00, run_after=2022-09-30T08:24:19.932130+00:00
[2022-09-30 08:24:19,945] {processor.py:161} INFO - Processing /home/airflow/.local/lib/python3.7/site-packages/airflow/example_dags/example_short_circuit_operator.py took 0.230 seconds
[2022-09-30 08:24:50,247] {processor.py:153} INFO - Started process (PID=975) to work on /home/airflow/.local/lib/python3.7/site-packages/airflow/example_dags/example_short_circuit_operator.py
[2022-09-30 08:24:50,247] {processor.py:641} INFO - Processing file /home/airflow/.local/lib/python3.7/site-packages/airflow/example_dags/example_short_circuit_operator.py for tasks to queue
[2022-09-30 08:24:50,248] {logging_mixin.py:115} INFO - [2022-09-30 08:24:50,248] {dagbag.py:507} INFO - Filling up the DagBag from /home/airflow/.local/lib/python3.7/site-packages/airflow/example_dags/example_short_circuit_operator.py
[2022-09-30 08:24:50,263] {processor.py:651} INFO - DAG(s) dict_keys(['example_short_circuit_operator']) retrieved from /home/airflow/.local/lib/python3.7/site-packages/airflow/example_dags/example_short_circuit_operator.py
[2022-09-30 08:24:50,315] {logging_mixin.py:115} INFO - [2022-09-30 08:24:50,315] {dag.py:2371} INFO - Sync 1 DAGs
[2022-09-30 08:24:50,471] {logging_mixin.py:115} INFO - [2022-09-30 08:24:50,471] {dag.py:2919} INFO - Setting next_dagrun for example_short_circuit_operator to 2022-09-29T08:24:50.471730+00:00, run_after=2022-09-30T08:24:50.471730+00:00
[2022-09-30 08:24:50,481] {processor.py:161} INFO - Processing /home/airflow/.local/lib/python3.7/site-packages/airflow/example_dags/example_short_circuit_operator.py took 0.240 seconds
[2022-09-30 08:25:21,083] {processor.py:153} INFO - Started process (PID=1036) to work on /home/airflow/.local/lib/python3.7/site-packages/airflow/example_dags/example_short_circuit_operator.py
[2022-09-30 08:25:21,084] {processor.py:641} INFO - Processing file /home/airflow/.local/lib/python3.7/site-packages/airflow/example_dags/example_short_circuit_operator.py for tasks to queue
[2022-09-30 08:25:21,085] {logging_mixin.py:115} INFO - [2022-09-30 08:25:21,084] {dagbag.py:507} INFO - Filling up the DagBag from /home/airflow/.local/lib/python3.7/site-packages/airflow/example_dags/example_short_circuit_operator.py
[2022-09-30 08:25:21,093] {processor.py:651} INFO - DAG(s) dict_keys(['example_short_circuit_operator']) retrieved from /home/airflow/.local/lib/python3.7/site-packages/airflow/example_dags/example_short_circuit_operator.py
[2022-09-30 08:25:21,121] {logging_mixin.py:115} INFO - [2022-09-30 08:25:21,121] {dag.py:2371} INFO - Sync 1 DAGs
[2022-09-30 08:25:21,239] {logging_mixin.py:115} INFO - [2022-09-30 08:25:21,239] {dag.py:2919} INFO - Setting next_dagrun for example_short_circuit_operator to 2022-09-29T08:25:21.239230+00:00, run_after=2022-09-30T08:25:21.239230+00:00
[2022-09-30 08:25:21,250] {processor.py:161} INFO - Processing /home/airflow/.local/lib/python3.7/site-packages/airflow/example_dags/example_short_circuit_operator.py took 0.170 seconds
[2022-09-30 08:25:51,652] {processor.py:153} INFO - Started process (PID=1097) to work on /home/airflow/.local/lib/python3.7/site-packages/airflow/example_dags/example_short_circuit_operator.py
[2022-09-30 08:25:51,653] {processor.py:641} INFO - Processing file /home/airflow/.local/lib/python3.7/site-packages/airflow/example_dags/example_short_circuit_operator.py for tasks to queue
[2022-09-30 08:25:51,654] {logging_mixin.py:115} INFO - [2022-09-30 08:25:51,653] {dagbag.py:507} INFO - Filling up the DagBag from /home/airflow/.local/lib/python3.7/site-packages/airflow/example_dags/example_short_circuit_operator.py
[2022-09-30 08:25:51,664] {processor.py:651} INFO - DAG(s) dict_keys(['example_short_circuit_operator']) retrieved from /home/airflow/.local/lib/python3.7/site-packages/airflow/example_dags/example_short_circuit_operator.py
[2022-09-30 08:25:51,705] {logging_mixin.py:115} INFO - [2022-09-30 08:25:51,705] {dag.py:2371} INFO - Sync 1 DAGs
[2022-09-30 08:25:51,879] {logging_mixin.py:115} INFO - [2022-09-30 08:25:51,878] {dag.py:2919} INFO - Setting next_dagrun for example_short_circuit_operator to 2022-09-29T08:25:51.878761+00:00, run_after=2022-09-30T08:25:51.878761+00:00
[2022-09-30 08:25:51,892] {processor.py:161} INFO - Processing /home/airflow/.local/lib/python3.7/site-packages/airflow/example_dags/example_short_circuit_operator.py took 0.244 seconds
[2022-09-30 08:26:22,669] {processor.py:153} INFO - Started process (PID=1149) to work on /home/airflow/.local/lib/python3.7/site-packages/airflow/example_dags/example_short_circuit_operator.py
[2022-09-30 08:26:22,670] {processor.py:641} INFO - Processing file /home/airflow/.local/lib/python3.7/site-packages/airflow/example_dags/example_short_circuit_operator.py for tasks to queue
[2022-09-30 08:26:22,671] {logging_mixin.py:115} INFO - [2022-09-30 08:26:22,671] {dagbag.py:507} INFO - Filling up the DagBag from /home/airflow/.local/lib/python3.7/site-packages/airflow/example_dags/example_short_circuit_operator.py
[2022-09-30 08:26:22,682] {processor.py:651} INFO - DAG(s) dict_keys(['example_short_circuit_operator']) retrieved from /home/airflow/.local/lib/python3.7/site-packages/airflow/example_dags/example_short_circuit_operator.py
[2022-09-30 08:26:22,718] {logging_mixin.py:115} INFO - [2022-09-30 08:26:22,717] {dag.py:2371} INFO - Sync 1 DAGs
[2022-09-30 08:26:22,851] {logging_mixin.py:115} INFO - [2022-09-30 08:26:22,851] {dag.py:2919} INFO - Setting next_dagrun for example_short_circuit_operator to 2022-09-29T08:26:22.850924+00:00, run_after=2022-09-30T08:26:22.850924+00:00
[2022-09-30 08:26:22,863] {processor.py:161} INFO - Processing /home/airflow/.local/lib/python3.7/site-packages/airflow/example_dags/example_short_circuit_operator.py took 0.198 seconds
[2022-09-30 08:26:53,295] {processor.py:153} INFO - Started process (PID=1210) to work on /home/airflow/.local/lib/python3.7/site-packages/airflow/example_dags/example_short_circuit_operator.py
[2022-09-30 08:26:53,295] {processor.py:641} INFO - Processing file /home/airflow/.local/lib/python3.7/site-packages/airflow/example_dags/example_short_circuit_operator.py for tasks to queue
[2022-09-30 08:26:53,296] {logging_mixin.py:115} INFO - [2022-09-30 08:26:53,296] {dagbag.py:507} INFO - Filling up the DagBag from /home/airflow/.local/lib/python3.7/site-packages/airflow/example_dags/example_short_circuit_operator.py
[2022-09-30 08:26:53,307] {processor.py:651} INFO - DAG(s) dict_keys(['example_short_circuit_operator']) retrieved from /home/airflow/.local/lib/python3.7/site-packages/airflow/example_dags/example_short_circuit_operator.py
[2022-09-30 08:26:53,337] {logging_mixin.py:115} INFO - [2022-09-30 08:26:53,337] {dag.py:2371} INFO - Sync 1 DAGs
[2022-09-30 08:26:53,357] {logging_mixin.py:115} INFO - [2022-09-30 08:26:53,357] {dag.py:2919} INFO - Setting next_dagrun for example_short_circuit_operator to 2022-09-29T08:26:53.356906+00:00, run_after=2022-09-30T08:26:53.356906+00:00
[2022-09-30 08:26:53,369] {processor.py:161} INFO - Processing /home/airflow/.local/lib/python3.7/site-packages/airflow/example_dags/example_short_circuit_operator.py took 0.079 seconds
[2022-09-30 08:27:23,431] {processor.py:153} INFO - Started process (PID=1271) to work on /home/airflow/.local/lib/python3.7/site-packages/airflow/example_dags/example_short_circuit_operator.py
[2022-09-30 08:27:23,431] {processor.py:641} INFO - Processing file /home/airflow/.local/lib/python3.7/site-packages/airflow/example_dags/example_short_circuit_operator.py for tasks to queue
[2022-09-30 08:27:23,433] {logging_mixin.py:115} INFO - [2022-09-30 08:27:23,432] {dagbag.py:507} INFO - Filling up the DagBag from /home/airflow/.local/lib/python3.7/site-packages/airflow/example_dags/example_short_circuit_operator.py
[2022-09-30 08:27:23,449] {processor.py:651} INFO - DAG(s) dict_keys(['example_short_circuit_operator']) retrieved from /home/airflow/.local/lib/python3.7/site-packages/airflow/example_dags/example_short_circuit_operator.py
[2022-09-30 08:27:23,480] {logging_mixin.py:115} INFO - [2022-09-30 08:27:23,480] {dag.py:2371} INFO - Sync 1 DAGs
[2022-09-30 08:27:23,506] {logging_mixin.py:115} INFO - [2022-09-30 08:27:23,506] {dag.py:2919} INFO - Setting next_dagrun for example_short_circuit_operator to 2022-09-29T08:27:23.506239+00:00, run_after=2022-09-30T08:27:23.506239+00:00
[2022-09-30 08:27:23,522] {processor.py:161} INFO - Processing /home/airflow/.local/lib/python3.7/site-packages/airflow/example_dags/example_short_circuit_operator.py took 0.096 seconds
[2022-09-30 08:27:53,630] {processor.py:153} INFO - Started process (PID=1323) to work on /home/airflow/.local/lib/python3.7/site-packages/airflow/example_dags/example_short_circuit_operator.py
[2022-09-30 08:27:53,630] {processor.py:641} INFO - Processing file /home/airflow/.local/lib/python3.7/site-packages/airflow/example_dags/example_short_circuit_operator.py for tasks to queue
[2022-09-30 08:27:53,631] {logging_mixin.py:115} INFO - [2022-09-30 08:27:53,631] {dagbag.py:507} INFO - Filling up the DagBag from /home/airflow/.local/lib/python3.7/site-packages/airflow/example_dags/example_short_circuit_operator.py
[2022-09-30 08:27:53,642] {processor.py:651} INFO - DAG(s) dict_keys(['example_short_circuit_operator']) retrieved from /home/airflow/.local/lib/python3.7/site-packages/airflow/example_dags/example_short_circuit_operator.py
[2022-09-30 08:27:53,666] {logging_mixin.py:115} INFO - [2022-09-30 08:27:53,666] {dag.py:2371} INFO - Sync 1 DAGs
[2022-09-30 08:27:53,687] {logging_mixin.py:115} INFO - [2022-09-30 08:27:53,687] {dag.py:2919} INFO - Setting next_dagrun for example_short_circuit_operator to 2022-09-29T08:27:53.686993+00:00, run_after=2022-09-30T08:27:53.686993+00:00
[2022-09-30 08:27:53,700] {processor.py:161} INFO - Processing /home/airflow/.local/lib/python3.7/site-packages/airflow/example_dags/example_short_circuit_operator.py took 0.072 seconds
[2022-09-30 08:28:24,601] {processor.py:153} INFO - Started process (PID=1384) to work on /home/airflow/.local/lib/python3.7/site-packages/airflow/example_dags/example_short_circuit_operator.py
[2022-09-30 08:28:24,602] {processor.py:641} INFO - Processing file /home/airflow/.local/lib/python3.7/site-packages/airflow/example_dags/example_short_circuit_operator.py for tasks to queue
[2022-09-30 08:28:24,604] {logging_mixin.py:115} INFO - [2022-09-30 08:28:24,603] {dagbag.py:507} INFO - Filling up the DagBag from /home/airflow/.local/lib/python3.7/site-packages/airflow/example_dags/example_short_circuit_operator.py
[2022-09-30 08:28:24,621] {processor.py:651} INFO - DAG(s) dict_keys(['example_short_circuit_operator']) retrieved from /home/airflow/.local/lib/python3.7/site-packages/airflow/example_dags/example_short_circuit_operator.py
[2022-09-30 08:28:24,647] {logging_mixin.py:115} INFO - [2022-09-30 08:28:24,647] {dag.py:2371} INFO - Sync 1 DAGs
[2022-09-30 08:28:24,666] {logging_mixin.py:115} INFO - [2022-09-30 08:28:24,666] {dag.py:2919} INFO - Setting next_dagrun for example_short_circuit_operator to 2022-09-29T08:28:24.666364+00:00, run_after=2022-09-30T08:28:24.666364+00:00
[2022-09-30 08:28:24,677] {processor.py:161} INFO - Processing /home/airflow/.local/lib/python3.7/site-packages/airflow/example_dags/example_short_circuit_operator.py took 0.083 seconds
[2022-09-30 08:28:55,542] {processor.py:153} INFO - Started process (PID=1446) to work on /home/airflow/.local/lib/python3.7/site-packages/airflow/example_dags/example_short_circuit_operator.py
[2022-09-30 08:28:55,543] {processor.py:641} INFO - Processing file /home/airflow/.local/lib/python3.7/site-packages/airflow/example_dags/example_short_circuit_operator.py for tasks to queue
[2022-09-30 08:28:55,543] {logging_mixin.py:115} INFO - [2022-09-30 08:28:55,543] {dagbag.py:507} INFO - Filling up the DagBag from /home/airflow/.local/lib/python3.7/site-packages/airflow/example_dags/example_short_circuit_operator.py
[2022-09-30 08:28:55,554] {processor.py:651} INFO - DAG(s) dict_keys(['example_short_circuit_operator']) retrieved from /home/airflow/.local/lib/python3.7/site-packages/airflow/example_dags/example_short_circuit_operator.py
[2022-09-30 08:28:55,579] {logging_mixin.py:115} INFO - [2022-09-30 08:28:55,579] {dag.py:2371} INFO - Sync 1 DAGs
[2022-09-30 08:28:55,600] {logging_mixin.py:115} INFO - [2022-09-30 08:28:55,600] {dag.py:2919} INFO - Setting next_dagrun for example_short_circuit_operator to 2022-09-29T08:28:55.600472+00:00, run_after=2022-09-30T08:28:55.600472+00:00
[2022-09-30 08:28:55,612] {processor.py:161} INFO - Processing /home/airflow/.local/lib/python3.7/site-packages/airflow/example_dags/example_short_circuit_operator.py took 0.073 seconds
[2022-09-30 08:29:26,304] {processor.py:153} INFO - Started process (PID=1498) to work on /home/airflow/.local/lib/python3.7/site-packages/airflow/example_dags/example_short_circuit_operator.py
[2022-09-30 08:29:26,305] {processor.py:641} INFO - Processing file /home/airflow/.local/lib/python3.7/site-packages/airflow/example_dags/example_short_circuit_operator.py for tasks to queue
[2022-09-30 08:29:26,306] {logging_mixin.py:115} INFO - [2022-09-30 08:29:26,306] {dagbag.py:507} INFO - Filling up the DagBag from /home/airflow/.local/lib/python3.7/site-packages/airflow/example_dags/example_short_circuit_operator.py
[2022-09-30 08:29:26,324] {processor.py:651} INFO - DAG(s) dict_keys(['example_short_circuit_operator']) retrieved from /home/airflow/.local/lib/python3.7/site-packages/airflow/example_dags/example_short_circuit_operator.py
[2022-09-30 08:29:26,351] {logging_mixin.py:115} INFO - [2022-09-30 08:29:26,350] {dag.py:2371} INFO - Sync 1 DAGs
[2022-09-30 08:29:26,371] {logging_mixin.py:115} INFO - [2022-09-30 08:29:26,371] {dag.py:2919} INFO - Setting next_dagrun for example_short_circuit_operator to 2022-09-29T08:29:26.370823+00:00, run_after=2022-09-30T08:29:26.370823+00:00
[2022-09-30 08:29:26,383] {processor.py:161} INFO - Processing /home/airflow/.local/lib/python3.7/site-packages/airflow/example_dags/example_short_circuit_operator.py took 0.084 seconds
[2022-09-30 08:29:57,211] {processor.py:153} INFO - Started process (PID=1559) to work on /home/airflow/.local/lib/python3.7/site-packages/airflow/example_dags/example_short_circuit_operator.py
[2022-09-30 08:29:57,211] {processor.py:641} INFO - Processing file /home/airflow/.local/lib/python3.7/site-packages/airflow/example_dags/example_short_circuit_operator.py for tasks to queue
[2022-09-30 08:29:57,212] {logging_mixin.py:115} INFO - [2022-09-30 08:29:57,212] {dagbag.py:507} INFO - Filling up the DagBag from /home/airflow/.local/lib/python3.7/site-packages/airflow/example_dags/example_short_circuit_operator.py
[2022-09-30 08:29:57,223] {processor.py:651} INFO - DAG(s) dict_keys(['example_short_circuit_operator']) retrieved from /home/airflow/.local/lib/python3.7/site-packages/airflow/example_dags/example_short_circuit_operator.py
[2022-09-30 08:29:57,250] {logging_mixin.py:115} INFO - [2022-09-30 08:29:57,250] {dag.py:2371} INFO - Sync 1 DAGs
[2022-09-30 08:29:57,272] {logging_mixin.py:115} INFO - [2022-09-30 08:29:57,272] {dag.py:2919} INFO - Setting next_dagrun for example_short_circuit_operator to 2022-09-29T08:29:57.271969+00:00, run_after=2022-09-30T08:29:57.271969+00:00
[2022-09-30 08:29:57,283] {processor.py:161} INFO - Processing /home/airflow/.local/lib/python3.7/site-packages/airflow/example_dags/example_short_circuit_operator.py took 0.075 seconds
[2022-09-30 08:30:28,079] {processor.py:153} INFO - Started process (PID=1621) to work on /home/airflow/.local/lib/python3.7/site-packages/airflow/example_dags/example_short_circuit_operator.py
[2022-09-30 08:30:28,080] {processor.py:641} INFO - Processing file /home/airflow/.local/lib/python3.7/site-packages/airflow/example_dags/example_short_circuit_operator.py for tasks to queue
[2022-09-30 08:30:28,080] {logging_mixin.py:115} INFO - [2022-09-30 08:30:28,080] {dagbag.py:507} INFO - Filling up the DagBag from /home/airflow/.local/lib/python3.7/site-packages/airflow/example_dags/example_short_circuit_operator.py
[2022-09-30 08:30:28,091] {processor.py:651} INFO - DAG(s) dict_keys(['example_short_circuit_operator']) retrieved from /home/airflow/.local/lib/python3.7/site-packages/airflow/example_dags/example_short_circuit_operator.py
[2022-09-30 08:30:28,115] {logging_mixin.py:115} INFO - [2022-09-30 08:30:28,115] {dag.py:2371} INFO - Sync 1 DAGs
[2022-09-30 08:30:28,136] {logging_mixin.py:115} INFO - [2022-09-30 08:30:28,136] {dag.py:2919} INFO - Setting next_dagrun for example_short_circuit_operator to 2022-09-29T08:30:28.135844+00:00, run_after=2022-09-30T08:30:28.135844+00:00
[2022-09-30 08:30:28,147] {processor.py:161} INFO - Processing /home/airflow/.local/lib/python3.7/site-packages/airflow/example_dags/example_short_circuit_operator.py took 0.071 seconds
[2022-09-30 08:30:58,257] {processor.py:153} INFO - Started process (PID=1673) to work on /home/airflow/.local/lib/python3.7/site-packages/airflow/example_dags/example_short_circuit_operator.py
[2022-09-30 08:30:58,258] {processor.py:641} INFO - Processing file /home/airflow/.local/lib/python3.7/site-packages/airflow/example_dags/example_short_circuit_operator.py for tasks to queue
[2022-09-30 08:30:58,259] {logging_mixin.py:115} INFO - [2022-09-30 08:30:58,259] {dagbag.py:507} INFO - Filling up the DagBag from /home/airflow/.local/lib/python3.7/site-packages/airflow/example_dags/example_short_circuit_operator.py
[2022-09-30 08:30:58,271] {processor.py:651} INFO - DAG(s) dict_keys(['example_short_circuit_operator']) retrieved from /home/airflow/.local/lib/python3.7/site-packages/airflow/example_dags/example_short_circuit_operator.py
[2022-09-30 08:30:58,296] {logging_mixin.py:115} INFO - [2022-09-30 08:30:58,296] {dag.py:2371} INFO - Sync 1 DAGs
[2022-09-30 08:30:58,316] {logging_mixin.py:115} INFO - [2022-09-30 08:30:58,316] {dag.py:2919} INFO - Setting next_dagrun for example_short_circuit_operator to 2022-09-29T08:30:58.316280+00:00, run_after=2022-09-30T08:30:58.316280+00:00
[2022-09-30 08:30:58,328] {processor.py:161} INFO - Processing /home/airflow/.local/lib/python3.7/site-packages/airflow/example_dags/example_short_circuit_operator.py took 0.073 seconds
[2022-09-30 08:31:28,534] {processor.py:153} INFO - Started process (PID=1734) to work on /home/airflow/.local/lib/python3.7/site-packages/airflow/example_dags/example_short_circuit_operator.py
[2022-09-30 08:31:28,535] {processor.py:641} INFO - Processing file /home/airflow/.local/lib/python3.7/site-packages/airflow/example_dags/example_short_circuit_operator.py for tasks to queue
[2022-09-30 08:31:28,536] {logging_mixin.py:115} INFO - [2022-09-30 08:31:28,536] {dagbag.py:507} INFO - Filling up the DagBag from /home/airflow/.local/lib/python3.7/site-packages/airflow/example_dags/example_short_circuit_operator.py
[2022-09-30 08:31:28,547] {processor.py:651} INFO - DAG(s) dict_keys(['example_short_circuit_operator']) retrieved from /home/airflow/.local/lib/python3.7/site-packages/airflow/example_dags/example_short_circuit_operator.py
[2022-09-30 08:31:28,573] {logging_mixin.py:115} INFO - [2022-09-30 08:31:28,573] {dag.py:2371} INFO - Sync 1 DAGs
[2022-09-30 08:31:28,593] {logging_mixin.py:115} INFO - [2022-09-30 08:31:28,592] {dag.py:2919} INFO - Setting next_dagrun for example_short_circuit_operator to 2022-09-29T08:31:28.592694+00:00, run_after=2022-09-30T08:31:28.592694+00:00
[2022-09-30 08:31:28,604] {processor.py:161} INFO - Processing /home/airflow/.local/lib/python3.7/site-packages/airflow/example_dags/example_short_circuit_operator.py took 0.073 seconds
[2022-09-30 08:31:59,462] {processor.py:153} INFO - Started process (PID=1795) to work on /home/airflow/.local/lib/python3.7/site-packages/airflow/example_dags/example_short_circuit_operator.py
[2022-09-30 08:31:59,462] {processor.py:641} INFO - Processing file /home/airflow/.local/lib/python3.7/site-packages/airflow/example_dags/example_short_circuit_operator.py for tasks to queue
[2022-09-30 08:31:59,463] {logging_mixin.py:115} INFO - [2022-09-30 08:31:59,463] {dagbag.py:507} INFO - Filling up the DagBag from /home/airflow/.local/lib/python3.7/site-packages/airflow/example_dags/example_short_circuit_operator.py
[2022-09-30 08:31:59,574] {processor.py:651} INFO - DAG(s) dict_keys(['example_short_circuit_operator']) retrieved from /home/airflow/.local/lib/python3.7/site-packages/airflow/example_dags/example_short_circuit_operator.py
[2022-09-30 08:31:59,594] {logging_mixin.py:115} INFO - [2022-09-30 08:31:59,594] {dag.py:2371} INFO - Sync 1 DAGs
[2022-09-30 08:31:59,612] {logging_mixin.py:115} INFO - [2022-09-30 08:31:59,612] {dag.py:2919} INFO - Setting next_dagrun for example_short_circuit_operator to 2022-09-29T08:31:59.612036+00:00, run_after=2022-09-30T08:31:59.612036+00:00
[2022-09-30 08:31:59,623] {processor.py:161} INFO - Processing /home/airflow/.local/lib/python3.7/site-packages/airflow/example_dags/example_short_circuit_operator.py took 0.164 seconds
[2022-09-30 08:32:29,695] {processor.py:153} INFO - Started process (PID=1847) to work on /home/airflow/.local/lib/python3.7/site-packages/airflow/example_dags/example_short_circuit_operator.py
[2022-09-30 08:32:29,696] {processor.py:641} INFO - Processing file /home/airflow/.local/lib/python3.7/site-packages/airflow/example_dags/example_short_circuit_operator.py for tasks to queue
[2022-09-30 08:32:29,696] {logging_mixin.py:115} INFO - [2022-09-30 08:32:29,696] {dagbag.py:507} INFO - Filling up the DagBag from /home/airflow/.local/lib/python3.7/site-packages/airflow/example_dags/example_short_circuit_operator.py
[2022-09-30 08:32:29,813] {processor.py:651} INFO - DAG(s) dict_keys(['example_short_circuit_operator']) retrieved from /home/airflow/.local/lib/python3.7/site-packages/airflow/example_dags/example_short_circuit_operator.py
[2022-09-30 08:32:29,833] {logging_mixin.py:115} INFO - [2022-09-30 08:32:29,833] {dag.py:2371} INFO - Sync 1 DAGs
[2022-09-30 08:32:29,851] {logging_mixin.py:115} INFO - [2022-09-30 08:32:29,851] {dag.py:2919} INFO - Setting next_dagrun for example_short_circuit_operator to 2022-09-29T08:32:29.850837+00:00, run_after=2022-09-30T08:32:29.850837+00:00
[2022-09-30 08:32:29,862] {processor.py:161} INFO - Processing /home/airflow/.local/lib/python3.7/site-packages/airflow/example_dags/example_short_circuit_operator.py took 0.169 seconds
[2022-09-30 08:32:59,959] {processor.py:153} INFO - Started process (PID=1908) to work on /home/airflow/.local/lib/python3.7/site-packages/airflow/example_dags/example_short_circuit_operator.py
[2022-09-30 08:32:59,960] {processor.py:641} INFO - Processing file /home/airflow/.local/lib/python3.7/site-packages/airflow/example_dags/example_short_circuit_operator.py for tasks to queue
[2022-09-30 08:32:59,961] {logging_mixin.py:115} INFO - [2022-09-30 08:32:59,961] {dagbag.py:507} INFO - Filling up the DagBag from /home/airflow/.local/lib/python3.7/site-packages/airflow/example_dags/example_short_circuit_operator.py
[2022-09-30 08:33:00,109] {processor.py:651} INFO - DAG(s) dict_keys(['example_short_circuit_operator']) retrieved from /home/airflow/.local/lib/python3.7/site-packages/airflow/example_dags/example_short_circuit_operator.py
[2022-09-30 08:33:00,151] {logging_mixin.py:115} INFO - [2022-09-30 08:33:00,151] {dag.py:2371} INFO - Sync 1 DAGs
[2022-09-30 08:33:00,177] {logging_mixin.py:115} INFO - [2022-09-30 08:33:00,177] {dag.py:2919} INFO - Setting next_dagrun for example_short_circuit_operator to 2022-09-29T08:33:00.177096+00:00, run_after=2022-09-30T08:33:00.177096+00:00
[2022-09-30 08:33:00,196] {processor.py:161} INFO - Processing /home/airflow/.local/lib/python3.7/site-packages/airflow/example_dags/example_short_circuit_operator.py took 0.240 seconds
[2022-09-30 08:33:30,853] {processor.py:153} INFO - Started process (PID=1969) to work on /home/airflow/.local/lib/python3.7/site-packages/airflow/example_dags/example_short_circuit_operator.py
[2022-09-30 08:33:30,853] {processor.py:641} INFO - Processing file /home/airflow/.local/lib/python3.7/site-packages/airflow/example_dags/example_short_circuit_operator.py for tasks to queue
[2022-09-30 08:33:30,854] {logging_mixin.py:115} INFO - [2022-09-30 08:33:30,854] {dagbag.py:507} INFO - Filling up the DagBag from /home/airflow/.local/lib/python3.7/site-packages/airflow/example_dags/example_short_circuit_operator.py
[2022-09-30 08:33:30,978] {processor.py:651} INFO - DAG(s) dict_keys(['example_short_circuit_operator']) retrieved from /home/airflow/.local/lib/python3.7/site-packages/airflow/example_dags/example_short_circuit_operator.py
[2022-09-30 08:33:31,004] {logging_mixin.py:115} INFO - [2022-09-30 08:33:31,004] {dag.py:2371} INFO - Sync 1 DAGs
[2022-09-30 08:33:31,028] {logging_mixin.py:115} INFO - [2022-09-30 08:33:31,028] {dag.py:2919} INFO - Setting next_dagrun for example_short_circuit_operator to 2022-09-29T08:33:31.028489+00:00, run_after=2022-09-30T08:33:31.028489+00:00
[2022-09-30 08:33:31,043] {processor.py:161} INFO - Processing /home/airflow/.local/lib/python3.7/site-packages/airflow/example_dags/example_short_circuit_operator.py took 0.194 seconds
[2022-09-30 08:34:01,217] {processor.py:153} INFO - Started process (PID=2021) to work on /home/airflow/.local/lib/python3.7/site-packages/airflow/example_dags/example_short_circuit_operator.py
[2022-09-30 08:34:01,218] {processor.py:641} INFO - Processing file /home/airflow/.local/lib/python3.7/site-packages/airflow/example_dags/example_short_circuit_operator.py for tasks to queue
[2022-09-30 08:34:01,219] {logging_mixin.py:115} INFO - [2022-09-30 08:34:01,218] {dagbag.py:507} INFO - Filling up the DagBag from /home/airflow/.local/lib/python3.7/site-packages/airflow/example_dags/example_short_circuit_operator.py
[2022-09-30 08:34:01,335] {processor.py:651} INFO - DAG(s) dict_keys(['example_short_circuit_operator']) retrieved from /home/airflow/.local/lib/python3.7/site-packages/airflow/example_dags/example_short_circuit_operator.py
[2022-09-30 08:34:01,354] {logging_mixin.py:115} INFO - [2022-09-30 08:34:01,354] {dag.py:2371} INFO - Sync 1 DAGs
[2022-09-30 08:34:01,372] {logging_mixin.py:115} INFO - [2022-09-30 08:34:01,372] {dag.py:2919} INFO - Setting next_dagrun for example_short_circuit_operator to 2022-09-29T08:34:01.372269+00:00, run_after=2022-09-30T08:34:01.372269+00:00
[2022-09-30 08:34:01,383] {processor.py:161} INFO - Processing /home/airflow/.local/lib/python3.7/site-packages/airflow/example_dags/example_short_circuit_operator.py took 0.168 seconds
[2022-09-30 08:34:31,824] {processor.py:153} INFO - Started process (PID=2083) to work on /home/airflow/.local/lib/python3.7/site-packages/airflow/example_dags/example_short_circuit_operator.py
[2022-09-30 08:34:31,825] {processor.py:641} INFO - Processing file /home/airflow/.local/lib/python3.7/site-packages/airflow/example_dags/example_short_circuit_operator.py for tasks to queue
[2022-09-30 08:34:31,826] {logging_mixin.py:115} INFO - [2022-09-30 08:34:31,826] {dagbag.py:507} INFO - Filling up the DagBag from /home/airflow/.local/lib/python3.7/site-packages/airflow/example_dags/example_short_circuit_operator.py
[2022-09-30 08:34:31,937] {processor.py:651} INFO - DAG(s) dict_keys(['example_short_circuit_operator']) retrieved from /home/airflow/.local/lib/python3.7/site-packages/airflow/example_dags/example_short_circuit_operator.py
[2022-09-30 08:34:31,958] {logging_mixin.py:115} INFO - [2022-09-30 08:34:31,958] {dag.py:2371} INFO - Sync 1 DAGs
[2022-09-30 08:34:31,976] {logging_mixin.py:115} INFO - [2022-09-30 08:34:31,976] {dag.py:2919} INFO - Setting next_dagrun for example_short_circuit_operator to 2022-09-29T08:34:31.976456+00:00, run_after=2022-09-30T08:34:31.976456+00:00
[2022-09-30 08:34:31,987] {processor.py:161} INFO - Processing /home/airflow/.local/lib/python3.7/site-packages/airflow/example_dags/example_short_circuit_operator.py took 0.167 seconds
[2022-09-30 08:35:02,163] {processor.py:153} INFO - Started process (PID=2144) to work on /home/airflow/.local/lib/python3.7/site-packages/airflow/example_dags/example_short_circuit_operator.py
[2022-09-30 08:35:02,163] {processor.py:641} INFO - Processing file /home/airflow/.local/lib/python3.7/site-packages/airflow/example_dags/example_short_circuit_operator.py for tasks to queue
[2022-09-30 08:35:02,164] {logging_mixin.py:115} INFO - [2022-09-30 08:35:02,164] {dagbag.py:507} INFO - Filling up the DagBag from /home/airflow/.local/lib/python3.7/site-packages/airflow/example_dags/example_short_circuit_operator.py
[2022-09-30 08:35:02,282] {processor.py:651} INFO - DAG(s) dict_keys(['example_short_circuit_operator']) retrieved from /home/airflow/.local/lib/python3.7/site-packages/airflow/example_dags/example_short_circuit_operator.py
[2022-09-30 08:35:02,304] {logging_mixin.py:115} INFO - [2022-09-30 08:35:02,304] {dag.py:2371} INFO - Sync 1 DAGs
[2022-09-30 08:35:02,323] {logging_mixin.py:115} INFO - [2022-09-30 08:35:02,323] {dag.py:2919} INFO - Setting next_dagrun for example_short_circuit_operator to 2022-09-29T08:35:02.323441+00:00, run_after=2022-09-30T08:35:02.323441+00:00
[2022-09-30 08:35:02,335] {processor.py:161} INFO - Processing /home/airflow/.local/lib/python3.7/site-packages/airflow/example_dags/example_short_circuit_operator.py took 0.175 seconds
[2022-09-30 08:35:32,426] {processor.py:153} INFO - Started process (PID=2196) to work on /home/airflow/.local/lib/python3.7/site-packages/airflow/example_dags/example_short_circuit_operator.py
[2022-09-30 08:35:32,427] {processor.py:641} INFO - Processing file /home/airflow/.local/lib/python3.7/site-packages/airflow/example_dags/example_short_circuit_operator.py for tasks to queue
[2022-09-30 08:35:32,427] {logging_mixin.py:115} INFO - [2022-09-30 08:35:32,427] {dagbag.py:507} INFO - Filling up the DagBag from /home/airflow/.local/lib/python3.7/site-packages/airflow/example_dags/example_short_circuit_operator.py
[2022-09-30 08:35:32,546] {processor.py:651} INFO - DAG(s) dict_keys(['example_short_circuit_operator']) retrieved from /home/airflow/.local/lib/python3.7/site-packages/airflow/example_dags/example_short_circuit_operator.py
[2022-09-30 08:35:32,566] {logging_mixin.py:115} INFO - [2022-09-30 08:35:32,566] {dag.py:2371} INFO - Sync 1 DAGs
[2022-09-30 08:35:32,585] {logging_mixin.py:115} INFO - [2022-09-30 08:35:32,585] {dag.py:2919} INFO - Setting next_dagrun for example_short_circuit_operator to 2022-09-29T08:35:32.585071+00:00, run_after=2022-09-30T08:35:32.585071+00:00
[2022-09-30 08:35:32,596] {processor.py:161} INFO - Processing /home/airflow/.local/lib/python3.7/site-packages/airflow/example_dags/example_short_circuit_operator.py took 0.173 seconds
