[2022-09-30 08:15:08,795] {processor.py:153} INFO - Started process (PID=60) to work on /home/airflow/.local/lib/python3.7/site-packages/airflow/example_dags/example_skip_dag.py
[2022-09-30 08:15:08,796] {processor.py:641} INFO - Processing file /home/airflow/.local/lib/python3.7/site-packages/airflow/example_dags/example_skip_dag.py for tasks to queue
[2022-09-30 08:15:08,798] {logging_mixin.py:115} INFO - [2022-09-30 08:15:08,798] {dagbag.py:507} INFO - Filling up the DagBag from /home/airflow/.local/lib/python3.7/site-packages/airflow/example_dags/example_skip_dag.py
[2022-09-30 08:15:08,811] {processor.py:651} INFO - DAG(s) dict_keys(['example_skip_dag']) retrieved from /home/airflow/.local/lib/python3.7/site-packages/airflow/example_dags/example_skip_dag.py
[2022-09-30 08:15:09,102] {logging_mixin.py:115} INFO - [2022-09-30 08:15:09,102] {manager.py:508} INFO - Created Permission View: can delete on DAG:example_skip_dag
[2022-09-30 08:15:09,118] {logging_mixin.py:115} INFO - [2022-09-30 08:15:09,117] {manager.py:508} INFO - Created Permission View: can edit on DAG:example_skip_dag
[2022-09-30 08:15:09,129] {logging_mixin.py:115} INFO - [2022-09-30 08:15:09,129] {manager.py:508} INFO - Created Permission View: can read on DAG:example_skip_dag
[2022-09-30 08:15:09,130] {logging_mixin.py:115} INFO - [2022-09-30 08:15:09,130] {dag.py:2371} INFO - Sync 1 DAGs
[2022-09-30 08:15:09,141] {logging_mixin.py:115} INFO - [2022-09-30 08:15:09,141] {dag.py:2390} INFO - Creating ORM DAG for example_skip_dag
[2022-09-30 08:15:09,156] {logging_mixin.py:115} INFO - [2022-09-30 08:15:09,156] {dag.py:2919} INFO - Setting next_dagrun for example_skip_dag to 2022-09-29T08:15:09.156611+00:00, run_after=2022-09-30T08:15:09.156611+00:00
[2022-09-30 08:15:09,173] {processor.py:161} INFO - Processing /home/airflow/.local/lib/python3.7/site-packages/airflow/example_dags/example_skip_dag.py took 0.382 seconds
[2022-09-30 08:15:39,261] {processor.py:153} INFO - Started process (PID=121) to work on /home/airflow/.local/lib/python3.7/site-packages/airflow/example_dags/example_skip_dag.py
[2022-09-30 08:15:39,262] {processor.py:641} INFO - Processing file /home/airflow/.local/lib/python3.7/site-packages/airflow/example_dags/example_skip_dag.py for tasks to queue
[2022-09-30 08:15:39,263] {logging_mixin.py:115} INFO - [2022-09-30 08:15:39,263] {dagbag.py:507} INFO - Filling up the DagBag from /home/airflow/.local/lib/python3.7/site-packages/airflow/example_dags/example_skip_dag.py
[2022-09-30 08:15:39,268] {processor.py:651} INFO - DAG(s) dict_keys(['example_skip_dag']) retrieved from /home/airflow/.local/lib/python3.7/site-packages/airflow/example_dags/example_skip_dag.py
[2022-09-30 08:15:39,293] {logging_mixin.py:115} INFO - [2022-09-30 08:15:39,293] {dag.py:2371} INFO - Sync 1 DAGs
[2022-09-30 08:15:39,422] {logging_mixin.py:115} INFO - [2022-09-30 08:15:39,422] {dag.py:2919} INFO - Setting next_dagrun for example_skip_dag to 2022-09-29T08:15:39.422043+00:00, run_after=2022-09-30T08:15:39.422043+00:00
[2022-09-30 08:15:39,434] {processor.py:161} INFO - Processing /home/airflow/.local/lib/python3.7/site-packages/airflow/example_dags/example_skip_dag.py took 0.175 seconds
[2022-09-30 08:16:42,309] {processor.py:153} INFO - Started process (PID=61) to work on /home/airflow/.local/lib/python3.7/site-packages/airflow/example_dags/example_skip_dag.py
[2022-09-30 08:16:42,311] {processor.py:641} INFO - Processing file /home/airflow/.local/lib/python3.7/site-packages/airflow/example_dags/example_skip_dag.py for tasks to queue
[2022-09-30 08:16:42,312] {logging_mixin.py:115} INFO - [2022-09-30 08:16:42,312] {dagbag.py:507} INFO - Filling up the DagBag from /home/airflow/.local/lib/python3.7/site-packages/airflow/example_dags/example_skip_dag.py
[2022-09-30 08:16:42,325] {processor.py:651} INFO - DAG(s) dict_keys(['example_skip_dag']) retrieved from /home/airflow/.local/lib/python3.7/site-packages/airflow/example_dags/example_skip_dag.py
[2022-09-30 08:16:42,374] {logging_mixin.py:115} INFO - [2022-09-30 08:16:42,374] {dag.py:2371} INFO - Sync 1 DAGs
[2022-09-30 08:16:42,578] {logging_mixin.py:115} INFO - [2022-09-30 08:16:42,578] {dag.py:2919} INFO - Setting next_dagrun for example_skip_dag to 2022-09-29T08:16:42.577991+00:00, run_after=2022-09-30T08:16:42.577991+00:00
[2022-09-30 08:16:42,592] {processor.py:161} INFO - Processing /home/airflow/.local/lib/python3.7/site-packages/airflow/example_dags/example_skip_dag.py took 0.291 seconds
[2022-09-30 08:17:13,430] {processor.py:153} INFO - Started process (PID=113) to work on /home/airflow/.local/lib/python3.7/site-packages/airflow/example_dags/example_skip_dag.py
[2022-09-30 08:17:13,430] {processor.py:641} INFO - Processing file /home/airflow/.local/lib/python3.7/site-packages/airflow/example_dags/example_skip_dag.py for tasks to queue
[2022-09-30 08:17:13,431] {logging_mixin.py:115} INFO - [2022-09-30 08:17:13,431] {dagbag.py:507} INFO - Filling up the DagBag from /home/airflow/.local/lib/python3.7/site-packages/airflow/example_dags/example_skip_dag.py
[2022-09-30 08:17:13,437] {processor.py:651} INFO - DAG(s) dict_keys(['example_skip_dag']) retrieved from /home/airflow/.local/lib/python3.7/site-packages/airflow/example_dags/example_skip_dag.py
[2022-09-30 08:17:13,465] {logging_mixin.py:115} INFO - [2022-09-30 08:17:13,465] {dag.py:2371} INFO - Sync 1 DAGs
[2022-09-30 08:17:13,639] {logging_mixin.py:115} INFO - [2022-09-30 08:17:13,639] {dag.py:2919} INFO - Setting next_dagrun for example_skip_dag to 2022-09-29T08:17:13.638909+00:00, run_after=2022-09-30T08:17:13.638909+00:00
[2022-09-30 08:17:13,657] {processor.py:161} INFO - Processing /home/airflow/.local/lib/python3.7/site-packages/airflow/example_dags/example_skip_dag.py took 0.235 seconds
[2022-09-30 08:17:44,046] {processor.py:153} INFO - Started process (PID=174) to work on /home/airflow/.local/lib/python3.7/site-packages/airflow/example_dags/example_skip_dag.py
[2022-09-30 08:17:44,047] {processor.py:641} INFO - Processing file /home/airflow/.local/lib/python3.7/site-packages/airflow/example_dags/example_skip_dag.py for tasks to queue
[2022-09-30 08:17:44,047] {logging_mixin.py:115} INFO - [2022-09-30 08:17:44,047] {dagbag.py:507} INFO - Filling up the DagBag from /home/airflow/.local/lib/python3.7/site-packages/airflow/example_dags/example_skip_dag.py
[2022-09-30 08:17:44,053] {processor.py:651} INFO - DAG(s) dict_keys(['example_skip_dag']) retrieved from /home/airflow/.local/lib/python3.7/site-packages/airflow/example_dags/example_skip_dag.py
[2022-09-30 08:17:44,083] {logging_mixin.py:115} INFO - [2022-09-30 08:17:44,083] {dag.py:2371} INFO - Sync 1 DAGs
[2022-09-30 08:17:44,237] {logging_mixin.py:115} INFO - [2022-09-30 08:17:44,237] {dag.py:2919} INFO - Setting next_dagrun for example_skip_dag to 2022-09-29T08:17:44.237172+00:00, run_after=2022-09-30T08:17:44.237172+00:00
[2022-09-30 08:17:44,253] {processor.py:161} INFO - Processing /home/airflow/.local/lib/python3.7/site-packages/airflow/example_dags/example_skip_dag.py took 0.212 seconds
[2022-09-30 08:18:14,532] {processor.py:153} INFO - Started process (PID=235) to work on /home/airflow/.local/lib/python3.7/site-packages/airflow/example_dags/example_skip_dag.py
[2022-09-30 08:18:14,533] {processor.py:641} INFO - Processing file /home/airflow/.local/lib/python3.7/site-packages/airflow/example_dags/example_skip_dag.py for tasks to queue
[2022-09-30 08:18:14,533] {logging_mixin.py:115} INFO - [2022-09-30 08:18:14,533] {dagbag.py:507} INFO - Filling up the DagBag from /home/airflow/.local/lib/python3.7/site-packages/airflow/example_dags/example_skip_dag.py
[2022-09-30 08:18:14,538] {processor.py:651} INFO - DAG(s) dict_keys(['example_skip_dag']) retrieved from /home/airflow/.local/lib/python3.7/site-packages/airflow/example_dags/example_skip_dag.py
[2022-09-30 08:18:14,563] {logging_mixin.py:115} INFO - [2022-09-30 08:18:14,563] {dag.py:2371} INFO - Sync 1 DAGs
[2022-09-30 08:18:14,692] {logging_mixin.py:115} INFO - [2022-09-30 08:18:14,692] {dag.py:2919} INFO - Setting next_dagrun for example_skip_dag to 2022-09-29T08:18:14.692098+00:00, run_after=2022-09-30T08:18:14.692098+00:00
[2022-09-30 08:18:14,705] {processor.py:161} INFO - Processing /home/airflow/.local/lib/python3.7/site-packages/airflow/example_dags/example_skip_dag.py took 0.176 seconds
[2022-09-30 08:18:44,926] {processor.py:153} INFO - Started process (PID=287) to work on /home/airflow/.local/lib/python3.7/site-packages/airflow/example_dags/example_skip_dag.py
[2022-09-30 08:18:44,946] {processor.py:641} INFO - Processing file /home/airflow/.local/lib/python3.7/site-packages/airflow/example_dags/example_skip_dag.py for tasks to queue
[2022-09-30 08:18:44,947] {logging_mixin.py:115} INFO - [2022-09-30 08:18:44,947] {dagbag.py:507} INFO - Filling up the DagBag from /home/airflow/.local/lib/python3.7/site-packages/airflow/example_dags/example_skip_dag.py
[2022-09-30 08:18:44,956] {processor.py:651} INFO - DAG(s) dict_keys(['example_skip_dag']) retrieved from /home/airflow/.local/lib/python3.7/site-packages/airflow/example_dags/example_skip_dag.py
[2022-09-30 08:18:45,020] {logging_mixin.py:115} INFO - [2022-09-30 08:18:45,020] {dag.py:2371} INFO - Sync 1 DAGs
[2022-09-30 08:18:45,183] {logging_mixin.py:115} INFO - [2022-09-30 08:18:45,183] {dag.py:2919} INFO - Setting next_dagrun for example_skip_dag to 2022-09-29T08:18:45.183536+00:00, run_after=2022-09-30T08:18:45.183536+00:00
[2022-09-30 08:18:45,229] {processor.py:161} INFO - Processing /home/airflow/.local/lib/python3.7/site-packages/airflow/example_dags/example_skip_dag.py took 0.305 seconds
[2022-09-30 08:19:15,273] {processor.py:153} INFO - Started process (PID=348) to work on /home/airflow/.local/lib/python3.7/site-packages/airflow/example_dags/example_skip_dag.py
[2022-09-30 08:19:15,275] {processor.py:641} INFO - Processing file /home/airflow/.local/lib/python3.7/site-packages/airflow/example_dags/example_skip_dag.py for tasks to queue
[2022-09-30 08:19:15,277] {logging_mixin.py:115} INFO - [2022-09-30 08:19:15,277] {dagbag.py:507} INFO - Filling up the DagBag from /home/airflow/.local/lib/python3.7/site-packages/airflow/example_dags/example_skip_dag.py
[2022-09-30 08:19:15,282] {processor.py:651} INFO - DAG(s) dict_keys(['example_skip_dag']) retrieved from /home/airflow/.local/lib/python3.7/site-packages/airflow/example_dags/example_skip_dag.py
[2022-09-30 08:19:15,310] {logging_mixin.py:115} INFO - [2022-09-30 08:19:15,310] {dag.py:2371} INFO - Sync 1 DAGs
[2022-09-30 08:19:15,438] {logging_mixin.py:115} INFO - [2022-09-30 08:19:15,437] {dag.py:2919} INFO - Setting next_dagrun for example_skip_dag to 2022-09-29T08:19:15.437721+00:00, run_after=2022-09-30T08:19:15.437721+00:00
[2022-09-30 08:19:15,454] {processor.py:161} INFO - Processing /home/airflow/.local/lib/python3.7/site-packages/airflow/example_dags/example_skip_dag.py took 0.184 seconds
[2022-09-30 08:19:46,045] {processor.py:153} INFO - Started process (PID=409) to work on /home/airflow/.local/lib/python3.7/site-packages/airflow/example_dags/example_skip_dag.py
[2022-09-30 08:19:46,046] {processor.py:641} INFO - Processing file /home/airflow/.local/lib/python3.7/site-packages/airflow/example_dags/example_skip_dag.py for tasks to queue
[2022-09-30 08:19:46,047] {logging_mixin.py:115} INFO - [2022-09-30 08:19:46,047] {dagbag.py:507} INFO - Filling up the DagBag from /home/airflow/.local/lib/python3.7/site-packages/airflow/example_dags/example_skip_dag.py
[2022-09-30 08:19:46,052] {processor.py:651} INFO - DAG(s) dict_keys(['example_skip_dag']) retrieved from /home/airflow/.local/lib/python3.7/site-packages/airflow/example_dags/example_skip_dag.py
[2022-09-30 08:19:46,078] {logging_mixin.py:115} INFO - [2022-09-30 08:19:46,077] {dag.py:2371} INFO - Sync 1 DAGs
[2022-09-30 08:19:46,198] {logging_mixin.py:115} INFO - [2022-09-30 08:19:46,198] {dag.py:2919} INFO - Setting next_dagrun for example_skip_dag to 2022-09-29T08:19:46.198691+00:00, run_after=2022-09-30T08:19:46.198691+00:00
[2022-09-30 08:19:46,212] {processor.py:161} INFO - Processing /home/airflow/.local/lib/python3.7/site-packages/airflow/example_dags/example_skip_dag.py took 0.170 seconds
[2022-09-30 08:20:16,764] {processor.py:153} INFO - Started process (PID=461) to work on /home/airflow/.local/lib/python3.7/site-packages/airflow/example_dags/example_skip_dag.py
[2022-09-30 08:20:16,764] {processor.py:641} INFO - Processing file /home/airflow/.local/lib/python3.7/site-packages/airflow/example_dags/example_skip_dag.py for tasks to queue
[2022-09-30 08:20:16,765] {logging_mixin.py:115} INFO - [2022-09-30 08:20:16,765] {dagbag.py:507} INFO - Filling up the DagBag from /home/airflow/.local/lib/python3.7/site-packages/airflow/example_dags/example_skip_dag.py
[2022-09-30 08:20:16,770] {processor.py:651} INFO - DAG(s) dict_keys(['example_skip_dag']) retrieved from /home/airflow/.local/lib/python3.7/site-packages/airflow/example_dags/example_skip_dag.py
[2022-09-30 08:20:16,795] {logging_mixin.py:115} INFO - [2022-09-30 08:20:16,795] {dag.py:2371} INFO - Sync 1 DAGs
[2022-09-30 08:20:16,908] {logging_mixin.py:115} INFO - [2022-09-30 08:20:16,908] {dag.py:2919} INFO - Setting next_dagrun for example_skip_dag to 2022-09-29T08:20:16.908553+00:00, run_after=2022-09-30T08:20:16.908553+00:00
[2022-09-30 08:20:16,919] {processor.py:161} INFO - Processing /home/airflow/.local/lib/python3.7/site-packages/airflow/example_dags/example_skip_dag.py took 0.158 seconds
[2022-09-30 08:20:47,635] {processor.py:153} INFO - Started process (PID=523) to work on /home/airflow/.local/lib/python3.7/site-packages/airflow/example_dags/example_skip_dag.py
[2022-09-30 08:20:47,636] {processor.py:641} INFO - Processing file /home/airflow/.local/lib/python3.7/site-packages/airflow/example_dags/example_skip_dag.py for tasks to queue
[2022-09-30 08:20:47,636] {logging_mixin.py:115} INFO - [2022-09-30 08:20:47,636] {dagbag.py:507} INFO - Filling up the DagBag from /home/airflow/.local/lib/python3.7/site-packages/airflow/example_dags/example_skip_dag.py
[2022-09-30 08:20:47,642] {processor.py:651} INFO - DAG(s) dict_keys(['example_skip_dag']) retrieved from /home/airflow/.local/lib/python3.7/site-packages/airflow/example_dags/example_skip_dag.py
[2022-09-30 08:20:47,669] {logging_mixin.py:115} INFO - [2022-09-30 08:20:47,669] {dag.py:2371} INFO - Sync 1 DAGs
[2022-09-30 08:20:47,843] {logging_mixin.py:115} INFO - [2022-09-30 08:20:47,843] {dag.py:2919} INFO - Setting next_dagrun for example_skip_dag to 2022-09-29T08:20:47.843541+00:00, run_after=2022-09-30T08:20:47.843541+00:00
[2022-09-30 08:20:47,853] {processor.py:161} INFO - Processing /home/airflow/.local/lib/python3.7/site-packages/airflow/example_dags/example_skip_dag.py took 0.221 seconds
[2022-09-30 08:21:18,454] {processor.py:153} INFO - Started process (PID=584) to work on /home/airflow/.local/lib/python3.7/site-packages/airflow/example_dags/example_skip_dag.py
[2022-09-30 08:21:18,454] {processor.py:641} INFO - Processing file /home/airflow/.local/lib/python3.7/site-packages/airflow/example_dags/example_skip_dag.py for tasks to queue
[2022-09-30 08:21:18,455] {logging_mixin.py:115} INFO - [2022-09-30 08:21:18,455] {dagbag.py:507} INFO - Filling up the DagBag from /home/airflow/.local/lib/python3.7/site-packages/airflow/example_dags/example_skip_dag.py
[2022-09-30 08:21:18,462] {processor.py:651} INFO - DAG(s) dict_keys(['example_skip_dag']) retrieved from /home/airflow/.local/lib/python3.7/site-packages/airflow/example_dags/example_skip_dag.py
[2022-09-30 08:21:18,490] {logging_mixin.py:115} INFO - [2022-09-30 08:21:18,490] {dag.py:2371} INFO - Sync 1 DAGs
[2022-09-30 08:21:18,622] {logging_mixin.py:115} INFO - [2022-09-30 08:21:18,622] {dag.py:2919} INFO - Setting next_dagrun for example_skip_dag to 2022-09-29T08:21:18.622364+00:00, run_after=2022-09-30T08:21:18.622364+00:00
[2022-09-30 08:21:18,636] {processor.py:161} INFO - Processing /home/airflow/.local/lib/python3.7/site-packages/airflow/example_dags/example_skip_dag.py took 0.185 seconds
[2022-09-30 08:21:49,200] {processor.py:153} INFO - Started process (PID=636) to work on /home/airflow/.local/lib/python3.7/site-packages/airflow/example_dags/example_skip_dag.py
[2022-09-30 08:21:49,201] {processor.py:641} INFO - Processing file /home/airflow/.local/lib/python3.7/site-packages/airflow/example_dags/example_skip_dag.py for tasks to queue
[2022-09-30 08:21:49,202] {logging_mixin.py:115} INFO - [2022-09-30 08:21:49,202] {dagbag.py:507} INFO - Filling up the DagBag from /home/airflow/.local/lib/python3.7/site-packages/airflow/example_dags/example_skip_dag.py
[2022-09-30 08:21:49,208] {processor.py:651} INFO - DAG(s) dict_keys(['example_skip_dag']) retrieved from /home/airflow/.local/lib/python3.7/site-packages/airflow/example_dags/example_skip_dag.py
[2022-09-30 08:21:49,242] {logging_mixin.py:115} INFO - [2022-09-30 08:21:49,242] {dag.py:2371} INFO - Sync 1 DAGs
[2022-09-30 08:21:49,379] {logging_mixin.py:115} INFO - [2022-09-30 08:21:49,379] {dag.py:2919} INFO - Setting next_dagrun for example_skip_dag to 2022-09-29T08:21:49.379505+00:00, run_after=2022-09-30T08:21:49.379505+00:00
[2022-09-30 08:21:49,399] {processor.py:161} INFO - Processing /home/airflow/.local/lib/python3.7/site-packages/airflow/example_dags/example_skip_dag.py took 0.202 seconds
[2022-09-30 08:22:19,670] {processor.py:153} INFO - Started process (PID=697) to work on /home/airflow/.local/lib/python3.7/site-packages/airflow/example_dags/example_skip_dag.py
[2022-09-30 08:22:19,670] {processor.py:641} INFO - Processing file /home/airflow/.local/lib/python3.7/site-packages/airflow/example_dags/example_skip_dag.py for tasks to queue
[2022-09-30 08:22:19,671] {logging_mixin.py:115} INFO - [2022-09-30 08:22:19,671] {dagbag.py:507} INFO - Filling up the DagBag from /home/airflow/.local/lib/python3.7/site-packages/airflow/example_dags/example_skip_dag.py
[2022-09-30 08:22:19,676] {processor.py:651} INFO - DAG(s) dict_keys(['example_skip_dag']) retrieved from /home/airflow/.local/lib/python3.7/site-packages/airflow/example_dags/example_skip_dag.py
[2022-09-30 08:22:19,705] {logging_mixin.py:115} INFO - [2022-09-30 08:22:19,705] {dag.py:2371} INFO - Sync 1 DAGs
[2022-09-30 08:22:19,847] {logging_mixin.py:115} INFO - [2022-09-30 08:22:19,847] {dag.py:2919} INFO - Setting next_dagrun for example_skip_dag to 2022-09-29T08:22:19.847320+00:00, run_after=2022-09-30T08:22:19.847320+00:00
[2022-09-30 08:22:19,859] {processor.py:161} INFO - Processing /home/airflow/.local/lib/python3.7/site-packages/airflow/example_dags/example_skip_dag.py took 0.192 seconds
[2022-09-30 08:22:50,130] {processor.py:153} INFO - Started process (PID=758) to work on /home/airflow/.local/lib/python3.7/site-packages/airflow/example_dags/example_skip_dag.py
[2022-09-30 08:22:50,131] {processor.py:641} INFO - Processing file /home/airflow/.local/lib/python3.7/site-packages/airflow/example_dags/example_skip_dag.py for tasks to queue
[2022-09-30 08:22:50,132] {logging_mixin.py:115} INFO - [2022-09-30 08:22:50,131] {dagbag.py:507} INFO - Filling up the DagBag from /home/airflow/.local/lib/python3.7/site-packages/airflow/example_dags/example_skip_dag.py
[2022-09-30 08:22:50,137] {processor.py:651} INFO - DAG(s) dict_keys(['example_skip_dag']) retrieved from /home/airflow/.local/lib/python3.7/site-packages/airflow/example_dags/example_skip_dag.py
[2022-09-30 08:22:50,170] {logging_mixin.py:115} INFO - [2022-09-30 08:22:50,170] {dag.py:2371} INFO - Sync 1 DAGs
[2022-09-30 08:22:50,313] {logging_mixin.py:115} INFO - [2022-09-30 08:22:50,313] {dag.py:2919} INFO - Setting next_dagrun for example_skip_dag to 2022-09-29T08:22:50.313263+00:00, run_after=2022-09-30T08:22:50.313263+00:00
[2022-09-30 08:22:50,327] {processor.py:161} INFO - Processing /home/airflow/.local/lib/python3.7/site-packages/airflow/example_dags/example_skip_dag.py took 0.201 seconds
[2022-09-30 08:23:20,863] {processor.py:153} INFO - Started process (PID=810) to work on /home/airflow/.local/lib/python3.7/site-packages/airflow/example_dags/example_skip_dag.py
[2022-09-30 08:23:20,863] {processor.py:641} INFO - Processing file /home/airflow/.local/lib/python3.7/site-packages/airflow/example_dags/example_skip_dag.py for tasks to queue
[2022-09-30 08:23:20,864] {logging_mixin.py:115} INFO - [2022-09-30 08:23:20,864] {dagbag.py:507} INFO - Filling up the DagBag from /home/airflow/.local/lib/python3.7/site-packages/airflow/example_dags/example_skip_dag.py
[2022-09-30 08:23:20,869] {processor.py:651} INFO - DAG(s) dict_keys(['example_skip_dag']) retrieved from /home/airflow/.local/lib/python3.7/site-packages/airflow/example_dags/example_skip_dag.py
[2022-09-30 08:23:20,894] {logging_mixin.py:115} INFO - [2022-09-30 08:23:20,894] {dag.py:2371} INFO - Sync 1 DAGs
[2022-09-30 08:23:21,009] {logging_mixin.py:115} INFO - [2022-09-30 08:23:21,009] {dag.py:2919} INFO - Setting next_dagrun for example_skip_dag to 2022-09-29T08:23:21.009274+00:00, run_after=2022-09-30T08:23:21.009274+00:00
[2022-09-30 08:23:21,021] {processor.py:161} INFO - Processing /home/airflow/.local/lib/python3.7/site-packages/airflow/example_dags/example_skip_dag.py took 0.161 seconds
[2022-09-30 08:23:51,165] {processor.py:153} INFO - Started process (PID=871) to work on /home/airflow/.local/lib/python3.7/site-packages/airflow/example_dags/example_skip_dag.py
[2022-09-30 08:23:51,166] {processor.py:641} INFO - Processing file /home/airflow/.local/lib/python3.7/site-packages/airflow/example_dags/example_skip_dag.py for tasks to queue
[2022-09-30 08:23:51,167] {logging_mixin.py:115} INFO - [2022-09-30 08:23:51,167] {dagbag.py:507} INFO - Filling up the DagBag from /home/airflow/.local/lib/python3.7/site-packages/airflow/example_dags/example_skip_dag.py
[2022-09-30 08:23:51,172] {processor.py:651} INFO - DAG(s) dict_keys(['example_skip_dag']) retrieved from /home/airflow/.local/lib/python3.7/site-packages/airflow/example_dags/example_skip_dag.py
[2022-09-30 08:23:51,202] {logging_mixin.py:115} INFO - [2022-09-30 08:23:51,202] {dag.py:2371} INFO - Sync 1 DAGs
[2022-09-30 08:23:51,320] {logging_mixin.py:115} INFO - [2022-09-30 08:23:51,319] {dag.py:2919} INFO - Setting next_dagrun for example_skip_dag to 2022-09-29T08:23:51.319726+00:00, run_after=2022-09-30T08:23:51.319726+00:00
[2022-09-30 08:23:51,330] {processor.py:161} INFO - Processing /home/airflow/.local/lib/python3.7/site-packages/airflow/example_dags/example_skip_dag.py took 0.167 seconds
[2022-09-30 08:24:21,928] {processor.py:153} INFO - Started process (PID=932) to work on /home/airflow/.local/lib/python3.7/site-packages/airflow/example_dags/example_skip_dag.py
[2022-09-30 08:24:21,928] {processor.py:641} INFO - Processing file /home/airflow/.local/lib/python3.7/site-packages/airflow/example_dags/example_skip_dag.py for tasks to queue
[2022-09-30 08:24:21,929] {logging_mixin.py:115} INFO - [2022-09-30 08:24:21,929] {dagbag.py:507} INFO - Filling up the DagBag from /home/airflow/.local/lib/python3.7/site-packages/airflow/example_dags/example_skip_dag.py
[2022-09-30 08:24:21,934] {processor.py:651} INFO - DAG(s) dict_keys(['example_skip_dag']) retrieved from /home/airflow/.local/lib/python3.7/site-packages/airflow/example_dags/example_skip_dag.py
[2022-09-30 08:24:21,961] {logging_mixin.py:115} INFO - [2022-09-30 08:24:21,961] {dag.py:2371} INFO - Sync 1 DAGs
[2022-09-30 08:24:22,075] {logging_mixin.py:115} INFO - [2022-09-30 08:24:22,075] {dag.py:2919} INFO - Setting next_dagrun for example_skip_dag to 2022-09-29T08:24:22.075199+00:00, run_after=2022-09-30T08:24:22.075199+00:00
[2022-09-30 08:24:22,085] {processor.py:161} INFO - Processing /home/airflow/.local/lib/python3.7/site-packages/airflow/example_dags/example_skip_dag.py took 0.160 seconds
[2022-09-30 08:24:52,352] {processor.py:153} INFO - Started process (PID=984) to work on /home/airflow/.local/lib/python3.7/site-packages/airflow/example_dags/example_skip_dag.py
[2022-09-30 08:24:52,353] {processor.py:641} INFO - Processing file /home/airflow/.local/lib/python3.7/site-packages/airflow/example_dags/example_skip_dag.py for tasks to queue
[2022-09-30 08:24:52,353] {logging_mixin.py:115} INFO - [2022-09-30 08:24:52,353] {dagbag.py:507} INFO - Filling up the DagBag from /home/airflow/.local/lib/python3.7/site-packages/airflow/example_dags/example_skip_dag.py
[2022-09-30 08:24:52,361] {processor.py:651} INFO - DAG(s) dict_keys(['example_skip_dag']) retrieved from /home/airflow/.local/lib/python3.7/site-packages/airflow/example_dags/example_skip_dag.py
[2022-09-30 08:24:52,412] {logging_mixin.py:115} INFO - [2022-09-30 08:24:52,411] {dag.py:2371} INFO - Sync 1 DAGs
[2022-09-30 08:24:52,561] {logging_mixin.py:115} INFO - [2022-09-30 08:24:52,561] {dag.py:2919} INFO - Setting next_dagrun for example_skip_dag to 2022-09-29T08:24:52.561605+00:00, run_after=2022-09-30T08:24:52.561605+00:00
[2022-09-30 08:24:52,572] {processor.py:161} INFO - Processing /home/airflow/.local/lib/python3.7/site-packages/airflow/example_dags/example_skip_dag.py took 0.224 seconds
[2022-09-30 08:25:23,166] {processor.py:153} INFO - Started process (PID=1045) to work on /home/airflow/.local/lib/python3.7/site-packages/airflow/example_dags/example_skip_dag.py
[2022-09-30 08:25:23,166] {processor.py:641} INFO - Processing file /home/airflow/.local/lib/python3.7/site-packages/airflow/example_dags/example_skip_dag.py for tasks to queue
[2022-09-30 08:25:23,167] {logging_mixin.py:115} INFO - [2022-09-30 08:25:23,167] {dagbag.py:507} INFO - Filling up the DagBag from /home/airflow/.local/lib/python3.7/site-packages/airflow/example_dags/example_skip_dag.py
[2022-09-30 08:25:23,172] {processor.py:651} INFO - DAG(s) dict_keys(['example_skip_dag']) retrieved from /home/airflow/.local/lib/python3.7/site-packages/airflow/example_dags/example_skip_dag.py
[2022-09-30 08:25:23,203] {logging_mixin.py:115} INFO - [2022-09-30 08:25:23,202] {dag.py:2371} INFO - Sync 1 DAGs
[2022-09-30 08:25:23,331] {logging_mixin.py:115} INFO - [2022-09-30 08:25:23,331] {dag.py:2919} INFO - Setting next_dagrun for example_skip_dag to 2022-09-29T08:25:23.331320+00:00, run_after=2022-09-30T08:25:23.331320+00:00
[2022-09-30 08:25:23,344] {processor.py:161} INFO - Processing /home/airflow/.local/lib/python3.7/site-packages/airflow/example_dags/example_skip_dag.py took 0.182 seconds
[2022-09-30 08:25:53,996] {processor.py:153} INFO - Started process (PID=1106) to work on /home/airflow/.local/lib/python3.7/site-packages/airflow/example_dags/example_skip_dag.py
[2022-09-30 08:25:53,997] {processor.py:641} INFO - Processing file /home/airflow/.local/lib/python3.7/site-packages/airflow/example_dags/example_skip_dag.py for tasks to queue
[2022-09-30 08:25:53,997] {logging_mixin.py:115} INFO - [2022-09-30 08:25:53,997] {dagbag.py:507} INFO - Filling up the DagBag from /home/airflow/.local/lib/python3.7/site-packages/airflow/example_dags/example_skip_dag.py
[2022-09-30 08:25:54,002] {processor.py:651} INFO - DAG(s) dict_keys(['example_skip_dag']) retrieved from /home/airflow/.local/lib/python3.7/site-packages/airflow/example_dags/example_skip_dag.py
[2022-09-30 08:25:54,033] {logging_mixin.py:115} INFO - [2022-09-30 08:25:54,032] {dag.py:2371} INFO - Sync 1 DAGs
[2022-09-30 08:25:54,168] {logging_mixin.py:115} INFO - [2022-09-30 08:25:54,167] {dag.py:2919} INFO - Setting next_dagrun for example_skip_dag to 2022-09-29T08:25:54.167706+00:00, run_after=2022-09-30T08:25:54.167706+00:00
[2022-09-30 08:25:54,181] {processor.py:161} INFO - Processing /home/airflow/.local/lib/python3.7/site-packages/airflow/example_dags/example_skip_dag.py took 0.188 seconds
[2022-09-30 08:26:24,767] {processor.py:153} INFO - Started process (PID=1158) to work on /home/airflow/.local/lib/python3.7/site-packages/airflow/example_dags/example_skip_dag.py
[2022-09-30 08:26:24,768] {processor.py:641} INFO - Processing file /home/airflow/.local/lib/python3.7/site-packages/airflow/example_dags/example_skip_dag.py for tasks to queue
[2022-09-30 08:26:24,769] {logging_mixin.py:115} INFO - [2022-09-30 08:26:24,769] {dagbag.py:507} INFO - Filling up the DagBag from /home/airflow/.local/lib/python3.7/site-packages/airflow/example_dags/example_skip_dag.py
[2022-09-30 08:26:24,774] {processor.py:651} INFO - DAG(s) dict_keys(['example_skip_dag']) retrieved from /home/airflow/.local/lib/python3.7/site-packages/airflow/example_dags/example_skip_dag.py
[2022-09-30 08:26:24,801] {logging_mixin.py:115} INFO - [2022-09-30 08:26:24,801] {dag.py:2371} INFO - Sync 1 DAGs
[2022-09-30 08:26:24,919] {logging_mixin.py:115} INFO - [2022-09-30 08:26:24,919] {dag.py:2919} INFO - Setting next_dagrun for example_skip_dag to 2022-09-29T08:26:24.919460+00:00, run_after=2022-09-30T08:26:24.919460+00:00
[2022-09-30 08:26:24,930] {processor.py:161} INFO - Processing /home/airflow/.local/lib/python3.7/site-packages/airflow/example_dags/example_skip_dag.py took 0.166 seconds
[2022-09-30 08:26:54,953] {processor.py:153} INFO - Started process (PID=1219) to work on /home/airflow/.local/lib/python3.7/site-packages/airflow/example_dags/example_skip_dag.py
[2022-09-30 08:26:54,953] {processor.py:641} INFO - Processing file /home/airflow/.local/lib/python3.7/site-packages/airflow/example_dags/example_skip_dag.py for tasks to queue
[2022-09-30 08:26:54,954] {logging_mixin.py:115} INFO - [2022-09-30 08:26:54,954] {dagbag.py:507} INFO - Filling up the DagBag from /home/airflow/.local/lib/python3.7/site-packages/airflow/example_dags/example_skip_dag.py
[2022-09-30 08:26:54,959] {processor.py:651} INFO - DAG(s) dict_keys(['example_skip_dag']) retrieved from /home/airflow/.local/lib/python3.7/site-packages/airflow/example_dags/example_skip_dag.py
[2022-09-30 08:26:54,987] {logging_mixin.py:115} INFO - [2022-09-30 08:26:54,987] {dag.py:2371} INFO - Sync 1 DAGs
[2022-09-30 08:26:55,009] {logging_mixin.py:115} INFO - [2022-09-30 08:26:55,009] {dag.py:2919} INFO - Setting next_dagrun for example_skip_dag to 2022-09-29T08:26:55.009156+00:00, run_after=2022-09-30T08:26:55.009156+00:00
[2022-09-30 08:26:55,020] {processor.py:161} INFO - Processing /home/airflow/.local/lib/python3.7/site-packages/airflow/example_dags/example_skip_dag.py took 0.070 seconds
[2022-09-30 08:27:25,221] {processor.py:153} INFO - Started process (PID=1280) to work on /home/airflow/.local/lib/python3.7/site-packages/airflow/example_dags/example_skip_dag.py
[2022-09-30 08:27:25,221] {processor.py:641} INFO - Processing file /home/airflow/.local/lib/python3.7/site-packages/airflow/example_dags/example_skip_dag.py for tasks to queue
[2022-09-30 08:27:25,222] {logging_mixin.py:115} INFO - [2022-09-30 08:27:25,222] {dagbag.py:507} INFO - Filling up the DagBag from /home/airflow/.local/lib/python3.7/site-packages/airflow/example_dags/example_skip_dag.py
[2022-09-30 08:27:25,227] {processor.py:651} INFO - DAG(s) dict_keys(['example_skip_dag']) retrieved from /home/airflow/.local/lib/python3.7/site-packages/airflow/example_dags/example_skip_dag.py
[2022-09-30 08:27:25,256] {logging_mixin.py:115} INFO - [2022-09-30 08:27:25,256] {dag.py:2371} INFO - Sync 1 DAGs
[2022-09-30 08:27:25,277] {logging_mixin.py:115} INFO - [2022-09-30 08:27:25,277] {dag.py:2919} INFO - Setting next_dagrun for example_skip_dag to 2022-09-29T08:27:25.276975+00:00, run_after=2022-09-30T08:27:25.276975+00:00
[2022-09-30 08:27:25,290] {processor.py:161} INFO - Processing /home/airflow/.local/lib/python3.7/site-packages/airflow/example_dags/example_skip_dag.py took 0.072 seconds
[2022-09-30 08:27:56,210] {processor.py:153} INFO - Started process (PID=1332) to work on /home/airflow/.local/lib/python3.7/site-packages/airflow/example_dags/example_skip_dag.py
[2022-09-30 08:27:56,211] {processor.py:641} INFO - Processing file /home/airflow/.local/lib/python3.7/site-packages/airflow/example_dags/example_skip_dag.py for tasks to queue
[2022-09-30 08:27:56,212] {logging_mixin.py:115} INFO - [2022-09-30 08:27:56,212] {dagbag.py:507} INFO - Filling up the DagBag from /home/airflow/.local/lib/python3.7/site-packages/airflow/example_dags/example_skip_dag.py
[2022-09-30 08:27:56,218] {processor.py:651} INFO - DAG(s) dict_keys(['example_skip_dag']) retrieved from /home/airflow/.local/lib/python3.7/site-packages/airflow/example_dags/example_skip_dag.py
[2022-09-30 08:27:56,247] {logging_mixin.py:115} INFO - [2022-09-30 08:27:56,247] {dag.py:2371} INFO - Sync 1 DAGs
[2022-09-30 08:27:56,270] {logging_mixin.py:115} INFO - [2022-09-30 08:27:56,269] {dag.py:2919} INFO - Setting next_dagrun for example_skip_dag to 2022-09-29T08:27:56.269671+00:00, run_after=2022-09-30T08:27:56.269671+00:00
[2022-09-30 08:27:56,282] {processor.py:161} INFO - Processing /home/airflow/.local/lib/python3.7/site-packages/airflow/example_dags/example_skip_dag.py took 0.075 seconds
[2022-09-30 08:28:27,132] {processor.py:153} INFO - Started process (PID=1393) to work on /home/airflow/.local/lib/python3.7/site-packages/airflow/example_dags/example_skip_dag.py
[2022-09-30 08:28:27,132] {processor.py:641} INFO - Processing file /home/airflow/.local/lib/python3.7/site-packages/airflow/example_dags/example_skip_dag.py for tasks to queue
[2022-09-30 08:28:27,133] {logging_mixin.py:115} INFO - [2022-09-30 08:28:27,133] {dagbag.py:507} INFO - Filling up the DagBag from /home/airflow/.local/lib/python3.7/site-packages/airflow/example_dags/example_skip_dag.py
[2022-09-30 08:28:27,138] {processor.py:651} INFO - DAG(s) dict_keys(['example_skip_dag']) retrieved from /home/airflow/.local/lib/python3.7/site-packages/airflow/example_dags/example_skip_dag.py
[2022-09-30 08:28:27,164] {logging_mixin.py:115} INFO - [2022-09-30 08:28:27,164] {dag.py:2371} INFO - Sync 1 DAGs
[2022-09-30 08:28:27,184] {logging_mixin.py:115} INFO - [2022-09-30 08:28:27,184] {dag.py:2919} INFO - Setting next_dagrun for example_skip_dag to 2022-09-29T08:28:27.184192+00:00, run_after=2022-09-30T08:28:27.184192+00:00
[2022-09-30 08:28:27,195] {processor.py:161} INFO - Processing /home/airflow/.local/lib/python3.7/site-packages/airflow/example_dags/example_skip_dag.py took 0.066 seconds
[2022-09-30 08:28:58,028] {processor.py:153} INFO - Started process (PID=1455) to work on /home/airflow/.local/lib/python3.7/site-packages/airflow/example_dags/example_skip_dag.py
[2022-09-30 08:28:58,029] {processor.py:641} INFO - Processing file /home/airflow/.local/lib/python3.7/site-packages/airflow/example_dags/example_skip_dag.py for tasks to queue
[2022-09-30 08:28:58,030] {logging_mixin.py:115} INFO - [2022-09-30 08:28:58,030] {dagbag.py:507} INFO - Filling up the DagBag from /home/airflow/.local/lib/python3.7/site-packages/airflow/example_dags/example_skip_dag.py
[2022-09-30 08:28:58,035] {processor.py:651} INFO - DAG(s) dict_keys(['example_skip_dag']) retrieved from /home/airflow/.local/lib/python3.7/site-packages/airflow/example_dags/example_skip_dag.py
[2022-09-30 08:28:58,062] {logging_mixin.py:115} INFO - [2022-09-30 08:28:58,062] {dag.py:2371} INFO - Sync 1 DAGs
[2022-09-30 08:28:58,082] {logging_mixin.py:115} INFO - [2022-09-30 08:28:58,082] {dag.py:2919} INFO - Setting next_dagrun for example_skip_dag to 2022-09-29T08:28:58.082419+00:00, run_after=2022-09-30T08:28:58.082419+00:00
[2022-09-30 08:28:58,095] {processor.py:161} INFO - Processing /home/airflow/.local/lib/python3.7/site-packages/airflow/example_dags/example_skip_dag.py took 0.070 seconds
[2022-09-30 08:29:28,866] {processor.py:153} INFO - Started process (PID=1516) to work on /home/airflow/.local/lib/python3.7/site-packages/airflow/example_dags/example_skip_dag.py
[2022-09-30 08:29:28,867] {processor.py:641} INFO - Processing file /home/airflow/.local/lib/python3.7/site-packages/airflow/example_dags/example_skip_dag.py for tasks to queue
[2022-09-30 08:29:28,867] {logging_mixin.py:115} INFO - [2022-09-30 08:29:28,867] {dagbag.py:507} INFO - Filling up the DagBag from /home/airflow/.local/lib/python3.7/site-packages/airflow/example_dags/example_skip_dag.py
[2022-09-30 08:29:28,872] {processor.py:651} INFO - DAG(s) dict_keys(['example_skip_dag']) retrieved from /home/airflow/.local/lib/python3.7/site-packages/airflow/example_dags/example_skip_dag.py
[2022-09-30 08:29:28,904] {logging_mixin.py:115} INFO - [2022-09-30 08:29:28,904] {dag.py:2371} INFO - Sync 1 DAGs
[2022-09-30 08:29:28,927] {logging_mixin.py:115} INFO - [2022-09-30 08:29:28,927] {dag.py:2919} INFO - Setting next_dagrun for example_skip_dag to 2022-09-29T08:29:28.926901+00:00, run_after=2022-09-30T08:29:28.926901+00:00
[2022-09-30 08:29:28,938] {processor.py:161} INFO - Processing /home/airflow/.local/lib/python3.7/site-packages/airflow/example_dags/example_skip_dag.py took 0.076 seconds
[2022-09-30 08:29:59,641] {processor.py:153} INFO - Started process (PID=1568) to work on /home/airflow/.local/lib/python3.7/site-packages/airflow/example_dags/example_skip_dag.py
[2022-09-30 08:29:59,641] {processor.py:641} INFO - Processing file /home/airflow/.local/lib/python3.7/site-packages/airflow/example_dags/example_skip_dag.py for tasks to queue
[2022-09-30 08:29:59,642] {logging_mixin.py:115} INFO - [2022-09-30 08:29:59,642] {dagbag.py:507} INFO - Filling up the DagBag from /home/airflow/.local/lib/python3.7/site-packages/airflow/example_dags/example_skip_dag.py
[2022-09-30 08:29:59,647] {processor.py:651} INFO - DAG(s) dict_keys(['example_skip_dag']) retrieved from /home/airflow/.local/lib/python3.7/site-packages/airflow/example_dags/example_skip_dag.py
[2022-09-30 08:29:59,673] {logging_mixin.py:115} INFO - [2022-09-30 08:29:59,673] {dag.py:2371} INFO - Sync 1 DAGs
[2022-09-30 08:29:59,693] {logging_mixin.py:115} INFO - [2022-09-30 08:29:59,693] {dag.py:2919} INFO - Setting next_dagrun for example_skip_dag to 2022-09-29T08:29:59.693628+00:00, run_after=2022-09-30T08:29:59.693628+00:00
[2022-09-30 08:29:59,705] {processor.py:161} INFO - Processing /home/airflow/.local/lib/python3.7/site-packages/airflow/example_dags/example_skip_dag.py took 0.067 seconds
[2022-09-30 08:30:30,702] {processor.py:153} INFO - Started process (PID=1630) to work on /home/airflow/.local/lib/python3.7/site-packages/airflow/example_dags/example_skip_dag.py
[2022-09-30 08:30:30,703] {processor.py:641} INFO - Processing file /home/airflow/.local/lib/python3.7/site-packages/airflow/example_dags/example_skip_dag.py for tasks to queue
[2022-09-30 08:30:30,703] {logging_mixin.py:115} INFO - [2022-09-30 08:30:30,703] {dagbag.py:507} INFO - Filling up the DagBag from /home/airflow/.local/lib/python3.7/site-packages/airflow/example_dags/example_skip_dag.py
[2022-09-30 08:30:30,709] {processor.py:651} INFO - DAG(s) dict_keys(['example_skip_dag']) retrieved from /home/airflow/.local/lib/python3.7/site-packages/airflow/example_dags/example_skip_dag.py
[2022-09-30 08:30:30,739] {logging_mixin.py:115} INFO - [2022-09-30 08:30:30,739] {dag.py:2371} INFO - Sync 1 DAGs
[2022-09-30 08:30:30,760] {logging_mixin.py:115} INFO - [2022-09-30 08:30:30,760] {dag.py:2919} INFO - Setting next_dagrun for example_skip_dag to 2022-09-29T08:30:30.760302+00:00, run_after=2022-09-30T08:30:30.760302+00:00
[2022-09-30 08:30:30,772] {processor.py:161} INFO - Processing /home/airflow/.local/lib/python3.7/site-packages/airflow/example_dags/example_skip_dag.py took 0.073 seconds
[2022-09-30 08:31:00,831] {processor.py:153} INFO - Started process (PID=1691) to work on /home/airflow/.local/lib/python3.7/site-packages/airflow/example_dags/example_skip_dag.py
[2022-09-30 08:31:00,832] {processor.py:641} INFO - Processing file /home/airflow/.local/lib/python3.7/site-packages/airflow/example_dags/example_skip_dag.py for tasks to queue
[2022-09-30 08:31:00,834] {logging_mixin.py:115} INFO - [2022-09-30 08:31:00,833] {dagbag.py:507} INFO - Filling up the DagBag from /home/airflow/.local/lib/python3.7/site-packages/airflow/example_dags/example_skip_dag.py
[2022-09-30 08:31:00,842] {processor.py:651} INFO - DAG(s) dict_keys(['example_skip_dag']) retrieved from /home/airflow/.local/lib/python3.7/site-packages/airflow/example_dags/example_skip_dag.py
[2022-09-30 08:31:00,937] {logging_mixin.py:115} INFO - [2022-09-30 08:31:00,937] {dag.py:2371} INFO - Sync 1 DAGs
[2022-09-30 08:31:00,968] {logging_mixin.py:115} INFO - [2022-09-30 08:31:00,967] {dag.py:2919} INFO - Setting next_dagrun for example_skip_dag to 2022-09-29T08:31:00.967287+00:00, run_after=2022-09-30T08:31:00.967287+00:00
[2022-09-30 08:31:00,981] {processor.py:161} INFO - Processing /home/airflow/.local/lib/python3.7/site-packages/airflow/example_dags/example_skip_dag.py took 0.154 seconds
[2022-09-30 08:31:31,949] {processor.py:153} INFO - Started process (PID=1743) to work on /home/airflow/.local/lib/python3.7/site-packages/airflow/example_dags/example_skip_dag.py
[2022-09-30 08:31:31,949] {processor.py:641} INFO - Processing file /home/airflow/.local/lib/python3.7/site-packages/airflow/example_dags/example_skip_dag.py for tasks to queue
[2022-09-30 08:31:31,950] {logging_mixin.py:115} INFO - [2022-09-30 08:31:31,950] {dagbag.py:507} INFO - Filling up the DagBag from /home/airflow/.local/lib/python3.7/site-packages/airflow/example_dags/example_skip_dag.py
[2022-09-30 08:31:31,955] {processor.py:651} INFO - DAG(s) dict_keys(['example_skip_dag']) retrieved from /home/airflow/.local/lib/python3.7/site-packages/airflow/example_dags/example_skip_dag.py
[2022-09-30 08:31:31,981] {logging_mixin.py:115} INFO - [2022-09-30 08:31:31,981] {dag.py:2371} INFO - Sync 1 DAGs
[2022-09-30 08:31:32,002] {logging_mixin.py:115} INFO - [2022-09-30 08:31:32,002] {dag.py:2919} INFO - Setting next_dagrun for example_skip_dag to 2022-09-29T08:31:32.002500+00:00, run_after=2022-09-30T08:31:32.002500+00:00
[2022-09-30 08:31:32,014] {processor.py:161} INFO - Processing /home/airflow/.local/lib/python3.7/site-packages/airflow/example_dags/example_skip_dag.py took 0.068 seconds
[2022-09-30 08:32:02,340] {processor.py:153} INFO - Started process (PID=1804) to work on /home/airflow/.local/lib/python3.7/site-packages/airflow/example_dags/example_skip_dag.py
[2022-09-30 08:32:02,341] {processor.py:641} INFO - Processing file /home/airflow/.local/lib/python3.7/site-packages/airflow/example_dags/example_skip_dag.py for tasks to queue
[2022-09-30 08:32:02,342] {logging_mixin.py:115} INFO - [2022-09-30 08:32:02,341] {dagbag.py:507} INFO - Filling up the DagBag from /home/airflow/.local/lib/python3.7/site-packages/airflow/example_dags/example_skip_dag.py
[2022-09-30 08:32:02,349] {processor.py:651} INFO - DAG(s) dict_keys(['example_skip_dag']) retrieved from /home/airflow/.local/lib/python3.7/site-packages/airflow/example_dags/example_skip_dag.py
[2022-09-30 08:32:02,499] {logging_mixin.py:115} INFO - [2022-09-30 08:32:02,498] {dag.py:2371} INFO - Sync 1 DAGs
[2022-09-30 08:32:02,524] {logging_mixin.py:115} INFO - [2022-09-30 08:32:02,524] {dag.py:2919} INFO - Setting next_dagrun for example_skip_dag to 2022-09-29T08:32:02.524200+00:00, run_after=2022-09-30T08:32:02.524200+00:00
[2022-09-30 08:32:02,538] {processor.py:161} INFO - Processing /home/airflow/.local/lib/python3.7/site-packages/airflow/example_dags/example_skip_dag.py took 0.203 seconds
[2022-09-30 08:32:32,657] {processor.py:153} INFO - Started process (PID=1865) to work on /home/airflow/.local/lib/python3.7/site-packages/airflow/example_dags/example_skip_dag.py
[2022-09-30 08:32:32,657] {processor.py:641} INFO - Processing file /home/airflow/.local/lib/python3.7/site-packages/airflow/example_dags/example_skip_dag.py for tasks to queue
[2022-09-30 08:32:32,658] {logging_mixin.py:115} INFO - [2022-09-30 08:32:32,658] {dagbag.py:507} INFO - Filling up the DagBag from /home/airflow/.local/lib/python3.7/site-packages/airflow/example_dags/example_skip_dag.py
[2022-09-30 08:32:32,664] {processor.py:651} INFO - DAG(s) dict_keys(['example_skip_dag']) retrieved from /home/airflow/.local/lib/python3.7/site-packages/airflow/example_dags/example_skip_dag.py
[2022-09-30 08:32:32,813] {logging_mixin.py:115} INFO - [2022-09-30 08:32:32,813] {dag.py:2371} INFO - Sync 1 DAGs
[2022-09-30 08:32:32,833] {logging_mixin.py:115} INFO - [2022-09-30 08:32:32,833] {dag.py:2919} INFO - Setting next_dagrun for example_skip_dag to 2022-09-29T08:32:32.833231+00:00, run_after=2022-09-30T08:32:32.833231+00:00
[2022-09-30 08:32:32,844] {processor.py:161} INFO - Processing /home/airflow/.local/lib/python3.7/site-packages/airflow/example_dags/example_skip_dag.py took 0.191 seconds
[2022-09-30 08:33:03,052] {processor.py:153} INFO - Started process (PID=1917) to work on /home/airflow/.local/lib/python3.7/site-packages/airflow/example_dags/example_skip_dag.py
[2022-09-30 08:33:03,053] {processor.py:641} INFO - Processing file /home/airflow/.local/lib/python3.7/site-packages/airflow/example_dags/example_skip_dag.py for tasks to queue
[2022-09-30 08:33:03,054] {logging_mixin.py:115} INFO - [2022-09-30 08:33:03,054] {dagbag.py:507} INFO - Filling up the DagBag from /home/airflow/.local/lib/python3.7/site-packages/airflow/example_dags/example_skip_dag.py
[2022-09-30 08:33:03,060] {processor.py:651} INFO - DAG(s) dict_keys(['example_skip_dag']) retrieved from /home/airflow/.local/lib/python3.7/site-packages/airflow/example_dags/example_skip_dag.py
[2022-09-30 08:33:03,196] {logging_mixin.py:115} INFO - [2022-09-30 08:33:03,196] {dag.py:2371} INFO - Sync 1 DAGs
[2022-09-30 08:33:03,215] {logging_mixin.py:115} INFO - [2022-09-30 08:33:03,215] {dag.py:2919} INFO - Setting next_dagrun for example_skip_dag to 2022-09-29T08:33:03.215337+00:00, run_after=2022-09-30T08:33:03.215337+00:00
[2022-09-30 08:33:03,227] {processor.py:161} INFO - Processing /home/airflow/.local/lib/python3.7/site-packages/airflow/example_dags/example_skip_dag.py took 0.177 seconds
[2022-09-30 08:33:33,739] {processor.py:153} INFO - Started process (PID=1978) to work on /home/airflow/.local/lib/python3.7/site-packages/airflow/example_dags/example_skip_dag.py
[2022-09-30 08:33:33,740] {processor.py:641} INFO - Processing file /home/airflow/.local/lib/python3.7/site-packages/airflow/example_dags/example_skip_dag.py for tasks to queue
[2022-09-30 08:33:33,741] {logging_mixin.py:115} INFO - [2022-09-30 08:33:33,741] {dagbag.py:507} INFO - Filling up the DagBag from /home/airflow/.local/lib/python3.7/site-packages/airflow/example_dags/example_skip_dag.py
[2022-09-30 08:33:33,749] {processor.py:651} INFO - DAG(s) dict_keys(['example_skip_dag']) retrieved from /home/airflow/.local/lib/python3.7/site-packages/airflow/example_dags/example_skip_dag.py
[2022-09-30 08:33:33,879] {logging_mixin.py:115} INFO - [2022-09-30 08:33:33,879] {dag.py:2371} INFO - Sync 1 DAGs
[2022-09-30 08:33:33,897] {logging_mixin.py:115} INFO - [2022-09-30 08:33:33,897] {dag.py:2919} INFO - Setting next_dagrun for example_skip_dag to 2022-09-29T08:33:33.896984+00:00, run_after=2022-09-30T08:33:33.896984+00:00
[2022-09-30 08:33:33,908] {processor.py:161} INFO - Processing /home/airflow/.local/lib/python3.7/site-packages/airflow/example_dags/example_skip_dag.py took 0.173 seconds
[2022-09-30 08:34:04,281] {processor.py:153} INFO - Started process (PID=2039) to work on /home/airflow/.local/lib/python3.7/site-packages/airflow/example_dags/example_skip_dag.py
[2022-09-30 08:34:04,281] {processor.py:641} INFO - Processing file /home/airflow/.local/lib/python3.7/site-packages/airflow/example_dags/example_skip_dag.py for tasks to queue
[2022-09-30 08:34:04,282] {logging_mixin.py:115} INFO - [2022-09-30 08:34:04,282] {dagbag.py:507} INFO - Filling up the DagBag from /home/airflow/.local/lib/python3.7/site-packages/airflow/example_dags/example_skip_dag.py
[2022-09-30 08:34:04,287] {processor.py:651} INFO - DAG(s) dict_keys(['example_skip_dag']) retrieved from /home/airflow/.local/lib/python3.7/site-packages/airflow/example_dags/example_skip_dag.py
[2022-09-30 08:34:04,408] {logging_mixin.py:115} INFO - [2022-09-30 08:34:04,408] {dag.py:2371} INFO - Sync 1 DAGs
[2022-09-30 08:34:04,428] {logging_mixin.py:115} INFO - [2022-09-30 08:34:04,428] {dag.py:2919} INFO - Setting next_dagrun for example_skip_dag to 2022-09-29T08:34:04.428118+00:00, run_after=2022-09-30T08:34:04.428118+00:00
[2022-09-30 08:34:04,438] {processor.py:161} INFO - Processing /home/airflow/.local/lib/python3.7/site-packages/airflow/example_dags/example_skip_dag.py took 0.160 seconds
[2022-09-30 08:34:34,659] {processor.py:153} INFO - Started process (PID=2092) to work on /home/airflow/.local/lib/python3.7/site-packages/airflow/example_dags/example_skip_dag.py
[2022-09-30 08:34:34,660] {processor.py:641} INFO - Processing file /home/airflow/.local/lib/python3.7/site-packages/airflow/example_dags/example_skip_dag.py for tasks to queue
[2022-09-30 08:34:34,660] {logging_mixin.py:115} INFO - [2022-09-30 08:34:34,660] {dagbag.py:507} INFO - Filling up the DagBag from /home/airflow/.local/lib/python3.7/site-packages/airflow/example_dags/example_skip_dag.py
[2022-09-30 08:34:34,665] {processor.py:651} INFO - DAG(s) dict_keys(['example_skip_dag']) retrieved from /home/airflow/.local/lib/python3.7/site-packages/airflow/example_dags/example_skip_dag.py
[2022-09-30 08:34:34,784] {logging_mixin.py:115} INFO - [2022-09-30 08:34:34,784] {dag.py:2371} INFO - Sync 1 DAGs
[2022-09-30 08:34:34,802] {logging_mixin.py:115} INFO - [2022-09-30 08:34:34,802] {dag.py:2919} INFO - Setting next_dagrun for example_skip_dag to 2022-09-29T08:34:34.801834+00:00, run_after=2022-09-30T08:34:34.801834+00:00
[2022-09-30 08:34:34,813] {processor.py:161} INFO - Processing /home/airflow/.local/lib/python3.7/site-packages/airflow/example_dags/example_skip_dag.py took 0.156 seconds
