[2022-09-30 08:15:06,760] {processor.py:153} INFO - Started process (PID=52) to work on /home/airflow/.local/lib/python3.7/site-packages/airflow/example_dags/example_xcom.py
[2022-09-30 08:15:06,765] {processor.py:641} INFO - Processing file /home/airflow/.local/lib/python3.7/site-packages/airflow/example_dags/example_xcom.py for tasks to queue
[2022-09-30 08:15:06,767] {logging_mixin.py:115} INFO - [2022-09-30 08:15:06,766] {dagbag.py:507} INFO - Filling up the DagBag from /home/airflow/.local/lib/python3.7/site-packages/airflow/example_dags/example_xcom.py
[2022-09-30 08:15:06,815] {processor.py:651} INFO - DAG(s) dict_keys(['example_xcom']) retrieved from /home/airflow/.local/lib/python3.7/site-packages/airflow/example_dags/example_xcom.py
[2022-09-30 08:15:07,179] {logging_mixin.py:115} INFO - [2022-09-30 08:15:07,179] {manager.py:508} INFO - Created Permission View: can delete on DAG:example_xcom
[2022-09-30 08:15:07,202] {logging_mixin.py:115} INFO - [2022-09-30 08:15:07,202] {manager.py:508} INFO - Created Permission View: can edit on DAG:example_xcom
[2022-09-30 08:15:07,223] {logging_mixin.py:115} INFO - [2022-09-30 08:15:07,223] {manager.py:508} INFO - Created Permission View: can read on DAG:example_xcom
[2022-09-30 08:15:07,225] {logging_mixin.py:115} INFO - [2022-09-30 08:15:07,225] {dag.py:2371} INFO - Sync 1 DAGs
[2022-09-30 08:15:07,239] {logging_mixin.py:115} INFO - [2022-09-30 08:15:07,239] {dag.py:2390} INFO - Creating ORM DAG for example_xcom
[2022-09-30 08:15:07,262] {logging_mixin.py:115} INFO - [2022-09-30 08:15:07,262] {dag.py:2919} INFO - Setting next_dagrun for example_xcom to 2021-01-01T00:00:00+00:00, run_after=2021-01-01T00:00:00+00:00
[2022-09-30 08:15:07,299] {processor.py:161} INFO - Processing /home/airflow/.local/lib/python3.7/site-packages/airflow/example_dags/example_xcom.py took 0.550 seconds
[2022-09-30 08:15:38,137] {processor.py:153} INFO - Started process (PID=104) to work on /home/airflow/.local/lib/python3.7/site-packages/airflow/example_dags/example_xcom.py
[2022-09-30 08:15:38,138] {processor.py:641} INFO - Processing file /home/airflow/.local/lib/python3.7/site-packages/airflow/example_dags/example_xcom.py for tasks to queue
[2022-09-30 08:15:38,139] {logging_mixin.py:115} INFO - [2022-09-30 08:15:38,139] {dagbag.py:507} INFO - Filling up the DagBag from /home/airflow/.local/lib/python3.7/site-packages/airflow/example_dags/example_xcom.py
[2022-09-30 08:15:38,158] {processor.py:651} INFO - DAG(s) dict_keys(['example_xcom']) retrieved from /home/airflow/.local/lib/python3.7/site-packages/airflow/example_dags/example_xcom.py
[2022-09-30 08:15:38,345] {logging_mixin.py:115} INFO - [2022-09-30 08:15:38,345] {dag.py:2371} INFO - Sync 1 DAGs
[2022-09-30 08:15:38,374] {logging_mixin.py:115} INFO - [2022-09-30 08:15:38,374] {dag.py:2919} INFO - Setting next_dagrun for example_xcom to 2021-01-01T00:00:00+00:00, run_after=2021-01-01T00:00:00+00:00
[2022-09-30 08:15:38,388] {processor.py:161} INFO - Processing /home/airflow/.local/lib/python3.7/site-packages/airflow/example_dags/example_xcom.py took 0.254 seconds
[2022-09-30 08:16:41,037] {processor.py:153} INFO - Started process (PID=53) to work on /home/airflow/.local/lib/python3.7/site-packages/airflow/example_dags/example_xcom.py
[2022-09-30 08:16:41,037] {processor.py:641} INFO - Processing file /home/airflow/.local/lib/python3.7/site-packages/airflow/example_dags/example_xcom.py for tasks to queue
[2022-09-30 08:16:41,038] {logging_mixin.py:115} INFO - [2022-09-30 08:16:41,038] {dagbag.py:507} INFO - Filling up the DagBag from /home/airflow/.local/lib/python3.7/site-packages/airflow/example_dags/example_xcom.py
[2022-09-30 08:16:41,062] {processor.py:651} INFO - DAG(s) dict_keys(['example_xcom']) retrieved from /home/airflow/.local/lib/python3.7/site-packages/airflow/example_dags/example_xcom.py
[2022-09-30 08:16:41,299] {logging_mixin.py:115} INFO - [2022-09-30 08:16:41,299] {dag.py:2371} INFO - Sync 1 DAGs
[2022-09-30 08:16:41,326] {logging_mixin.py:115} INFO - [2022-09-30 08:16:41,326] {dag.py:2919} INFO - Setting next_dagrun for example_xcom to 2021-01-01T00:00:00+00:00, run_after=2021-01-01T00:00:00+00:00
[2022-09-30 08:16:41,344] {processor.py:161} INFO - Processing /home/airflow/.local/lib/python3.7/site-packages/airflow/example_dags/example_xcom.py took 0.311 seconds
[2022-09-30 08:17:11,383] {processor.py:153} INFO - Started process (PID=105) to work on /home/airflow/.local/lib/python3.7/site-packages/airflow/example_dags/example_xcom.py
[2022-09-30 08:17:11,384] {processor.py:641} INFO - Processing file /home/airflow/.local/lib/python3.7/site-packages/airflow/example_dags/example_xcom.py for tasks to queue
[2022-09-30 08:17:11,385] {logging_mixin.py:115} INFO - [2022-09-30 08:17:11,385] {dagbag.py:507} INFO - Filling up the DagBag from /home/airflow/.local/lib/python3.7/site-packages/airflow/example_dags/example_xcom.py
[2022-09-30 08:17:11,407] {processor.py:651} INFO - DAG(s) dict_keys(['example_xcom']) retrieved from /home/airflow/.local/lib/python3.7/site-packages/airflow/example_dags/example_xcom.py
[2022-09-30 08:17:11,603] {logging_mixin.py:115} INFO - [2022-09-30 08:17:11,603] {dag.py:2371} INFO - Sync 1 DAGs
[2022-09-30 08:17:11,622] {logging_mixin.py:115} INFO - [2022-09-30 08:17:11,622] {dag.py:2919} INFO - Setting next_dagrun for example_xcom to 2021-01-01T00:00:00+00:00, run_after=2021-01-01T00:00:00+00:00
[2022-09-30 08:17:11,638] {processor.py:161} INFO - Processing /home/airflow/.local/lib/python3.7/site-packages/airflow/example_dags/example_xcom.py took 0.257 seconds
[2022-09-30 08:17:42,090] {processor.py:153} INFO - Started process (PID=166) to work on /home/airflow/.local/lib/python3.7/site-packages/airflow/example_dags/example_xcom.py
[2022-09-30 08:17:42,091] {processor.py:641} INFO - Processing file /home/airflow/.local/lib/python3.7/site-packages/airflow/example_dags/example_xcom.py for tasks to queue
[2022-09-30 08:17:42,091] {logging_mixin.py:115} INFO - [2022-09-30 08:17:42,091] {dagbag.py:507} INFO - Filling up the DagBag from /home/airflow/.local/lib/python3.7/site-packages/airflow/example_dags/example_xcom.py
[2022-09-30 08:17:42,111] {processor.py:651} INFO - DAG(s) dict_keys(['example_xcom']) retrieved from /home/airflow/.local/lib/python3.7/site-packages/airflow/example_dags/example_xcom.py
[2022-09-30 08:17:42,295] {logging_mixin.py:115} INFO - [2022-09-30 08:17:42,294] {dag.py:2371} INFO - Sync 1 DAGs
[2022-09-30 08:17:42,315] {logging_mixin.py:115} INFO - [2022-09-30 08:17:42,315] {dag.py:2919} INFO - Setting next_dagrun for example_xcom to 2021-01-01T00:00:00+00:00, run_after=2021-01-01T00:00:00+00:00
[2022-09-30 08:17:42,335] {processor.py:161} INFO - Processing /home/airflow/.local/lib/python3.7/site-packages/airflow/example_dags/example_xcom.py took 0.247 seconds
[2022-09-30 08:18:12,382] {processor.py:153} INFO - Started process (PID=228) to work on /home/airflow/.local/lib/python3.7/site-packages/airflow/example_dags/example_xcom.py
[2022-09-30 08:18:12,382] {processor.py:641} INFO - Processing file /home/airflow/.local/lib/python3.7/site-packages/airflow/example_dags/example_xcom.py for tasks to queue
[2022-09-30 08:18:12,383] {logging_mixin.py:115} INFO - [2022-09-30 08:18:12,383] {dagbag.py:507} INFO - Filling up the DagBag from /home/airflow/.local/lib/python3.7/site-packages/airflow/example_dags/example_xcom.py
[2022-09-30 08:18:12,403] {processor.py:651} INFO - DAG(s) dict_keys(['example_xcom']) retrieved from /home/airflow/.local/lib/python3.7/site-packages/airflow/example_dags/example_xcom.py
[2022-09-30 08:18:12,568] {logging_mixin.py:115} INFO - [2022-09-30 08:18:12,568] {dag.py:2371} INFO - Sync 1 DAGs
[2022-09-30 08:18:12,585] {logging_mixin.py:115} INFO - [2022-09-30 08:18:12,585] {dag.py:2919} INFO - Setting next_dagrun for example_xcom to 2021-01-01T00:00:00+00:00, run_after=2021-01-01T00:00:00+00:00
[2022-09-30 08:18:12,598] {processor.py:161} INFO - Processing /home/airflow/.local/lib/python3.7/site-packages/airflow/example_dags/example_xcom.py took 0.220 seconds
[2022-09-30 08:18:42,789] {processor.py:153} INFO - Started process (PID=280) to work on /home/airflow/.local/lib/python3.7/site-packages/airflow/example_dags/example_xcom.py
[2022-09-30 08:18:42,790] {processor.py:641} INFO - Processing file /home/airflow/.local/lib/python3.7/site-packages/airflow/example_dags/example_xcom.py for tasks to queue
[2022-09-30 08:18:42,790] {logging_mixin.py:115} INFO - [2022-09-30 08:18:42,790] {dagbag.py:507} INFO - Filling up the DagBag from /home/airflow/.local/lib/python3.7/site-packages/airflow/example_dags/example_xcom.py
[2022-09-30 08:18:42,810] {processor.py:651} INFO - DAG(s) dict_keys(['example_xcom']) retrieved from /home/airflow/.local/lib/python3.7/site-packages/airflow/example_dags/example_xcom.py
[2022-09-30 08:18:42,975] {logging_mixin.py:115} INFO - [2022-09-30 08:18:42,975] {dag.py:2371} INFO - Sync 1 DAGs
[2022-09-30 08:18:42,992] {logging_mixin.py:115} INFO - [2022-09-30 08:18:42,992] {dag.py:2919} INFO - Setting next_dagrun for example_xcom to 2021-01-01T00:00:00+00:00, run_after=2021-01-01T00:00:00+00:00
[2022-09-30 08:18:43,004] {processor.py:161} INFO - Processing /home/airflow/.local/lib/python3.7/site-packages/airflow/example_dags/example_xcom.py took 0.218 seconds
[2022-09-30 08:19:13,132] {processor.py:153} INFO - Started process (PID=340) to work on /home/airflow/.local/lib/python3.7/site-packages/airflow/example_dags/example_xcom.py
[2022-09-30 08:19:13,133] {processor.py:641} INFO - Processing file /home/airflow/.local/lib/python3.7/site-packages/airflow/example_dags/example_xcom.py for tasks to queue
[2022-09-30 08:19:13,133] {logging_mixin.py:115} INFO - [2022-09-30 08:19:13,133] {dagbag.py:507} INFO - Filling up the DagBag from /home/airflow/.local/lib/python3.7/site-packages/airflow/example_dags/example_xcom.py
[2022-09-30 08:19:13,154] {processor.py:651} INFO - DAG(s) dict_keys(['example_xcom']) retrieved from /home/airflow/.local/lib/python3.7/site-packages/airflow/example_dags/example_xcom.py
[2022-09-30 08:19:13,351] {logging_mixin.py:115} INFO - [2022-09-30 08:19:13,351] {dag.py:2371} INFO - Sync 1 DAGs
[2022-09-30 08:19:13,370] {logging_mixin.py:115} INFO - [2022-09-30 08:19:13,370] {dag.py:2919} INFO - Setting next_dagrun for example_xcom to 2021-01-01T00:00:00+00:00, run_after=2021-01-01T00:00:00+00:00
[2022-09-30 08:19:13,386] {processor.py:161} INFO - Processing /home/airflow/.local/lib/python3.7/site-packages/airflow/example_dags/example_xcom.py took 0.257 seconds
[2022-09-30 08:19:44,115] {processor.py:153} INFO - Started process (PID=401) to work on /home/airflow/.local/lib/python3.7/site-packages/airflow/example_dags/example_xcom.py
[2022-09-30 08:19:44,116] {processor.py:641} INFO - Processing file /home/airflow/.local/lib/python3.7/site-packages/airflow/example_dags/example_xcom.py for tasks to queue
[2022-09-30 08:19:44,117] {logging_mixin.py:115} INFO - [2022-09-30 08:19:44,117] {dagbag.py:507} INFO - Filling up the DagBag from /home/airflow/.local/lib/python3.7/site-packages/airflow/example_dags/example_xcom.py
[2022-09-30 08:19:44,136] {processor.py:651} INFO - DAG(s) dict_keys(['example_xcom']) retrieved from /home/airflow/.local/lib/python3.7/site-packages/airflow/example_dags/example_xcom.py
[2022-09-30 08:19:44,339] {logging_mixin.py:115} INFO - [2022-09-30 08:19:44,339] {dag.py:2371} INFO - Sync 1 DAGs
[2022-09-30 08:19:44,362] {logging_mixin.py:115} INFO - [2022-09-30 08:19:44,362] {dag.py:2919} INFO - Setting next_dagrun for example_xcom to 2021-01-01T00:00:00+00:00, run_after=2021-01-01T00:00:00+00:00
[2022-09-30 08:19:44,380] {processor.py:161} INFO - Processing /home/airflow/.local/lib/python3.7/site-packages/airflow/example_dags/example_xcom.py took 0.267 seconds
[2022-09-30 08:20:14,960] {processor.py:153} INFO - Started process (PID=453) to work on /home/airflow/.local/lib/python3.7/site-packages/airflow/example_dags/example_xcom.py
[2022-09-30 08:20:14,961] {processor.py:641} INFO - Processing file /home/airflow/.local/lib/python3.7/site-packages/airflow/example_dags/example_xcom.py for tasks to queue
[2022-09-30 08:20:14,962] {logging_mixin.py:115} INFO - [2022-09-30 08:20:14,962] {dagbag.py:507} INFO - Filling up the DagBag from /home/airflow/.local/lib/python3.7/site-packages/airflow/example_dags/example_xcom.py
[2022-09-30 08:20:14,979] {processor.py:651} INFO - DAG(s) dict_keys(['example_xcom']) retrieved from /home/airflow/.local/lib/python3.7/site-packages/airflow/example_dags/example_xcom.py
[2022-09-30 08:20:15,114] {logging_mixin.py:115} INFO - [2022-09-30 08:20:15,114] {dag.py:2371} INFO - Sync 1 DAGs
[2022-09-30 08:20:15,131] {logging_mixin.py:115} INFO - [2022-09-30 08:20:15,131] {dag.py:2919} INFO - Setting next_dagrun for example_xcom to 2021-01-01T00:00:00+00:00, run_after=2021-01-01T00:00:00+00:00
[2022-09-30 08:20:15,142] {processor.py:161} INFO - Processing /home/airflow/.local/lib/python3.7/site-packages/airflow/example_dags/example_xcom.py took 0.185 seconds
[2022-09-30 08:20:45,454] {processor.py:153} INFO - Started process (PID=515) to work on /home/airflow/.local/lib/python3.7/site-packages/airflow/example_dags/example_xcom.py
[2022-09-30 08:20:45,455] {processor.py:641} INFO - Processing file /home/airflow/.local/lib/python3.7/site-packages/airflow/example_dags/example_xcom.py for tasks to queue
[2022-09-30 08:20:45,456] {logging_mixin.py:115} INFO - [2022-09-30 08:20:45,456] {dagbag.py:507} INFO - Filling up the DagBag from /home/airflow/.local/lib/python3.7/site-packages/airflow/example_dags/example_xcom.py
[2022-09-30 08:20:45,486] {processor.py:651} INFO - DAG(s) dict_keys(['example_xcom']) retrieved from /home/airflow/.local/lib/python3.7/site-packages/airflow/example_dags/example_xcom.py
[2022-09-30 08:20:45,771] {logging_mixin.py:115} INFO - [2022-09-30 08:20:45,771] {dag.py:2371} INFO - Sync 1 DAGs
[2022-09-30 08:20:45,803] {logging_mixin.py:115} INFO - [2022-09-30 08:20:45,803] {dag.py:2919} INFO - Setting next_dagrun for example_xcom to 2021-01-01T00:00:00+00:00, run_after=2021-01-01T00:00:00+00:00
[2022-09-30 08:20:45,823] {processor.py:161} INFO - Processing /home/airflow/.local/lib/python3.7/site-packages/airflow/example_dags/example_xcom.py took 0.371 seconds
[2022-09-30 08:21:16,457] {processor.py:153} INFO - Started process (PID=576) to work on /home/airflow/.local/lib/python3.7/site-packages/airflow/example_dags/example_xcom.py
[2022-09-30 08:21:16,458] {processor.py:641} INFO - Processing file /home/airflow/.local/lib/python3.7/site-packages/airflow/example_dags/example_xcom.py for tasks to queue
[2022-09-30 08:21:16,459] {logging_mixin.py:115} INFO - [2022-09-30 08:21:16,459] {dagbag.py:507} INFO - Filling up the DagBag from /home/airflow/.local/lib/python3.7/site-packages/airflow/example_dags/example_xcom.py
[2022-09-30 08:21:16,478] {processor.py:651} INFO - DAG(s) dict_keys(['example_xcom']) retrieved from /home/airflow/.local/lib/python3.7/site-packages/airflow/example_dags/example_xcom.py
[2022-09-30 08:21:16,662] {logging_mixin.py:115} INFO - [2022-09-30 08:21:16,662] {dag.py:2371} INFO - Sync 1 DAGs
[2022-09-30 08:21:16,683] {logging_mixin.py:115} INFO - [2022-09-30 08:21:16,683] {dag.py:2919} INFO - Setting next_dagrun for example_xcom to 2021-01-01T00:00:00+00:00, run_after=2021-01-01T00:00:00+00:00
[2022-09-30 08:21:16,696] {processor.py:161} INFO - Processing /home/airflow/.local/lib/python3.7/site-packages/airflow/example_dags/example_xcom.py took 0.242 seconds
[2022-09-30 08:21:47,264] {processor.py:153} INFO - Started process (PID=628) to work on /home/airflow/.local/lib/python3.7/site-packages/airflow/example_dags/example_xcom.py
[2022-09-30 08:21:47,265] {processor.py:641} INFO - Processing file /home/airflow/.local/lib/python3.7/site-packages/airflow/example_dags/example_xcom.py for tasks to queue
[2022-09-30 08:21:47,265] {logging_mixin.py:115} INFO - [2022-09-30 08:21:47,265] {dagbag.py:507} INFO - Filling up the DagBag from /home/airflow/.local/lib/python3.7/site-packages/airflow/example_dags/example_xcom.py
[2022-09-30 08:21:47,288] {processor.py:651} INFO - DAG(s) dict_keys(['example_xcom']) retrieved from /home/airflow/.local/lib/python3.7/site-packages/airflow/example_dags/example_xcom.py
[2022-09-30 08:21:47,480] {logging_mixin.py:115} INFO - [2022-09-30 08:21:47,480] {dag.py:2371} INFO - Sync 1 DAGs
[2022-09-30 08:21:47,502] {logging_mixin.py:115} INFO - [2022-09-30 08:21:47,502] {dag.py:2919} INFO - Setting next_dagrun for example_xcom to 2021-01-01T00:00:00+00:00, run_after=2021-01-01T00:00:00+00:00
[2022-09-30 08:21:47,520] {processor.py:161} INFO - Processing /home/airflow/.local/lib/python3.7/site-packages/airflow/example_dags/example_xcom.py took 0.259 seconds
[2022-09-30 08:22:17,546] {processor.py:153} INFO - Started process (PID=690) to work on /home/airflow/.local/lib/python3.7/site-packages/airflow/example_dags/example_xcom.py
[2022-09-30 08:22:17,547] {processor.py:641} INFO - Processing file /home/airflow/.local/lib/python3.7/site-packages/airflow/example_dags/example_xcom.py for tasks to queue
[2022-09-30 08:22:17,547] {logging_mixin.py:115} INFO - [2022-09-30 08:22:17,547] {dagbag.py:507} INFO - Filling up the DagBag from /home/airflow/.local/lib/python3.7/site-packages/airflow/example_dags/example_xcom.py
[2022-09-30 08:22:17,567] {processor.py:651} INFO - DAG(s) dict_keys(['example_xcom']) retrieved from /home/airflow/.local/lib/python3.7/site-packages/airflow/example_dags/example_xcom.py
[2022-09-30 08:22:17,698] {logging_mixin.py:115} INFO - [2022-09-30 08:22:17,698] {dag.py:2371} INFO - Sync 1 DAGs
[2022-09-30 08:22:17,716] {logging_mixin.py:115} INFO - [2022-09-30 08:22:17,716] {dag.py:2919} INFO - Setting next_dagrun for example_xcom to 2021-01-01T00:00:00+00:00, run_after=2021-01-01T00:00:00+00:00
[2022-09-30 08:22:17,729] {processor.py:161} INFO - Processing /home/airflow/.local/lib/python3.7/site-packages/airflow/example_dags/example_xcom.py took 0.186 seconds
[2022-09-30 08:22:47,884] {processor.py:153} INFO - Started process (PID=750) to work on /home/airflow/.local/lib/python3.7/site-packages/airflow/example_dags/example_xcom.py
[2022-09-30 08:22:47,885] {processor.py:641} INFO - Processing file /home/airflow/.local/lib/python3.7/site-packages/airflow/example_dags/example_xcom.py for tasks to queue
[2022-09-30 08:22:47,886] {logging_mixin.py:115} INFO - [2022-09-30 08:22:47,886] {dagbag.py:507} INFO - Filling up the DagBag from /home/airflow/.local/lib/python3.7/site-packages/airflow/example_dags/example_xcom.py
[2022-09-30 08:22:47,912] {processor.py:651} INFO - DAG(s) dict_keys(['example_xcom']) retrieved from /home/airflow/.local/lib/python3.7/site-packages/airflow/example_dags/example_xcom.py
[2022-09-30 08:22:48,045] {logging_mixin.py:115} INFO - [2022-09-30 08:22:48,045] {dag.py:2371} INFO - Sync 1 DAGs
[2022-09-30 08:22:48,071] {logging_mixin.py:115} INFO - [2022-09-30 08:22:48,071] {dag.py:2919} INFO - Setting next_dagrun for example_xcom to 2021-01-01T00:00:00+00:00, run_after=2021-01-01T00:00:00+00:00
[2022-09-30 08:22:48,085] {processor.py:161} INFO - Processing /home/airflow/.local/lib/python3.7/site-packages/airflow/example_dags/example_xcom.py took 0.204 seconds
[2022-09-30 08:23:19,070] {processor.py:153} INFO - Started process (PID=802) to work on /home/airflow/.local/lib/python3.7/site-packages/airflow/example_dags/example_xcom.py
[2022-09-30 08:23:19,070] {processor.py:641} INFO - Processing file /home/airflow/.local/lib/python3.7/site-packages/airflow/example_dags/example_xcom.py for tasks to queue
[2022-09-30 08:23:19,071] {logging_mixin.py:115} INFO - [2022-09-30 08:23:19,071] {dagbag.py:507} INFO - Filling up the DagBag from /home/airflow/.local/lib/python3.7/site-packages/airflow/example_dags/example_xcom.py
[2022-09-30 08:23:19,090] {processor.py:651} INFO - DAG(s) dict_keys(['example_xcom']) retrieved from /home/airflow/.local/lib/python3.7/site-packages/airflow/example_dags/example_xcom.py
[2022-09-30 08:23:19,249] {logging_mixin.py:115} INFO - [2022-09-30 08:23:19,249] {dag.py:2371} INFO - Sync 1 DAGs
[2022-09-30 08:23:19,267] {logging_mixin.py:115} INFO - [2022-09-30 08:23:19,267] {dag.py:2919} INFO - Setting next_dagrun for example_xcom to 2021-01-01T00:00:00+00:00, run_after=2021-01-01T00:00:00+00:00
[2022-09-30 08:23:19,282] {processor.py:161} INFO - Processing /home/airflow/.local/lib/python3.7/site-packages/airflow/example_dags/example_xcom.py took 0.215 seconds
[2022-09-30 08:23:49,351] {processor.py:153} INFO - Started process (PID=863) to work on /home/airflow/.local/lib/python3.7/site-packages/airflow/example_dags/example_xcom.py
[2022-09-30 08:23:49,351] {processor.py:641} INFO - Processing file /home/airflow/.local/lib/python3.7/site-packages/airflow/example_dags/example_xcom.py for tasks to queue
[2022-09-30 08:23:49,352] {logging_mixin.py:115} INFO - [2022-09-30 08:23:49,352] {dagbag.py:507} INFO - Filling up the DagBag from /home/airflow/.local/lib/python3.7/site-packages/airflow/example_dags/example_xcom.py
[2022-09-30 08:23:49,371] {processor.py:651} INFO - DAG(s) dict_keys(['example_xcom']) retrieved from /home/airflow/.local/lib/python3.7/site-packages/airflow/example_dags/example_xcom.py
[2022-09-30 08:23:49,528] {logging_mixin.py:115} INFO - [2022-09-30 08:23:49,528] {dag.py:2371} INFO - Sync 1 DAGs
[2022-09-30 08:23:49,546] {logging_mixin.py:115} INFO - [2022-09-30 08:23:49,546] {dag.py:2919} INFO - Setting next_dagrun for example_xcom to 2021-01-01T00:00:00+00:00, run_after=2021-01-01T00:00:00+00:00
[2022-09-30 08:23:49,560] {processor.py:161} INFO - Processing /home/airflow/.local/lib/python3.7/site-packages/airflow/example_dags/example_xcom.py took 0.213 seconds
[2022-09-30 08:24:19,974] {processor.py:153} INFO - Started process (PID=924) to work on /home/airflow/.local/lib/python3.7/site-packages/airflow/example_dags/example_xcom.py
[2022-09-30 08:24:19,975] {processor.py:641} INFO - Processing file /home/airflow/.local/lib/python3.7/site-packages/airflow/example_dags/example_xcom.py for tasks to queue
[2022-09-30 08:24:19,976] {logging_mixin.py:115} INFO - [2022-09-30 08:24:19,976] {dagbag.py:507} INFO - Filling up the DagBag from /home/airflow/.local/lib/python3.7/site-packages/airflow/example_dags/example_xcom.py
[2022-09-30 08:24:20,000] {processor.py:651} INFO - DAG(s) dict_keys(['example_xcom']) retrieved from /home/airflow/.local/lib/python3.7/site-packages/airflow/example_dags/example_xcom.py
[2022-09-30 08:24:20,115] {logging_mixin.py:115} INFO - [2022-09-30 08:24:20,115] {dag.py:2371} INFO - Sync 1 DAGs
[2022-09-30 08:24:20,132] {logging_mixin.py:115} INFO - [2022-09-30 08:24:20,132] {dag.py:2919} INFO - Setting next_dagrun for example_xcom to 2021-01-01T00:00:00+00:00, run_after=2021-01-01T00:00:00+00:00
[2022-09-30 08:24:20,145] {processor.py:161} INFO - Processing /home/airflow/.local/lib/python3.7/site-packages/airflow/example_dags/example_xcom.py took 0.174 seconds
[2022-09-30 08:24:50,503] {processor.py:153} INFO - Started process (PID=976) to work on /home/airflow/.local/lib/python3.7/site-packages/airflow/example_dags/example_xcom.py
[2022-09-30 08:24:50,503] {processor.py:641} INFO - Processing file /home/airflow/.local/lib/python3.7/site-packages/airflow/example_dags/example_xcom.py for tasks to queue
[2022-09-30 08:24:50,504] {logging_mixin.py:115} INFO - [2022-09-30 08:24:50,504] {dagbag.py:507} INFO - Filling up the DagBag from /home/airflow/.local/lib/python3.7/site-packages/airflow/example_dags/example_xcom.py
[2022-09-30 08:24:50,523] {processor.py:651} INFO - DAG(s) dict_keys(['example_xcom']) retrieved from /home/airflow/.local/lib/python3.7/site-packages/airflow/example_dags/example_xcom.py
[2022-09-30 08:24:50,646] {logging_mixin.py:115} INFO - [2022-09-30 08:24:50,646] {dag.py:2371} INFO - Sync 1 DAGs
[2022-09-30 08:24:50,671] {logging_mixin.py:115} INFO - [2022-09-30 08:24:50,671] {dag.py:2919} INFO - Setting next_dagrun for example_xcom to 2021-01-01T00:00:00+00:00, run_after=2021-01-01T00:00:00+00:00
[2022-09-30 08:24:50,682] {processor.py:161} INFO - Processing /home/airflow/.local/lib/python3.7/site-packages/airflow/example_dags/example_xcom.py took 0.182 seconds
[2022-09-30 08:25:21,268] {processor.py:153} INFO - Started process (PID=1037) to work on /home/airflow/.local/lib/python3.7/site-packages/airflow/example_dags/example_xcom.py
[2022-09-30 08:25:21,269] {processor.py:641} INFO - Processing file /home/airflow/.local/lib/python3.7/site-packages/airflow/example_dags/example_xcom.py for tasks to queue
[2022-09-30 08:25:21,270] {logging_mixin.py:115} INFO - [2022-09-30 08:25:21,270] {dagbag.py:507} INFO - Filling up the DagBag from /home/airflow/.local/lib/python3.7/site-packages/airflow/example_dags/example_xcom.py
[2022-09-30 08:25:21,289] {processor.py:651} INFO - DAG(s) dict_keys(['example_xcom']) retrieved from /home/airflow/.local/lib/python3.7/site-packages/airflow/example_dags/example_xcom.py
[2022-09-30 08:25:21,445] {logging_mixin.py:115} INFO - [2022-09-30 08:25:21,445] {dag.py:2371} INFO - Sync 1 DAGs
[2022-09-30 08:25:21,463] {logging_mixin.py:115} INFO - [2022-09-30 08:25:21,463] {dag.py:2919} INFO - Setting next_dagrun for example_xcom to 2021-01-01T00:00:00+00:00, run_after=2021-01-01T00:00:00+00:00
[2022-09-30 08:25:21,476] {processor.py:161} INFO - Processing /home/airflow/.local/lib/python3.7/site-packages/airflow/example_dags/example_xcom.py took 0.210 seconds
[2022-09-30 08:25:51,918] {processor.py:153} INFO - Started process (PID=1098) to work on /home/airflow/.local/lib/python3.7/site-packages/airflow/example_dags/example_xcom.py
[2022-09-30 08:25:51,919] {processor.py:641} INFO - Processing file /home/airflow/.local/lib/python3.7/site-packages/airflow/example_dags/example_xcom.py for tasks to queue
[2022-09-30 08:25:51,920] {logging_mixin.py:115} INFO - [2022-09-30 08:25:51,920] {dagbag.py:507} INFO - Filling up the DagBag from /home/airflow/.local/lib/python3.7/site-packages/airflow/example_dags/example_xcom.py
[2022-09-30 08:25:51,947] {processor.py:651} INFO - DAG(s) dict_keys(['example_xcom']) retrieved from /home/airflow/.local/lib/python3.7/site-packages/airflow/example_dags/example_xcom.py
[2022-09-30 08:25:52,111] {logging_mixin.py:115} INFO - [2022-09-30 08:25:52,110] {dag.py:2371} INFO - Sync 1 DAGs
[2022-09-30 08:25:52,139] {logging_mixin.py:115} INFO - [2022-09-30 08:25:52,139] {dag.py:2919} INFO - Setting next_dagrun for example_xcom to 2021-01-01T00:00:00+00:00, run_after=2021-01-01T00:00:00+00:00
[2022-09-30 08:25:52,152] {processor.py:161} INFO - Processing /home/airflow/.local/lib/python3.7/site-packages/airflow/example_dags/example_xcom.py took 0.237 seconds
[2022-09-30 08:26:22,884] {processor.py:153} INFO - Started process (PID=1150) to work on /home/airflow/.local/lib/python3.7/site-packages/airflow/example_dags/example_xcom.py
[2022-09-30 08:26:22,885] {processor.py:641} INFO - Processing file /home/airflow/.local/lib/python3.7/site-packages/airflow/example_dags/example_xcom.py for tasks to queue
[2022-09-30 08:26:22,885] {logging_mixin.py:115} INFO - [2022-09-30 08:26:22,885] {dagbag.py:507} INFO - Filling up the DagBag from /home/airflow/.local/lib/python3.7/site-packages/airflow/example_dags/example_xcom.py
[2022-09-30 08:26:22,907] {processor.py:651} INFO - DAG(s) dict_keys(['example_xcom']) retrieved from /home/airflow/.local/lib/python3.7/site-packages/airflow/example_dags/example_xcom.py
[2022-09-30 08:26:23,082] {logging_mixin.py:115} INFO - [2022-09-30 08:26:23,082] {dag.py:2371} INFO - Sync 1 DAGs
[2022-09-30 08:26:23,102] {logging_mixin.py:115} INFO - [2022-09-30 08:26:23,102] {dag.py:2919} INFO - Setting next_dagrun for example_xcom to 2021-01-01T00:00:00+00:00, run_after=2021-01-01T00:00:00+00:00
[2022-09-30 08:26:23,117] {processor.py:161} INFO - Processing /home/airflow/.local/lib/python3.7/site-packages/airflow/example_dags/example_xcom.py took 0.236 seconds
[2022-09-30 08:26:53,387] {processor.py:153} INFO - Started process (PID=1211) to work on /home/airflow/.local/lib/python3.7/site-packages/airflow/example_dags/example_xcom.py
[2022-09-30 08:26:53,388] {processor.py:641} INFO - Processing file /home/airflow/.local/lib/python3.7/site-packages/airflow/example_dags/example_xcom.py for tasks to queue
[2022-09-30 08:26:53,389] {logging_mixin.py:115} INFO - [2022-09-30 08:26:53,388] {dagbag.py:507} INFO - Filling up the DagBag from /home/airflow/.local/lib/python3.7/site-packages/airflow/example_dags/example_xcom.py
[2022-09-30 08:26:53,409] {processor.py:651} INFO - DAG(s) dict_keys(['example_xcom']) retrieved from /home/airflow/.local/lib/python3.7/site-packages/airflow/example_dags/example_xcom.py
[2022-09-30 08:26:53,470] {logging_mixin.py:115} INFO - [2022-09-30 08:26:53,470] {dag.py:2371} INFO - Sync 1 DAGs
[2022-09-30 08:26:53,488] {logging_mixin.py:115} INFO - [2022-09-30 08:26:53,488] {dag.py:2919} INFO - Setting next_dagrun for example_xcom to 2021-01-01T00:00:00+00:00, run_after=2021-01-01T00:00:00+00:00
[2022-09-30 08:26:53,505] {processor.py:161} INFO - Processing /home/airflow/.local/lib/python3.7/site-packages/airflow/example_dags/example_xcom.py took 0.120 seconds
[2022-09-30 08:27:23,547] {processor.py:153} INFO - Started process (PID=1272) to work on /home/airflow/.local/lib/python3.7/site-packages/airflow/example_dags/example_xcom.py
[2022-09-30 08:27:23,547] {processor.py:641} INFO - Processing file /home/airflow/.local/lib/python3.7/site-packages/airflow/example_dags/example_xcom.py for tasks to queue
[2022-09-30 08:27:23,548] {logging_mixin.py:115} INFO - [2022-09-30 08:27:23,548] {dagbag.py:507} INFO - Filling up the DagBag from /home/airflow/.local/lib/python3.7/site-packages/airflow/example_dags/example_xcom.py
[2022-09-30 08:27:23,571] {processor.py:651} INFO - DAG(s) dict_keys(['example_xcom']) retrieved from /home/airflow/.local/lib/python3.7/site-packages/airflow/example_dags/example_xcom.py
[2022-09-30 08:27:23,647] {logging_mixin.py:115} INFO - [2022-09-30 08:27:23,647] {dag.py:2371} INFO - Sync 1 DAGs
[2022-09-30 08:27:23,670] {logging_mixin.py:115} INFO - [2022-09-30 08:27:23,669] {dag.py:2919} INFO - Setting next_dagrun for example_xcom to 2021-01-01T00:00:00+00:00, run_after=2021-01-01T00:00:00+00:00
[2022-09-30 08:27:23,691] {processor.py:161} INFO - Processing /home/airflow/.local/lib/python3.7/site-packages/airflow/example_dags/example_xcom.py took 0.150 seconds
[2022-09-30 08:27:53,717] {processor.py:153} INFO - Started process (PID=1324) to work on /home/airflow/.local/lib/python3.7/site-packages/airflow/example_dags/example_xcom.py
[2022-09-30 08:27:53,718] {processor.py:641} INFO - Processing file /home/airflow/.local/lib/python3.7/site-packages/airflow/example_dags/example_xcom.py for tasks to queue
[2022-09-30 08:27:53,719] {logging_mixin.py:115} INFO - [2022-09-30 08:27:53,719] {dagbag.py:507} INFO - Filling up the DagBag from /home/airflow/.local/lib/python3.7/site-packages/airflow/example_dags/example_xcom.py
[2022-09-30 08:27:53,739] {processor.py:651} INFO - DAG(s) dict_keys(['example_xcom']) retrieved from /home/airflow/.local/lib/python3.7/site-packages/airflow/example_dags/example_xcom.py
[2022-09-30 08:27:53,762] {logging_mixin.py:115} INFO - [2022-09-30 08:27:53,762] {dag.py:2371} INFO - Sync 1 DAGs
[2022-09-30 08:27:53,783] {logging_mixin.py:115} INFO - [2022-09-30 08:27:53,783] {dag.py:2919} INFO - Setting next_dagrun for example_xcom to 2021-01-01T00:00:00+00:00, run_after=2021-01-01T00:00:00+00:00
[2022-09-30 08:27:53,795] {processor.py:161} INFO - Processing /home/airflow/.local/lib/python3.7/site-packages/airflow/example_dags/example_xcom.py took 0.081 seconds
[2022-09-30 08:28:24,695] {processor.py:153} INFO - Started process (PID=1385) to work on /home/airflow/.local/lib/python3.7/site-packages/airflow/example_dags/example_xcom.py
[2022-09-30 08:28:24,696] {processor.py:641} INFO - Processing file /home/airflow/.local/lib/python3.7/site-packages/airflow/example_dags/example_xcom.py for tasks to queue
[2022-09-30 08:28:24,697] {logging_mixin.py:115} INFO - [2022-09-30 08:28:24,697] {dagbag.py:507} INFO - Filling up the DagBag from /home/airflow/.local/lib/python3.7/site-packages/airflow/example_dags/example_xcom.py
[2022-09-30 08:28:24,718] {processor.py:651} INFO - DAG(s) dict_keys(['example_xcom']) retrieved from /home/airflow/.local/lib/python3.7/site-packages/airflow/example_dags/example_xcom.py
[2022-09-30 08:28:24,741] {logging_mixin.py:115} INFO - [2022-09-30 08:28:24,741] {dag.py:2371} INFO - Sync 1 DAGs
[2022-09-30 08:28:24,761] {logging_mixin.py:115} INFO - [2022-09-30 08:28:24,761] {dag.py:2919} INFO - Setting next_dagrun for example_xcom to 2021-01-01T00:00:00+00:00, run_after=2021-01-01T00:00:00+00:00
[2022-09-30 08:28:24,772] {processor.py:161} INFO - Processing /home/airflow/.local/lib/python3.7/site-packages/airflow/example_dags/example_xcom.py took 0.080 seconds
[2022-09-30 08:28:55,629] {processor.py:153} INFO - Started process (PID=1447) to work on /home/airflow/.local/lib/python3.7/site-packages/airflow/example_dags/example_xcom.py
[2022-09-30 08:28:55,630] {processor.py:641} INFO - Processing file /home/airflow/.local/lib/python3.7/site-packages/airflow/example_dags/example_xcom.py for tasks to queue
[2022-09-30 08:28:55,631] {logging_mixin.py:115} INFO - [2022-09-30 08:28:55,631] {dagbag.py:507} INFO - Filling up the DagBag from /home/airflow/.local/lib/python3.7/site-packages/airflow/example_dags/example_xcom.py
[2022-09-30 08:28:55,650] {processor.py:651} INFO - DAG(s) dict_keys(['example_xcom']) retrieved from /home/airflow/.local/lib/python3.7/site-packages/airflow/example_dags/example_xcom.py
[2022-09-30 08:28:55,672] {logging_mixin.py:115} INFO - [2022-09-30 08:28:55,672] {dag.py:2371} INFO - Sync 1 DAGs
[2022-09-30 08:28:55,692] {logging_mixin.py:115} INFO - [2022-09-30 08:28:55,692] {dag.py:2919} INFO - Setting next_dagrun for example_xcom to 2021-01-01T00:00:00+00:00, run_after=2021-01-01T00:00:00+00:00
[2022-09-30 08:28:55,703] {processor.py:161} INFO - Processing /home/airflow/.local/lib/python3.7/site-packages/airflow/example_dags/example_xcom.py took 0.077 seconds
[2022-09-30 08:29:26,400] {processor.py:153} INFO - Started process (PID=1499) to work on /home/airflow/.local/lib/python3.7/site-packages/airflow/example_dags/example_xcom.py
[2022-09-30 08:29:26,401] {processor.py:641} INFO - Processing file /home/airflow/.local/lib/python3.7/site-packages/airflow/example_dags/example_xcom.py for tasks to queue
[2022-09-30 08:29:26,402] {logging_mixin.py:115} INFO - [2022-09-30 08:29:26,401] {dagbag.py:507} INFO - Filling up the DagBag from /home/airflow/.local/lib/python3.7/site-packages/airflow/example_dags/example_xcom.py
[2022-09-30 08:29:26,421] {processor.py:651} INFO - DAG(s) dict_keys(['example_xcom']) retrieved from /home/airflow/.local/lib/python3.7/site-packages/airflow/example_dags/example_xcom.py
[2022-09-30 08:29:26,483] {logging_mixin.py:115} INFO - [2022-09-30 08:29:26,483] {dag.py:2371} INFO - Sync 1 DAGs
[2022-09-30 08:29:26,502] {logging_mixin.py:115} INFO - [2022-09-30 08:29:26,502] {dag.py:2919} INFO - Setting next_dagrun for example_xcom to 2021-01-01T00:00:00+00:00, run_after=2021-01-01T00:00:00+00:00
[2022-09-30 08:29:26,518] {processor.py:161} INFO - Processing /home/airflow/.local/lib/python3.7/site-packages/airflow/example_dags/example_xcom.py took 0.121 seconds
[2022-09-30 08:29:57,299] {processor.py:153} INFO - Started process (PID=1560) to work on /home/airflow/.local/lib/python3.7/site-packages/airflow/example_dags/example_xcom.py
[2022-09-30 08:29:57,300] {processor.py:641} INFO - Processing file /home/airflow/.local/lib/python3.7/site-packages/airflow/example_dags/example_xcom.py for tasks to queue
[2022-09-30 08:29:57,301] {logging_mixin.py:115} INFO - [2022-09-30 08:29:57,301] {dagbag.py:507} INFO - Filling up the DagBag from /home/airflow/.local/lib/python3.7/site-packages/airflow/example_dags/example_xcom.py
[2022-09-30 08:29:57,322] {processor.py:651} INFO - DAG(s) dict_keys(['example_xcom']) retrieved from /home/airflow/.local/lib/python3.7/site-packages/airflow/example_dags/example_xcom.py
[2022-09-30 08:29:57,383] {logging_mixin.py:115} INFO - [2022-09-30 08:29:57,383] {dag.py:2371} INFO - Sync 1 DAGs
[2022-09-30 08:29:57,403] {logging_mixin.py:115} INFO - [2022-09-30 08:29:57,403] {dag.py:2919} INFO - Setting next_dagrun for example_xcom to 2021-01-01T00:00:00+00:00, run_after=2021-01-01T00:00:00+00:00
[2022-09-30 08:29:57,419] {processor.py:161} INFO - Processing /home/airflow/.local/lib/python3.7/site-packages/airflow/example_dags/example_xcom.py took 0.122 seconds
[2022-09-30 08:30:28,164] {processor.py:153} INFO - Started process (PID=1622) to work on /home/airflow/.local/lib/python3.7/site-packages/airflow/example_dags/example_xcom.py
[2022-09-30 08:30:28,164] {processor.py:641} INFO - Processing file /home/airflow/.local/lib/python3.7/site-packages/airflow/example_dags/example_xcom.py for tasks to queue
[2022-09-30 08:30:28,165] {logging_mixin.py:115} INFO - [2022-09-30 08:30:28,165] {dagbag.py:507} INFO - Filling up the DagBag from /home/airflow/.local/lib/python3.7/site-packages/airflow/example_dags/example_xcom.py
[2022-09-30 08:30:28,188] {processor.py:651} INFO - DAG(s) dict_keys(['example_xcom']) retrieved from /home/airflow/.local/lib/python3.7/site-packages/airflow/example_dags/example_xcom.py
[2022-09-30 08:30:28,275] {logging_mixin.py:115} INFO - [2022-09-30 08:30:28,275] {dag.py:2371} INFO - Sync 1 DAGs
[2022-09-30 08:30:28,312] {logging_mixin.py:115} INFO - [2022-09-30 08:30:28,311] {dag.py:2919} INFO - Setting next_dagrun for example_xcom to 2021-01-01T00:00:00+00:00, run_after=2021-01-01T00:00:00+00:00
[2022-09-30 08:30:28,325] {processor.py:161} INFO - Processing /home/airflow/.local/lib/python3.7/site-packages/airflow/example_dags/example_xcom.py took 0.164 seconds
[2022-09-30 08:30:58,346] {processor.py:153} INFO - Started process (PID=1674) to work on /home/airflow/.local/lib/python3.7/site-packages/airflow/example_dags/example_xcom.py
[2022-09-30 08:30:58,347] {processor.py:641} INFO - Processing file /home/airflow/.local/lib/python3.7/site-packages/airflow/example_dags/example_xcom.py for tasks to queue
[2022-09-30 08:30:58,348] {logging_mixin.py:115} INFO - [2022-09-30 08:30:58,347] {dagbag.py:507} INFO - Filling up the DagBag from /home/airflow/.local/lib/python3.7/site-packages/airflow/example_dags/example_xcom.py
[2022-09-30 08:30:58,368] {processor.py:651} INFO - DAG(s) dict_keys(['example_xcom']) retrieved from /home/airflow/.local/lib/python3.7/site-packages/airflow/example_dags/example_xcom.py
[2022-09-30 08:30:58,391] {logging_mixin.py:115} INFO - [2022-09-30 08:30:58,391] {dag.py:2371} INFO - Sync 1 DAGs
[2022-09-30 08:30:58,410] {logging_mixin.py:115} INFO - [2022-09-30 08:30:58,410] {dag.py:2919} INFO - Setting next_dagrun for example_xcom to 2021-01-01T00:00:00+00:00, run_after=2021-01-01T00:00:00+00:00
[2022-09-30 08:30:58,421] {processor.py:161} INFO - Processing /home/airflow/.local/lib/python3.7/site-packages/airflow/example_dags/example_xcom.py took 0.078 seconds
[2022-09-30 08:31:28,622] {processor.py:153} INFO - Started process (PID=1735) to work on /home/airflow/.local/lib/python3.7/site-packages/airflow/example_dags/example_xcom.py
[2022-09-30 08:31:28,622] {processor.py:641} INFO - Processing file /home/airflow/.local/lib/python3.7/site-packages/airflow/example_dags/example_xcom.py for tasks to queue
[2022-09-30 08:31:28,623] {logging_mixin.py:115} INFO - [2022-09-30 08:31:28,623] {dagbag.py:507} INFO - Filling up the DagBag from /home/airflow/.local/lib/python3.7/site-packages/airflow/example_dags/example_xcom.py
[2022-09-30 08:31:28,642] {processor.py:651} INFO - DAG(s) dict_keys(['example_xcom']) retrieved from /home/airflow/.local/lib/python3.7/site-packages/airflow/example_dags/example_xcom.py
[2022-09-30 08:31:28,704] {logging_mixin.py:115} INFO - [2022-09-30 08:31:28,704] {dag.py:2371} INFO - Sync 1 DAGs
[2022-09-30 08:31:28,724] {logging_mixin.py:115} INFO - [2022-09-30 08:31:28,724] {dag.py:2919} INFO - Setting next_dagrun for example_xcom to 2021-01-01T00:00:00+00:00, run_after=2021-01-01T00:00:00+00:00
[2022-09-30 08:31:28,738] {processor.py:161} INFO - Processing /home/airflow/.local/lib/python3.7/site-packages/airflow/example_dags/example_xcom.py took 0.119 seconds
[2022-09-30 08:31:59,643] {processor.py:153} INFO - Started process (PID=1796) to work on /home/airflow/.local/lib/python3.7/site-packages/airflow/example_dags/example_xcom.py
[2022-09-30 08:31:59,643] {processor.py:641} INFO - Processing file /home/airflow/.local/lib/python3.7/site-packages/airflow/example_dags/example_xcom.py for tasks to queue
[2022-09-30 08:31:59,644] {logging_mixin.py:115} INFO - [2022-09-30 08:31:59,644] {dagbag.py:507} INFO - Filling up the DagBag from /home/airflow/.local/lib/python3.7/site-packages/airflow/example_dags/example_xcom.py
[2022-09-30 08:31:59,766] {processor.py:651} INFO - DAG(s) dict_keys(['example_xcom']) retrieved from /home/airflow/.local/lib/python3.7/site-packages/airflow/example_dags/example_xcom.py
[2022-09-30 08:31:59,819] {logging_mixin.py:115} INFO - [2022-09-30 08:31:59,819] {dag.py:2371} INFO - Sync 1 DAGs
[2022-09-30 08:31:59,837] {logging_mixin.py:115} INFO - [2022-09-30 08:31:59,837] {dag.py:2919} INFO - Setting next_dagrun for example_xcom to 2021-01-01T00:00:00+00:00, run_after=2021-01-01T00:00:00+00:00
[2022-09-30 08:31:59,849] {processor.py:161} INFO - Processing /home/airflow/.local/lib/python3.7/site-packages/airflow/example_dags/example_xcom.py took 0.210 seconds
[2022-09-30 08:32:29,882] {processor.py:153} INFO - Started process (PID=1848) to work on /home/airflow/.local/lib/python3.7/site-packages/airflow/example_dags/example_xcom.py
[2022-09-30 08:32:29,883] {processor.py:641} INFO - Processing file /home/airflow/.local/lib/python3.7/site-packages/airflow/example_dags/example_xcom.py for tasks to queue
[2022-09-30 08:32:29,884] {logging_mixin.py:115} INFO - [2022-09-30 08:32:29,884] {dagbag.py:507} INFO - Filling up the DagBag from /home/airflow/.local/lib/python3.7/site-packages/airflow/example_dags/example_xcom.py
[2022-09-30 08:32:30,010] {processor.py:651} INFO - DAG(s) dict_keys(['example_xcom']) retrieved from /home/airflow/.local/lib/python3.7/site-packages/airflow/example_dags/example_xcom.py
[2022-09-30 08:32:30,068] {logging_mixin.py:115} INFO - [2022-09-30 08:32:30,068] {dag.py:2371} INFO - Sync 1 DAGs
[2022-09-30 08:32:30,087] {logging_mixin.py:115} INFO - [2022-09-30 08:32:30,087] {dag.py:2919} INFO - Setting next_dagrun for example_xcom to 2021-01-01T00:00:00+00:00, run_after=2021-01-01T00:00:00+00:00
[2022-09-30 08:32:30,099] {processor.py:161} INFO - Processing /home/airflow/.local/lib/python3.7/site-packages/airflow/example_dags/example_xcom.py took 0.219 seconds
[2022-09-30 08:33:00,235] {processor.py:153} INFO - Started process (PID=1910) to work on /home/airflow/.local/lib/python3.7/site-packages/airflow/example_dags/example_xcom.py
[2022-09-30 08:33:00,236] {processor.py:641} INFO - Processing file /home/airflow/.local/lib/python3.7/site-packages/airflow/example_dags/example_xcom.py for tasks to queue
[2022-09-30 08:33:00,237] {logging_mixin.py:115} INFO - [2022-09-30 08:33:00,237] {dagbag.py:507} INFO - Filling up the DagBag from /home/airflow/.local/lib/python3.7/site-packages/airflow/example_dags/example_xcom.py
[2022-09-30 08:33:00,381] {processor.py:651} INFO - DAG(s) dict_keys(['example_xcom']) retrieved from /home/airflow/.local/lib/python3.7/site-packages/airflow/example_dags/example_xcom.py
[2022-09-30 08:33:00,403] {logging_mixin.py:115} INFO - [2022-09-30 08:33:00,403] {dag.py:2371} INFO - Sync 1 DAGs
[2022-09-30 08:33:00,421] {logging_mixin.py:115} INFO - [2022-09-30 08:33:00,420] {dag.py:2919} INFO - Setting next_dagrun for example_xcom to 2021-01-01T00:00:00+00:00, run_after=2021-01-01T00:00:00+00:00
[2022-09-30 08:33:00,434] {processor.py:161} INFO - Processing /home/airflow/.local/lib/python3.7/site-packages/airflow/example_dags/example_xcom.py took 0.202 seconds
[2022-09-30 08:33:31,068] {processor.py:153} INFO - Started process (PID=1970) to work on /home/airflow/.local/lib/python3.7/site-packages/airflow/example_dags/example_xcom.py
[2022-09-30 08:33:31,069] {processor.py:641} INFO - Processing file /home/airflow/.local/lib/python3.7/site-packages/airflow/example_dags/example_xcom.py for tasks to queue
[2022-09-30 08:33:31,069] {logging_mixin.py:115} INFO - [2022-09-30 08:33:31,069] {dagbag.py:507} INFO - Filling up the DagBag from /home/airflow/.local/lib/python3.7/site-packages/airflow/example_dags/example_xcom.py
[2022-09-30 08:33:31,235] {processor.py:651} INFO - DAG(s) dict_keys(['example_xcom']) retrieved from /home/airflow/.local/lib/python3.7/site-packages/airflow/example_dags/example_xcom.py
[2022-09-30 08:33:31,262] {logging_mixin.py:115} INFO - [2022-09-30 08:33:31,262] {dag.py:2371} INFO - Sync 1 DAGs
[2022-09-30 08:33:31,286] {logging_mixin.py:115} INFO - [2022-09-30 08:33:31,286] {dag.py:2919} INFO - Setting next_dagrun for example_xcom to 2021-01-01T00:00:00+00:00, run_after=2021-01-01T00:00:00+00:00
[2022-09-30 08:33:31,299] {processor.py:161} INFO - Processing /home/airflow/.local/lib/python3.7/site-packages/airflow/example_dags/example_xcom.py took 0.236 seconds
[2022-09-30 08:34:01,401] {processor.py:153} INFO - Started process (PID=2022) to work on /home/airflow/.local/lib/python3.7/site-packages/airflow/example_dags/example_xcom.py
[2022-09-30 08:34:01,402] {processor.py:641} INFO - Processing file /home/airflow/.local/lib/python3.7/site-packages/airflow/example_dags/example_xcom.py for tasks to queue
[2022-09-30 08:34:01,403] {logging_mixin.py:115} INFO - [2022-09-30 08:34:01,403] {dagbag.py:507} INFO - Filling up the DagBag from /home/airflow/.local/lib/python3.7/site-packages/airflow/example_dags/example_xcom.py
[2022-09-30 08:34:01,530] {processor.py:651} INFO - DAG(s) dict_keys(['example_xcom']) retrieved from /home/airflow/.local/lib/python3.7/site-packages/airflow/example_dags/example_xcom.py
[2022-09-30 08:34:01,549] {logging_mixin.py:115} INFO - [2022-09-30 08:34:01,549] {dag.py:2371} INFO - Sync 1 DAGs
[2022-09-30 08:34:01,567] {logging_mixin.py:115} INFO - [2022-09-30 08:34:01,567] {dag.py:2919} INFO - Setting next_dagrun for example_xcom to 2021-01-01T00:00:00+00:00, run_after=2021-01-01T00:00:00+00:00
[2022-09-30 08:34:01,579] {processor.py:161} INFO - Processing /home/airflow/.local/lib/python3.7/site-packages/airflow/example_dags/example_xcom.py took 0.180 seconds
[2022-09-30 08:34:32,007] {processor.py:153} INFO - Started process (PID=2084) to work on /home/airflow/.local/lib/python3.7/site-packages/airflow/example_dags/example_xcom.py
[2022-09-30 08:34:32,008] {processor.py:641} INFO - Processing file /home/airflow/.local/lib/python3.7/site-packages/airflow/example_dags/example_xcom.py for tasks to queue
[2022-09-30 08:34:32,009] {logging_mixin.py:115} INFO - [2022-09-30 08:34:32,009] {dagbag.py:507} INFO - Filling up the DagBag from /home/airflow/.local/lib/python3.7/site-packages/airflow/example_dags/example_xcom.py
[2022-09-30 08:34:32,128] {processor.py:651} INFO - DAG(s) dict_keys(['example_xcom']) retrieved from /home/airflow/.local/lib/python3.7/site-packages/airflow/example_dags/example_xcom.py
[2022-09-30 08:34:32,148] {logging_mixin.py:115} INFO - [2022-09-30 08:34:32,148] {dag.py:2371} INFO - Sync 1 DAGs
[2022-09-30 08:34:32,167] {logging_mixin.py:115} INFO - [2022-09-30 08:34:32,166] {dag.py:2919} INFO - Setting next_dagrun for example_xcom to 2021-01-01T00:00:00+00:00, run_after=2021-01-01T00:00:00+00:00
[2022-09-30 08:34:32,179] {processor.py:161} INFO - Processing /home/airflow/.local/lib/python3.7/site-packages/airflow/example_dags/example_xcom.py took 0.174 seconds
[2022-09-30 08:35:02,354] {processor.py:153} INFO - Started process (PID=2145) to work on /home/airflow/.local/lib/python3.7/site-packages/airflow/example_dags/example_xcom.py
[2022-09-30 08:35:02,355] {processor.py:641} INFO - Processing file /home/airflow/.local/lib/python3.7/site-packages/airflow/example_dags/example_xcom.py for tasks to queue
[2022-09-30 08:35:02,356] {logging_mixin.py:115} INFO - [2022-09-30 08:35:02,356] {dagbag.py:507} INFO - Filling up the DagBag from /home/airflow/.local/lib/python3.7/site-packages/airflow/example_dags/example_xcom.py
[2022-09-30 08:35:02,482] {processor.py:651} INFO - DAG(s) dict_keys(['example_xcom']) retrieved from /home/airflow/.local/lib/python3.7/site-packages/airflow/example_dags/example_xcom.py
[2022-09-30 08:35:02,538] {logging_mixin.py:115} INFO - [2022-09-30 08:35:02,538] {dag.py:2371} INFO - Sync 1 DAGs
[2022-09-30 08:35:02,557] {logging_mixin.py:115} INFO - [2022-09-30 08:35:02,557] {dag.py:2919} INFO - Setting next_dagrun for example_xcom to 2021-01-01T00:00:00+00:00, run_after=2021-01-01T00:00:00+00:00
[2022-09-30 08:35:02,571] {processor.py:161} INFO - Processing /home/airflow/.local/lib/python3.7/site-packages/airflow/example_dags/example_xcom.py took 0.219 seconds
