[2022-09-30 08:15:09,598] {processor.py:153} INFO - Started process (PID=65) to work on /home/airflow/.local/lib/python3.7/site-packages/airflow/example_dags/example_python_operator.py
[2022-09-30 08:15:09,599] {processor.py:641} INFO - Processing file /home/airflow/.local/lib/python3.7/site-packages/airflow/example_dags/example_python_operator.py for tasks to queue
[2022-09-30 08:15:09,600] {logging_mixin.py:115} INFO - [2022-09-30 08:15:09,600] {dagbag.py:507} INFO - Filling up the DagBag from /home/airflow/.local/lib/python3.7/site-packages/airflow/example_dags/example_python_operator.py
[2022-09-30 08:15:09,618] {processor.py:651} INFO - DAG(s) dict_keys(['example_python_operator']) retrieved from /home/airflow/.local/lib/python3.7/site-packages/airflow/example_dags/example_python_operator.py
[2022-09-30 08:15:09,867] {logging_mixin.py:115} INFO - [2022-09-30 08:15:09,867] {manager.py:508} INFO - Created Permission View: can delete on DAG:example_python_operator
[2022-09-30 08:15:09,880] {logging_mixin.py:115} INFO - [2022-09-30 08:15:09,880] {manager.py:508} INFO - Created Permission View: can edit on DAG:example_python_operator
[2022-09-30 08:15:09,888] {logging_mixin.py:115} INFO - [2022-09-30 08:15:09,888] {manager.py:508} INFO - Created Permission View: can read on DAG:example_python_operator
[2022-09-30 08:15:09,889] {logging_mixin.py:115} INFO - [2022-09-30 08:15:09,889] {dag.py:2371} INFO - Sync 1 DAGs
[2022-09-30 08:15:09,900] {logging_mixin.py:115} INFO - [2022-09-30 08:15:09,900] {dag.py:2390} INFO - Creating ORM DAG for example_python_operator
[2022-09-30 08:15:09,915] {logging_mixin.py:115} INFO - [2022-09-30 08:15:09,915] {dag.py:2919} INFO - Setting next_dagrun for example_python_operator to None, run_after=None
[2022-09-30 08:15:09,930] {processor.py:161} INFO - Processing /home/airflow/.local/lib/python3.7/site-packages/airflow/example_dags/example_python_operator.py took 0.335 seconds
[2022-09-30 08:15:40,260] {processor.py:153} INFO - Started process (PID=126) to work on /home/airflow/.local/lib/python3.7/site-packages/airflow/example_dags/example_python_operator.py
[2022-09-30 08:15:40,261] {processor.py:641} INFO - Processing file /home/airflow/.local/lib/python3.7/site-packages/airflow/example_dags/example_python_operator.py for tasks to queue
[2022-09-30 08:15:40,261] {logging_mixin.py:115} INFO - [2022-09-30 08:15:40,261] {dagbag.py:507} INFO - Filling up the DagBag from /home/airflow/.local/lib/python3.7/site-packages/airflow/example_dags/example_python_operator.py
[2022-09-30 08:15:40,287] {processor.py:651} INFO - DAG(s) dict_keys(['example_python_operator']) retrieved from /home/airflow/.local/lib/python3.7/site-packages/airflow/example_dags/example_python_operator.py
[2022-09-30 08:15:40,314] {logging_mixin.py:115} INFO - [2022-09-30 08:15:40,314] {dag.py:2371} INFO - Sync 1 DAGs
[2022-09-30 08:15:40,455] {logging_mixin.py:115} INFO - [2022-09-30 08:15:40,455] {dag.py:2919} INFO - Setting next_dagrun for example_python_operator to None, run_after=None
[2022-09-30 08:15:40,467] {processor.py:161} INFO - Processing /home/airflow/.local/lib/python3.7/site-packages/airflow/example_dags/example_python_operator.py took 0.211 seconds
[2022-09-30 08:16:42,955] {processor.py:153} INFO - Started process (PID=66) to work on /home/airflow/.local/lib/python3.7/site-packages/airflow/example_dags/example_python_operator.py
[2022-09-30 08:16:42,956] {processor.py:641} INFO - Processing file /home/airflow/.local/lib/python3.7/site-packages/airflow/example_dags/example_python_operator.py for tasks to queue
[2022-09-30 08:16:42,957] {logging_mixin.py:115} INFO - [2022-09-30 08:16:42,957] {dagbag.py:507} INFO - Filling up the DagBag from /home/airflow/.local/lib/python3.7/site-packages/airflow/example_dags/example_python_operator.py
[2022-09-30 08:16:42,979] {processor.py:651} INFO - DAG(s) dict_keys(['example_python_operator']) retrieved from /home/airflow/.local/lib/python3.7/site-packages/airflow/example_dags/example_python_operator.py
[2022-09-30 08:16:43,013] {logging_mixin.py:115} INFO - [2022-09-30 08:16:43,013] {dag.py:2371} INFO - Sync 1 DAGs
[2022-09-30 08:16:43,164] {logging_mixin.py:115} INFO - [2022-09-30 08:16:43,164] {dag.py:2919} INFO - Setting next_dagrun for example_python_operator to None, run_after=None
[2022-09-30 08:16:43,180] {processor.py:161} INFO - Processing /home/airflow/.local/lib/python3.7/site-packages/airflow/example_dags/example_python_operator.py took 0.228 seconds
[2022-09-30 08:17:14,110] {processor.py:153} INFO - Started process (PID=118) to work on /home/airflow/.local/lib/python3.7/site-packages/airflow/example_dags/example_python_operator.py
[2022-09-30 08:17:14,111] {processor.py:641} INFO - Processing file /home/airflow/.local/lib/python3.7/site-packages/airflow/example_dags/example_python_operator.py for tasks to queue
[2022-09-30 08:17:14,112] {logging_mixin.py:115} INFO - [2022-09-30 08:17:14,112] {dagbag.py:507} INFO - Filling up the DagBag from /home/airflow/.local/lib/python3.7/site-packages/airflow/example_dags/example_python_operator.py
[2022-09-30 08:17:14,136] {processor.py:651} INFO - DAG(s) dict_keys(['example_python_operator']) retrieved from /home/airflow/.local/lib/python3.7/site-packages/airflow/example_dags/example_python_operator.py
[2022-09-30 08:17:14,176] {logging_mixin.py:115} INFO - [2022-09-30 08:17:14,175] {dag.py:2371} INFO - Sync 1 DAGs
[2022-09-30 08:17:14,349] {logging_mixin.py:115} INFO - [2022-09-30 08:17:14,349] {dag.py:2919} INFO - Setting next_dagrun for example_python_operator to None, run_after=None
[2022-09-30 08:17:14,369] {processor.py:161} INFO - Processing /home/airflow/.local/lib/python3.7/site-packages/airflow/example_dags/example_python_operator.py took 0.264 seconds
[2022-09-30 08:17:44,619] {processor.py:153} INFO - Started process (PID=179) to work on /home/airflow/.local/lib/python3.7/site-packages/airflow/example_dags/example_python_operator.py
[2022-09-30 08:17:44,619] {processor.py:641} INFO - Processing file /home/airflow/.local/lib/python3.7/site-packages/airflow/example_dags/example_python_operator.py for tasks to queue
[2022-09-30 08:17:44,620] {logging_mixin.py:115} INFO - [2022-09-30 08:17:44,620] {dagbag.py:507} INFO - Filling up the DagBag from /home/airflow/.local/lib/python3.7/site-packages/airflow/example_dags/example_python_operator.py
[2022-09-30 08:17:44,645] {processor.py:651} INFO - DAG(s) dict_keys(['example_python_operator']) retrieved from /home/airflow/.local/lib/python3.7/site-packages/airflow/example_dags/example_python_operator.py
[2022-09-30 08:17:44,683] {logging_mixin.py:115} INFO - [2022-09-30 08:17:44,682] {dag.py:2371} INFO - Sync 1 DAGs
[2022-09-30 08:17:44,833] {logging_mixin.py:115} INFO - [2022-09-30 08:17:44,833] {dag.py:2919} INFO - Setting next_dagrun for example_python_operator to None, run_after=None
[2022-09-30 08:17:44,846] {processor.py:161} INFO - Processing /home/airflow/.local/lib/python3.7/site-packages/airflow/example_dags/example_python_operator.py took 0.231 seconds
[2022-09-30 08:18:15,086] {processor.py:153} INFO - Started process (PID=240) to work on /home/airflow/.local/lib/python3.7/site-packages/airflow/example_dags/example_python_operator.py
[2022-09-30 08:18:15,086] {processor.py:641} INFO - Processing file /home/airflow/.local/lib/python3.7/site-packages/airflow/example_dags/example_python_operator.py for tasks to queue
[2022-09-30 08:18:15,087] {logging_mixin.py:115} INFO - [2022-09-30 08:18:15,087] {dagbag.py:507} INFO - Filling up the DagBag from /home/airflow/.local/lib/python3.7/site-packages/airflow/example_dags/example_python_operator.py
[2022-09-30 08:18:15,107] {processor.py:651} INFO - DAG(s) dict_keys(['example_python_operator']) retrieved from /home/airflow/.local/lib/python3.7/site-packages/airflow/example_dags/example_python_operator.py
[2022-09-30 08:18:15,137] {logging_mixin.py:115} INFO - [2022-09-30 08:18:15,137] {dag.py:2371} INFO - Sync 1 DAGs
[2022-09-30 08:18:15,273] {logging_mixin.py:115} INFO - [2022-09-30 08:18:15,273] {dag.py:2919} INFO - Setting next_dagrun for example_python_operator to None, run_after=None
[2022-09-30 08:18:15,288] {processor.py:161} INFO - Processing /home/airflow/.local/lib/python3.7/site-packages/airflow/example_dags/example_python_operator.py took 0.205 seconds
[2022-09-30 08:18:45,738] {processor.py:153} INFO - Started process (PID=292) to work on /home/airflow/.local/lib/python3.7/site-packages/airflow/example_dags/example_python_operator.py
[2022-09-30 08:18:45,739] {processor.py:641} INFO - Processing file /home/airflow/.local/lib/python3.7/site-packages/airflow/example_dags/example_python_operator.py for tasks to queue
[2022-09-30 08:18:45,740] {logging_mixin.py:115} INFO - [2022-09-30 08:18:45,740] {dagbag.py:507} INFO - Filling up the DagBag from /home/airflow/.local/lib/python3.7/site-packages/airflow/example_dags/example_python_operator.py
[2022-09-30 08:18:45,767] {processor.py:651} INFO - DAG(s) dict_keys(['example_python_operator']) retrieved from /home/airflow/.local/lib/python3.7/site-packages/airflow/example_dags/example_python_operator.py
[2022-09-30 08:18:45,808] {logging_mixin.py:115} INFO - [2022-09-30 08:18:45,808] {dag.py:2371} INFO - Sync 1 DAGs
[2022-09-30 08:18:45,960] {logging_mixin.py:115} INFO - [2022-09-30 08:18:45,960] {dag.py:2919} INFO - Setting next_dagrun for example_python_operator to None, run_after=None
[2022-09-30 08:18:45,974] {processor.py:161} INFO - Processing /home/airflow/.local/lib/python3.7/site-packages/airflow/example_dags/example_python_operator.py took 0.238 seconds
[2022-09-30 08:19:16,729] {processor.py:153} INFO - Started process (PID=353) to work on /home/airflow/.local/lib/python3.7/site-packages/airflow/example_dags/example_python_operator.py
[2022-09-30 08:19:16,730] {processor.py:641} INFO - Processing file /home/airflow/.local/lib/python3.7/site-packages/airflow/example_dags/example_python_operator.py for tasks to queue
[2022-09-30 08:19:16,731] {logging_mixin.py:115} INFO - [2022-09-30 08:19:16,731] {dagbag.py:507} INFO - Filling up the DagBag from /home/airflow/.local/lib/python3.7/site-packages/airflow/example_dags/example_python_operator.py
[2022-09-30 08:19:16,750] {processor.py:651} INFO - DAG(s) dict_keys(['example_python_operator']) retrieved from /home/airflow/.local/lib/python3.7/site-packages/airflow/example_dags/example_python_operator.py
[2022-09-30 08:19:16,780] {logging_mixin.py:115} INFO - [2022-09-30 08:19:16,780] {dag.py:2371} INFO - Sync 1 DAGs
[2022-09-30 08:19:16,927] {logging_mixin.py:115} INFO - [2022-09-30 08:19:16,927] {dag.py:2919} INFO - Setting next_dagrun for example_python_operator to None, run_after=None
[2022-09-30 08:19:16,945] {processor.py:161} INFO - Processing /home/airflow/.local/lib/python3.7/site-packages/airflow/example_dags/example_python_operator.py took 0.220 seconds
[2022-09-30 08:19:47,548] {processor.py:153} INFO - Started process (PID=414) to work on /home/airflow/.local/lib/python3.7/site-packages/airflow/example_dags/example_python_operator.py
[2022-09-30 08:19:47,549] {processor.py:641} INFO - Processing file /home/airflow/.local/lib/python3.7/site-packages/airflow/example_dags/example_python_operator.py for tasks to queue
[2022-09-30 08:19:47,549] {logging_mixin.py:115} INFO - [2022-09-30 08:19:47,549] {dagbag.py:507} INFO - Filling up the DagBag from /home/airflow/.local/lib/python3.7/site-packages/airflow/example_dags/example_python_operator.py
[2022-09-30 08:19:47,569] {processor.py:651} INFO - DAG(s) dict_keys(['example_python_operator']) retrieved from /home/airflow/.local/lib/python3.7/site-packages/airflow/example_dags/example_python_operator.py
[2022-09-30 08:19:47,599] {logging_mixin.py:115} INFO - [2022-09-30 08:19:47,599] {dag.py:2371} INFO - Sync 1 DAGs
[2022-09-30 08:19:47,751] {logging_mixin.py:115} INFO - [2022-09-30 08:19:47,751] {dag.py:2919} INFO - Setting next_dagrun for example_python_operator to None, run_after=None
[2022-09-30 08:19:47,763] {processor.py:161} INFO - Processing /home/airflow/.local/lib/python3.7/site-packages/airflow/example_dags/example_python_operator.py took 0.219 seconds
[2022-09-30 08:20:18,281] {processor.py:153} INFO - Started process (PID=476) to work on /home/airflow/.local/lib/python3.7/site-packages/airflow/example_dags/example_python_operator.py
[2022-09-30 08:20:18,282] {processor.py:641} INFO - Processing file /home/airflow/.local/lib/python3.7/site-packages/airflow/example_dags/example_python_operator.py for tasks to queue
[2022-09-30 08:20:18,283] {logging_mixin.py:115} INFO - [2022-09-30 08:20:18,282] {dagbag.py:507} INFO - Filling up the DagBag from /home/airflow/.local/lib/python3.7/site-packages/airflow/example_dags/example_python_operator.py
[2022-09-30 08:20:18,299] {processor.py:651} INFO - DAG(s) dict_keys(['example_python_operator']) retrieved from /home/airflow/.local/lib/python3.7/site-packages/airflow/example_dags/example_python_operator.py
[2022-09-30 08:20:18,327] {logging_mixin.py:115} INFO - [2022-09-30 08:20:18,327] {dag.py:2371} INFO - Sync 1 DAGs
[2022-09-30 08:20:18,465] {logging_mixin.py:115} INFO - [2022-09-30 08:20:18,464] {dag.py:2919} INFO - Setting next_dagrun for example_python_operator to None, run_after=None
[2022-09-30 08:20:18,480] {processor.py:161} INFO - Processing /home/airflow/.local/lib/python3.7/site-packages/airflow/example_dags/example_python_operator.py took 0.202 seconds
[2022-09-30 08:20:49,147] {processor.py:153} INFO - Started process (PID=528) to work on /home/airflow/.local/lib/python3.7/site-packages/airflow/example_dags/example_python_operator.py
[2022-09-30 08:20:49,148] {processor.py:641} INFO - Processing file /home/airflow/.local/lib/python3.7/site-packages/airflow/example_dags/example_python_operator.py for tasks to queue
[2022-09-30 08:20:49,148] {logging_mixin.py:115} INFO - [2022-09-30 08:20:49,148] {dagbag.py:507} INFO - Filling up the DagBag from /home/airflow/.local/lib/python3.7/site-packages/airflow/example_dags/example_python_operator.py
[2022-09-30 08:20:49,165] {processor.py:651} INFO - DAG(s) dict_keys(['example_python_operator']) retrieved from /home/airflow/.local/lib/python3.7/site-packages/airflow/example_dags/example_python_operator.py
[2022-09-30 08:20:49,202] {logging_mixin.py:115} INFO - [2022-09-30 08:20:49,202] {dag.py:2371} INFO - Sync 1 DAGs
[2022-09-30 08:20:49,336] {logging_mixin.py:115} INFO - [2022-09-30 08:20:49,336] {dag.py:2919} INFO - Setting next_dagrun for example_python_operator to None, run_after=None
[2022-09-30 08:20:49,350] {processor.py:161} INFO - Processing /home/airflow/.local/lib/python3.7/site-packages/airflow/example_dags/example_python_operator.py took 0.205 seconds
[2022-09-30 08:21:19,963] {processor.py:153} INFO - Started process (PID=589) to work on /home/airflow/.local/lib/python3.7/site-packages/airflow/example_dags/example_python_operator.py
[2022-09-30 08:21:19,964] {processor.py:641} INFO - Processing file /home/airflow/.local/lib/python3.7/site-packages/airflow/example_dags/example_python_operator.py for tasks to queue
[2022-09-30 08:21:19,965] {logging_mixin.py:115} INFO - [2022-09-30 08:21:19,965] {dagbag.py:507} INFO - Filling up the DagBag from /home/airflow/.local/lib/python3.7/site-packages/airflow/example_dags/example_python_operator.py
[2022-09-30 08:21:19,986] {processor.py:651} INFO - DAG(s) dict_keys(['example_python_operator']) retrieved from /home/airflow/.local/lib/python3.7/site-packages/airflow/example_dags/example_python_operator.py
[2022-09-30 08:21:20,074] {logging_mixin.py:115} INFO - [2022-09-30 08:21:20,074] {dag.py:2371} INFO - Sync 1 DAGs
[2022-09-30 08:21:20,241] {logging_mixin.py:115} INFO - [2022-09-30 08:21:20,241] {dag.py:2919} INFO - Setting next_dagrun for example_python_operator to None, run_after=None
[2022-09-30 08:21:20,253] {processor.py:161} INFO - Processing /home/airflow/.local/lib/python3.7/site-packages/airflow/example_dags/example_python_operator.py took 0.295 seconds
[2022-09-30 08:21:50,822] {processor.py:153} INFO - Started process (PID=650) to work on /home/airflow/.local/lib/python3.7/site-packages/airflow/example_dags/example_python_operator.py
[2022-09-30 08:21:50,823] {processor.py:641} INFO - Processing file /home/airflow/.local/lib/python3.7/site-packages/airflow/example_dags/example_python_operator.py for tasks to queue
[2022-09-30 08:21:50,825] {logging_mixin.py:115} INFO - [2022-09-30 08:21:50,824] {dagbag.py:507} INFO - Filling up the DagBag from /home/airflow/.local/lib/python3.7/site-packages/airflow/example_dags/example_python_operator.py
[2022-09-30 08:21:50,854] {processor.py:651} INFO - DAG(s) dict_keys(['example_python_operator']) retrieved from /home/airflow/.local/lib/python3.7/site-packages/airflow/example_dags/example_python_operator.py
[2022-09-30 08:21:51,012] {logging_mixin.py:115} INFO - [2022-09-30 08:21:51,011] {dag.py:2371} INFO - Sync 1 DAGs
[2022-09-30 08:21:51,035] {logging_mixin.py:115} INFO - [2022-09-30 08:21:51,035] {dag.py:2919} INFO - Setting next_dagrun for example_python_operator to None, run_after=None
[2022-09-30 08:21:51,048] {processor.py:161} INFO - Processing /home/airflow/.local/lib/python3.7/site-packages/airflow/example_dags/example_python_operator.py took 0.229 seconds
[2022-09-30 08:22:21,340] {processor.py:153} INFO - Started process (PID=702) to work on /home/airflow/.local/lib/python3.7/site-packages/airflow/example_dags/example_python_operator.py
[2022-09-30 08:22:21,341] {processor.py:641} INFO - Processing file /home/airflow/.local/lib/python3.7/site-packages/airflow/example_dags/example_python_operator.py for tasks to queue
[2022-09-30 08:22:21,342] {logging_mixin.py:115} INFO - [2022-09-30 08:22:21,342] {dagbag.py:507} INFO - Filling up the DagBag from /home/airflow/.local/lib/python3.7/site-packages/airflow/example_dags/example_python_operator.py
[2022-09-30 08:22:21,366] {processor.py:651} INFO - DAG(s) dict_keys(['example_python_operator']) retrieved from /home/airflow/.local/lib/python3.7/site-packages/airflow/example_dags/example_python_operator.py
[2022-09-30 08:22:21,514] {logging_mixin.py:115} INFO - [2022-09-30 08:22:21,514] {dag.py:2371} INFO - Sync 1 DAGs
[2022-09-30 08:22:21,532] {logging_mixin.py:115} INFO - [2022-09-30 08:22:21,532] {dag.py:2919} INFO - Setting next_dagrun for example_python_operator to None, run_after=None
[2022-09-30 08:22:21,547] {processor.py:161} INFO - Processing /home/airflow/.local/lib/python3.7/site-packages/airflow/example_dags/example_python_operator.py took 0.211 seconds
[2022-09-30 08:22:51,660] {processor.py:153} INFO - Started process (PID=763) to work on /home/airflow/.local/lib/python3.7/site-packages/airflow/example_dags/example_python_operator.py
[2022-09-30 08:22:51,660] {processor.py:641} INFO - Processing file /home/airflow/.local/lib/python3.7/site-packages/airflow/example_dags/example_python_operator.py for tasks to queue
[2022-09-30 08:22:51,661] {logging_mixin.py:115} INFO - [2022-09-30 08:22:51,661] {dagbag.py:507} INFO - Filling up the DagBag from /home/airflow/.local/lib/python3.7/site-packages/airflow/example_dags/example_python_operator.py
[2022-09-30 08:22:51,687] {processor.py:651} INFO - DAG(s) dict_keys(['example_python_operator']) retrieved from /home/airflow/.local/lib/python3.7/site-packages/airflow/example_dags/example_python_operator.py
[2022-09-30 08:22:51,821] {logging_mixin.py:115} INFO - [2022-09-30 08:22:51,821] {dag.py:2371} INFO - Sync 1 DAGs
[2022-09-30 08:22:51,840] {logging_mixin.py:115} INFO - [2022-09-30 08:22:51,840] {dag.py:2919} INFO - Setting next_dagrun for example_python_operator to None, run_after=None
[2022-09-30 08:22:51,850] {processor.py:161} INFO - Processing /home/airflow/.local/lib/python3.7/site-packages/airflow/example_dags/example_python_operator.py took 0.194 seconds
[2022-09-30 08:23:22,338] {processor.py:153} INFO - Started process (PID=824) to work on /home/airflow/.local/lib/python3.7/site-packages/airflow/example_dags/example_python_operator.py
[2022-09-30 08:23:22,339] {processor.py:641} INFO - Processing file /home/airflow/.local/lib/python3.7/site-packages/airflow/example_dags/example_python_operator.py for tasks to queue
[2022-09-30 08:23:22,340] {logging_mixin.py:115} INFO - [2022-09-30 08:23:22,340] {dagbag.py:507} INFO - Filling up the DagBag from /home/airflow/.local/lib/python3.7/site-packages/airflow/example_dags/example_python_operator.py
[2022-09-30 08:23:22,362] {processor.py:651} INFO - DAG(s) dict_keys(['example_python_operator']) retrieved from /home/airflow/.local/lib/python3.7/site-packages/airflow/example_dags/example_python_operator.py
[2022-09-30 08:23:22,488] {logging_mixin.py:115} INFO - [2022-09-30 08:23:22,488] {dag.py:2371} INFO - Sync 1 DAGs
[2022-09-30 08:23:22,510] {logging_mixin.py:115} INFO - [2022-09-30 08:23:22,510] {dag.py:2919} INFO - Setting next_dagrun for example_python_operator to None, run_after=None
[2022-09-30 08:23:22,523] {processor.py:161} INFO - Processing /home/airflow/.local/lib/python3.7/site-packages/airflow/example_dags/example_python_operator.py took 0.188 seconds
[2022-09-30 08:23:52,632] {processor.py:153} INFO - Started process (PID=876) to work on /home/airflow/.local/lib/python3.7/site-packages/airflow/example_dags/example_python_operator.py
[2022-09-30 08:23:52,633] {processor.py:641} INFO - Processing file /home/airflow/.local/lib/python3.7/site-packages/airflow/example_dags/example_python_operator.py for tasks to queue
[2022-09-30 08:23:52,634] {logging_mixin.py:115} INFO - [2022-09-30 08:23:52,634] {dagbag.py:507} INFO - Filling up the DagBag from /home/airflow/.local/lib/python3.7/site-packages/airflow/example_dags/example_python_operator.py
[2022-09-30 08:23:52,653] {processor.py:651} INFO - DAG(s) dict_keys(['example_python_operator']) retrieved from /home/airflow/.local/lib/python3.7/site-packages/airflow/example_dags/example_python_operator.py
[2022-09-30 08:23:52,771] {logging_mixin.py:115} INFO - [2022-09-30 08:23:52,771] {dag.py:2371} INFO - Sync 1 DAGs
[2022-09-30 08:23:52,790] {logging_mixin.py:115} INFO - [2022-09-30 08:23:52,790] {dag.py:2919} INFO - Setting next_dagrun for example_python_operator to None, run_after=None
[2022-09-30 08:23:52,800] {processor.py:161} INFO - Processing /home/airflow/.local/lib/python3.7/site-packages/airflow/example_dags/example_python_operator.py took 0.171 seconds
[2022-09-30 08:24:23,348] {processor.py:153} INFO - Started process (PID=937) to work on /home/airflow/.local/lib/python3.7/site-packages/airflow/example_dags/example_python_operator.py
[2022-09-30 08:24:23,348] {processor.py:641} INFO - Processing file /home/airflow/.local/lib/python3.7/site-packages/airflow/example_dags/example_python_operator.py for tasks to queue
[2022-09-30 08:24:23,349] {logging_mixin.py:115} INFO - [2022-09-30 08:24:23,349] {dagbag.py:507} INFO - Filling up the DagBag from /home/airflow/.local/lib/python3.7/site-packages/airflow/example_dags/example_python_operator.py
[2022-09-30 08:24:23,368] {processor.py:651} INFO - DAG(s) dict_keys(['example_python_operator']) retrieved from /home/airflow/.local/lib/python3.7/site-packages/airflow/example_dags/example_python_operator.py
[2022-09-30 08:24:23,481] {logging_mixin.py:115} INFO - [2022-09-30 08:24:23,481] {dag.py:2371} INFO - Sync 1 DAGs
[2022-09-30 08:24:23,498] {logging_mixin.py:115} INFO - [2022-09-30 08:24:23,498] {dag.py:2919} INFO - Setting next_dagrun for example_python_operator to None, run_after=None
[2022-09-30 08:24:23,508] {processor.py:161} INFO - Processing /home/airflow/.local/lib/python3.7/site-packages/airflow/example_dags/example_python_operator.py took 0.163 seconds
[2022-09-30 08:24:53,891] {processor.py:153} INFO - Started process (PID=998) to work on /home/airflow/.local/lib/python3.7/site-packages/airflow/example_dags/example_python_operator.py
[2022-09-30 08:24:53,892] {processor.py:641} INFO - Processing file /home/airflow/.local/lib/python3.7/site-packages/airflow/example_dags/example_python_operator.py for tasks to queue
[2022-09-30 08:24:53,893] {logging_mixin.py:115} INFO - [2022-09-30 08:24:53,893] {dagbag.py:507} INFO - Filling up the DagBag from /home/airflow/.local/lib/python3.7/site-packages/airflow/example_dags/example_python_operator.py
[2022-09-30 08:24:53,929] {processor.py:651} INFO - DAG(s) dict_keys(['example_python_operator']) retrieved from /home/airflow/.local/lib/python3.7/site-packages/airflow/example_dags/example_python_operator.py
[2022-09-30 08:24:54,062] {logging_mixin.py:115} INFO - [2022-09-30 08:24:54,061] {dag.py:2371} INFO - Sync 1 DAGs
[2022-09-30 08:24:54,082] {logging_mixin.py:115} INFO - [2022-09-30 08:24:54,082] {dag.py:2919} INFO - Setting next_dagrun for example_python_operator to None, run_after=None
[2022-09-30 08:24:54,097] {processor.py:161} INFO - Processing /home/airflow/.local/lib/python3.7/site-packages/airflow/example_dags/example_python_operator.py took 0.208 seconds
[2022-09-30 08:25:24,627] {processor.py:153} INFO - Started process (PID=1050) to work on /home/airflow/.local/lib/python3.7/site-packages/airflow/example_dags/example_python_operator.py
[2022-09-30 08:25:24,629] {processor.py:641} INFO - Processing file /home/airflow/.local/lib/python3.7/site-packages/airflow/example_dags/example_python_operator.py for tasks to queue
[2022-09-30 08:25:24,629] {logging_mixin.py:115} INFO - [2022-09-30 08:25:24,629] {dagbag.py:507} INFO - Filling up the DagBag from /home/airflow/.local/lib/python3.7/site-packages/airflow/example_dags/example_python_operator.py
[2022-09-30 08:25:24,653] {processor.py:651} INFO - DAG(s) dict_keys(['example_python_operator']) retrieved from /home/airflow/.local/lib/python3.7/site-packages/airflow/example_dags/example_python_operator.py
[2022-09-30 08:25:24,818] {logging_mixin.py:115} INFO - [2022-09-30 08:25:24,817] {dag.py:2371} INFO - Sync 1 DAGs
[2022-09-30 08:25:24,841] {logging_mixin.py:115} INFO - [2022-09-30 08:25:24,841] {dag.py:2919} INFO - Setting next_dagrun for example_python_operator to None, run_after=None
[2022-09-30 08:25:24,854] {processor.py:161} INFO - Processing /home/airflow/.local/lib/python3.7/site-packages/airflow/example_dags/example_python_operator.py took 0.231 seconds
[2022-09-30 08:25:55,528] {processor.py:153} INFO - Started process (PID=1111) to work on /home/airflow/.local/lib/python3.7/site-packages/airflow/example_dags/example_python_operator.py
[2022-09-30 08:25:55,528] {processor.py:641} INFO - Processing file /home/airflow/.local/lib/python3.7/site-packages/airflow/example_dags/example_python_operator.py for tasks to queue
[2022-09-30 08:25:55,529] {logging_mixin.py:115} INFO - [2022-09-30 08:25:55,529] {dagbag.py:507} INFO - Filling up the DagBag from /home/airflow/.local/lib/python3.7/site-packages/airflow/example_dags/example_python_operator.py
[2022-09-30 08:25:55,551] {processor.py:651} INFO - DAG(s) dict_keys(['example_python_operator']) retrieved from /home/airflow/.local/lib/python3.7/site-packages/airflow/example_dags/example_python_operator.py
[2022-09-30 08:25:55,705] {logging_mixin.py:115} INFO - [2022-09-30 08:25:55,704] {dag.py:2371} INFO - Sync 1 DAGs
[2022-09-30 08:25:55,726] {logging_mixin.py:115} INFO - [2022-09-30 08:25:55,726] {dag.py:2919} INFO - Setting next_dagrun for example_python_operator to None, run_after=None
[2022-09-30 08:25:55,738] {processor.py:161} INFO - Processing /home/airflow/.local/lib/python3.7/site-packages/airflow/example_dags/example_python_operator.py took 0.214 seconds
[2022-09-30 08:26:26,243] {processor.py:153} INFO - Started process (PID=1172) to work on /home/airflow/.local/lib/python3.7/site-packages/airflow/example_dags/example_python_operator.py
[2022-09-30 08:26:26,244] {processor.py:641} INFO - Processing file /home/airflow/.local/lib/python3.7/site-packages/airflow/example_dags/example_python_operator.py for tasks to queue
[2022-09-30 08:26:26,245] {logging_mixin.py:115} INFO - [2022-09-30 08:26:26,245] {dagbag.py:507} INFO - Filling up the DagBag from /home/airflow/.local/lib/python3.7/site-packages/airflow/example_dags/example_python_operator.py
[2022-09-30 08:26:26,266] {processor.py:651} INFO - DAG(s) dict_keys(['example_python_operator']) retrieved from /home/airflow/.local/lib/python3.7/site-packages/airflow/example_dags/example_python_operator.py
[2022-09-30 08:26:26,406] {logging_mixin.py:115} INFO - [2022-09-30 08:26:26,406] {dag.py:2371} INFO - Sync 1 DAGs
[2022-09-30 08:26:26,425] {logging_mixin.py:115} INFO - [2022-09-30 08:26:26,425] {dag.py:2919} INFO - Setting next_dagrun for example_python_operator to None, run_after=None
[2022-09-30 08:26:26,437] {processor.py:161} INFO - Processing /home/airflow/.local/lib/python3.7/site-packages/airflow/example_dags/example_python_operator.py took 0.197 seconds
[2022-09-30 08:26:57,306] {processor.py:153} INFO - Started process (PID=1224) to work on /home/airflow/.local/lib/python3.7/site-packages/airflow/example_dags/example_python_operator.py
[2022-09-30 08:26:57,306] {processor.py:641} INFO - Processing file /home/airflow/.local/lib/python3.7/site-packages/airflow/example_dags/example_python_operator.py for tasks to queue
[2022-09-30 08:26:57,307] {logging_mixin.py:115} INFO - [2022-09-30 08:26:57,307] {dagbag.py:507} INFO - Filling up the DagBag from /home/airflow/.local/lib/python3.7/site-packages/airflow/example_dags/example_python_operator.py
[2022-09-30 08:26:57,327] {processor.py:651} INFO - DAG(s) dict_keys(['example_python_operator']) retrieved from /home/airflow/.local/lib/python3.7/site-packages/airflow/example_dags/example_python_operator.py
[2022-09-30 08:26:57,352] {logging_mixin.py:115} INFO - [2022-09-30 08:26:57,352] {dag.py:2371} INFO - Sync 1 DAGs
[2022-09-30 08:26:57,374] {logging_mixin.py:115} INFO - [2022-09-30 08:26:57,374] {dag.py:2919} INFO - Setting next_dagrun for example_python_operator to None, run_after=None
[2022-09-30 08:26:57,386] {processor.py:161} INFO - Processing /home/airflow/.local/lib/python3.7/site-packages/airflow/example_dags/example_python_operator.py took 0.083 seconds
[2022-09-30 08:27:27,494] {processor.py:153} INFO - Started process (PID=1285) to work on /home/airflow/.local/lib/python3.7/site-packages/airflow/example_dags/example_python_operator.py
[2022-09-30 08:27:27,495] {processor.py:641} INFO - Processing file /home/airflow/.local/lib/python3.7/site-packages/airflow/example_dags/example_python_operator.py for tasks to queue
[2022-09-30 08:27:27,496] {logging_mixin.py:115} INFO - [2022-09-30 08:27:27,496] {dagbag.py:507} INFO - Filling up the DagBag from /home/airflow/.local/lib/python3.7/site-packages/airflow/example_dags/example_python_operator.py
[2022-09-30 08:27:27,518] {processor.py:651} INFO - DAG(s) dict_keys(['example_python_operator']) retrieved from /home/airflow/.local/lib/python3.7/site-packages/airflow/example_dags/example_python_operator.py
[2022-09-30 08:27:27,543] {logging_mixin.py:115} INFO - [2022-09-30 08:27:27,543] {dag.py:2371} INFO - Sync 1 DAGs
[2022-09-30 08:27:27,564] {logging_mixin.py:115} INFO - [2022-09-30 08:27:27,564] {dag.py:2919} INFO - Setting next_dagrun for example_python_operator to None, run_after=None
[2022-09-30 08:27:27,578] {processor.py:161} INFO - Processing /home/airflow/.local/lib/python3.7/site-packages/airflow/example_dags/example_python_operator.py took 0.088 seconds
[2022-09-30 08:27:58,486] {processor.py:153} INFO - Started process (PID=1346) to work on /home/airflow/.local/lib/python3.7/site-packages/airflow/example_dags/example_python_operator.py
[2022-09-30 08:27:58,487] {processor.py:641} INFO - Processing file /home/airflow/.local/lib/python3.7/site-packages/airflow/example_dags/example_python_operator.py for tasks to queue
[2022-09-30 08:27:58,488] {logging_mixin.py:115} INFO - [2022-09-30 08:27:58,488] {dagbag.py:507} INFO - Filling up the DagBag from /home/airflow/.local/lib/python3.7/site-packages/airflow/example_dags/example_python_operator.py
[2022-09-30 08:27:58,509] {processor.py:651} INFO - DAG(s) dict_keys(['example_python_operator']) retrieved from /home/airflow/.local/lib/python3.7/site-packages/airflow/example_dags/example_python_operator.py
[2022-09-30 08:27:58,532] {logging_mixin.py:115} INFO - [2022-09-30 08:27:58,532] {dag.py:2371} INFO - Sync 1 DAGs
[2022-09-30 08:27:58,551] {logging_mixin.py:115} INFO - [2022-09-30 08:27:58,551] {dag.py:2919} INFO - Setting next_dagrun for example_python_operator to None, run_after=None
[2022-09-30 08:27:58,563] {processor.py:161} INFO - Processing /home/airflow/.local/lib/python3.7/site-packages/airflow/example_dags/example_python_operator.py took 0.079 seconds
[2022-09-30 08:28:29,314] {processor.py:153} INFO - Started process (PID=1398) to work on /home/airflow/.local/lib/python3.7/site-packages/airflow/example_dags/example_python_operator.py
[2022-09-30 08:28:29,314] {processor.py:641} INFO - Processing file /home/airflow/.local/lib/python3.7/site-packages/airflow/example_dags/example_python_operator.py for tasks to queue
[2022-09-30 08:28:29,315] {logging_mixin.py:115} INFO - [2022-09-30 08:28:29,315] {dagbag.py:507} INFO - Filling up the DagBag from /home/airflow/.local/lib/python3.7/site-packages/airflow/example_dags/example_python_operator.py
[2022-09-30 08:28:29,334] {processor.py:651} INFO - DAG(s) dict_keys(['example_python_operator']) retrieved from /home/airflow/.local/lib/python3.7/site-packages/airflow/example_dags/example_python_operator.py
[2022-09-30 08:28:29,356] {logging_mixin.py:115} INFO - [2022-09-30 08:28:29,356] {dag.py:2371} INFO - Sync 1 DAGs
[2022-09-30 08:28:29,375] {logging_mixin.py:115} INFO - [2022-09-30 08:28:29,375] {dag.py:2919} INFO - Setting next_dagrun for example_python_operator to None, run_after=None
[2022-09-30 08:28:29,387] {processor.py:161} INFO - Processing /home/airflow/.local/lib/python3.7/site-packages/airflow/example_dags/example_python_operator.py took 0.076 seconds
[2022-09-30 08:29:00,269] {processor.py:153} INFO - Started process (PID=1460) to work on /home/airflow/.local/lib/python3.7/site-packages/airflow/example_dags/example_python_operator.py
[2022-09-30 08:29:00,270] {processor.py:641} INFO - Processing file /home/airflow/.local/lib/python3.7/site-packages/airflow/example_dags/example_python_operator.py for tasks to queue
[2022-09-30 08:29:00,270] {logging_mixin.py:115} INFO - [2022-09-30 08:29:00,270] {dagbag.py:507} INFO - Filling up the DagBag from /home/airflow/.local/lib/python3.7/site-packages/airflow/example_dags/example_python_operator.py
[2022-09-30 08:29:00,289] {processor.py:651} INFO - DAG(s) dict_keys(['example_python_operator']) retrieved from /home/airflow/.local/lib/python3.7/site-packages/airflow/example_dags/example_python_operator.py
[2022-09-30 08:29:00,313] {logging_mixin.py:115} INFO - [2022-09-30 08:29:00,313] {dag.py:2371} INFO - Sync 1 DAGs
[2022-09-30 08:29:00,332] {logging_mixin.py:115} INFO - [2022-09-30 08:29:00,332] {dag.py:2919} INFO - Setting next_dagrun for example_python_operator to None, run_after=None
[2022-09-30 08:29:00,344] {processor.py:161} INFO - Processing /home/airflow/.local/lib/python3.7/site-packages/airflow/example_dags/example_python_operator.py took 0.078 seconds
[2022-09-30 08:29:31,134] {processor.py:153} INFO - Started process (PID=1521) to work on /home/airflow/.local/lib/python3.7/site-packages/airflow/example_dags/example_python_operator.py
[2022-09-30 08:29:31,135] {processor.py:641} INFO - Processing file /home/airflow/.local/lib/python3.7/site-packages/airflow/example_dags/example_python_operator.py for tasks to queue
[2022-09-30 08:29:31,135] {logging_mixin.py:115} INFO - [2022-09-30 08:29:31,135] {dagbag.py:507} INFO - Filling up the DagBag from /home/airflow/.local/lib/python3.7/site-packages/airflow/example_dags/example_python_operator.py
[2022-09-30 08:29:31,155] {processor.py:651} INFO - DAG(s) dict_keys(['example_python_operator']) retrieved from /home/airflow/.local/lib/python3.7/site-packages/airflow/example_dags/example_python_operator.py
[2022-09-30 08:29:31,179] {logging_mixin.py:115} INFO - [2022-09-30 08:29:31,179] {dag.py:2371} INFO - Sync 1 DAGs
[2022-09-30 08:29:31,199] {logging_mixin.py:115} INFO - [2022-09-30 08:29:31,199] {dag.py:2919} INFO - Setting next_dagrun for example_python_operator to None, run_after=None
[2022-09-30 08:29:31,212] {processor.py:161} INFO - Processing /home/airflow/.local/lib/python3.7/site-packages/airflow/example_dags/example_python_operator.py took 0.081 seconds
[2022-09-30 08:30:01,913] {processor.py:153} INFO - Started process (PID=1573) to work on /home/airflow/.local/lib/python3.7/site-packages/airflow/example_dags/example_python_operator.py
[2022-09-30 08:30:01,914] {processor.py:641} INFO - Processing file /home/airflow/.local/lib/python3.7/site-packages/airflow/example_dags/example_python_operator.py for tasks to queue
[2022-09-30 08:30:01,914] {logging_mixin.py:115} INFO - [2022-09-30 08:30:01,914] {dagbag.py:507} INFO - Filling up the DagBag from /home/airflow/.local/lib/python3.7/site-packages/airflow/example_dags/example_python_operator.py
[2022-09-30 08:30:01,936] {processor.py:651} INFO - DAG(s) dict_keys(['example_python_operator']) retrieved from /home/airflow/.local/lib/python3.7/site-packages/airflow/example_dags/example_python_operator.py
[2022-09-30 08:30:01,960] {logging_mixin.py:115} INFO - [2022-09-30 08:30:01,960] {dag.py:2371} INFO - Sync 1 DAGs
[2022-09-30 08:30:01,980] {logging_mixin.py:115} INFO - [2022-09-30 08:30:01,980] {dag.py:2919} INFO - Setting next_dagrun for example_python_operator to None, run_after=None
[2022-09-30 08:30:01,991] {processor.py:161} INFO - Processing /home/airflow/.local/lib/python3.7/site-packages/airflow/example_dags/example_python_operator.py took 0.081 seconds
[2022-09-30 08:30:32,114] {processor.py:153} INFO - Started process (PID=1636) to work on /home/airflow/.local/lib/python3.7/site-packages/airflow/example_dags/example_python_operator.py
[2022-09-30 08:30:32,115] {processor.py:641} INFO - Processing file /home/airflow/.local/lib/python3.7/site-packages/airflow/example_dags/example_python_operator.py for tasks to queue
[2022-09-30 08:30:32,116] {logging_mixin.py:115} INFO - [2022-09-30 08:30:32,116] {dagbag.py:507} INFO - Filling up the DagBag from /home/airflow/.local/lib/python3.7/site-packages/airflow/example_dags/example_python_operator.py
[2022-09-30 08:30:32,134] {processor.py:651} INFO - DAG(s) dict_keys(['example_python_operator']) retrieved from /home/airflow/.local/lib/python3.7/site-packages/airflow/example_dags/example_python_operator.py
[2022-09-30 08:30:32,157] {logging_mixin.py:115} INFO - [2022-09-30 08:30:32,157] {dag.py:2371} INFO - Sync 1 DAGs
[2022-09-30 08:30:32,176] {logging_mixin.py:115} INFO - [2022-09-30 08:30:32,176] {dag.py:2919} INFO - Setting next_dagrun for example_python_operator to None, run_after=None
[2022-09-30 08:30:32,187] {processor.py:161} INFO - Processing /home/airflow/.local/lib/python3.7/site-packages/airflow/example_dags/example_python_operator.py took 0.075 seconds
[2022-09-30 08:31:02,325] {processor.py:153} INFO - Started process (PID=1697) to work on /home/airflow/.local/lib/python3.7/site-packages/airflow/example_dags/example_python_operator.py
[2022-09-30 08:31:02,326] {processor.py:641} INFO - Processing file /home/airflow/.local/lib/python3.7/site-packages/airflow/example_dags/example_python_operator.py for tasks to queue
[2022-09-30 08:31:02,326] {logging_mixin.py:115} INFO - [2022-09-30 08:31:02,326] {dagbag.py:507} INFO - Filling up the DagBag from /home/airflow/.local/lib/python3.7/site-packages/airflow/example_dags/example_python_operator.py
[2022-09-30 08:31:02,347] {processor.py:651} INFO - DAG(s) dict_keys(['example_python_operator']) retrieved from /home/airflow/.local/lib/python3.7/site-packages/airflow/example_dags/example_python_operator.py
[2022-09-30 08:31:02,370] {logging_mixin.py:115} INFO - [2022-09-30 08:31:02,370] {dag.py:2371} INFO - Sync 1 DAGs
[2022-09-30 08:31:02,391] {logging_mixin.py:115} INFO - [2022-09-30 08:31:02,390] {dag.py:2919} INFO - Setting next_dagrun for example_python_operator to None, run_after=None
[2022-09-30 08:31:02,402] {processor.py:161} INFO - Processing /home/airflow/.local/lib/python3.7/site-packages/airflow/example_dags/example_python_operator.py took 0.081 seconds
[2022-09-30 08:31:32,437] {processor.py:153} INFO - Started process (PID=1749) to work on /home/airflow/.local/lib/python3.7/site-packages/airflow/example_dags/example_python_operator.py
[2022-09-30 08:31:32,437] {processor.py:641} INFO - Processing file /home/airflow/.local/lib/python3.7/site-packages/airflow/example_dags/example_python_operator.py for tasks to queue
[2022-09-30 08:31:32,438] {logging_mixin.py:115} INFO - [2022-09-30 08:31:32,438] {dagbag.py:507} INFO - Filling up the DagBag from /home/airflow/.local/lib/python3.7/site-packages/airflow/example_dags/example_python_operator.py
[2022-09-30 08:31:32,456] {processor.py:651} INFO - DAG(s) dict_keys(['example_python_operator']) retrieved from /home/airflow/.local/lib/python3.7/site-packages/airflow/example_dags/example_python_operator.py
[2022-09-30 08:31:32,479] {logging_mixin.py:115} INFO - [2022-09-30 08:31:32,479] {dag.py:2371} INFO - Sync 1 DAGs
[2022-09-30 08:31:32,498] {logging_mixin.py:115} INFO - [2022-09-30 08:31:32,498] {dag.py:2919} INFO - Setting next_dagrun for example_python_operator to None, run_after=None
[2022-09-30 08:31:32,511] {processor.py:161} INFO - Processing /home/airflow/.local/lib/python3.7/site-packages/airflow/example_dags/example_python_operator.py took 0.077 seconds
[2022-09-30 08:32:02,988] {processor.py:153} INFO - Started process (PID=1809) to work on /home/airflow/.local/lib/python3.7/site-packages/airflow/example_dags/example_python_operator.py
[2022-09-30 08:32:02,988] {processor.py:641} INFO - Processing file /home/airflow/.local/lib/python3.7/site-packages/airflow/example_dags/example_python_operator.py for tasks to queue
[2022-09-30 08:32:02,989] {logging_mixin.py:115} INFO - [2022-09-30 08:32:02,989] {dagbag.py:507} INFO - Filling up the DagBag from /home/airflow/.local/lib/python3.7/site-packages/airflow/example_dags/example_python_operator.py
[2022-09-30 08:32:03,106] {processor.py:651} INFO - DAG(s) dict_keys(['example_python_operator']) retrieved from /home/airflow/.local/lib/python3.7/site-packages/airflow/example_dags/example_python_operator.py
[2022-09-30 08:32:03,125] {logging_mixin.py:115} INFO - [2022-09-30 08:32:03,125] {dag.py:2371} INFO - Sync 1 DAGs
[2022-09-30 08:32:03,142] {logging_mixin.py:115} INFO - [2022-09-30 08:32:03,142] {dag.py:2919} INFO - Setting next_dagrun for example_python_operator to None, run_after=None
[2022-09-30 08:32:03,154] {processor.py:161} INFO - Processing /home/airflow/.local/lib/python3.7/site-packages/airflow/example_dags/example_python_operator.py took 0.169 seconds
[2022-09-30 08:32:33,266] {processor.py:153} INFO - Started process (PID=1870) to work on /home/airflow/.local/lib/python3.7/site-packages/airflow/example_dags/example_python_operator.py
[2022-09-30 08:32:33,267] {processor.py:641} INFO - Processing file /home/airflow/.local/lib/python3.7/site-packages/airflow/example_dags/example_python_operator.py for tasks to queue
[2022-09-30 08:32:33,268] {logging_mixin.py:115} INFO - [2022-09-30 08:32:33,268] {dagbag.py:507} INFO - Filling up the DagBag from /home/airflow/.local/lib/python3.7/site-packages/airflow/example_dags/example_python_operator.py
[2022-09-30 08:32:33,398] {processor.py:651} INFO - DAG(s) dict_keys(['example_python_operator']) retrieved from /home/airflow/.local/lib/python3.7/site-packages/airflow/example_dags/example_python_operator.py
[2022-09-30 08:32:33,416] {logging_mixin.py:115} INFO - [2022-09-30 08:32:33,416] {dag.py:2371} INFO - Sync 1 DAGs
[2022-09-30 08:32:33,434] {logging_mixin.py:115} INFO - [2022-09-30 08:32:33,434] {dag.py:2919} INFO - Setting next_dagrun for example_python_operator to None, run_after=None
[2022-09-30 08:32:33,445] {processor.py:161} INFO - Processing /home/airflow/.local/lib/python3.7/site-packages/airflow/example_dags/example_python_operator.py took 0.182 seconds
[2022-09-30 08:33:03,685] {processor.py:153} INFO - Started process (PID=1922) to work on /home/airflow/.local/lib/python3.7/site-packages/airflow/example_dags/example_python_operator.py
[2022-09-30 08:33:03,686] {processor.py:641} INFO - Processing file /home/airflow/.local/lib/python3.7/site-packages/airflow/example_dags/example_python_operator.py for tasks to queue
[2022-09-30 08:33:03,687] {logging_mixin.py:115} INFO - [2022-09-30 08:33:03,687] {dagbag.py:507} INFO - Filling up the DagBag from /home/airflow/.local/lib/python3.7/site-packages/airflow/example_dags/example_python_operator.py
[2022-09-30 08:33:03,829] {processor.py:651} INFO - DAG(s) dict_keys(['example_python_operator']) retrieved from /home/airflow/.local/lib/python3.7/site-packages/airflow/example_dags/example_python_operator.py
[2022-09-30 08:33:03,849] {logging_mixin.py:115} INFO - [2022-09-30 08:33:03,849] {dag.py:2371} INFO - Sync 1 DAGs
[2022-09-30 08:33:03,868] {logging_mixin.py:115} INFO - [2022-09-30 08:33:03,868] {dag.py:2919} INFO - Setting next_dagrun for example_python_operator to None, run_after=None
[2022-09-30 08:33:03,879] {processor.py:161} INFO - Processing /home/airflow/.local/lib/python3.7/site-packages/airflow/example_dags/example_python_operator.py took 0.197 seconds
[2022-09-30 08:33:34,310] {processor.py:153} INFO - Started process (PID=1983) to work on /home/airflow/.local/lib/python3.7/site-packages/airflow/example_dags/example_python_operator.py
[2022-09-30 08:33:34,310] {processor.py:641} INFO - Processing file /home/airflow/.local/lib/python3.7/site-packages/airflow/example_dags/example_python_operator.py for tasks to queue
[2022-09-30 08:33:34,311] {logging_mixin.py:115} INFO - [2022-09-30 08:33:34,311] {dagbag.py:507} INFO - Filling up the DagBag from /home/airflow/.local/lib/python3.7/site-packages/airflow/example_dags/example_python_operator.py
[2022-09-30 08:33:34,440] {processor.py:651} INFO - DAG(s) dict_keys(['example_python_operator']) retrieved from /home/airflow/.local/lib/python3.7/site-packages/airflow/example_dags/example_python_operator.py
[2022-09-30 08:33:34,460] {logging_mixin.py:115} INFO - [2022-09-30 08:33:34,459] {dag.py:2371} INFO - Sync 1 DAGs
[2022-09-30 08:33:34,477] {logging_mixin.py:115} INFO - [2022-09-30 08:33:34,477] {dag.py:2919} INFO - Setting next_dagrun for example_python_operator to None, run_after=None
[2022-09-30 08:33:34,487] {processor.py:161} INFO - Processing /home/airflow/.local/lib/python3.7/site-packages/airflow/example_dags/example_python_operator.py took 0.181 seconds
[2022-09-30 08:34:04,887] {processor.py:153} INFO - Started process (PID=2044) to work on /home/airflow/.local/lib/python3.7/site-packages/airflow/example_dags/example_python_operator.py
[2022-09-30 08:34:04,888] {processor.py:641} INFO - Processing file /home/airflow/.local/lib/python3.7/site-packages/airflow/example_dags/example_python_operator.py for tasks to queue
[2022-09-30 08:34:04,889] {logging_mixin.py:115} INFO - [2022-09-30 08:34:04,889] {dagbag.py:507} INFO - Filling up the DagBag from /home/airflow/.local/lib/python3.7/site-packages/airflow/example_dags/example_python_operator.py
[2022-09-30 08:34:05,026] {processor.py:651} INFO - DAG(s) dict_keys(['example_python_operator']) retrieved from /home/airflow/.local/lib/python3.7/site-packages/airflow/example_dags/example_python_operator.py
[2022-09-30 08:34:05,046] {logging_mixin.py:115} INFO - [2022-09-30 08:34:05,046] {dag.py:2371} INFO - Sync 1 DAGs
[2022-09-30 08:34:05,064] {logging_mixin.py:115} INFO - [2022-09-30 08:34:05,063] {dag.py:2919} INFO - Setting next_dagrun for example_python_operator to None, run_after=None
[2022-09-30 08:34:05,075] {processor.py:161} INFO - Processing /home/airflow/.local/lib/python3.7/site-packages/airflow/example_dags/example_python_operator.py took 0.191 seconds
[2022-09-30 08:34:35,205] {processor.py:153} INFO - Started process (PID=2097) to work on /home/airflow/.local/lib/python3.7/site-packages/airflow/example_dags/example_python_operator.py
[2022-09-30 08:34:35,206] {processor.py:641} INFO - Processing file /home/airflow/.local/lib/python3.7/site-packages/airflow/example_dags/example_python_operator.py for tasks to queue
[2022-09-30 08:34:35,207] {logging_mixin.py:115} INFO - [2022-09-30 08:34:35,207] {dagbag.py:507} INFO - Filling up the DagBag from /home/airflow/.local/lib/python3.7/site-packages/airflow/example_dags/example_python_operator.py
[2022-09-30 08:34:35,341] {processor.py:651} INFO - DAG(s) dict_keys(['example_python_operator']) retrieved from /home/airflow/.local/lib/python3.7/site-packages/airflow/example_dags/example_python_operator.py
[2022-09-30 08:34:35,360] {logging_mixin.py:115} INFO - [2022-09-30 08:34:35,360] {dag.py:2371} INFO - Sync 1 DAGs
[2022-09-30 08:34:35,377] {logging_mixin.py:115} INFO - [2022-09-30 08:34:35,377] {dag.py:2919} INFO - Setting next_dagrun for example_python_operator to None, run_after=None
[2022-09-30 08:34:35,387] {processor.py:161} INFO - Processing /home/airflow/.local/lib/python3.7/site-packages/airflow/example_dags/example_python_operator.py took 0.185 seconds
