[2022-09-30 08:15:07,988] {processor.py:153} INFO - Started process (PID=57) to work on /home/airflow/.local/lib/python3.7/site-packages/airflow/example_dags/example_task_group.py
[2022-09-30 08:15:07,989] {processor.py:641} INFO - Processing file /home/airflow/.local/lib/python3.7/site-packages/airflow/example_dags/example_task_group.py for tasks to queue
[2022-09-30 08:15:07,990] {logging_mixin.py:115} INFO - [2022-09-30 08:15:07,989] {dagbag.py:507} INFO - Filling up the DagBag from /home/airflow/.local/lib/python3.7/site-packages/airflow/example_dags/example_task_group.py
[2022-09-30 08:15:08,000] {processor.py:651} INFO - DAG(s) dict_keys(['example_task_group']) retrieved from /home/airflow/.local/lib/python3.7/site-packages/airflow/example_dags/example_task_group.py
[2022-09-30 08:15:08,376] {logging_mixin.py:115} INFO - [2022-09-30 08:15:08,376] {manager.py:508} INFO - Created Permission View: can delete on DAG:example_task_group
[2022-09-30 08:15:08,390] {logging_mixin.py:115} INFO - [2022-09-30 08:15:08,390] {manager.py:508} INFO - Created Permission View: can edit on DAG:example_task_group
[2022-09-30 08:15:08,401] {logging_mixin.py:115} INFO - [2022-09-30 08:15:08,401] {manager.py:508} INFO - Created Permission View: can read on DAG:example_task_group
[2022-09-30 08:15:08,402] {logging_mixin.py:115} INFO - [2022-09-30 08:15:08,402] {dag.py:2371} INFO - Sync 1 DAGs
[2022-09-30 08:15:08,415] {logging_mixin.py:115} INFO - [2022-09-30 08:15:08,415] {dag.py:2390} INFO - Creating ORM DAG for example_task_group
[2022-09-30 08:15:08,432] {logging_mixin.py:115} INFO - [2022-09-30 08:15:08,432] {dag.py:2919} INFO - Setting next_dagrun for example_task_group to 2022-09-29T08:15:08.431894+00:00, run_after=2022-09-30T08:15:08.431894+00:00
[2022-09-30 08:15:08,451] {processor.py:161} INFO - Processing /home/airflow/.local/lib/python3.7/site-packages/airflow/example_dags/example_task_group.py took 0.467 seconds
[2022-09-30 08:15:38,754] {processor.py:153} INFO - Started process (PID=118) to work on /home/airflow/.local/lib/python3.7/site-packages/airflow/example_dags/example_task_group.py
[2022-09-30 08:15:38,755] {processor.py:641} INFO - Processing file /home/airflow/.local/lib/python3.7/site-packages/airflow/example_dags/example_task_group.py for tasks to queue
[2022-09-30 08:15:38,756] {logging_mixin.py:115} INFO - [2022-09-30 08:15:38,756] {dagbag.py:507} INFO - Filling up the DagBag from /home/airflow/.local/lib/python3.7/site-packages/airflow/example_dags/example_task_group.py
[2022-09-30 08:15:38,765] {processor.py:651} INFO - DAG(s) dict_keys(['example_task_group']) retrieved from /home/airflow/.local/lib/python3.7/site-packages/airflow/example_dags/example_task_group.py
[2022-09-30 08:15:38,796] {logging_mixin.py:115} INFO - [2022-09-30 08:15:38,796] {dag.py:2371} INFO - Sync 1 DAGs
[2022-09-30 08:15:38,942] {logging_mixin.py:115} INFO - [2022-09-30 08:15:38,942] {dag.py:2919} INFO - Setting next_dagrun for example_task_group to 2022-09-29T08:15:38.942231+00:00, run_after=2022-09-30T08:15:38.942231+00:00
[2022-09-30 08:15:38,954] {processor.py:161} INFO - Processing /home/airflow/.local/lib/python3.7/site-packages/airflow/example_dags/example_task_group.py took 0.204 seconds
[2022-09-30 08:16:41,617] {processor.py:153} INFO - Started process (PID=58) to work on /home/airflow/.local/lib/python3.7/site-packages/airflow/example_dags/example_task_group.py
[2022-09-30 08:16:41,617] {processor.py:641} INFO - Processing file /home/airflow/.local/lib/python3.7/site-packages/airflow/example_dags/example_task_group.py for tasks to queue
[2022-09-30 08:16:41,618] {logging_mixin.py:115} INFO - [2022-09-30 08:16:41,618] {dagbag.py:507} INFO - Filling up the DagBag from /home/airflow/.local/lib/python3.7/site-packages/airflow/example_dags/example_task_group.py
[2022-09-30 08:16:41,627] {processor.py:651} INFO - DAG(s) dict_keys(['example_task_group']) retrieved from /home/airflow/.local/lib/python3.7/site-packages/airflow/example_dags/example_task_group.py
[2022-09-30 08:16:41,656] {logging_mixin.py:115} INFO - [2022-09-30 08:16:41,656] {dag.py:2371} INFO - Sync 1 DAGs
[2022-09-30 08:16:41,908] {logging_mixin.py:115} INFO - [2022-09-30 08:16:41,908] {dag.py:2919} INFO - Setting next_dagrun for example_task_group to 2022-09-29T08:16:41.907904+00:00, run_after=2022-09-30T08:16:41.907904+00:00
[2022-09-30 08:16:41,928] {processor.py:161} INFO - Processing /home/airflow/.local/lib/python3.7/site-packages/airflow/example_dags/example_task_group.py took 0.314 seconds
[2022-09-30 08:17:12,886] {processor.py:153} INFO - Started process (PID=110) to work on /home/airflow/.local/lib/python3.7/site-packages/airflow/example_dags/example_task_group.py
[2022-09-30 08:17:12,887] {processor.py:641} INFO - Processing file /home/airflow/.local/lib/python3.7/site-packages/airflow/example_dags/example_task_group.py for tasks to queue
[2022-09-30 08:17:12,888] {logging_mixin.py:115} INFO - [2022-09-30 08:17:12,888] {dagbag.py:507} INFO - Filling up the DagBag from /home/airflow/.local/lib/python3.7/site-packages/airflow/example_dags/example_task_group.py
[2022-09-30 08:17:12,902] {processor.py:651} INFO - DAG(s) dict_keys(['example_task_group']) retrieved from /home/airflow/.local/lib/python3.7/site-packages/airflow/example_dags/example_task_group.py
[2022-09-30 08:17:12,931] {logging_mixin.py:115} INFO - [2022-09-30 08:17:12,931] {dag.py:2371} INFO - Sync 1 DAGs
[2022-09-30 08:17:13,081] {logging_mixin.py:115} INFO - [2022-09-30 08:17:13,081] {dag.py:2919} INFO - Setting next_dagrun for example_task_group to 2022-09-29T08:17:13.081494+00:00, run_after=2022-09-30T08:17:13.081494+00:00
[2022-09-30 08:17:13,094] {processor.py:161} INFO - Processing /home/airflow/.local/lib/python3.7/site-packages/airflow/example_dags/example_task_group.py took 0.211 seconds
[2022-09-30 08:17:43,535] {processor.py:153} INFO - Started process (PID=171) to work on /home/airflow/.local/lib/python3.7/site-packages/airflow/example_dags/example_task_group.py
[2022-09-30 08:17:43,536] {processor.py:641} INFO - Processing file /home/airflow/.local/lib/python3.7/site-packages/airflow/example_dags/example_task_group.py for tasks to queue
[2022-09-30 08:17:43,537] {logging_mixin.py:115} INFO - [2022-09-30 08:17:43,536] {dagbag.py:507} INFO - Filling up the DagBag from /home/airflow/.local/lib/python3.7/site-packages/airflow/example_dags/example_task_group.py
[2022-09-30 08:17:43,545] {processor.py:651} INFO - DAG(s) dict_keys(['example_task_group']) retrieved from /home/airflow/.local/lib/python3.7/site-packages/airflow/example_dags/example_task_group.py
[2022-09-30 08:17:43,574] {logging_mixin.py:115} INFO - [2022-09-30 08:17:43,574] {dag.py:2371} INFO - Sync 1 DAGs
[2022-09-30 08:17:43,738] {logging_mixin.py:115} INFO - [2022-09-30 08:17:43,738] {dag.py:2919} INFO - Setting next_dagrun for example_task_group to 2022-09-29T08:17:43.738160+00:00, run_after=2022-09-30T08:17:43.738160+00:00
[2022-09-30 08:17:43,754] {processor.py:161} INFO - Processing /home/airflow/.local/lib/python3.7/site-packages/airflow/example_dags/example_task_group.py took 0.222 seconds
[2022-09-30 08:18:13,823] {processor.py:153} INFO - Started process (PID=231) to work on /home/airflow/.local/lib/python3.7/site-packages/airflow/example_dags/example_task_group.py
[2022-09-30 08:18:13,824] {processor.py:641} INFO - Processing file /home/airflow/.local/lib/python3.7/site-packages/airflow/example_dags/example_task_group.py for tasks to queue
[2022-09-30 08:18:13,825] {logging_mixin.py:115} INFO - [2022-09-30 08:18:13,825] {dagbag.py:507} INFO - Filling up the DagBag from /home/airflow/.local/lib/python3.7/site-packages/airflow/example_dags/example_task_group.py
[2022-09-30 08:18:13,833] {processor.py:651} INFO - DAG(s) dict_keys(['example_task_group']) retrieved from /home/airflow/.local/lib/python3.7/site-packages/airflow/example_dags/example_task_group.py
[2022-09-30 08:18:13,858] {logging_mixin.py:115} INFO - [2022-09-30 08:18:13,858] {dag.py:2371} INFO - Sync 1 DAGs
[2022-09-30 08:18:13,974] {logging_mixin.py:115} INFO - [2022-09-30 08:18:13,974] {dag.py:2919} INFO - Setting next_dagrun for example_task_group to 2022-09-29T08:18:13.973883+00:00, run_after=2022-09-30T08:18:13.973883+00:00
[2022-09-30 08:18:13,988] {processor.py:161} INFO - Processing /home/airflow/.local/lib/python3.7/site-packages/airflow/example_dags/example_task_group.py took 0.168 seconds
[2022-09-30 08:18:44,181] {processor.py:153} INFO - Started process (PID=283) to work on /home/airflow/.local/lib/python3.7/site-packages/airflow/example_dags/example_task_group.py
[2022-09-30 08:18:44,182] {processor.py:641} INFO - Processing file /home/airflow/.local/lib/python3.7/site-packages/airflow/example_dags/example_task_group.py for tasks to queue
[2022-09-30 08:18:44,183] {logging_mixin.py:115} INFO - [2022-09-30 08:18:44,183] {dagbag.py:507} INFO - Filling up the DagBag from /home/airflow/.local/lib/python3.7/site-packages/airflow/example_dags/example_task_group.py
[2022-09-30 08:18:44,192] {processor.py:651} INFO - DAG(s) dict_keys(['example_task_group']) retrieved from /home/airflow/.local/lib/python3.7/site-packages/airflow/example_dags/example_task_group.py
[2022-09-30 08:18:44,219] {logging_mixin.py:115} INFO - [2022-09-30 08:18:44,218] {dag.py:2371} INFO - Sync 1 DAGs
[2022-09-30 08:18:44,362] {logging_mixin.py:115} INFO - [2022-09-30 08:18:44,362] {dag.py:2919} INFO - Setting next_dagrun for example_task_group to 2022-09-29T08:18:44.362043+00:00, run_after=2022-09-30T08:18:44.362043+00:00
[2022-09-30 08:18:44,374] {processor.py:161} INFO - Processing /home/airflow/.local/lib/python3.7/site-packages/airflow/example_dags/example_task_group.py took 0.195 seconds
[2022-09-30 08:19:14,617] {processor.py:153} INFO - Started process (PID=344) to work on /home/airflow/.local/lib/python3.7/site-packages/airflow/example_dags/example_task_group.py
[2022-09-30 08:19:14,618] {processor.py:641} INFO - Processing file /home/airflow/.local/lib/python3.7/site-packages/airflow/example_dags/example_task_group.py for tasks to queue
[2022-09-30 08:19:14,619] {logging_mixin.py:115} INFO - [2022-09-30 08:19:14,619] {dagbag.py:507} INFO - Filling up the DagBag from /home/airflow/.local/lib/python3.7/site-packages/airflow/example_dags/example_task_group.py
[2022-09-30 08:19:14,626] {processor.py:651} INFO - DAG(s) dict_keys(['example_task_group']) retrieved from /home/airflow/.local/lib/python3.7/site-packages/airflow/example_dags/example_task_group.py
[2022-09-30 08:19:14,653] {logging_mixin.py:115} INFO - [2022-09-30 08:19:14,653] {dag.py:2371} INFO - Sync 1 DAGs
[2022-09-30 08:19:14,776] {logging_mixin.py:115} INFO - [2022-09-30 08:19:14,776] {dag.py:2919} INFO - Setting next_dagrun for example_task_group to 2022-09-29T08:19:14.776538+00:00, run_after=2022-09-30T08:19:14.776538+00:00
[2022-09-30 08:19:14,794] {processor.py:161} INFO - Processing /home/airflow/.local/lib/python3.7/site-packages/airflow/example_dags/example_task_group.py took 0.179 seconds
[2022-09-30 08:19:45,620] {processor.py:153} INFO - Started process (PID=406) to work on /home/airflow/.local/lib/python3.7/site-packages/airflow/example_dags/example_task_group.py
[2022-09-30 08:19:45,621] {processor.py:641} INFO - Processing file /home/airflow/.local/lib/python3.7/site-packages/airflow/example_dags/example_task_group.py for tasks to queue
[2022-09-30 08:19:45,622] {logging_mixin.py:115} INFO - [2022-09-30 08:19:45,622] {dagbag.py:507} INFO - Filling up the DagBag from /home/airflow/.local/lib/python3.7/site-packages/airflow/example_dags/example_task_group.py
[2022-09-30 08:19:45,630] {processor.py:651} INFO - DAG(s) dict_keys(['example_task_group']) retrieved from /home/airflow/.local/lib/python3.7/site-packages/airflow/example_dags/example_task_group.py
[2022-09-30 08:19:45,657] {logging_mixin.py:115} INFO - [2022-09-30 08:19:45,657] {dag.py:2371} INFO - Sync 1 DAGs
[2022-09-30 08:19:45,798] {logging_mixin.py:115} INFO - [2022-09-30 08:19:45,798] {dag.py:2919} INFO - Setting next_dagrun for example_task_group to 2022-09-29T08:19:45.798332+00:00, run_after=2022-09-30T08:19:45.798332+00:00
[2022-09-30 08:19:45,811] {processor.py:161} INFO - Processing /home/airflow/.local/lib/python3.7/site-packages/airflow/example_dags/example_task_group.py took 0.194 seconds
[2022-09-30 08:20:16,375] {processor.py:153} INFO - Started process (PID=458) to work on /home/airflow/.local/lib/python3.7/site-packages/airflow/example_dags/example_task_group.py
[2022-09-30 08:20:16,376] {processor.py:641} INFO - Processing file /home/airflow/.local/lib/python3.7/site-packages/airflow/example_dags/example_task_group.py for tasks to queue
[2022-09-30 08:20:16,377] {logging_mixin.py:115} INFO - [2022-09-30 08:20:16,377] {dagbag.py:507} INFO - Filling up the DagBag from /home/airflow/.local/lib/python3.7/site-packages/airflow/example_dags/example_task_group.py
[2022-09-30 08:20:16,388] {processor.py:651} INFO - DAG(s) dict_keys(['example_task_group']) retrieved from /home/airflow/.local/lib/python3.7/site-packages/airflow/example_dags/example_task_group.py
[2022-09-30 08:20:16,414] {logging_mixin.py:115} INFO - [2022-09-30 08:20:16,414] {dag.py:2371} INFO - Sync 1 DAGs
[2022-09-30 08:20:16,543] {logging_mixin.py:115} INFO - [2022-09-30 08:20:16,543] {dag.py:2919} INFO - Setting next_dagrun for example_task_group to 2022-09-29T08:20:16.543493+00:00, run_after=2022-09-30T08:20:16.543493+00:00
[2022-09-30 08:20:16,555] {processor.py:161} INFO - Processing /home/airflow/.local/lib/python3.7/site-packages/airflow/example_dags/example_task_group.py took 0.184 seconds
[2022-09-30 08:20:47,094] {processor.py:153} INFO - Started process (PID=520) to work on /home/airflow/.local/lib/python3.7/site-packages/airflow/example_dags/example_task_group.py
[2022-09-30 08:20:47,095] {processor.py:641} INFO - Processing file /home/airflow/.local/lib/python3.7/site-packages/airflow/example_dags/example_task_group.py for tasks to queue
[2022-09-30 08:20:47,095] {logging_mixin.py:115} INFO - [2022-09-30 08:20:47,095] {dagbag.py:507} INFO - Filling up the DagBag from /home/airflow/.local/lib/python3.7/site-packages/airflow/example_dags/example_task_group.py
[2022-09-30 08:20:47,103] {processor.py:651} INFO - DAG(s) dict_keys(['example_task_group']) retrieved from /home/airflow/.local/lib/python3.7/site-packages/airflow/example_dags/example_task_group.py
[2022-09-30 08:20:47,134] {logging_mixin.py:115} INFO - [2022-09-30 08:20:47,133] {dag.py:2371} INFO - Sync 1 DAGs
[2022-09-30 08:20:47,313] {logging_mixin.py:115} INFO - [2022-09-30 08:20:47,313] {dag.py:2919} INFO - Setting next_dagrun for example_task_group to 2022-09-29T08:20:47.313151+00:00, run_after=2022-09-30T08:20:47.313151+00:00
[2022-09-30 08:20:47,329] {processor.py:161} INFO - Processing /home/airflow/.local/lib/python3.7/site-packages/airflow/example_dags/example_task_group.py took 0.239 seconds
[2022-09-30 08:21:17,963] {processor.py:153} INFO - Started process (PID=581) to work on /home/airflow/.local/lib/python3.7/site-packages/airflow/example_dags/example_task_group.py
[2022-09-30 08:21:17,964] {processor.py:641} INFO - Processing file /home/airflow/.local/lib/python3.7/site-packages/airflow/example_dags/example_task_group.py for tasks to queue
[2022-09-30 08:21:17,965] {logging_mixin.py:115} INFO - [2022-09-30 08:21:17,965] {dagbag.py:507} INFO - Filling up the DagBag from /home/airflow/.local/lib/python3.7/site-packages/airflow/example_dags/example_task_group.py
[2022-09-30 08:21:17,972] {processor.py:651} INFO - DAG(s) dict_keys(['example_task_group']) retrieved from /home/airflow/.local/lib/python3.7/site-packages/airflow/example_dags/example_task_group.py
[2022-09-30 08:21:18,005] {logging_mixin.py:115} INFO - [2022-09-30 08:21:18,005] {dag.py:2371} INFO - Sync 1 DAGs
[2022-09-30 08:21:18,167] {logging_mixin.py:115} INFO - [2022-09-30 08:21:18,167] {dag.py:2919} INFO - Setting next_dagrun for example_task_group to 2022-09-29T08:21:18.167241+00:00, run_after=2022-09-30T08:21:18.167241+00:00
[2022-09-30 08:21:18,180] {processor.py:161} INFO - Processing /home/airflow/.local/lib/python3.7/site-packages/airflow/example_dags/example_task_group.py took 0.220 seconds
[2022-09-30 08:21:48,747] {processor.py:153} INFO - Started process (PID=633) to work on /home/airflow/.local/lib/python3.7/site-packages/airflow/example_dags/example_task_group.py
[2022-09-30 08:21:48,748] {processor.py:641} INFO - Processing file /home/airflow/.local/lib/python3.7/site-packages/airflow/example_dags/example_task_group.py for tasks to queue
[2022-09-30 08:21:48,749] {logging_mixin.py:115} INFO - [2022-09-30 08:21:48,749] {dagbag.py:507} INFO - Filling up the DagBag from /home/airflow/.local/lib/python3.7/site-packages/airflow/example_dags/example_task_group.py
[2022-09-30 08:21:48,758] {processor.py:651} INFO - DAG(s) dict_keys(['example_task_group']) retrieved from /home/airflow/.local/lib/python3.7/site-packages/airflow/example_dags/example_task_group.py
[2022-09-30 08:21:48,794] {logging_mixin.py:115} INFO - [2022-09-30 08:21:48,794] {dag.py:2371} INFO - Sync 1 DAGs
[2022-09-30 08:21:48,918] {logging_mixin.py:115} INFO - [2022-09-30 08:21:48,918] {dag.py:2919} INFO - Setting next_dagrun for example_task_group to 2022-09-29T08:21:48.918092+00:00, run_after=2022-09-30T08:21:48.918092+00:00
[2022-09-30 08:21:48,929] {processor.py:161} INFO - Processing /home/airflow/.local/lib/python3.7/site-packages/airflow/example_dags/example_task_group.py took 0.186 seconds
[2022-09-30 08:22:18,958] {processor.py:153} INFO - Started process (PID=693) to work on /home/airflow/.local/lib/python3.7/site-packages/airflow/example_dags/example_task_group.py
[2022-09-30 08:22:18,959] {processor.py:641} INFO - Processing file /home/airflow/.local/lib/python3.7/site-packages/airflow/example_dags/example_task_group.py for tasks to queue
[2022-09-30 08:22:18,960] {logging_mixin.py:115} INFO - [2022-09-30 08:22:18,960] {dagbag.py:507} INFO - Filling up the DagBag from /home/airflow/.local/lib/python3.7/site-packages/airflow/example_dags/example_task_group.py
[2022-09-30 08:22:18,966] {processor.py:651} INFO - DAG(s) dict_keys(['example_task_group']) retrieved from /home/airflow/.local/lib/python3.7/site-packages/airflow/example_dags/example_task_group.py
[2022-09-30 08:22:18,996] {logging_mixin.py:115} INFO - [2022-09-30 08:22:18,996] {dag.py:2371} INFO - Sync 1 DAGs
[2022-09-30 08:22:19,117] {logging_mixin.py:115} INFO - [2022-09-30 08:22:19,117] {dag.py:2919} INFO - Setting next_dagrun for example_task_group to 2022-09-29T08:22:19.117661+00:00, run_after=2022-09-30T08:22:19.117661+00:00
[2022-09-30 08:22:19,129] {processor.py:161} INFO - Processing /home/airflow/.local/lib/python3.7/site-packages/airflow/example_dags/example_task_group.py took 0.174 seconds
[2022-09-30 08:22:49,642] {processor.py:153} INFO - Started process (PID=755) to work on /home/airflow/.local/lib/python3.7/site-packages/airflow/example_dags/example_task_group.py
[2022-09-30 08:22:49,643] {processor.py:641} INFO - Processing file /home/airflow/.local/lib/python3.7/site-packages/airflow/example_dags/example_task_group.py for tasks to queue
[2022-09-30 08:22:49,644] {logging_mixin.py:115} INFO - [2022-09-30 08:22:49,644] {dagbag.py:507} INFO - Filling up the DagBag from /home/airflow/.local/lib/python3.7/site-packages/airflow/example_dags/example_task_group.py
[2022-09-30 08:22:49,656] {processor.py:651} INFO - DAG(s) dict_keys(['example_task_group']) retrieved from /home/airflow/.local/lib/python3.7/site-packages/airflow/example_dags/example_task_group.py
[2022-09-30 08:22:49,701] {logging_mixin.py:115} INFO - [2022-09-30 08:22:49,701] {dag.py:2371} INFO - Sync 1 DAGs
[2022-09-30 08:22:49,844] {logging_mixin.py:115} INFO - [2022-09-30 08:22:49,844] {dag.py:2919} INFO - Setting next_dagrun for example_task_group to 2022-09-29T08:22:49.844125+00:00, run_after=2022-09-30T08:22:49.844125+00:00
[2022-09-30 08:22:49,868] {processor.py:161} INFO - Processing /home/airflow/.local/lib/python3.7/site-packages/airflow/example_dags/example_task_group.py took 0.231 seconds
[2022-09-30 08:23:20,483] {processor.py:153} INFO - Started process (PID=807) to work on /home/airflow/.local/lib/python3.7/site-packages/airflow/example_dags/example_task_group.py
[2022-09-30 08:23:20,484] {processor.py:641} INFO - Processing file /home/airflow/.local/lib/python3.7/site-packages/airflow/example_dags/example_task_group.py for tasks to queue
[2022-09-30 08:23:20,485] {logging_mixin.py:115} INFO - [2022-09-30 08:23:20,484] {dagbag.py:507} INFO - Filling up the DagBag from /home/airflow/.local/lib/python3.7/site-packages/airflow/example_dags/example_task_group.py
[2022-09-30 08:23:20,492] {processor.py:651} INFO - DAG(s) dict_keys(['example_task_group']) retrieved from /home/airflow/.local/lib/python3.7/site-packages/airflow/example_dags/example_task_group.py
[2022-09-30 08:23:20,522] {logging_mixin.py:115} INFO - [2022-09-30 08:23:20,522] {dag.py:2371} INFO - Sync 1 DAGs
[2022-09-30 08:23:20,646] {logging_mixin.py:115} INFO - [2022-09-30 08:23:20,646] {dag.py:2919} INFO - Setting next_dagrun for example_task_group to 2022-09-29T08:23:20.646115+00:00, run_after=2022-09-30T08:23:20.646115+00:00
[2022-09-30 08:23:20,656] {processor.py:161} INFO - Processing /home/airflow/.local/lib/python3.7/site-packages/airflow/example_dags/example_task_group.py took 0.176 seconds
[2022-09-30 08:23:50,779] {processor.py:153} INFO - Started process (PID=868) to work on /home/airflow/.local/lib/python3.7/site-packages/airflow/example_dags/example_task_group.py
[2022-09-30 08:23:50,780] {processor.py:641} INFO - Processing file /home/airflow/.local/lib/python3.7/site-packages/airflow/example_dags/example_task_group.py for tasks to queue
[2022-09-30 08:23:50,781] {logging_mixin.py:115} INFO - [2022-09-30 08:23:50,780] {dagbag.py:507} INFO - Filling up the DagBag from /home/airflow/.local/lib/python3.7/site-packages/airflow/example_dags/example_task_group.py
[2022-09-30 08:23:50,787] {processor.py:651} INFO - DAG(s) dict_keys(['example_task_group']) retrieved from /home/airflow/.local/lib/python3.7/site-packages/airflow/example_dags/example_task_group.py
[2022-09-30 08:23:50,815] {logging_mixin.py:115} INFO - [2022-09-30 08:23:50,815] {dag.py:2371} INFO - Sync 1 DAGs
[2022-09-30 08:23:50,935] {logging_mixin.py:115} INFO - [2022-09-30 08:23:50,935] {dag.py:2919} INFO - Setting next_dagrun for example_task_group to 2022-09-29T08:23:50.935541+00:00, run_after=2022-09-30T08:23:50.935541+00:00
[2022-09-30 08:23:50,947] {processor.py:161} INFO - Processing /home/airflow/.local/lib/python3.7/site-packages/airflow/example_dags/example_task_group.py took 0.170 seconds
[2022-09-30 08:24:21,551] {processor.py:153} INFO - Started process (PID=929) to work on /home/airflow/.local/lib/python3.7/site-packages/airflow/example_dags/example_task_group.py
[2022-09-30 08:24:21,551] {processor.py:641} INFO - Processing file /home/airflow/.local/lib/python3.7/site-packages/airflow/example_dags/example_task_group.py for tasks to queue
[2022-09-30 08:24:21,552] {logging_mixin.py:115} INFO - [2022-09-30 08:24:21,552] {dagbag.py:507} INFO - Filling up the DagBag from /home/airflow/.local/lib/python3.7/site-packages/airflow/example_dags/example_task_group.py
[2022-09-30 08:24:21,559] {processor.py:651} INFO - DAG(s) dict_keys(['example_task_group']) retrieved from /home/airflow/.local/lib/python3.7/site-packages/airflow/example_dags/example_task_group.py
[2022-09-30 08:24:21,588] {logging_mixin.py:115} INFO - [2022-09-30 08:24:21,587] {dag.py:2371} INFO - Sync 1 DAGs
[2022-09-30 08:24:21,703] {logging_mixin.py:115} INFO - [2022-09-30 08:24:21,703] {dag.py:2919} INFO - Setting next_dagrun for example_task_group to 2022-09-29T08:24:21.702805+00:00, run_after=2022-09-30T08:24:21.702805+00:00
[2022-09-30 08:24:21,713] {processor.py:161} INFO - Processing /home/airflow/.local/lib/python3.7/site-packages/airflow/example_dags/example_task_group.py took 0.165 seconds
[2022-09-30 08:24:51,935] {processor.py:153} INFO - Started process (PID=981) to work on /home/airflow/.local/lib/python3.7/site-packages/airflow/example_dags/example_task_group.py
[2022-09-30 08:24:51,936] {processor.py:641} INFO - Processing file /home/airflow/.local/lib/python3.7/site-packages/airflow/example_dags/example_task_group.py for tasks to queue
[2022-09-30 08:24:51,937] {logging_mixin.py:115} INFO - [2022-09-30 08:24:51,936] {dagbag.py:507} INFO - Filling up the DagBag from /home/airflow/.local/lib/python3.7/site-packages/airflow/example_dags/example_task_group.py
[2022-09-30 08:24:51,943] {processor.py:651} INFO - DAG(s) dict_keys(['example_task_group']) retrieved from /home/airflow/.local/lib/python3.7/site-packages/airflow/example_dags/example_task_group.py
[2022-09-30 08:24:51,970] {logging_mixin.py:115} INFO - [2022-09-30 08:24:51,970] {dag.py:2371} INFO - Sync 1 DAGs
[2022-09-30 08:24:52,095] {logging_mixin.py:115} INFO - [2022-09-30 08:24:52,095] {dag.py:2919} INFO - Setting next_dagrun for example_task_group to 2022-09-29T08:24:52.095649+00:00, run_after=2022-09-30T08:24:52.095649+00:00
[2022-09-30 08:24:52,106] {processor.py:161} INFO - Processing /home/airflow/.local/lib/python3.7/site-packages/airflow/example_dags/example_task_group.py took 0.174 seconds
[2022-09-30 08:25:22,731] {processor.py:153} INFO - Started process (PID=1042) to work on /home/airflow/.local/lib/python3.7/site-packages/airflow/example_dags/example_task_group.py
[2022-09-30 08:25:22,732] {processor.py:641} INFO - Processing file /home/airflow/.local/lib/python3.7/site-packages/airflow/example_dags/example_task_group.py for tasks to queue
[2022-09-30 08:25:22,733] {logging_mixin.py:115} INFO - [2022-09-30 08:25:22,733] {dagbag.py:507} INFO - Filling up the DagBag from /home/airflow/.local/lib/python3.7/site-packages/airflow/example_dags/example_task_group.py
[2022-09-30 08:25:22,742] {processor.py:651} INFO - DAG(s) dict_keys(['example_task_group']) retrieved from /home/airflow/.local/lib/python3.7/site-packages/airflow/example_dags/example_task_group.py
[2022-09-30 08:25:22,776] {logging_mixin.py:115} INFO - [2022-09-30 08:25:22,776] {dag.py:2371} INFO - Sync 1 DAGs
[2022-09-30 08:25:22,915] {logging_mixin.py:115} INFO - [2022-09-30 08:25:22,915] {dag.py:2919} INFO - Setting next_dagrun for example_task_group to 2022-09-29T08:25:22.915564+00:00, run_after=2022-09-30T08:25:22.915564+00:00
[2022-09-30 08:25:22,928] {processor.py:161} INFO - Processing /home/airflow/.local/lib/python3.7/site-packages/airflow/example_dags/example_task_group.py took 0.202 seconds
[2022-09-30 08:25:53,451] {processor.py:153} INFO - Started process (PID=1103) to work on /home/airflow/.local/lib/python3.7/site-packages/airflow/example_dags/example_task_group.py
[2022-09-30 08:25:53,452] {processor.py:641} INFO - Processing file /home/airflow/.local/lib/python3.7/site-packages/airflow/example_dags/example_task_group.py for tasks to queue
[2022-09-30 08:25:53,453] {logging_mixin.py:115} INFO - [2022-09-30 08:25:53,453] {dagbag.py:507} INFO - Filling up the DagBag from /home/airflow/.local/lib/python3.7/site-packages/airflow/example_dags/example_task_group.py
[2022-09-30 08:25:53,471] {processor.py:651} INFO - DAG(s) dict_keys(['example_task_group']) retrieved from /home/airflow/.local/lib/python3.7/site-packages/airflow/example_dags/example_task_group.py
[2022-09-30 08:25:53,512] {logging_mixin.py:115} INFO - [2022-09-30 08:25:53,512] {dag.py:2371} INFO - Sync 1 DAGs
[2022-09-30 08:25:53,684] {logging_mixin.py:115} INFO - [2022-09-30 08:25:53,684] {dag.py:2919} INFO - Setting next_dagrun for example_task_group to 2022-09-29T08:25:53.684312+00:00, run_after=2022-09-30T08:25:53.684312+00:00
[2022-09-30 08:25:53,704] {processor.py:161} INFO - Processing /home/airflow/.local/lib/python3.7/site-packages/airflow/example_dags/example_task_group.py took 0.257 seconds
[2022-09-30 08:26:24,353] {processor.py:153} INFO - Started process (PID=1155) to work on /home/airflow/.local/lib/python3.7/site-packages/airflow/example_dags/example_task_group.py
[2022-09-30 08:26:24,354] {processor.py:641} INFO - Processing file /home/airflow/.local/lib/python3.7/site-packages/airflow/example_dags/example_task_group.py for tasks to queue
[2022-09-30 08:26:24,355] {logging_mixin.py:115} INFO - [2022-09-30 08:26:24,355] {dagbag.py:507} INFO - Filling up the DagBag from /home/airflow/.local/lib/python3.7/site-packages/airflow/example_dags/example_task_group.py
[2022-09-30 08:26:24,367] {processor.py:651} INFO - DAG(s) dict_keys(['example_task_group']) retrieved from /home/airflow/.local/lib/python3.7/site-packages/airflow/example_dags/example_task_group.py
[2022-09-30 08:26:24,400] {logging_mixin.py:115} INFO - [2022-09-30 08:26:24,400] {dag.py:2371} INFO - Sync 1 DAGs
[2022-09-30 08:26:24,531] {logging_mixin.py:115} INFO - [2022-09-30 08:26:24,531] {dag.py:2919} INFO - Setting next_dagrun for example_task_group to 2022-09-29T08:26:24.531204+00:00, run_after=2022-09-30T08:26:24.531204+00:00
[2022-09-30 08:26:24,542] {processor.py:161} INFO - Processing /home/airflow/.local/lib/python3.7/site-packages/airflow/example_dags/example_task_group.py took 0.193 seconds
[2022-09-30 08:26:54,596] {processor.py:153} INFO - Started process (PID=1215) to work on /home/airflow/.local/lib/python3.7/site-packages/airflow/example_dags/example_task_group.py
[2022-09-30 08:26:54,596] {processor.py:641} INFO - Processing file /home/airflow/.local/lib/python3.7/site-packages/airflow/example_dags/example_task_group.py for tasks to queue
[2022-09-30 08:26:54,597] {logging_mixin.py:115} INFO - [2022-09-30 08:26:54,597] {dagbag.py:507} INFO - Filling up the DagBag from /home/airflow/.local/lib/python3.7/site-packages/airflow/example_dags/example_task_group.py
[2022-09-30 08:26:54,604] {processor.py:651} INFO - DAG(s) dict_keys(['example_task_group']) retrieved from /home/airflow/.local/lib/python3.7/site-packages/airflow/example_dags/example_task_group.py
[2022-09-30 08:26:54,632] {logging_mixin.py:115} INFO - [2022-09-30 08:26:54,632] {dag.py:2371} INFO - Sync 1 DAGs
[2022-09-30 08:26:54,655] {logging_mixin.py:115} INFO - [2022-09-30 08:26:54,654] {dag.py:2919} INFO - Setting next_dagrun for example_task_group to 2022-09-29T08:26:54.654762+00:00, run_after=2022-09-30T08:26:54.654762+00:00
[2022-09-30 08:26:54,667] {processor.py:161} INFO - Processing /home/airflow/.local/lib/python3.7/site-packages/airflow/example_dags/example_task_group.py took 0.074 seconds
[2022-09-30 08:27:24,834] {processor.py:153} INFO - Started process (PID=1276) to work on /home/airflow/.local/lib/python3.7/site-packages/airflow/example_dags/example_task_group.py
[2022-09-30 08:27:24,835] {processor.py:641} INFO - Processing file /home/airflow/.local/lib/python3.7/site-packages/airflow/example_dags/example_task_group.py for tasks to queue
[2022-09-30 08:27:24,835] {logging_mixin.py:115} INFO - [2022-09-30 08:27:24,835] {dagbag.py:507} INFO - Filling up the DagBag from /home/airflow/.local/lib/python3.7/site-packages/airflow/example_dags/example_task_group.py
[2022-09-30 08:27:24,842] {processor.py:651} INFO - DAG(s) dict_keys(['example_task_group']) retrieved from /home/airflow/.local/lib/python3.7/site-packages/airflow/example_dags/example_task_group.py
[2022-09-30 08:27:24,871] {logging_mixin.py:115} INFO - [2022-09-30 08:27:24,870] {dag.py:2371} INFO - Sync 1 DAGs
[2022-09-30 08:27:24,898] {logging_mixin.py:115} INFO - [2022-09-30 08:27:24,898] {dag.py:2919} INFO - Setting next_dagrun for example_task_group to 2022-09-29T08:27:24.898366+00:00, run_after=2022-09-30T08:27:24.898366+00:00
[2022-09-30 08:27:24,913] {processor.py:161} INFO - Processing /home/airflow/.local/lib/python3.7/site-packages/airflow/example_dags/example_task_group.py took 0.082 seconds
[2022-09-30 08:27:55,021] {processor.py:153} INFO - Started process (PID=1328) to work on /home/airflow/.local/lib/python3.7/site-packages/airflow/example_dags/example_task_group.py
[2022-09-30 08:27:55,022] {processor.py:641} INFO - Processing file /home/airflow/.local/lib/python3.7/site-packages/airflow/example_dags/example_task_group.py for tasks to queue
[2022-09-30 08:27:55,022] {logging_mixin.py:115} INFO - [2022-09-30 08:27:55,022] {dagbag.py:507} INFO - Filling up the DagBag from /home/airflow/.local/lib/python3.7/site-packages/airflow/example_dags/example_task_group.py
[2022-09-30 08:27:55,029] {processor.py:651} INFO - DAG(s) dict_keys(['example_task_group']) retrieved from /home/airflow/.local/lib/python3.7/site-packages/airflow/example_dags/example_task_group.py
[2022-09-30 08:27:55,055] {logging_mixin.py:115} INFO - [2022-09-30 08:27:55,055] {dag.py:2371} INFO - Sync 1 DAGs
[2022-09-30 08:27:55,076] {logging_mixin.py:115} INFO - [2022-09-30 08:27:55,076] {dag.py:2919} INFO - Setting next_dagrun for example_task_group to 2022-09-29T08:27:55.076576+00:00, run_after=2022-09-30T08:27:55.076576+00:00
[2022-09-30 08:27:55,088] {processor.py:161} INFO - Processing /home/airflow/.local/lib/python3.7/site-packages/airflow/example_dags/example_task_group.py took 0.070 seconds
[2022-09-30 08:28:25,912] {processor.py:153} INFO - Started process (PID=1389) to work on /home/airflow/.local/lib/python3.7/site-packages/airflow/example_dags/example_task_group.py
[2022-09-30 08:28:25,913] {processor.py:641} INFO - Processing file /home/airflow/.local/lib/python3.7/site-packages/airflow/example_dags/example_task_group.py for tasks to queue
[2022-09-30 08:28:25,914] {logging_mixin.py:115} INFO - [2022-09-30 08:28:25,914] {dagbag.py:507} INFO - Filling up the DagBag from /home/airflow/.local/lib/python3.7/site-packages/airflow/example_dags/example_task_group.py
[2022-09-30 08:28:25,925] {processor.py:651} INFO - DAG(s) dict_keys(['example_task_group']) retrieved from /home/airflow/.local/lib/python3.7/site-packages/airflow/example_dags/example_task_group.py
[2022-09-30 08:28:25,956] {logging_mixin.py:115} INFO - [2022-09-30 08:28:25,956] {dag.py:2371} INFO - Sync 1 DAGs
[2022-09-30 08:28:25,975] {logging_mixin.py:115} INFO - [2022-09-30 08:28:25,975] {dag.py:2919} INFO - Setting next_dagrun for example_task_group to 2022-09-29T08:28:25.975262+00:00, run_after=2022-09-30T08:28:25.975262+00:00
[2022-09-30 08:28:25,987] {processor.py:161} INFO - Processing /home/airflow/.local/lib/python3.7/site-packages/airflow/example_dags/example_task_group.py took 0.080 seconds
[2022-09-30 08:28:56,844] {processor.py:153} INFO - Started process (PID=1451) to work on /home/airflow/.local/lib/python3.7/site-packages/airflow/example_dags/example_task_group.py
[2022-09-30 08:28:56,845] {processor.py:641} INFO - Processing file /home/airflow/.local/lib/python3.7/site-packages/airflow/example_dags/example_task_group.py for tasks to queue
[2022-09-30 08:28:56,846] {logging_mixin.py:115} INFO - [2022-09-30 08:28:56,846] {dagbag.py:507} INFO - Filling up the DagBag from /home/airflow/.local/lib/python3.7/site-packages/airflow/example_dags/example_task_group.py
[2022-09-30 08:28:56,857] {processor.py:651} INFO - DAG(s) dict_keys(['example_task_group']) retrieved from /home/airflow/.local/lib/python3.7/site-packages/airflow/example_dags/example_task_group.py
[2022-09-30 08:28:56,886] {logging_mixin.py:115} INFO - [2022-09-30 08:28:56,886] {dag.py:2371} INFO - Sync 1 DAGs
[2022-09-30 08:28:56,905] {logging_mixin.py:115} INFO - [2022-09-30 08:28:56,905] {dag.py:2919} INFO - Setting next_dagrun for example_task_group to 2022-09-29T08:28:56.905370+00:00, run_after=2022-09-30T08:28:56.905370+00:00
[2022-09-30 08:28:56,918] {processor.py:161} INFO - Processing /home/airflow/.local/lib/python3.7/site-packages/airflow/example_dags/example_task_group.py took 0.079 seconds
[2022-09-30 08:29:27,614] {processor.py:153} INFO - Started process (PID=1503) to work on /home/airflow/.local/lib/python3.7/site-packages/airflow/example_dags/example_task_group.py
[2022-09-30 08:29:27,615] {processor.py:641} INFO - Processing file /home/airflow/.local/lib/python3.7/site-packages/airflow/example_dags/example_task_group.py for tasks to queue
[2022-09-30 08:29:27,616] {logging_mixin.py:115} INFO - [2022-09-30 08:29:27,616] {dagbag.py:507} INFO - Filling up the DagBag from /home/airflow/.local/lib/python3.7/site-packages/airflow/example_dags/example_task_group.py
[2022-09-30 08:29:27,622] {processor.py:651} INFO - DAG(s) dict_keys(['example_task_group']) retrieved from /home/airflow/.local/lib/python3.7/site-packages/airflow/example_dags/example_task_group.py
[2022-09-30 08:29:27,650] {logging_mixin.py:115} INFO - [2022-09-30 08:29:27,650] {dag.py:2371} INFO - Sync 1 DAGs
[2022-09-30 08:29:27,671] {logging_mixin.py:115} INFO - [2022-09-30 08:29:27,670] {dag.py:2919} INFO - Setting next_dagrun for example_task_group to 2022-09-29T08:29:27.670720+00:00, run_after=2022-09-30T08:29:27.670720+00:00
[2022-09-30 08:29:27,684] {processor.py:161} INFO - Processing /home/airflow/.local/lib/python3.7/site-packages/airflow/example_dags/example_task_group.py took 0.073 seconds
[2022-09-30 08:29:58,451] {processor.py:153} INFO - Started process (PID=1564) to work on /home/airflow/.local/lib/python3.7/site-packages/airflow/example_dags/example_task_group.py
[2022-09-30 08:29:58,452] {processor.py:641} INFO - Processing file /home/airflow/.local/lib/python3.7/site-packages/airflow/example_dags/example_task_group.py for tasks to queue
[2022-09-30 08:29:58,452] {logging_mixin.py:115} INFO - [2022-09-30 08:29:58,452] {dagbag.py:507} INFO - Filling up the DagBag from /home/airflow/.local/lib/python3.7/site-packages/airflow/example_dags/example_task_group.py
[2022-09-30 08:29:58,459] {processor.py:651} INFO - DAG(s) dict_keys(['example_task_group']) retrieved from /home/airflow/.local/lib/python3.7/site-packages/airflow/example_dags/example_task_group.py
[2022-09-30 08:29:58,485] {logging_mixin.py:115} INFO - [2022-09-30 08:29:58,485] {dag.py:2371} INFO - Sync 1 DAGs
[2022-09-30 08:29:58,505] {logging_mixin.py:115} INFO - [2022-09-30 08:29:58,504] {dag.py:2919} INFO - Setting next_dagrun for example_task_group to 2022-09-29T08:29:58.504698+00:00, run_after=2022-09-30T08:29:58.504698+00:00
[2022-09-30 08:29:58,516] {processor.py:161} INFO - Processing /home/airflow/.local/lib/python3.7/site-packages/airflow/example_dags/example_task_group.py took 0.067 seconds
[2022-09-30 08:30:29,440] {processor.py:153} INFO - Started process (PID=1626) to work on /home/airflow/.local/lib/python3.7/site-packages/airflow/example_dags/example_task_group.py
[2022-09-30 08:30:29,441] {processor.py:641} INFO - Processing file /home/airflow/.local/lib/python3.7/site-packages/airflow/example_dags/example_task_group.py for tasks to queue
[2022-09-30 08:30:29,441] {logging_mixin.py:115} INFO - [2022-09-30 08:30:29,441] {dagbag.py:507} INFO - Filling up the DagBag from /home/airflow/.local/lib/python3.7/site-packages/airflow/example_dags/example_task_group.py
[2022-09-30 08:30:29,448] {processor.py:651} INFO - DAG(s) dict_keys(['example_task_group']) retrieved from /home/airflow/.local/lib/python3.7/site-packages/airflow/example_dags/example_task_group.py
[2022-09-30 08:30:29,473] {logging_mixin.py:115} INFO - [2022-09-30 08:30:29,473] {dag.py:2371} INFO - Sync 1 DAGs
[2022-09-30 08:30:29,494] {logging_mixin.py:115} INFO - [2022-09-30 08:30:29,494] {dag.py:2919} INFO - Setting next_dagrun for example_task_group to 2022-09-29T08:30:29.494312+00:00, run_after=2022-09-30T08:30:29.494312+00:00
[2022-09-30 08:30:29,506] {processor.py:161} INFO - Processing /home/airflow/.local/lib/python3.7/site-packages/airflow/example_dags/example_task_group.py took 0.069 seconds
[2022-09-30 08:30:59,624] {processor.py:153} INFO - Started process (PID=1685) to work on /home/airflow/.local/lib/python3.7/site-packages/airflow/example_dags/example_task_group.py
[2022-09-30 08:30:59,625] {processor.py:641} INFO - Processing file /home/airflow/.local/lib/python3.7/site-packages/airflow/example_dags/example_task_group.py for tasks to queue
[2022-09-30 08:30:59,626] {logging_mixin.py:115} INFO - [2022-09-30 08:30:59,626] {dagbag.py:507} INFO - Filling up the DagBag from /home/airflow/.local/lib/python3.7/site-packages/airflow/example_dags/example_task_group.py
[2022-09-30 08:30:59,634] {processor.py:651} INFO - DAG(s) dict_keys(['example_task_group']) retrieved from /home/airflow/.local/lib/python3.7/site-packages/airflow/example_dags/example_task_group.py
[2022-09-30 08:30:59,665] {logging_mixin.py:115} INFO - [2022-09-30 08:30:59,665] {dag.py:2371} INFO - Sync 1 DAGs
[2022-09-30 08:30:59,688] {logging_mixin.py:115} INFO - [2022-09-30 08:30:59,688] {dag.py:2919} INFO - Setting next_dagrun for example_task_group to 2022-09-29T08:30:59.688272+00:00, run_after=2022-09-30T08:30:59.688272+00:00
[2022-09-30 08:30:59,702] {processor.py:161} INFO - Processing /home/airflow/.local/lib/python3.7/site-packages/airflow/example_dags/example_task_group.py took 0.082 seconds
[2022-09-30 08:31:29,766] {processor.py:153} INFO - Started process (PID=1739) to work on /home/airflow/.local/lib/python3.7/site-packages/airflow/example_dags/example_task_group.py
[2022-09-30 08:31:29,766] {processor.py:641} INFO - Processing file /home/airflow/.local/lib/python3.7/site-packages/airflow/example_dags/example_task_group.py for tasks to queue
[2022-09-30 08:31:29,767] {logging_mixin.py:115} INFO - [2022-09-30 08:31:29,767] {dagbag.py:507} INFO - Filling up the DagBag from /home/airflow/.local/lib/python3.7/site-packages/airflow/example_dags/example_task_group.py
[2022-09-30 08:31:29,773] {processor.py:651} INFO - DAG(s) dict_keys(['example_task_group']) retrieved from /home/airflow/.local/lib/python3.7/site-packages/airflow/example_dags/example_task_group.py
[2022-09-30 08:31:29,800] {logging_mixin.py:115} INFO - [2022-09-30 08:31:29,800] {dag.py:2371} INFO - Sync 1 DAGs
[2022-09-30 08:31:29,820] {logging_mixin.py:115} INFO - [2022-09-30 08:31:29,820] {dag.py:2919} INFO - Setting next_dagrun for example_task_group to 2022-09-29T08:31:29.820206+00:00, run_after=2022-09-30T08:31:29.820206+00:00
[2022-09-30 08:31:29,832] {processor.py:161} INFO - Processing /home/airflow/.local/lib/python3.7/site-packages/airflow/example_dags/example_task_group.py took 0.069 seconds
[2022-09-30 08:32:00,045] {processor.py:153} INFO - Started process (PID=1800) to work on /home/airflow/.local/lib/python3.7/site-packages/airflow/example_dags/example_task_group.py
[2022-09-30 08:32:00,045] {processor.py:641} INFO - Processing file /home/airflow/.local/lib/python3.7/site-packages/airflow/example_dags/example_task_group.py for tasks to queue
[2022-09-30 08:32:00,046] {logging_mixin.py:115} INFO - [2022-09-30 08:32:00,046] {dagbag.py:507} INFO - Filling up the DagBag from /home/airflow/.local/lib/python3.7/site-packages/airflow/example_dags/example_task_group.py
[2022-09-30 08:32:00,055] {processor.py:651} INFO - DAG(s) dict_keys(['example_task_group']) retrieved from /home/airflow/.local/lib/python3.7/site-packages/airflow/example_dags/example_task_group.py
[2022-09-30 08:32:00,176] {logging_mixin.py:115} INFO - [2022-09-30 08:32:00,176] {dag.py:2371} INFO - Sync 1 DAGs
[2022-09-30 08:32:00,196] {logging_mixin.py:115} INFO - [2022-09-30 08:32:00,196] {dag.py:2919} INFO - Setting next_dagrun for example_task_group to 2022-09-29T08:32:00.196458+00:00, run_after=2022-09-30T08:32:00.196458+00:00
[2022-09-30 08:32:00,207] {processor.py:161} INFO - Processing /home/airflow/.local/lib/python3.7/site-packages/airflow/example_dags/example_task_group.py took 0.166 seconds
[2022-09-30 08:32:30,272] {processor.py:153} INFO - Started process (PID=1852) to work on /home/airflow/.local/lib/python3.7/site-packages/airflow/example_dags/example_task_group.py
[2022-09-30 08:32:30,272] {processor.py:641} INFO - Processing file /home/airflow/.local/lib/python3.7/site-packages/airflow/example_dags/example_task_group.py for tasks to queue
[2022-09-30 08:32:30,273] {logging_mixin.py:115} INFO - [2022-09-30 08:32:30,273] {dagbag.py:507} INFO - Filling up the DagBag from /home/airflow/.local/lib/python3.7/site-packages/airflow/example_dags/example_task_group.py
[2022-09-30 08:32:30,280] {processor.py:651} INFO - DAG(s) dict_keys(['example_task_group']) retrieved from /home/airflow/.local/lib/python3.7/site-packages/airflow/example_dags/example_task_group.py
[2022-09-30 08:32:30,396] {logging_mixin.py:115} INFO - [2022-09-30 08:32:30,396] {dag.py:2371} INFO - Sync 1 DAGs
[2022-09-30 08:32:30,412] {logging_mixin.py:115} INFO - [2022-09-30 08:32:30,412] {dag.py:2919} INFO - Setting next_dagrun for example_task_group to 2022-09-29T08:32:30.412635+00:00, run_after=2022-09-30T08:32:30.412635+00:00
[2022-09-30 08:32:30,424] {processor.py:161} INFO - Processing /home/airflow/.local/lib/python3.7/site-packages/airflow/example_dags/example_task_group.py took 0.155 seconds
[2022-09-30 08:33:00,652] {processor.py:153} INFO - Started process (PID=1913) to work on /home/airflow/.local/lib/python3.7/site-packages/airflow/example_dags/example_task_group.py
[2022-09-30 08:33:00,653] {processor.py:641} INFO - Processing file /home/airflow/.local/lib/python3.7/site-packages/airflow/example_dags/example_task_group.py for tasks to queue
[2022-09-30 08:33:00,653] {logging_mixin.py:115} INFO - [2022-09-30 08:33:00,653] {dagbag.py:507} INFO - Filling up the DagBag from /home/airflow/.local/lib/python3.7/site-packages/airflow/example_dags/example_task_group.py
[2022-09-30 08:33:00,663] {processor.py:651} INFO - DAG(s) dict_keys(['example_task_group']) retrieved from /home/airflow/.local/lib/python3.7/site-packages/airflow/example_dags/example_task_group.py
[2022-09-30 08:33:00,794] {logging_mixin.py:115} INFO - [2022-09-30 08:33:00,794] {dag.py:2371} INFO - Sync 1 DAGs
[2022-09-30 08:33:00,813] {logging_mixin.py:115} INFO - [2022-09-30 08:33:00,813] {dag.py:2919} INFO - Setting next_dagrun for example_task_group to 2022-09-29T08:33:00.812901+00:00, run_after=2022-09-30T08:33:00.812901+00:00
[2022-09-30 08:33:00,829] {processor.py:161} INFO - Processing /home/airflow/.local/lib/python3.7/site-packages/airflow/example_dags/example_task_group.py took 0.180 seconds
[2022-09-30 08:33:31,536] {processor.py:153} INFO - Started process (PID=1974) to work on /home/airflow/.local/lib/python3.7/site-packages/airflow/example_dags/example_task_group.py
[2022-09-30 08:33:31,537] {processor.py:641} INFO - Processing file /home/airflow/.local/lib/python3.7/site-packages/airflow/example_dags/example_task_group.py for tasks to queue
[2022-09-30 08:33:31,537] {logging_mixin.py:115} INFO - [2022-09-30 08:33:31,537] {dagbag.py:507} INFO - Filling up the DagBag from /home/airflow/.local/lib/python3.7/site-packages/airflow/example_dags/example_task_group.py
[2022-09-30 08:33:31,544] {processor.py:651} INFO - DAG(s) dict_keys(['example_task_group']) retrieved from /home/airflow/.local/lib/python3.7/site-packages/airflow/example_dags/example_task_group.py
[2022-09-30 08:33:31,663] {logging_mixin.py:115} INFO - [2022-09-30 08:33:31,663] {dag.py:2371} INFO - Sync 1 DAGs
[2022-09-30 08:33:31,680] {logging_mixin.py:115} INFO - [2022-09-30 08:33:31,679] {dag.py:2919} INFO - Setting next_dagrun for example_task_group to 2022-09-29T08:33:31.679756+00:00, run_after=2022-09-30T08:33:31.679756+00:00
[2022-09-30 08:33:31,691] {processor.py:161} INFO - Processing /home/airflow/.local/lib/python3.7/site-packages/airflow/example_dags/example_task_group.py took 0.159 seconds
[2022-09-30 08:34:01,789] {processor.py:153} INFO - Started process (PID=2026) to work on /home/airflow/.local/lib/python3.7/site-packages/airflow/example_dags/example_task_group.py
[2022-09-30 08:34:01,790] {processor.py:641} INFO - Processing file /home/airflow/.local/lib/python3.7/site-packages/airflow/example_dags/example_task_group.py for tasks to queue
[2022-09-30 08:34:01,790] {logging_mixin.py:115} INFO - [2022-09-30 08:34:01,790] {dagbag.py:507} INFO - Filling up the DagBag from /home/airflow/.local/lib/python3.7/site-packages/airflow/example_dags/example_task_group.py
[2022-09-30 08:34:01,797] {processor.py:651} INFO - DAG(s) dict_keys(['example_task_group']) retrieved from /home/airflow/.local/lib/python3.7/site-packages/airflow/example_dags/example_task_group.py
[2022-09-30 08:34:01,947] {logging_mixin.py:115} INFO - [2022-09-30 08:34:01,947] {dag.py:2371} INFO - Sync 1 DAGs
[2022-09-30 08:34:01,967] {logging_mixin.py:115} INFO - [2022-09-30 08:34:01,967] {dag.py:2919} INFO - Setting next_dagrun for example_task_group to 2022-09-29T08:34:01.966950+00:00, run_after=2022-09-30T08:34:01.966950+00:00
[2022-09-30 08:34:01,979] {processor.py:161} INFO - Processing /home/airflow/.local/lib/python3.7/site-packages/airflow/example_dags/example_task_group.py took 0.193 seconds
[2022-09-30 08:34:32,382] {processor.py:153} INFO - Started process (PID=2088) to work on /home/airflow/.local/lib/python3.7/site-packages/airflow/example_dags/example_task_group.py
[2022-09-30 08:34:32,382] {processor.py:641} INFO - Processing file /home/airflow/.local/lib/python3.7/site-packages/airflow/example_dags/example_task_group.py for tasks to queue
[2022-09-30 08:34:32,383] {logging_mixin.py:115} INFO - [2022-09-30 08:34:32,383] {dagbag.py:507} INFO - Filling up the DagBag from /home/airflow/.local/lib/python3.7/site-packages/airflow/example_dags/example_task_group.py
[2022-09-30 08:34:32,391] {processor.py:651} INFO - DAG(s) dict_keys(['example_task_group']) retrieved from /home/airflow/.local/lib/python3.7/site-packages/airflow/example_dags/example_task_group.py
[2022-09-30 08:34:32,518] {logging_mixin.py:115} INFO - [2022-09-30 08:34:32,518] {dag.py:2371} INFO - Sync 1 DAGs
[2022-09-30 08:34:32,539] {logging_mixin.py:115} INFO - [2022-09-30 08:34:32,538] {dag.py:2919} INFO - Setting next_dagrun for example_task_group to 2022-09-29T08:34:32.538731+00:00, run_after=2022-09-30T08:34:32.538731+00:00
[2022-09-30 08:34:32,550] {processor.py:161} INFO - Processing /home/airflow/.local/lib/python3.7/site-packages/airflow/example_dags/example_task_group.py took 0.171 seconds
