[2022-09-30 08:15:09,321] {processor.py:153} INFO - Started process (PID=63) to work on /home/airflow/.local/lib/python3.7/site-packages/airflow/example_dags/example_branch_day_of_week_operator.py
[2022-09-30 08:15:09,322] {processor.py:641} INFO - Processing file /home/airflow/.local/lib/python3.7/site-packages/airflow/example_dags/example_branch_day_of_week_operator.py for tasks to queue
[2022-09-30 08:15:09,322] {logging_mixin.py:115} INFO - [2022-09-30 08:15:09,322] {dagbag.py:507} INFO - Filling up the DagBag from /home/airflow/.local/lib/python3.7/site-packages/airflow/example_dags/example_branch_day_of_week_operator.py
[2022-09-30 08:15:09,332] {processor.py:651} INFO - DAG(s) dict_keys(['example_weekday_branch_operator']) retrieved from /home/airflow/.local/lib/python3.7/site-packages/airflow/example_dags/example_branch_day_of_week_operator.py
[2022-09-30 08:15:09,519] {logging_mixin.py:115} INFO - [2022-09-30 08:15:09,519] {manager.py:508} INFO - Created Permission View: can delete on DAG:example_weekday_branch_operator
[2022-09-30 08:15:09,531] {logging_mixin.py:115} INFO - [2022-09-30 08:15:09,531] {manager.py:508} INFO - Created Permission View: can edit on DAG:example_weekday_branch_operator
[2022-09-30 08:15:09,539] {logging_mixin.py:115} INFO - [2022-09-30 08:15:09,539] {manager.py:508} INFO - Created Permission View: can read on DAG:example_weekday_branch_operator
[2022-09-30 08:15:09,539] {logging_mixin.py:115} INFO - [2022-09-30 08:15:09,539] {dag.py:2371} INFO - Sync 1 DAGs
[2022-09-30 08:15:09,548] {logging_mixin.py:115} INFO - [2022-09-30 08:15:09,548] {dag.py:2390} INFO - Creating ORM DAG for example_weekday_branch_operator
[2022-09-30 08:15:09,561] {logging_mixin.py:115} INFO - [2022-09-30 08:15:09,561] {dag.py:2919} INFO - Setting next_dagrun for example_weekday_branch_operator to 2022-09-29T00:00:00+00:00, run_after=2022-09-30T00:00:00+00:00
[2022-09-30 08:15:09,577] {processor.py:161} INFO - Processing /home/airflow/.local/lib/python3.7/site-packages/airflow/example_dags/example_branch_day_of_week_operator.py took 0.258 seconds
[2022-09-30 08:15:39,772] {processor.py:153} INFO - Started process (PID=124) to work on /home/airflow/.local/lib/python3.7/site-packages/airflow/example_dags/example_branch_day_of_week_operator.py
[2022-09-30 08:15:39,773] {processor.py:641} INFO - Processing file /home/airflow/.local/lib/python3.7/site-packages/airflow/example_dags/example_branch_day_of_week_operator.py for tasks to queue
[2022-09-30 08:15:39,774] {logging_mixin.py:115} INFO - [2022-09-30 08:15:39,774] {dagbag.py:507} INFO - Filling up the DagBag from /home/airflow/.local/lib/python3.7/site-packages/airflow/example_dags/example_branch_day_of_week_operator.py
[2022-09-30 08:15:39,783] {processor.py:651} INFO - DAG(s) dict_keys(['example_weekday_branch_operator']) retrieved from /home/airflow/.local/lib/python3.7/site-packages/airflow/example_dags/example_branch_day_of_week_operator.py
[2022-09-30 08:15:39,809] {logging_mixin.py:115} INFO - [2022-09-30 08:15:39,809] {dag.py:2371} INFO - Sync 1 DAGs
[2022-09-30 08:15:39,964] {logging_mixin.py:115} INFO - [2022-09-30 08:15:39,964] {dag.py:2919} INFO - Setting next_dagrun for example_weekday_branch_operator to 2022-09-29T00:00:00+00:00, run_after=2022-09-30T00:00:00+00:00
[2022-09-30 08:15:39,982] {processor.py:161} INFO - Processing /home/airflow/.local/lib/python3.7/site-packages/airflow/example_dags/example_branch_day_of_week_operator.py took 0.213 seconds
[2022-09-30 08:16:42,686] {processor.py:153} INFO - Started process (PID=64) to work on /home/airflow/.local/lib/python3.7/site-packages/airflow/example_dags/example_branch_day_of_week_operator.py
[2022-09-30 08:16:42,687] {processor.py:641} INFO - Processing file /home/airflow/.local/lib/python3.7/site-packages/airflow/example_dags/example_branch_day_of_week_operator.py for tasks to queue
[2022-09-30 08:16:42,687] {logging_mixin.py:115} INFO - [2022-09-30 08:16:42,687] {dagbag.py:507} INFO - Filling up the DagBag from /home/airflow/.local/lib/python3.7/site-packages/airflow/example_dags/example_branch_day_of_week_operator.py
[2022-09-30 08:16:42,700] {processor.py:651} INFO - DAG(s) dict_keys(['example_weekday_branch_operator']) retrieved from /home/airflow/.local/lib/python3.7/site-packages/airflow/example_dags/example_branch_day_of_week_operator.py
[2022-09-30 08:16:42,736] {logging_mixin.py:115} INFO - [2022-09-30 08:16:42,736] {dag.py:2371} INFO - Sync 1 DAGs
[2022-09-30 08:16:42,918] {logging_mixin.py:115} INFO - [2022-09-30 08:16:42,918] {dag.py:2919} INFO - Setting next_dagrun for example_weekday_branch_operator to 2022-09-29T00:00:00+00:00, run_after=2022-09-30T00:00:00+00:00
[2022-09-30 08:16:42,932] {processor.py:161} INFO - Processing /home/airflow/.local/lib/python3.7/site-packages/airflow/example_dags/example_branch_day_of_week_operator.py took 0.251 seconds
[2022-09-30 08:17:13,844] {processor.py:153} INFO - Started process (PID=116) to work on /home/airflow/.local/lib/python3.7/site-packages/airflow/example_dags/example_branch_day_of_week_operator.py
[2022-09-30 08:17:13,845] {processor.py:641} INFO - Processing file /home/airflow/.local/lib/python3.7/site-packages/airflow/example_dags/example_branch_day_of_week_operator.py for tasks to queue
[2022-09-30 08:17:13,845] {logging_mixin.py:115} INFO - [2022-09-30 08:17:13,845] {dagbag.py:507} INFO - Filling up the DagBag from /home/airflow/.local/lib/python3.7/site-packages/airflow/example_dags/example_branch_day_of_week_operator.py
[2022-09-30 08:17:13,855] {processor.py:651} INFO - DAG(s) dict_keys(['example_weekday_branch_operator']) retrieved from /home/airflow/.local/lib/python3.7/site-packages/airflow/example_dags/example_branch_day_of_week_operator.py
[2022-09-30 08:17:13,883] {logging_mixin.py:115} INFO - [2022-09-30 08:17:13,883] {dag.py:2371} INFO - Sync 1 DAGs
[2022-09-30 08:17:14,059] {logging_mixin.py:115} INFO - [2022-09-30 08:17:14,059] {dag.py:2919} INFO - Setting next_dagrun for example_weekday_branch_operator to 2022-09-29T00:00:00+00:00, run_after=2022-09-30T00:00:00+00:00
[2022-09-30 08:17:14,080] {processor.py:161} INFO - Processing /home/airflow/.local/lib/python3.7/site-packages/airflow/example_dags/example_branch_day_of_week_operator.py took 0.241 seconds
[2022-09-30 08:17:44,374] {processor.py:153} INFO - Started process (PID=177) to work on /home/airflow/.local/lib/python3.7/site-packages/airflow/example_dags/example_branch_day_of_week_operator.py
[2022-09-30 08:17:44,375] {processor.py:641} INFO - Processing file /home/airflow/.local/lib/python3.7/site-packages/airflow/example_dags/example_branch_day_of_week_operator.py for tasks to queue
[2022-09-30 08:17:44,377] {logging_mixin.py:115} INFO - [2022-09-30 08:17:44,377] {dagbag.py:507} INFO - Filling up the DagBag from /home/airflow/.local/lib/python3.7/site-packages/airflow/example_dags/example_branch_day_of_week_operator.py
[2022-09-30 08:17:44,387] {processor.py:651} INFO - DAG(s) dict_keys(['example_weekday_branch_operator']) retrieved from /home/airflow/.local/lib/python3.7/site-packages/airflow/example_dags/example_branch_day_of_week_operator.py
[2022-09-30 08:17:44,415] {logging_mixin.py:115} INFO - [2022-09-30 08:17:44,415] {dag.py:2371} INFO - Sync 1 DAGs
[2022-09-30 08:17:44,578] {logging_mixin.py:115} INFO - [2022-09-30 08:17:44,578] {dag.py:2919} INFO - Setting next_dagrun for example_weekday_branch_operator to 2022-09-29T00:00:00+00:00, run_after=2022-09-30T00:00:00+00:00
[2022-09-30 08:17:44,594] {processor.py:161} INFO - Processing /home/airflow/.local/lib/python3.7/site-packages/airflow/example_dags/example_branch_day_of_week_operator.py took 0.223 seconds
[2022-09-30 08:18:14,791] {processor.py:153} INFO - Started process (PID=238) to work on /home/airflow/.local/lib/python3.7/site-packages/airflow/example_dags/example_branch_day_of_week_operator.py
[2022-09-30 08:18:14,793] {processor.py:641} INFO - Processing file /home/airflow/.local/lib/python3.7/site-packages/airflow/example_dags/example_branch_day_of_week_operator.py for tasks to queue
[2022-09-30 08:18:14,794] {logging_mixin.py:115} INFO - [2022-09-30 08:18:14,794] {dagbag.py:507} INFO - Filling up the DagBag from /home/airflow/.local/lib/python3.7/site-packages/airflow/example_dags/example_branch_day_of_week_operator.py
[2022-09-30 08:18:14,802] {processor.py:651} INFO - DAG(s) dict_keys(['example_weekday_branch_operator']) retrieved from /home/airflow/.local/lib/python3.7/site-packages/airflow/example_dags/example_branch_day_of_week_operator.py
[2022-09-30 08:18:14,836] {logging_mixin.py:115} INFO - [2022-09-30 08:18:14,836] {dag.py:2371} INFO - Sync 1 DAGs
[2022-09-30 08:18:15,047] {logging_mixin.py:115} INFO - [2022-09-30 08:18:15,047] {dag.py:2919} INFO - Setting next_dagrun for example_weekday_branch_operator to 2022-09-29T00:00:00+00:00, run_after=2022-09-30T00:00:00+00:00
[2022-09-30 08:18:15,061] {processor.py:161} INFO - Processing /home/airflow/.local/lib/python3.7/site-packages/airflow/example_dags/example_branch_day_of_week_operator.py took 0.273 seconds
[2022-09-30 08:18:45,477] {processor.py:153} INFO - Started process (PID=290) to work on /home/airflow/.local/lib/python3.7/site-packages/airflow/example_dags/example_branch_day_of_week_operator.py
[2022-09-30 08:18:45,478] {processor.py:641} INFO - Processing file /home/airflow/.local/lib/python3.7/site-packages/airflow/example_dags/example_branch_day_of_week_operator.py for tasks to queue
[2022-09-30 08:18:45,479] {logging_mixin.py:115} INFO - [2022-09-30 08:18:45,479] {dagbag.py:507} INFO - Filling up the DagBag from /home/airflow/.local/lib/python3.7/site-packages/airflow/example_dags/example_branch_day_of_week_operator.py
[2022-09-30 08:18:45,488] {processor.py:651} INFO - DAG(s) dict_keys(['example_weekday_branch_operator']) retrieved from /home/airflow/.local/lib/python3.7/site-packages/airflow/example_dags/example_branch_day_of_week_operator.py
[2022-09-30 08:18:45,515] {logging_mixin.py:115} INFO - [2022-09-30 08:18:45,515] {dag.py:2371} INFO - Sync 1 DAGs
[2022-09-30 08:18:45,705] {logging_mixin.py:115} INFO - [2022-09-30 08:18:45,705] {dag.py:2919} INFO - Setting next_dagrun for example_weekday_branch_operator to 2022-09-29T00:00:00+00:00, run_after=2022-09-30T00:00:00+00:00
[2022-09-30 08:18:45,717] {processor.py:161} INFO - Processing /home/airflow/.local/lib/python3.7/site-packages/airflow/example_dags/example_branch_day_of_week_operator.py took 0.243 seconds
[2022-09-30 08:19:16,498] {processor.py:153} INFO - Started process (PID=351) to work on /home/airflow/.local/lib/python3.7/site-packages/airflow/example_dags/example_branch_day_of_week_operator.py
[2022-09-30 08:19:16,499] {processor.py:641} INFO - Processing file /home/airflow/.local/lib/python3.7/site-packages/airflow/example_dags/example_branch_day_of_week_operator.py for tasks to queue
[2022-09-30 08:19:16,500] {logging_mixin.py:115} INFO - [2022-09-30 08:19:16,500] {dagbag.py:507} INFO - Filling up the DagBag from /home/airflow/.local/lib/python3.7/site-packages/airflow/example_dags/example_branch_day_of_week_operator.py
[2022-09-30 08:19:16,512] {processor.py:651} INFO - DAG(s) dict_keys(['example_weekday_branch_operator']) retrieved from /home/airflow/.local/lib/python3.7/site-packages/airflow/example_dags/example_branch_day_of_week_operator.py
[2022-09-30 08:19:16,536] {logging_mixin.py:115} INFO - [2022-09-30 08:19:16,536] {dag.py:2371} INFO - Sync 1 DAGs
[2022-09-30 08:19:16,674] {logging_mixin.py:115} INFO - [2022-09-30 08:19:16,673] {dag.py:2919} INFO - Setting next_dagrun for example_weekday_branch_operator to 2022-09-29T00:00:00+00:00, run_after=2022-09-30T00:00:00+00:00
[2022-09-30 08:19:16,703] {processor.py:161} INFO - Processing /home/airflow/.local/lib/python3.7/site-packages/airflow/example_dags/example_branch_day_of_week_operator.py took 0.208 seconds
[2022-09-30 08:19:47,294] {processor.py:153} INFO - Started process (PID=412) to work on /home/airflow/.local/lib/python3.7/site-packages/airflow/example_dags/example_branch_day_of_week_operator.py
[2022-09-30 08:19:47,295] {processor.py:641} INFO - Processing file /home/airflow/.local/lib/python3.7/site-packages/airflow/example_dags/example_branch_day_of_week_operator.py for tasks to queue
[2022-09-30 08:19:47,296] {logging_mixin.py:115} INFO - [2022-09-30 08:19:47,295] {dagbag.py:507} INFO - Filling up the DagBag from /home/airflow/.local/lib/python3.7/site-packages/airflow/example_dags/example_branch_day_of_week_operator.py
[2022-09-30 08:19:47,304] {processor.py:651} INFO - DAG(s) dict_keys(['example_weekday_branch_operator']) retrieved from /home/airflow/.local/lib/python3.7/site-packages/airflow/example_dags/example_branch_day_of_week_operator.py
[2022-09-30 08:19:47,333] {logging_mixin.py:115} INFO - [2022-09-30 08:19:47,333] {dag.py:2371} INFO - Sync 1 DAGs
[2022-09-30 08:19:47,515] {logging_mixin.py:115} INFO - [2022-09-30 08:19:47,515] {dag.py:2919} INFO - Setting next_dagrun for example_weekday_branch_operator to 2022-09-29T00:00:00+00:00, run_after=2022-09-30T00:00:00+00:00
[2022-09-30 08:19:47,527] {processor.py:161} INFO - Processing /home/airflow/.local/lib/python3.7/site-packages/airflow/example_dags/example_branch_day_of_week_operator.py took 0.237 seconds
[2022-09-30 08:20:18,058] {processor.py:153} INFO - Started process (PID=472) to work on /home/airflow/.local/lib/python3.7/site-packages/airflow/example_dags/example_branch_day_of_week_operator.py
[2022-09-30 08:20:18,059] {processor.py:641} INFO - Processing file /home/airflow/.local/lib/python3.7/site-packages/airflow/example_dags/example_branch_day_of_week_operator.py for tasks to queue
[2022-09-30 08:20:18,059] {logging_mixin.py:115} INFO - [2022-09-30 08:20:18,059] {dagbag.py:507} INFO - Filling up the DagBag from /home/airflow/.local/lib/python3.7/site-packages/airflow/example_dags/example_branch_day_of_week_operator.py
[2022-09-30 08:20:18,067] {processor.py:651} INFO - DAG(s) dict_keys(['example_weekday_branch_operator']) retrieved from /home/airflow/.local/lib/python3.7/site-packages/airflow/example_dags/example_branch_day_of_week_operator.py
[2022-09-30 08:20:18,092] {logging_mixin.py:115} INFO - [2022-09-30 08:20:18,092] {dag.py:2371} INFO - Sync 1 DAGs
[2022-09-30 08:20:18,247] {logging_mixin.py:115} INFO - [2022-09-30 08:20:18,247] {dag.py:2919} INFO - Setting next_dagrun for example_weekday_branch_operator to 2022-09-29T00:00:00+00:00, run_after=2022-09-30T00:00:00+00:00
[2022-09-30 08:20:18,261] {processor.py:161} INFO - Processing /home/airflow/.local/lib/python3.7/site-packages/airflow/example_dags/example_branch_day_of_week_operator.py took 0.206 seconds
[2022-09-30 08:20:48,918] {processor.py:153} INFO - Started process (PID=526) to work on /home/airflow/.local/lib/python3.7/site-packages/airflow/example_dags/example_branch_day_of_week_operator.py
[2022-09-30 08:20:48,918] {processor.py:641} INFO - Processing file /home/airflow/.local/lib/python3.7/site-packages/airflow/example_dags/example_branch_day_of_week_operator.py for tasks to queue
[2022-09-30 08:20:48,919] {logging_mixin.py:115} INFO - [2022-09-30 08:20:48,919] {dagbag.py:507} INFO - Filling up the DagBag from /home/airflow/.local/lib/python3.7/site-packages/airflow/example_dags/example_branch_day_of_week_operator.py
[2022-09-30 08:20:48,926] {processor.py:651} INFO - DAG(s) dict_keys(['example_weekday_branch_operator']) retrieved from /home/airflow/.local/lib/python3.7/site-packages/airflow/example_dags/example_branch_day_of_week_operator.py
[2022-09-30 08:20:48,970] {logging_mixin.py:115} INFO - [2022-09-30 08:20:48,970] {dag.py:2371} INFO - Sync 1 DAGs
[2022-09-30 08:20:49,112] {logging_mixin.py:115} INFO - [2022-09-30 08:20:49,112] {dag.py:2919} INFO - Setting next_dagrun for example_weekday_branch_operator to 2022-09-29T00:00:00+00:00, run_after=2022-09-30T00:00:00+00:00
[2022-09-30 08:20:49,123] {processor.py:161} INFO - Processing /home/airflow/.local/lib/python3.7/site-packages/airflow/example_dags/example_branch_day_of_week_operator.py took 0.209 seconds
[2022-09-30 08:21:19,730] {processor.py:153} INFO - Started process (PID=587) to work on /home/airflow/.local/lib/python3.7/site-packages/airflow/example_dags/example_branch_day_of_week_operator.py
[2022-09-30 08:21:19,731] {processor.py:641} INFO - Processing file /home/airflow/.local/lib/python3.7/site-packages/airflow/example_dags/example_branch_day_of_week_operator.py for tasks to queue
[2022-09-30 08:21:19,732] {logging_mixin.py:115} INFO - [2022-09-30 08:21:19,732] {dagbag.py:507} INFO - Filling up the DagBag from /home/airflow/.local/lib/python3.7/site-packages/airflow/example_dags/example_branch_day_of_week_operator.py
[2022-09-30 08:21:19,740] {processor.py:651} INFO - DAG(s) dict_keys(['example_weekday_branch_operator']) retrieved from /home/airflow/.local/lib/python3.7/site-packages/airflow/example_dags/example_branch_day_of_week_operator.py
[2022-09-30 08:21:19,767] {logging_mixin.py:115} INFO - [2022-09-30 08:21:19,767] {dag.py:2371} INFO - Sync 1 DAGs
[2022-09-30 08:21:19,926] {logging_mixin.py:115} INFO - [2022-09-30 08:21:19,926] {dag.py:2919} INFO - Setting next_dagrun for example_weekday_branch_operator to 2022-09-29T00:00:00+00:00, run_after=2022-09-30T00:00:00+00:00
[2022-09-30 08:21:19,939] {processor.py:161} INFO - Processing /home/airflow/.local/lib/python3.7/site-packages/airflow/example_dags/example_branch_day_of_week_operator.py took 0.211 seconds
[2022-09-30 08:21:50,523] {processor.py:153} INFO - Started process (PID=648) to work on /home/airflow/.local/lib/python3.7/site-packages/airflow/example_dags/example_branch_day_of_week_operator.py
[2022-09-30 08:21:50,525] {processor.py:641} INFO - Processing file /home/airflow/.local/lib/python3.7/site-packages/airflow/example_dags/example_branch_day_of_week_operator.py for tasks to queue
[2022-09-30 08:21:50,527] {logging_mixin.py:115} INFO - [2022-09-30 08:21:50,526] {dagbag.py:507} INFO - Filling up the DagBag from /home/airflow/.local/lib/python3.7/site-packages/airflow/example_dags/example_branch_day_of_week_operator.py
[2022-09-30 08:21:50,535] {processor.py:651} INFO - DAG(s) dict_keys(['example_weekday_branch_operator']) retrieved from /home/airflow/.local/lib/python3.7/site-packages/airflow/example_dags/example_branch_day_of_week_operator.py
[2022-09-30 08:21:50,569] {logging_mixin.py:115} INFO - [2022-09-30 08:21:50,568] {dag.py:2371} INFO - Sync 1 DAGs
[2022-09-30 08:21:50,780] {logging_mixin.py:115} INFO - [2022-09-30 08:21:50,780] {dag.py:2919} INFO - Setting next_dagrun for example_weekday_branch_operator to 2022-09-29T00:00:00+00:00, run_after=2022-09-30T00:00:00+00:00
[2022-09-30 08:21:50,797] {processor.py:161} INFO - Processing /home/airflow/.local/lib/python3.7/site-packages/airflow/example_dags/example_branch_day_of_week_operator.py took 0.277 seconds
[2022-09-30 08:22:20,927] {processor.py:153} INFO - Started process (PID=700) to work on /home/airflow/.local/lib/python3.7/site-packages/airflow/example_dags/example_branch_day_of_week_operator.py
[2022-09-30 08:22:20,928] {processor.py:641} INFO - Processing file /home/airflow/.local/lib/python3.7/site-packages/airflow/example_dags/example_branch_day_of_week_operator.py for tasks to queue
[2022-09-30 08:22:20,928] {logging_mixin.py:115} INFO - [2022-09-30 08:22:20,928] {dagbag.py:507} INFO - Filling up the DagBag from /home/airflow/.local/lib/python3.7/site-packages/airflow/example_dags/example_branch_day_of_week_operator.py
[2022-09-30 08:22:20,936] {processor.py:651} INFO - DAG(s) dict_keys(['example_weekday_branch_operator']) retrieved from /home/airflow/.local/lib/python3.7/site-packages/airflow/example_dags/example_branch_day_of_week_operator.py
[2022-09-30 08:22:20,962] {logging_mixin.py:115} INFO - [2022-09-30 08:22:20,962] {dag.py:2371} INFO - Sync 1 DAGs
[2022-09-30 08:22:21,083] {logging_mixin.py:115} INFO - [2022-09-30 08:22:21,083] {dag.py:2919} INFO - Setting next_dagrun for example_weekday_branch_operator to 2022-09-29T00:00:00+00:00, run_after=2022-09-30T00:00:00+00:00
[2022-09-30 08:22:21,095] {processor.py:161} INFO - Processing /home/airflow/.local/lib/python3.7/site-packages/airflow/example_dags/example_branch_day_of_week_operator.py took 0.171 seconds
[2022-09-30 08:22:51,401] {processor.py:153} INFO - Started process (PID=761) to work on /home/airflow/.local/lib/python3.7/site-packages/airflow/example_dags/example_branch_day_of_week_operator.py
[2022-09-30 08:22:51,402] {processor.py:641} INFO - Processing file /home/airflow/.local/lib/python3.7/site-packages/airflow/example_dags/example_branch_day_of_week_operator.py for tasks to queue
[2022-09-30 08:22:51,404] {logging_mixin.py:115} INFO - [2022-09-30 08:22:51,403] {dagbag.py:507} INFO - Filling up the DagBag from /home/airflow/.local/lib/python3.7/site-packages/airflow/example_dags/example_branch_day_of_week_operator.py
[2022-09-30 08:22:51,416] {processor.py:651} INFO - DAG(s) dict_keys(['example_weekday_branch_operator']) retrieved from /home/airflow/.local/lib/python3.7/site-packages/airflow/example_dags/example_branch_day_of_week_operator.py
[2022-09-30 08:22:51,458] {logging_mixin.py:115} INFO - [2022-09-30 08:22:51,458] {dag.py:2371} INFO - Sync 1 DAGs
[2022-09-30 08:22:51,623] {logging_mixin.py:115} INFO - [2022-09-30 08:22:51,622] {dag.py:2919} INFO - Setting next_dagrun for example_weekday_branch_operator to 2022-09-29T00:00:00+00:00, run_after=2022-09-30T00:00:00+00:00
[2022-09-30 08:22:51,637] {processor.py:161} INFO - Processing /home/airflow/.local/lib/python3.7/site-packages/airflow/example_dags/example_branch_day_of_week_operator.py took 0.240 seconds
[2022-09-30 08:23:22,089] {processor.py:153} INFO - Started process (PID=822) to work on /home/airflow/.local/lib/python3.7/site-packages/airflow/example_dags/example_branch_day_of_week_operator.py
[2022-09-30 08:23:22,089] {processor.py:641} INFO - Processing file /home/airflow/.local/lib/python3.7/site-packages/airflow/example_dags/example_branch_day_of_week_operator.py for tasks to queue
[2022-09-30 08:23:22,090] {logging_mixin.py:115} INFO - [2022-09-30 08:23:22,090] {dagbag.py:507} INFO - Filling up the DagBag from /home/airflow/.local/lib/python3.7/site-packages/airflow/example_dags/example_branch_day_of_week_operator.py
[2022-09-30 08:23:22,098] {processor.py:651} INFO - DAG(s) dict_keys(['example_weekday_branch_operator']) retrieved from /home/airflow/.local/lib/python3.7/site-packages/airflow/example_dags/example_branch_day_of_week_operator.py
[2022-09-30 08:23:22,127] {logging_mixin.py:115} INFO - [2022-09-30 08:23:22,127] {dag.py:2371} INFO - Sync 1 DAGs
[2022-09-30 08:23:22,302] {logging_mixin.py:115} INFO - [2022-09-30 08:23:22,302] {dag.py:2919} INFO - Setting next_dagrun for example_weekday_branch_operator to 2022-09-29T00:00:00+00:00, run_after=2022-09-30T00:00:00+00:00
[2022-09-30 08:23:22,318] {processor.py:161} INFO - Processing /home/airflow/.local/lib/python3.7/site-packages/airflow/example_dags/example_branch_day_of_week_operator.py took 0.233 seconds
[2022-09-30 08:23:52,430] {processor.py:153} INFO - Started process (PID=874) to work on /home/airflow/.local/lib/python3.7/site-packages/airflow/example_dags/example_branch_day_of_week_operator.py
[2022-09-30 08:23:52,430] {processor.py:641} INFO - Processing file /home/airflow/.local/lib/python3.7/site-packages/airflow/example_dags/example_branch_day_of_week_operator.py for tasks to queue
[2022-09-30 08:23:52,431] {logging_mixin.py:115} INFO - [2022-09-30 08:23:52,431] {dagbag.py:507} INFO - Filling up the DagBag from /home/airflow/.local/lib/python3.7/site-packages/airflow/example_dags/example_branch_day_of_week_operator.py
[2022-09-30 08:23:52,438] {processor.py:651} INFO - DAG(s) dict_keys(['example_weekday_branch_operator']) retrieved from /home/airflow/.local/lib/python3.7/site-packages/airflow/example_dags/example_branch_day_of_week_operator.py
[2022-09-30 08:23:52,468] {logging_mixin.py:115} INFO - [2022-09-30 08:23:52,468] {dag.py:2371} INFO - Sync 1 DAGs
[2022-09-30 08:23:52,594] {logging_mixin.py:115} INFO - [2022-09-30 08:23:52,594] {dag.py:2919} INFO - Setting next_dagrun for example_weekday_branch_operator to 2022-09-29T00:00:00+00:00, run_after=2022-09-30T00:00:00+00:00
[2022-09-30 08:23:52,605] {processor.py:161} INFO - Processing /home/airflow/.local/lib/python3.7/site-packages/airflow/example_dags/example_branch_day_of_week_operator.py took 0.179 seconds
[2022-09-30 08:24:23,149] {processor.py:153} INFO - Started process (PID=935) to work on /home/airflow/.local/lib/python3.7/site-packages/airflow/example_dags/example_branch_day_of_week_operator.py
[2022-09-30 08:24:23,150] {processor.py:641} INFO - Processing file /home/airflow/.local/lib/python3.7/site-packages/airflow/example_dags/example_branch_day_of_week_operator.py for tasks to queue
[2022-09-30 08:24:23,150] {logging_mixin.py:115} INFO - [2022-09-30 08:24:23,150] {dagbag.py:507} INFO - Filling up the DagBag from /home/airflow/.local/lib/python3.7/site-packages/airflow/example_dags/example_branch_day_of_week_operator.py
[2022-09-30 08:24:23,161] {processor.py:651} INFO - DAG(s) dict_keys(['example_weekday_branch_operator']) retrieved from /home/airflow/.local/lib/python3.7/site-packages/airflow/example_dags/example_branch_day_of_week_operator.py
[2022-09-30 08:24:23,187] {logging_mixin.py:115} INFO - [2022-09-30 08:24:23,187] {dag.py:2371} INFO - Sync 1 DAGs
[2022-09-30 08:24:23,310] {logging_mixin.py:115} INFO - [2022-09-30 08:24:23,310] {dag.py:2919} INFO - Setting next_dagrun for example_weekday_branch_operator to 2022-09-29T00:00:00+00:00, run_after=2022-09-30T00:00:00+00:00
[2022-09-30 08:24:23,321] {processor.py:161} INFO - Processing /home/airflow/.local/lib/python3.7/site-packages/airflow/example_dags/example_branch_day_of_week_operator.py took 0.175 seconds
[2022-09-30 08:24:53,640] {processor.py:153} INFO - Started process (PID=994) to work on /home/airflow/.local/lib/python3.7/site-packages/airflow/example_dags/example_branch_day_of_week_operator.py
[2022-09-30 08:24:53,641] {processor.py:641} INFO - Processing file /home/airflow/.local/lib/python3.7/site-packages/airflow/example_dags/example_branch_day_of_week_operator.py for tasks to queue
[2022-09-30 08:24:53,642] {logging_mixin.py:115} INFO - [2022-09-30 08:24:53,642] {dagbag.py:507} INFO - Filling up the DagBag from /home/airflow/.local/lib/python3.7/site-packages/airflow/example_dags/example_branch_day_of_week_operator.py
[2022-09-30 08:24:53,651] {processor.py:651} INFO - DAG(s) dict_keys(['example_weekday_branch_operator']) retrieved from /home/airflow/.local/lib/python3.7/site-packages/airflow/example_dags/example_branch_day_of_week_operator.py
[2022-09-30 08:24:53,702] {logging_mixin.py:115} INFO - [2022-09-30 08:24:53,701] {dag.py:2371} INFO - Sync 1 DAGs
[2022-09-30 08:24:53,860] {logging_mixin.py:115} INFO - [2022-09-30 08:24:53,859] {dag.py:2919} INFO - Setting next_dagrun for example_weekday_branch_operator to 2022-09-29T00:00:00+00:00, run_after=2022-09-30T00:00:00+00:00
[2022-09-30 08:24:53,871] {processor.py:161} INFO - Processing /home/airflow/.local/lib/python3.7/site-packages/airflow/example_dags/example_branch_day_of_week_operator.py took 0.234 seconds
[2022-09-30 08:25:24,399] {processor.py:153} INFO - Started process (PID=1048) to work on /home/airflow/.local/lib/python3.7/site-packages/airflow/example_dags/example_branch_day_of_week_operator.py
[2022-09-30 08:25:24,400] {processor.py:641} INFO - Processing file /home/airflow/.local/lib/python3.7/site-packages/airflow/example_dags/example_branch_day_of_week_operator.py for tasks to queue
[2022-09-30 08:25:24,400] {logging_mixin.py:115} INFO - [2022-09-30 08:25:24,400] {dagbag.py:507} INFO - Filling up the DagBag from /home/airflow/.local/lib/python3.7/site-packages/airflow/example_dags/example_branch_day_of_week_operator.py
[2022-09-30 08:25:24,408] {processor.py:651} INFO - DAG(s) dict_keys(['example_weekday_branch_operator']) retrieved from /home/airflow/.local/lib/python3.7/site-packages/airflow/example_dags/example_branch_day_of_week_operator.py
[2022-09-30 08:25:24,441] {logging_mixin.py:115} INFO - [2022-09-30 08:25:24,441] {dag.py:2371} INFO - Sync 1 DAGs
[2022-09-30 08:25:24,586] {logging_mixin.py:115} INFO - [2022-09-30 08:25:24,586] {dag.py:2919} INFO - Setting next_dagrun for example_weekday_branch_operator to 2022-09-29T00:00:00+00:00, run_after=2022-09-30T00:00:00+00:00
[2022-09-30 08:25:24,603] {processor.py:161} INFO - Processing /home/airflow/.local/lib/python3.7/site-packages/airflow/example_dags/example_branch_day_of_week_operator.py took 0.207 seconds
[2022-09-30 08:25:55,303] {processor.py:153} INFO - Started process (PID=1109) to work on /home/airflow/.local/lib/python3.7/site-packages/airflow/example_dags/example_branch_day_of_week_operator.py
[2022-09-30 08:25:55,304] {processor.py:641} INFO - Processing file /home/airflow/.local/lib/python3.7/site-packages/airflow/example_dags/example_branch_day_of_week_operator.py for tasks to queue
[2022-09-30 08:25:55,305] {logging_mixin.py:115} INFO - [2022-09-30 08:25:55,305] {dagbag.py:507} INFO - Filling up the DagBag from /home/airflow/.local/lib/python3.7/site-packages/airflow/example_dags/example_branch_day_of_week_operator.py
[2022-09-30 08:25:55,313] {processor.py:651} INFO - DAG(s) dict_keys(['example_weekday_branch_operator']) retrieved from /home/airflow/.local/lib/python3.7/site-packages/airflow/example_dags/example_branch_day_of_week_operator.py
[2022-09-30 08:25:55,342] {logging_mixin.py:115} INFO - [2022-09-30 08:25:55,342] {dag.py:2371} INFO - Sync 1 DAGs
[2022-09-30 08:25:55,489] {logging_mixin.py:115} INFO - [2022-09-30 08:25:55,488] {dag.py:2919} INFO - Setting next_dagrun for example_weekday_branch_operator to 2022-09-29T00:00:00+00:00, run_after=2022-09-30T00:00:00+00:00
[2022-09-30 08:25:55,502] {processor.py:161} INFO - Processing /home/airflow/.local/lib/python3.7/site-packages/airflow/example_dags/example_branch_day_of_week_operator.py took 0.201 seconds
[2022-09-30 08:26:26,027] {processor.py:153} INFO - Started process (PID=1170) to work on /home/airflow/.local/lib/python3.7/site-packages/airflow/example_dags/example_branch_day_of_week_operator.py
[2022-09-30 08:26:26,028] {processor.py:641} INFO - Processing file /home/airflow/.local/lib/python3.7/site-packages/airflow/example_dags/example_branch_day_of_week_operator.py for tasks to queue
[2022-09-30 08:26:26,029] {logging_mixin.py:115} INFO - [2022-09-30 08:26:26,029] {dagbag.py:507} INFO - Filling up the DagBag from /home/airflow/.local/lib/python3.7/site-packages/airflow/example_dags/example_branch_day_of_week_operator.py
[2022-09-30 08:26:26,037] {processor.py:651} INFO - DAG(s) dict_keys(['example_weekday_branch_operator']) retrieved from /home/airflow/.local/lib/python3.7/site-packages/airflow/example_dags/example_branch_day_of_week_operator.py
[2022-09-30 08:26:26,067] {logging_mixin.py:115} INFO - [2022-09-30 08:26:26,067] {dag.py:2371} INFO - Sync 1 DAGs
[2022-09-30 08:26:26,209] {logging_mixin.py:115} INFO - [2022-09-30 08:26:26,209] {dag.py:2919} INFO - Setting next_dagrun for example_weekday_branch_operator to 2022-09-29T00:00:00+00:00, run_after=2022-09-30T00:00:00+00:00
[2022-09-30 08:26:26,221] {processor.py:161} INFO - Processing /home/airflow/.local/lib/python3.7/site-packages/airflow/example_dags/example_branch_day_of_week_operator.py took 0.199 seconds
[2022-09-30 08:26:57,179] {processor.py:153} INFO - Started process (PID=1222) to work on /home/airflow/.local/lib/python3.7/site-packages/airflow/example_dags/example_branch_day_of_week_operator.py
[2022-09-30 08:26:57,180] {processor.py:641} INFO - Processing file /home/airflow/.local/lib/python3.7/site-packages/airflow/example_dags/example_branch_day_of_week_operator.py for tasks to queue
[2022-09-30 08:26:57,181] {logging_mixin.py:115} INFO - [2022-09-30 08:26:57,181] {dagbag.py:507} INFO - Filling up the DagBag from /home/airflow/.local/lib/python3.7/site-packages/airflow/example_dags/example_branch_day_of_week_operator.py
[2022-09-30 08:26:57,194] {processor.py:651} INFO - DAG(s) dict_keys(['example_weekday_branch_operator']) retrieved from /home/airflow/.local/lib/python3.7/site-packages/airflow/example_dags/example_branch_day_of_week_operator.py
[2022-09-30 08:26:57,219] {logging_mixin.py:115} INFO - [2022-09-30 08:26:57,219] {dag.py:2371} INFO - Sync 1 DAGs
[2022-09-30 08:26:57,244] {logging_mixin.py:115} INFO - [2022-09-30 08:26:57,243] {dag.py:2919} INFO - Setting next_dagrun for example_weekday_branch_operator to 2022-09-29T00:00:00+00:00, run_after=2022-09-30T00:00:00+00:00
[2022-09-30 08:26:57,256] {processor.py:161} INFO - Processing /home/airflow/.local/lib/python3.7/site-packages/airflow/example_dags/example_branch_day_of_week_operator.py took 0.082 seconds
[2022-09-30 08:27:27,401] {processor.py:153} INFO - Started process (PID=1283) to work on /home/airflow/.local/lib/python3.7/site-packages/airflow/example_dags/example_branch_day_of_week_operator.py
[2022-09-30 08:27:27,402] {processor.py:641} INFO - Processing file /home/airflow/.local/lib/python3.7/site-packages/airflow/example_dags/example_branch_day_of_week_operator.py for tasks to queue
[2022-09-30 08:27:27,403] {logging_mixin.py:115} INFO - [2022-09-30 08:27:27,403] {dagbag.py:507} INFO - Filling up the DagBag from /home/airflow/.local/lib/python3.7/site-packages/airflow/example_dags/example_branch_day_of_week_operator.py
[2022-09-30 08:27:27,412] {processor.py:651} INFO - DAG(s) dict_keys(['example_weekday_branch_operator']) retrieved from /home/airflow/.local/lib/python3.7/site-packages/airflow/example_dags/example_branch_day_of_week_operator.py
[2022-09-30 08:27:27,439] {logging_mixin.py:115} INFO - [2022-09-30 08:27:27,439] {dag.py:2371} INFO - Sync 1 DAGs
[2022-09-30 08:27:27,461] {logging_mixin.py:115} INFO - [2022-09-30 08:27:27,461] {dag.py:2919} INFO - Setting next_dagrun for example_weekday_branch_operator to 2022-09-29T00:00:00+00:00, run_after=2022-09-30T00:00:00+00:00
[2022-09-30 08:27:27,472] {processor.py:161} INFO - Processing /home/airflow/.local/lib/python3.7/site-packages/airflow/example_dags/example_branch_day_of_week_operator.py took 0.078 seconds
[2022-09-30 08:27:58,389] {processor.py:153} INFO - Started process (PID=1344) to work on /home/airflow/.local/lib/python3.7/site-packages/airflow/example_dags/example_branch_day_of_week_operator.py
[2022-09-30 08:27:58,389] {processor.py:641} INFO - Processing file /home/airflow/.local/lib/python3.7/site-packages/airflow/example_dags/example_branch_day_of_week_operator.py for tasks to queue
[2022-09-30 08:27:58,390] {logging_mixin.py:115} INFO - [2022-09-30 08:27:58,390] {dagbag.py:507} INFO - Filling up the DagBag from /home/airflow/.local/lib/python3.7/site-packages/airflow/example_dags/example_branch_day_of_week_operator.py
[2022-09-30 08:27:58,398] {processor.py:651} INFO - DAG(s) dict_keys(['example_weekday_branch_operator']) retrieved from /home/airflow/.local/lib/python3.7/site-packages/airflow/example_dags/example_branch_day_of_week_operator.py
[2022-09-30 08:27:58,425] {logging_mixin.py:115} INFO - [2022-09-30 08:27:58,425] {dag.py:2371} INFO - Sync 1 DAGs
[2022-09-30 08:27:58,450] {logging_mixin.py:115} INFO - [2022-09-30 08:27:58,450] {dag.py:2919} INFO - Setting next_dagrun for example_weekday_branch_operator to 2022-09-29T00:00:00+00:00, run_after=2022-09-30T00:00:00+00:00
[2022-09-30 08:27:58,463] {processor.py:161} INFO - Processing /home/airflow/.local/lib/python3.7/site-packages/airflow/example_dags/example_branch_day_of_week_operator.py took 0.077 seconds
[2022-09-30 08:28:29,226] {processor.py:153} INFO - Started process (PID=1396) to work on /home/airflow/.local/lib/python3.7/site-packages/airflow/example_dags/example_branch_day_of_week_operator.py
[2022-09-30 08:28:29,226] {processor.py:641} INFO - Processing file /home/airflow/.local/lib/python3.7/site-packages/airflow/example_dags/example_branch_day_of_week_operator.py for tasks to queue
[2022-09-30 08:28:29,227] {logging_mixin.py:115} INFO - [2022-09-30 08:28:29,227] {dagbag.py:507} INFO - Filling up the DagBag from /home/airflow/.local/lib/python3.7/site-packages/airflow/example_dags/example_branch_day_of_week_operator.py
[2022-09-30 08:28:29,234] {processor.py:651} INFO - DAG(s) dict_keys(['example_weekday_branch_operator']) retrieved from /home/airflow/.local/lib/python3.7/site-packages/airflow/example_dags/example_branch_day_of_week_operator.py
[2022-09-30 08:28:29,259] {logging_mixin.py:115} INFO - [2022-09-30 08:28:29,259] {dag.py:2371} INFO - Sync 1 DAGs
[2022-09-30 08:28:29,280] {logging_mixin.py:115} INFO - [2022-09-30 08:28:29,280] {dag.py:2919} INFO - Setting next_dagrun for example_weekday_branch_operator to 2022-09-29T00:00:00+00:00, run_after=2022-09-30T00:00:00+00:00
[2022-09-30 08:28:29,291] {processor.py:161} INFO - Processing /home/airflow/.local/lib/python3.7/site-packages/airflow/example_dags/example_branch_day_of_week_operator.py took 0.069 seconds
[2022-09-30 08:29:00,180] {processor.py:153} INFO - Started process (PID=1458) to work on /home/airflow/.local/lib/python3.7/site-packages/airflow/example_dags/example_branch_day_of_week_operator.py
[2022-09-30 08:29:00,181] {processor.py:641} INFO - Processing file /home/airflow/.local/lib/python3.7/site-packages/airflow/example_dags/example_branch_day_of_week_operator.py for tasks to queue
[2022-09-30 08:29:00,182] {logging_mixin.py:115} INFO - [2022-09-30 08:29:00,181] {dagbag.py:507} INFO - Filling up the DagBag from /home/airflow/.local/lib/python3.7/site-packages/airflow/example_dags/example_branch_day_of_week_operator.py
[2022-09-30 08:29:00,189] {processor.py:651} INFO - DAG(s) dict_keys(['example_weekday_branch_operator']) retrieved from /home/airflow/.local/lib/python3.7/site-packages/airflow/example_dags/example_branch_day_of_week_operator.py
[2022-09-30 08:29:00,214] {logging_mixin.py:115} INFO - [2022-09-30 08:29:00,214] {dag.py:2371} INFO - Sync 1 DAGs
[2022-09-30 08:29:00,235] {logging_mixin.py:115} INFO - [2022-09-30 08:29:00,234] {dag.py:2919} INFO - Setting next_dagrun for example_weekday_branch_operator to 2022-09-29T00:00:00+00:00, run_after=2022-09-30T00:00:00+00:00
[2022-09-30 08:29:00,247] {processor.py:161} INFO - Processing /home/airflow/.local/lib/python3.7/site-packages/airflow/example_dags/example_branch_day_of_week_operator.py took 0.069 seconds
[2022-09-30 08:29:31,043] {processor.py:153} INFO - Started process (PID=1519) to work on /home/airflow/.local/lib/python3.7/site-packages/airflow/example_dags/example_branch_day_of_week_operator.py
[2022-09-30 08:29:31,044] {processor.py:641} INFO - Processing file /home/airflow/.local/lib/python3.7/site-packages/airflow/example_dags/example_branch_day_of_week_operator.py for tasks to queue
[2022-09-30 08:29:31,045] {logging_mixin.py:115} INFO - [2022-09-30 08:29:31,045] {dagbag.py:507} INFO - Filling up the DagBag from /home/airflow/.local/lib/python3.7/site-packages/airflow/example_dags/example_branch_day_of_week_operator.py
[2022-09-30 08:29:31,051] {processor.py:651} INFO - DAG(s) dict_keys(['example_weekday_branch_operator']) retrieved from /home/airflow/.local/lib/python3.7/site-packages/airflow/example_dags/example_branch_day_of_week_operator.py
[2022-09-30 08:29:31,078] {logging_mixin.py:115} INFO - [2022-09-30 08:29:31,077] {dag.py:2371} INFO - Sync 1 DAGs
[2022-09-30 08:29:31,098] {logging_mixin.py:115} INFO - [2022-09-30 08:29:31,098] {dag.py:2919} INFO - Setting next_dagrun for example_weekday_branch_operator to 2022-09-29T00:00:00+00:00, run_after=2022-09-30T00:00:00+00:00
[2022-09-30 08:29:31,111] {processor.py:161} INFO - Processing /home/airflow/.local/lib/python3.7/site-packages/airflow/example_dags/example_branch_day_of_week_operator.py took 0.071 seconds
[2022-09-30 08:30:01,741] {processor.py:153} INFO - Started process (PID=1571) to work on /home/airflow/.local/lib/python3.7/site-packages/airflow/example_dags/example_branch_day_of_week_operator.py
[2022-09-30 08:30:01,742] {processor.py:641} INFO - Processing file /home/airflow/.local/lib/python3.7/site-packages/airflow/example_dags/example_branch_day_of_week_operator.py for tasks to queue
[2022-09-30 08:30:01,743] {logging_mixin.py:115} INFO - [2022-09-30 08:30:01,742] {dagbag.py:507} INFO - Filling up the DagBag from /home/airflow/.local/lib/python3.7/site-packages/airflow/example_dags/example_branch_day_of_week_operator.py
[2022-09-30 08:30:01,752] {processor.py:651} INFO - DAG(s) dict_keys(['example_weekday_branch_operator']) retrieved from /home/airflow/.local/lib/python3.7/site-packages/airflow/example_dags/example_branch_day_of_week_operator.py
[2022-09-30 08:30:01,778] {logging_mixin.py:115} INFO - [2022-09-30 08:30:01,777] {dag.py:2371} INFO - Sync 1 DAGs
[2022-09-30 08:30:01,800] {logging_mixin.py:115} INFO - [2022-09-30 08:30:01,800] {dag.py:2919} INFO - Setting next_dagrun for example_weekday_branch_operator to 2022-09-29T00:00:00+00:00, run_after=2022-09-30T00:00:00+00:00
[2022-09-30 08:30:01,810] {processor.py:161} INFO - Processing /home/airflow/.local/lib/python3.7/site-packages/airflow/example_dags/example_branch_day_of_week_operator.py took 0.073 seconds
[2022-09-30 08:30:31,925] {processor.py:153} INFO - Started process (PID=1633) to work on /home/airflow/.local/lib/python3.7/site-packages/airflow/example_dags/example_branch_day_of_week_operator.py
[2022-09-30 08:30:31,926] {processor.py:641} INFO - Processing file /home/airflow/.local/lib/python3.7/site-packages/airflow/example_dags/example_branch_day_of_week_operator.py for tasks to queue
[2022-09-30 08:30:31,927] {logging_mixin.py:115} INFO - [2022-09-30 08:30:31,927] {dagbag.py:507} INFO - Filling up the DagBag from /home/airflow/.local/lib/python3.7/site-packages/airflow/example_dags/example_branch_day_of_week_operator.py
[2022-09-30 08:30:31,934] {processor.py:651} INFO - DAG(s) dict_keys(['example_weekday_branch_operator']) retrieved from /home/airflow/.local/lib/python3.7/site-packages/airflow/example_dags/example_branch_day_of_week_operator.py
[2022-09-30 08:30:31,958] {logging_mixin.py:115} INFO - [2022-09-30 08:30:31,958] {dag.py:2371} INFO - Sync 1 DAGs
[2022-09-30 08:30:31,979] {logging_mixin.py:115} INFO - [2022-09-30 08:30:31,979] {dag.py:2919} INFO - Setting next_dagrun for example_weekday_branch_operator to 2022-09-29T00:00:00+00:00, run_after=2022-09-30T00:00:00+00:00
[2022-09-30 08:30:31,992] {processor.py:161} INFO - Processing /home/airflow/.local/lib/python3.7/site-packages/airflow/example_dags/example_branch_day_of_week_operator.py took 0.069 seconds
[2022-09-30 08:31:02,139] {processor.py:153} INFO - Started process (PID=1694) to work on /home/airflow/.local/lib/python3.7/site-packages/airflow/example_dags/example_branch_day_of_week_operator.py
[2022-09-30 08:31:02,139] {processor.py:641} INFO - Processing file /home/airflow/.local/lib/python3.7/site-packages/airflow/example_dags/example_branch_day_of_week_operator.py for tasks to queue
[2022-09-30 08:31:02,140] {logging_mixin.py:115} INFO - [2022-09-30 08:31:02,140] {dagbag.py:507} INFO - Filling up the DagBag from /home/airflow/.local/lib/python3.7/site-packages/airflow/example_dags/example_branch_day_of_week_operator.py
[2022-09-30 08:31:02,148] {processor.py:651} INFO - DAG(s) dict_keys(['example_weekday_branch_operator']) retrieved from /home/airflow/.local/lib/python3.7/site-packages/airflow/example_dags/example_branch_day_of_week_operator.py
[2022-09-30 08:31:02,172] {logging_mixin.py:115} INFO - [2022-09-30 08:31:02,172] {dag.py:2371} INFO - Sync 1 DAGs
[2022-09-30 08:31:02,193] {logging_mixin.py:115} INFO - [2022-09-30 08:31:02,193] {dag.py:2919} INFO - Setting next_dagrun for example_weekday_branch_operator to 2022-09-29T00:00:00+00:00, run_after=2022-09-30T00:00:00+00:00
[2022-09-30 08:31:02,204] {processor.py:161} INFO - Processing /home/airflow/.local/lib/python3.7/site-packages/airflow/example_dags/example_branch_day_of_week_operator.py took 0.068 seconds
[2022-09-30 08:31:32,250] {processor.py:153} INFO - Started process (PID=1746) to work on /home/airflow/.local/lib/python3.7/site-packages/airflow/example_dags/example_branch_day_of_week_operator.py
[2022-09-30 08:31:32,250] {processor.py:641} INFO - Processing file /home/airflow/.local/lib/python3.7/site-packages/airflow/example_dags/example_branch_day_of_week_operator.py for tasks to queue
[2022-09-30 08:31:32,251] {logging_mixin.py:115} INFO - [2022-09-30 08:31:32,251] {dagbag.py:507} INFO - Filling up the DagBag from /home/airflow/.local/lib/python3.7/site-packages/airflow/example_dags/example_branch_day_of_week_operator.py
[2022-09-30 08:31:32,258] {processor.py:651} INFO - DAG(s) dict_keys(['example_weekday_branch_operator']) retrieved from /home/airflow/.local/lib/python3.7/site-packages/airflow/example_dags/example_branch_day_of_week_operator.py
[2022-09-30 08:31:32,283] {logging_mixin.py:115} INFO - [2022-09-30 08:31:32,283] {dag.py:2371} INFO - Sync 1 DAGs
[2022-09-30 08:31:32,305] {logging_mixin.py:115} INFO - [2022-09-30 08:31:32,304] {dag.py:2919} INFO - Setting next_dagrun for example_weekday_branch_operator to 2022-09-29T00:00:00+00:00, run_after=2022-09-30T00:00:00+00:00
[2022-09-30 08:31:32,316] {processor.py:161} INFO - Processing /home/airflow/.local/lib/python3.7/site-packages/airflow/example_dags/example_branch_day_of_week_operator.py took 0.069 seconds
[2022-09-30 08:32:02,805] {processor.py:153} INFO - Started process (PID=1807) to work on /home/airflow/.local/lib/python3.7/site-packages/airflow/example_dags/example_branch_day_of_week_operator.py
[2022-09-30 08:32:02,805] {processor.py:641} INFO - Processing file /home/airflow/.local/lib/python3.7/site-packages/airflow/example_dags/example_branch_day_of_week_operator.py for tasks to queue
[2022-09-30 08:32:02,806] {logging_mixin.py:115} INFO - [2022-09-30 08:32:02,806] {dagbag.py:507} INFO - Filling up the DagBag from /home/airflow/.local/lib/python3.7/site-packages/airflow/example_dags/example_branch_day_of_week_operator.py
[2022-09-30 08:32:02,814] {processor.py:651} INFO - DAG(s) dict_keys(['example_weekday_branch_operator']) retrieved from /home/airflow/.local/lib/python3.7/site-packages/airflow/example_dags/example_branch_day_of_week_operator.py
[2022-09-30 08:32:02,937] {logging_mixin.py:115} INFO - [2022-09-30 08:32:02,937] {dag.py:2371} INFO - Sync 1 DAGs
[2022-09-30 08:32:02,956] {logging_mixin.py:115} INFO - [2022-09-30 08:32:02,956] {dag.py:2919} INFO - Setting next_dagrun for example_weekday_branch_operator to 2022-09-29T00:00:00+00:00, run_after=2022-09-30T00:00:00+00:00
[2022-09-30 08:32:02,967] {processor.py:161} INFO - Processing /home/airflow/.local/lib/python3.7/site-packages/airflow/example_dags/example_branch_day_of_week_operator.py took 0.166 seconds
[2022-09-30 08:32:33,073] {processor.py:153} INFO - Started process (PID=1868) to work on /home/airflow/.local/lib/python3.7/site-packages/airflow/example_dags/example_branch_day_of_week_operator.py
[2022-09-30 08:32:33,074] {processor.py:641} INFO - Processing file /home/airflow/.local/lib/python3.7/site-packages/airflow/example_dags/example_branch_day_of_week_operator.py for tasks to queue
[2022-09-30 08:32:33,075] {logging_mixin.py:115} INFO - [2022-09-30 08:32:33,075] {dagbag.py:507} INFO - Filling up the DagBag from /home/airflow/.local/lib/python3.7/site-packages/airflow/example_dags/example_branch_day_of_week_operator.py
[2022-09-30 08:32:33,082] {processor.py:651} INFO - DAG(s) dict_keys(['example_weekday_branch_operator']) retrieved from /home/airflow/.local/lib/python3.7/site-packages/airflow/example_dags/example_branch_day_of_week_operator.py
[2022-09-30 08:32:33,208] {logging_mixin.py:115} INFO - [2022-09-30 08:32:33,208] {dag.py:2371} INFO - Sync 1 DAGs
[2022-09-30 08:32:33,231] {logging_mixin.py:115} INFO - [2022-09-30 08:32:33,230] {dag.py:2919} INFO - Setting next_dagrun for example_weekday_branch_operator to 2022-09-29T00:00:00+00:00, run_after=2022-09-30T00:00:00+00:00
[2022-09-30 08:32:33,246] {processor.py:161} INFO - Processing /home/airflow/.local/lib/python3.7/site-packages/airflow/example_dags/example_branch_day_of_week_operator.py took 0.176 seconds
[2022-09-30 08:33:03,485] {processor.py:153} INFO - Started process (PID=1920) to work on /home/airflow/.local/lib/python3.7/site-packages/airflow/example_dags/example_branch_day_of_week_operator.py
[2022-09-30 08:33:03,486] {processor.py:641} INFO - Processing file /home/airflow/.local/lib/python3.7/site-packages/airflow/example_dags/example_branch_day_of_week_operator.py for tasks to queue
[2022-09-30 08:33:03,487] {logging_mixin.py:115} INFO - [2022-09-30 08:33:03,487] {dagbag.py:507} INFO - Filling up the DagBag from /home/airflow/.local/lib/python3.7/site-packages/airflow/example_dags/example_branch_day_of_week_operator.py
[2022-09-30 08:33:03,495] {processor.py:651} INFO - DAG(s) dict_keys(['example_weekday_branch_operator']) retrieved from /home/airflow/.local/lib/python3.7/site-packages/airflow/example_dags/example_branch_day_of_week_operator.py
[2022-09-30 08:33:03,632] {logging_mixin.py:115} INFO - [2022-09-30 08:33:03,632] {dag.py:2371} INFO - Sync 1 DAGs
[2022-09-30 08:33:03,651] {logging_mixin.py:115} INFO - [2022-09-30 08:33:03,651] {dag.py:2919} INFO - Setting next_dagrun for example_weekday_branch_operator to 2022-09-29T00:00:00+00:00, run_after=2022-09-30T00:00:00+00:00
[2022-09-30 08:33:03,664] {processor.py:161} INFO - Processing /home/airflow/.local/lib/python3.7/site-packages/airflow/example_dags/example_branch_day_of_week_operator.py took 0.181 seconds
[2022-09-30 08:33:34,118] {processor.py:153} INFO - Started process (PID=1981) to work on /home/airflow/.local/lib/python3.7/site-packages/airflow/example_dags/example_branch_day_of_week_operator.py
[2022-09-30 08:33:34,119] {processor.py:641} INFO - Processing file /home/airflow/.local/lib/python3.7/site-packages/airflow/example_dags/example_branch_day_of_week_operator.py for tasks to queue
[2022-09-30 08:33:34,119] {logging_mixin.py:115} INFO - [2022-09-30 08:33:34,119] {dagbag.py:507} INFO - Filling up the DagBag from /home/airflow/.local/lib/python3.7/site-packages/airflow/example_dags/example_branch_day_of_week_operator.py
[2022-09-30 08:33:34,127] {processor.py:651} INFO - DAG(s) dict_keys(['example_weekday_branch_operator']) retrieved from /home/airflow/.local/lib/python3.7/site-packages/airflow/example_dags/example_branch_day_of_week_operator.py
[2022-09-30 08:33:34,257] {logging_mixin.py:115} INFO - [2022-09-30 08:33:34,257] {dag.py:2371} INFO - Sync 1 DAGs
[2022-09-30 08:33:34,278] {logging_mixin.py:115} INFO - [2022-09-30 08:33:34,278] {dag.py:2919} INFO - Setting next_dagrun for example_weekday_branch_operator to 2022-09-29T00:00:00+00:00, run_after=2022-09-30T00:00:00+00:00
[2022-09-30 08:33:34,289] {processor.py:161} INFO - Processing /home/airflow/.local/lib/python3.7/site-packages/airflow/example_dags/example_branch_day_of_week_operator.py took 0.174 seconds
[2022-09-30 08:34:04,685] {processor.py:153} INFO - Started process (PID=2042) to work on /home/airflow/.local/lib/python3.7/site-packages/airflow/example_dags/example_branch_day_of_week_operator.py
[2022-09-30 08:34:04,686] {processor.py:641} INFO - Processing file /home/airflow/.local/lib/python3.7/site-packages/airflow/example_dags/example_branch_day_of_week_operator.py for tasks to queue
[2022-09-30 08:34:04,686] {logging_mixin.py:115} INFO - [2022-09-30 08:34:04,686] {dagbag.py:507} INFO - Filling up the DagBag from /home/airflow/.local/lib/python3.7/site-packages/airflow/example_dags/example_branch_day_of_week_operator.py
[2022-09-30 08:34:04,694] {processor.py:651} INFO - DAG(s) dict_keys(['example_weekday_branch_operator']) retrieved from /home/airflow/.local/lib/python3.7/site-packages/airflow/example_dags/example_branch_day_of_week_operator.py
[2022-09-30 08:34:04,831] {logging_mixin.py:115} INFO - [2022-09-30 08:34:04,831] {dag.py:2371} INFO - Sync 1 DAGs
[2022-09-30 08:34:04,854] {logging_mixin.py:115} INFO - [2022-09-30 08:34:04,854] {dag.py:2919} INFO - Setting next_dagrun for example_weekday_branch_operator to 2022-09-29T00:00:00+00:00, run_after=2022-09-30T00:00:00+00:00
[2022-09-30 08:34:04,866] {processor.py:161} INFO - Processing /home/airflow/.local/lib/python3.7/site-packages/airflow/example_dags/example_branch_day_of_week_operator.py took 0.184 seconds
[2022-09-30 08:34:35,022] {processor.py:153} INFO - Started process (PID=2095) to work on /home/airflow/.local/lib/python3.7/site-packages/airflow/example_dags/example_branch_day_of_week_operator.py
[2022-09-30 08:34:35,023] {processor.py:641} INFO - Processing file /home/airflow/.local/lib/python3.7/site-packages/airflow/example_dags/example_branch_day_of_week_operator.py for tasks to queue
[2022-09-30 08:34:35,024] {logging_mixin.py:115} INFO - [2022-09-30 08:34:35,024] {dagbag.py:507} INFO - Filling up the DagBag from /home/airflow/.local/lib/python3.7/site-packages/airflow/example_dags/example_branch_day_of_week_operator.py
[2022-09-30 08:34:35,032] {processor.py:651} INFO - DAG(s) dict_keys(['example_weekday_branch_operator']) retrieved from /home/airflow/.local/lib/python3.7/site-packages/airflow/example_dags/example_branch_day_of_week_operator.py
[2022-09-30 08:34:35,153] {logging_mixin.py:115} INFO - [2022-09-30 08:34:35,153] {dag.py:2371} INFO - Sync 1 DAGs
[2022-09-30 08:34:35,173] {logging_mixin.py:115} INFO - [2022-09-30 08:34:35,173] {dag.py:2919} INFO - Setting next_dagrun for example_weekday_branch_operator to 2022-09-29T00:00:00+00:00, run_after=2022-09-30T00:00:00+00:00
[2022-09-30 08:34:35,184] {processor.py:161} INFO - Processing /home/airflow/.local/lib/python3.7/site-packages/airflow/example_dags/example_branch_day_of_week_operator.py took 0.165 seconds
