[2022-09-30 08:15:08,362] {processor.py:153} INFO - Started process (PID=58) to work on /home/airflow/.local/lib/python3.7/site-packages/airflow/example_dags/example_complex.py
[2022-09-30 08:15:08,363] {processor.py:641} INFO - Processing file /home/airflow/.local/lib/python3.7/site-packages/airflow/example_dags/example_complex.py for tasks to queue
[2022-09-30 08:15:08,365] {logging_mixin.py:115} INFO - [2022-09-30 08:15:08,365] {dagbag.py:507} INFO - Filling up the DagBag from /home/airflow/.local/lib/python3.7/site-packages/airflow/example_dags/example_complex.py
[2022-09-30 08:15:08,385] {processor.py:651} INFO - DAG(s) dict_keys(['example_complex']) retrieved from /home/airflow/.local/lib/python3.7/site-packages/airflow/example_dags/example_complex.py
[2022-09-30 08:15:08,683] {logging_mixin.py:115} INFO - [2022-09-30 08:15:08,683] {manager.py:508} INFO - Created Permission View: can delete on DAG:example_complex
[2022-09-30 08:15:08,697] {logging_mixin.py:115} INFO - [2022-09-30 08:15:08,697] {manager.py:508} INFO - Created Permission View: can edit on DAG:example_complex
[2022-09-30 08:15:08,709] {logging_mixin.py:115} INFO - [2022-09-30 08:15:08,708] {manager.py:508} INFO - Created Permission View: can read on DAG:example_complex
[2022-09-30 08:15:08,709] {logging_mixin.py:115} INFO - [2022-09-30 08:15:08,709] {dag.py:2371} INFO - Sync 1 DAGs
[2022-09-30 08:15:08,723] {logging_mixin.py:115} INFO - [2022-09-30 08:15:08,723] {dag.py:2390} INFO - Creating ORM DAG for example_complex
[2022-09-30 08:15:08,742] {logging_mixin.py:115} INFO - [2022-09-30 08:15:08,742] {dag.py:2919} INFO - Setting next_dagrun for example_complex to None, run_after=None
[2022-09-30 08:15:08,766] {processor.py:161} INFO - Processing /home/airflow/.local/lib/python3.7/site-packages/airflow/example_dags/example_complex.py took 0.408 seconds
[2022-09-30 08:15:38,917] {processor.py:153} INFO - Started process (PID=119) to work on /home/airflow/.local/lib/python3.7/site-packages/airflow/example_dags/example_complex.py
[2022-09-30 08:15:38,918] {processor.py:641} INFO - Processing file /home/airflow/.local/lib/python3.7/site-packages/airflow/example_dags/example_complex.py for tasks to queue
[2022-09-30 08:15:38,919] {logging_mixin.py:115} INFO - [2022-09-30 08:15:38,919] {dagbag.py:507} INFO - Filling up the DagBag from /home/airflow/.local/lib/python3.7/site-packages/airflow/example_dags/example_complex.py
[2022-09-30 08:15:38,933] {processor.py:651} INFO - DAG(s) dict_keys(['example_complex']) retrieved from /home/airflow/.local/lib/python3.7/site-packages/airflow/example_dags/example_complex.py
[2022-09-30 08:15:38,972] {logging_mixin.py:115} INFO - [2022-09-30 08:15:38,972] {dag.py:2371} INFO - Sync 1 DAGs
[2022-09-30 08:15:39,130] {logging_mixin.py:115} INFO - [2022-09-30 08:15:39,130] {dag.py:2919} INFO - Setting next_dagrun for example_complex to None, run_after=None
[2022-09-30 08:15:39,142] {processor.py:161} INFO - Processing /home/airflow/.local/lib/python3.7/site-packages/airflow/example_dags/example_complex.py took 0.228 seconds
[2022-09-30 08:16:41,927] {processor.py:153} INFO - Started process (PID=59) to work on /home/airflow/.local/lib/python3.7/site-packages/airflow/example_dags/example_complex.py
[2022-09-30 08:16:41,928] {processor.py:641} INFO - Processing file /home/airflow/.local/lib/python3.7/site-packages/airflow/example_dags/example_complex.py for tasks to queue
[2022-09-30 08:16:41,930] {logging_mixin.py:115} INFO - [2022-09-30 08:16:41,929] {dagbag.py:507} INFO - Filling up the DagBag from /home/airflow/.local/lib/python3.7/site-packages/airflow/example_dags/example_complex.py
[2022-09-30 08:16:41,951] {processor.py:651} INFO - DAG(s) dict_keys(['example_complex']) retrieved from /home/airflow/.local/lib/python3.7/site-packages/airflow/example_dags/example_complex.py
[2022-09-30 08:16:42,007] {logging_mixin.py:115} INFO - [2022-09-30 08:16:42,007] {dag.py:2371} INFO - Sync 1 DAGs
[2022-09-30 08:16:42,259] {logging_mixin.py:115} INFO - [2022-09-30 08:16:42,259] {dag.py:2919} INFO - Setting next_dagrun for example_complex to None, run_after=None
[2022-09-30 08:16:42,276] {processor.py:161} INFO - Processing /home/airflow/.local/lib/python3.7/site-packages/airflow/example_dags/example_complex.py took 0.354 seconds
[2022-09-30 08:17:13,116] {processor.py:153} INFO - Started process (PID=111) to work on /home/airflow/.local/lib/python3.7/site-packages/airflow/example_dags/example_complex.py
[2022-09-30 08:17:13,116] {processor.py:641} INFO - Processing file /home/airflow/.local/lib/python3.7/site-packages/airflow/example_dags/example_complex.py for tasks to queue
[2022-09-30 08:17:13,117] {logging_mixin.py:115} INFO - [2022-09-30 08:17:13,117] {dagbag.py:507} INFO - Filling up the DagBag from /home/airflow/.local/lib/python3.7/site-packages/airflow/example_dags/example_complex.py
[2022-09-30 08:17:13,131] {processor.py:651} INFO - DAG(s) dict_keys(['example_complex']) retrieved from /home/airflow/.local/lib/python3.7/site-packages/airflow/example_dags/example_complex.py
[2022-09-30 08:17:13,168] {logging_mixin.py:115} INFO - [2022-09-30 08:17:13,168] {dag.py:2371} INFO - Sync 1 DAGs
[2022-09-30 08:17:13,380] {logging_mixin.py:115} INFO - [2022-09-30 08:17:13,380] {dag.py:2919} INFO - Setting next_dagrun for example_complex to None, run_after=None
[2022-09-30 08:17:13,402] {processor.py:161} INFO - Processing /home/airflow/.local/lib/python3.7/site-packages/airflow/example_dags/example_complex.py took 0.289 seconds
[2022-09-30 08:17:43,785] {processor.py:153} INFO - Started process (PID=172) to work on /home/airflow/.local/lib/python3.7/site-packages/airflow/example_dags/example_complex.py
[2022-09-30 08:17:43,786] {processor.py:641} INFO - Processing file /home/airflow/.local/lib/python3.7/site-packages/airflow/example_dags/example_complex.py for tasks to queue
[2022-09-30 08:17:43,787] {logging_mixin.py:115} INFO - [2022-09-30 08:17:43,787] {dagbag.py:507} INFO - Filling up the DagBag from /home/airflow/.local/lib/python3.7/site-packages/airflow/example_dags/example_complex.py
[2022-09-30 08:17:43,805] {processor.py:651} INFO - DAG(s) dict_keys(['example_complex']) retrieved from /home/airflow/.local/lib/python3.7/site-packages/airflow/example_dags/example_complex.py
[2022-09-30 08:17:43,850] {logging_mixin.py:115} INFO - [2022-09-30 08:17:43,849] {dag.py:2371} INFO - Sync 1 DAGs
[2022-09-30 08:17:44,004] {logging_mixin.py:115} INFO - [2022-09-30 08:17:44,004] {dag.py:2919} INFO - Setting next_dagrun for example_complex to None, run_after=None
[2022-09-30 08:17:44,018] {processor.py:161} INFO - Processing /home/airflow/.local/lib/python3.7/site-packages/airflow/example_dags/example_complex.py took 0.237 seconds
[2022-09-30 08:18:14,337] {processor.py:153} INFO - Started process (PID=233) to work on /home/airflow/.local/lib/python3.7/site-packages/airflow/example_dags/example_complex.py
[2022-09-30 08:18:14,338] {processor.py:641} INFO - Processing file /home/airflow/.local/lib/python3.7/site-packages/airflow/example_dags/example_complex.py for tasks to queue
[2022-09-30 08:18:14,339] {logging_mixin.py:115} INFO - [2022-09-30 08:18:14,338] {dagbag.py:507} INFO - Filling up the DagBag from /home/airflow/.local/lib/python3.7/site-packages/airflow/example_dags/example_complex.py
[2022-09-30 08:18:14,351] {processor.py:651} INFO - DAG(s) dict_keys(['example_complex']) retrieved from /home/airflow/.local/lib/python3.7/site-packages/airflow/example_dags/example_complex.py
[2022-09-30 08:18:14,381] {logging_mixin.py:115} INFO - [2022-09-30 08:18:14,381] {dag.py:2371} INFO - Sync 1 DAGs
[2022-09-30 08:18:14,510] {logging_mixin.py:115} INFO - [2022-09-30 08:18:14,510] {dag.py:2919} INFO - Setting next_dagrun for example_complex to None, run_after=None
[2022-09-30 08:18:14,521] {processor.py:161} INFO - Processing /home/airflow/.local/lib/python3.7/site-packages/airflow/example_dags/example_complex.py took 0.187 seconds
[2022-09-30 08:18:44,650] {processor.py:153} INFO - Started process (PID=285) to work on /home/airflow/.local/lib/python3.7/site-packages/airflow/example_dags/example_complex.py
[2022-09-30 08:18:44,651] {processor.py:641} INFO - Processing file /home/airflow/.local/lib/python3.7/site-packages/airflow/example_dags/example_complex.py for tasks to queue
[2022-09-30 08:18:44,652] {logging_mixin.py:115} INFO - [2022-09-30 08:18:44,652] {dagbag.py:507} INFO - Filling up the DagBag from /home/airflow/.local/lib/python3.7/site-packages/airflow/example_dags/example_complex.py
[2022-09-30 08:18:44,667] {processor.py:651} INFO - DAG(s) dict_keys(['example_complex']) retrieved from /home/airflow/.local/lib/python3.7/site-packages/airflow/example_dags/example_complex.py
[2022-09-30 08:18:44,707] {logging_mixin.py:115} INFO - [2022-09-30 08:18:44,706] {dag.py:2371} INFO - Sync 1 DAGs
[2022-09-30 08:18:44,844] {logging_mixin.py:115} INFO - [2022-09-30 08:18:44,844] {dag.py:2919} INFO - Setting next_dagrun for example_complex to None, run_after=None
[2022-09-30 08:18:44,950] {processor.py:161} INFO - Processing /home/airflow/.local/lib/python3.7/site-packages/airflow/example_dags/example_complex.py took 0.303 seconds
[2022-09-30 08:19:15,068] {processor.py:153} INFO - Started process (PID=346) to work on /home/airflow/.local/lib/python3.7/site-packages/airflow/example_dags/example_complex.py
[2022-09-30 08:19:15,069] {processor.py:641} INFO - Processing file /home/airflow/.local/lib/python3.7/site-packages/airflow/example_dags/example_complex.py for tasks to queue
[2022-09-30 08:19:15,069] {logging_mixin.py:115} INFO - [2022-09-30 08:19:15,069] {dagbag.py:507} INFO - Filling up the DagBag from /home/airflow/.local/lib/python3.7/site-packages/airflow/example_dags/example_complex.py
[2022-09-30 08:19:15,088] {processor.py:651} INFO - DAG(s) dict_keys(['example_complex']) retrieved from /home/airflow/.local/lib/python3.7/site-packages/airflow/example_dags/example_complex.py
[2022-09-30 08:19:15,120] {logging_mixin.py:115} INFO - [2022-09-30 08:19:15,120] {dag.py:2371} INFO - Sync 1 DAGs
[2022-09-30 08:19:15,255] {logging_mixin.py:115} INFO - [2022-09-30 08:19:15,254] {dag.py:2919} INFO - Setting next_dagrun for example_complex to None, run_after=None
[2022-09-30 08:19:15,267] {processor.py:161} INFO - Processing /home/airflow/.local/lib/python3.7/site-packages/airflow/example_dags/example_complex.py took 0.203 seconds
[2022-09-30 08:19:45,829] {processor.py:153} INFO - Started process (PID=407) to work on /home/airflow/.local/lib/python3.7/site-packages/airflow/example_dags/example_complex.py
[2022-09-30 08:19:45,830] {processor.py:641} INFO - Processing file /home/airflow/.local/lib/python3.7/site-packages/airflow/example_dags/example_complex.py for tasks to queue
[2022-09-30 08:19:45,831] {logging_mixin.py:115} INFO - [2022-09-30 08:19:45,831] {dagbag.py:507} INFO - Filling up the DagBag from /home/airflow/.local/lib/python3.7/site-packages/airflow/example_dags/example_complex.py
[2022-09-30 08:19:45,849] {processor.py:651} INFO - DAG(s) dict_keys(['example_complex']) retrieved from /home/airflow/.local/lib/python3.7/site-packages/airflow/example_dags/example_complex.py
[2022-09-30 08:19:45,882] {logging_mixin.py:115} INFO - [2022-09-30 08:19:45,882] {dag.py:2371} INFO - Sync 1 DAGs
[2022-09-30 08:19:46,011] {logging_mixin.py:115} INFO - [2022-09-30 08:19:46,011] {dag.py:2919} INFO - Setting next_dagrun for example_complex to None, run_after=None
[2022-09-30 08:19:46,023] {processor.py:161} INFO - Processing /home/airflow/.local/lib/python3.7/site-packages/airflow/example_dags/example_complex.py took 0.197 seconds
[2022-09-30 08:20:16,574] {processor.py:153} INFO - Started process (PID=459) to work on /home/airflow/.local/lib/python3.7/site-packages/airflow/example_dags/example_complex.py
[2022-09-30 08:20:16,574] {processor.py:641} INFO - Processing file /home/airflow/.local/lib/python3.7/site-packages/airflow/example_dags/example_complex.py for tasks to queue
[2022-09-30 08:20:16,575] {logging_mixin.py:115} INFO - [2022-09-30 08:20:16,575] {dagbag.py:507} INFO - Filling up the DagBag from /home/airflow/.local/lib/python3.7/site-packages/airflow/example_dags/example_complex.py
[2022-09-30 08:20:16,588] {processor.py:651} INFO - DAG(s) dict_keys(['example_complex']) retrieved from /home/airflow/.local/lib/python3.7/site-packages/airflow/example_dags/example_complex.py
[2022-09-30 08:20:16,621] {logging_mixin.py:115} INFO - [2022-09-30 08:20:16,621] {dag.py:2371} INFO - Sync 1 DAGs
[2022-09-30 08:20:16,765] {logging_mixin.py:115} INFO - [2022-09-30 08:20:16,765] {dag.py:2919} INFO - Setting next_dagrun for example_complex to None, run_after=None
[2022-09-30 08:20:16,776] {processor.py:161} INFO - Processing /home/airflow/.local/lib/python3.7/site-packages/airflow/example_dags/example_complex.py took 0.205 seconds
[2022-09-30 08:20:47,353] {processor.py:153} INFO - Started process (PID=521) to work on /home/airflow/.local/lib/python3.7/site-packages/airflow/example_dags/example_complex.py
[2022-09-30 08:20:47,354] {processor.py:641} INFO - Processing file /home/airflow/.local/lib/python3.7/site-packages/airflow/example_dags/example_complex.py for tasks to queue
[2022-09-30 08:20:47,355] {logging_mixin.py:115} INFO - [2022-09-30 08:20:47,354] {dagbag.py:507} INFO - Filling up the DagBag from /home/airflow/.local/lib/python3.7/site-packages/airflow/example_dags/example_complex.py
[2022-09-30 08:20:47,377] {processor.py:651} INFO - DAG(s) dict_keys(['example_complex']) retrieved from /home/airflow/.local/lib/python3.7/site-packages/airflow/example_dags/example_complex.py
[2022-09-30 08:20:47,419] {logging_mixin.py:115} INFO - [2022-09-30 08:20:47,418] {dag.py:2371} INFO - Sync 1 DAGs
[2022-09-30 08:20:47,600] {logging_mixin.py:115} INFO - [2022-09-30 08:20:47,600] {dag.py:2919} INFO - Setting next_dagrun for example_complex to None, run_after=None
[2022-09-30 08:20:47,612] {processor.py:161} INFO - Processing /home/airflow/.local/lib/python3.7/site-packages/airflow/example_dags/example_complex.py took 0.263 seconds
[2022-09-30 08:21:18,202] {processor.py:153} INFO - Started process (PID=582) to work on /home/airflow/.local/lib/python3.7/site-packages/airflow/example_dags/example_complex.py
[2022-09-30 08:21:18,203] {processor.py:641} INFO - Processing file /home/airflow/.local/lib/python3.7/site-packages/airflow/example_dags/example_complex.py for tasks to queue
[2022-09-30 08:21:18,203] {logging_mixin.py:115} INFO - [2022-09-30 08:21:18,203] {dagbag.py:507} INFO - Filling up the DagBag from /home/airflow/.local/lib/python3.7/site-packages/airflow/example_dags/example_complex.py
[2022-09-30 08:21:18,219] {processor.py:651} INFO - DAG(s) dict_keys(['example_complex']) retrieved from /home/airflow/.local/lib/python3.7/site-packages/airflow/example_dags/example_complex.py
[2022-09-30 08:21:18,257] {logging_mixin.py:115} INFO - [2022-09-30 08:21:18,257] {dag.py:2371} INFO - Sync 1 DAGs
[2022-09-30 08:21:18,420] {logging_mixin.py:115} INFO - [2022-09-30 08:21:18,420] {dag.py:2919} INFO - Setting next_dagrun for example_complex to None, run_after=None
[2022-09-30 08:21:18,433] {processor.py:161} INFO - Processing /home/airflow/.local/lib/python3.7/site-packages/airflow/example_dags/example_complex.py took 0.234 seconds
[2022-09-30 08:21:48,949] {processor.py:153} INFO - Started process (PID=634) to work on /home/airflow/.local/lib/python3.7/site-packages/airflow/example_dags/example_complex.py
[2022-09-30 08:21:48,950] {processor.py:641} INFO - Processing file /home/airflow/.local/lib/python3.7/site-packages/airflow/example_dags/example_complex.py for tasks to queue
[2022-09-30 08:21:48,950] {logging_mixin.py:115} INFO - [2022-09-30 08:21:48,950] {dagbag.py:507} INFO - Filling up the DagBag from /home/airflow/.local/lib/python3.7/site-packages/airflow/example_dags/example_complex.py
[2022-09-30 08:21:48,963] {processor.py:651} INFO - DAG(s) dict_keys(['example_complex']) retrieved from /home/airflow/.local/lib/python3.7/site-packages/airflow/example_dags/example_complex.py
[2022-09-30 08:21:48,996] {logging_mixin.py:115} INFO - [2022-09-30 08:21:48,995] {dag.py:2371} INFO - Sync 1 DAGs
[2022-09-30 08:21:49,147] {logging_mixin.py:115} INFO - [2022-09-30 08:21:49,147] {dag.py:2919} INFO - Setting next_dagrun for example_complex to None, run_after=None
[2022-09-30 08:21:49,161] {processor.py:161} INFO - Processing /home/airflow/.local/lib/python3.7/site-packages/airflow/example_dags/example_complex.py took 0.214 seconds
[2022-09-30 08:22:19,443] {processor.py:153} INFO - Started process (PID=695) to work on /home/airflow/.local/lib/python3.7/site-packages/airflow/example_dags/example_complex.py
[2022-09-30 08:22:19,444] {processor.py:641} INFO - Processing file /home/airflow/.local/lib/python3.7/site-packages/airflow/example_dags/example_complex.py for tasks to queue
[2022-09-30 08:22:19,445] {logging_mixin.py:115} INFO - [2022-09-30 08:22:19,445] {dagbag.py:507} INFO - Filling up the DagBag from /home/airflow/.local/lib/python3.7/site-packages/airflow/example_dags/example_complex.py
[2022-09-30 08:22:19,460] {processor.py:651} INFO - DAG(s) dict_keys(['example_complex']) retrieved from /home/airflow/.local/lib/python3.7/site-packages/airflow/example_dags/example_complex.py
[2022-09-30 08:22:19,493] {logging_mixin.py:115} INFO - [2022-09-30 08:22:19,493] {dag.py:2371} INFO - Sync 1 DAGs
[2022-09-30 08:22:19,650] {logging_mixin.py:115} INFO - [2022-09-30 08:22:19,650] {dag.py:2919} INFO - Setting next_dagrun for example_complex to None, run_after=None
[2022-09-30 08:22:19,662] {processor.py:161} INFO - Processing /home/airflow/.local/lib/python3.7/site-packages/airflow/example_dags/example_complex.py took 0.222 seconds
[2022-09-30 08:22:49,890] {processor.py:153} INFO - Started process (PID=756) to work on /home/airflow/.local/lib/python3.7/site-packages/airflow/example_dags/example_complex.py
[2022-09-30 08:22:49,891] {processor.py:641} INFO - Processing file /home/airflow/.local/lib/python3.7/site-packages/airflow/example_dags/example_complex.py for tasks to queue
[2022-09-30 08:22:49,892] {logging_mixin.py:115} INFO - [2022-09-30 08:22:49,891] {dagbag.py:507} INFO - Filling up the DagBag from /home/airflow/.local/lib/python3.7/site-packages/airflow/example_dags/example_complex.py
[2022-09-30 08:22:49,906] {processor.py:651} INFO - DAG(s) dict_keys(['example_complex']) retrieved from /home/airflow/.local/lib/python3.7/site-packages/airflow/example_dags/example_complex.py
[2022-09-30 08:22:49,943] {logging_mixin.py:115} INFO - [2022-09-30 08:22:49,943] {dag.py:2371} INFO - Sync 1 DAGs
[2022-09-30 08:22:50,082] {logging_mixin.py:115} INFO - [2022-09-30 08:22:50,082] {dag.py:2919} INFO - Setting next_dagrun for example_complex to None, run_after=None
[2022-09-30 08:22:50,095] {processor.py:161} INFO - Processing /home/airflow/.local/lib/python3.7/site-packages/airflow/example_dags/example_complex.py took 0.208 seconds
[2022-09-30 08:23:20,675] {processor.py:153} INFO - Started process (PID=808) to work on /home/airflow/.local/lib/python3.7/site-packages/airflow/example_dags/example_complex.py
[2022-09-30 08:23:20,676] {processor.py:641} INFO - Processing file /home/airflow/.local/lib/python3.7/site-packages/airflow/example_dags/example_complex.py for tasks to queue
[2022-09-30 08:23:20,677] {logging_mixin.py:115} INFO - [2022-09-30 08:23:20,677] {dagbag.py:507} INFO - Filling up the DagBag from /home/airflow/.local/lib/python3.7/site-packages/airflow/example_dags/example_complex.py
[2022-09-30 08:23:20,689] {processor.py:651} INFO - DAG(s) dict_keys(['example_complex']) retrieved from /home/airflow/.local/lib/python3.7/site-packages/airflow/example_dags/example_complex.py
[2022-09-30 08:23:20,720] {logging_mixin.py:115} INFO - [2022-09-30 08:23:20,720] {dag.py:2371} INFO - Sync 1 DAGs
[2022-09-30 08:23:20,834] {logging_mixin.py:115} INFO - [2022-09-30 08:23:20,833] {dag.py:2919} INFO - Setting next_dagrun for example_complex to None, run_after=None
[2022-09-30 08:23:20,844] {processor.py:161} INFO - Processing /home/airflow/.local/lib/python3.7/site-packages/airflow/example_dags/example_complex.py took 0.171 seconds
[2022-09-30 08:23:50,966] {processor.py:153} INFO - Started process (PID=869) to work on /home/airflow/.local/lib/python3.7/site-packages/airflow/example_dags/example_complex.py
[2022-09-30 08:23:50,967] {processor.py:641} INFO - Processing file /home/airflow/.local/lib/python3.7/site-packages/airflow/example_dags/example_complex.py for tasks to queue
[2022-09-30 08:23:50,968] {logging_mixin.py:115} INFO - [2022-09-30 08:23:50,967] {dagbag.py:507} INFO - Filling up the DagBag from /home/airflow/.local/lib/python3.7/site-packages/airflow/example_dags/example_complex.py
[2022-09-30 08:23:50,980] {processor.py:651} INFO - DAG(s) dict_keys(['example_complex']) retrieved from /home/airflow/.local/lib/python3.7/site-packages/airflow/example_dags/example_complex.py
[2022-09-30 08:23:51,010] {logging_mixin.py:115} INFO - [2022-09-30 08:23:51,010] {dag.py:2371} INFO - Sync 1 DAGs
[2022-09-30 08:23:51,133] {logging_mixin.py:115} INFO - [2022-09-30 08:23:51,133] {dag.py:2919} INFO - Setting next_dagrun for example_complex to None, run_after=None
[2022-09-30 08:23:51,145] {processor.py:161} INFO - Processing /home/airflow/.local/lib/python3.7/site-packages/airflow/example_dags/example_complex.py took 0.182 seconds
[2022-09-30 08:24:21,732] {processor.py:153} INFO - Started process (PID=930) to work on /home/airflow/.local/lib/python3.7/site-packages/airflow/example_dags/example_complex.py
[2022-09-30 08:24:21,733] {processor.py:641} INFO - Processing file /home/airflow/.local/lib/python3.7/site-packages/airflow/example_dags/example_complex.py for tasks to queue
[2022-09-30 08:24:21,733] {logging_mixin.py:115} INFO - [2022-09-30 08:24:21,733] {dagbag.py:507} INFO - Filling up the DagBag from /home/airflow/.local/lib/python3.7/site-packages/airflow/example_dags/example_complex.py
[2022-09-30 08:24:21,746] {processor.py:651} INFO - DAG(s) dict_keys(['example_complex']) retrieved from /home/airflow/.local/lib/python3.7/site-packages/airflow/example_dags/example_complex.py
[2022-09-30 08:24:21,778] {logging_mixin.py:115} INFO - [2022-09-30 08:24:21,778] {dag.py:2371} INFO - Sync 1 DAGs
[2022-09-30 08:24:21,898] {logging_mixin.py:115} INFO - [2022-09-30 08:24:21,898] {dag.py:2919} INFO - Setting next_dagrun for example_complex to None, run_after=None
[2022-09-30 08:24:21,909] {processor.py:161} INFO - Processing /home/airflow/.local/lib/python3.7/site-packages/airflow/example_dags/example_complex.py took 0.180 seconds
[2022-09-30 08:24:52,127] {processor.py:153} INFO - Started process (PID=982) to work on /home/airflow/.local/lib/python3.7/site-packages/airflow/example_dags/example_complex.py
[2022-09-30 08:24:52,127] {processor.py:641} INFO - Processing file /home/airflow/.local/lib/python3.7/site-packages/airflow/example_dags/example_complex.py for tasks to queue
[2022-09-30 08:24:52,128] {logging_mixin.py:115} INFO - [2022-09-30 08:24:52,128] {dagbag.py:507} INFO - Filling up the DagBag from /home/airflow/.local/lib/python3.7/site-packages/airflow/example_dags/example_complex.py
[2022-09-30 08:24:52,141] {processor.py:651} INFO - DAG(s) dict_keys(['example_complex']) retrieved from /home/airflow/.local/lib/python3.7/site-packages/airflow/example_dags/example_complex.py
[2022-09-30 08:24:52,183] {logging_mixin.py:115} INFO - [2022-09-30 08:24:52,182] {dag.py:2371} INFO - Sync 1 DAGs
[2022-09-30 08:24:52,318] {logging_mixin.py:115} INFO - [2022-09-30 08:24:52,318] {dag.py:2919} INFO - Setting next_dagrun for example_complex to None, run_after=None
[2022-09-30 08:24:52,330] {processor.py:161} INFO - Processing /home/airflow/.local/lib/python3.7/site-packages/airflow/example_dags/example_complex.py took 0.208 seconds
[2022-09-30 08:25:22,949] {processor.py:153} INFO - Started process (PID=1043) to work on /home/airflow/.local/lib/python3.7/site-packages/airflow/example_dags/example_complex.py
[2022-09-30 08:25:22,950] {processor.py:641} INFO - Processing file /home/airflow/.local/lib/python3.7/site-packages/airflow/example_dags/example_complex.py for tasks to queue
[2022-09-30 08:25:22,951] {logging_mixin.py:115} INFO - [2022-09-30 08:25:22,951] {dagbag.py:507} INFO - Filling up the DagBag from /home/airflow/.local/lib/python3.7/site-packages/airflow/example_dags/example_complex.py
[2022-09-30 08:25:22,966] {processor.py:651} INFO - DAG(s) dict_keys(['example_complex']) retrieved from /home/airflow/.local/lib/python3.7/site-packages/airflow/example_dags/example_complex.py
[2022-09-30 08:25:23,001] {logging_mixin.py:115} INFO - [2022-09-30 08:25:23,001] {dag.py:2371} INFO - Sync 1 DAGs
[2022-09-30 08:25:23,124] {logging_mixin.py:115} INFO - [2022-09-30 08:25:23,123] {dag.py:2919} INFO - Setting next_dagrun for example_complex to None, run_after=None
[2022-09-30 08:25:23,139] {processor.py:161} INFO - Processing /home/airflow/.local/lib/python3.7/site-packages/airflow/example_dags/example_complex.py took 0.193 seconds
[2022-09-30 08:25:53,736] {processor.py:153} INFO - Started process (PID=1104) to work on /home/airflow/.local/lib/python3.7/site-packages/airflow/example_dags/example_complex.py
[2022-09-30 08:25:53,737] {processor.py:641} INFO - Processing file /home/airflow/.local/lib/python3.7/site-packages/airflow/example_dags/example_complex.py for tasks to queue
[2022-09-30 08:25:53,738] {logging_mixin.py:115} INFO - [2022-09-30 08:25:53,737] {dagbag.py:507} INFO - Filling up the DagBag from /home/airflow/.local/lib/python3.7/site-packages/airflow/example_dags/example_complex.py
[2022-09-30 08:25:53,765] {processor.py:651} INFO - DAG(s) dict_keys(['example_complex']) retrieved from /home/airflow/.local/lib/python3.7/site-packages/airflow/example_dags/example_complex.py
[2022-09-30 08:25:53,811] {logging_mixin.py:115} INFO - [2022-09-30 08:25:53,811] {dag.py:2371} INFO - Sync 1 DAGs
[2022-09-30 08:25:53,955] {logging_mixin.py:115} INFO - [2022-09-30 08:25:53,955] {dag.py:2919} INFO - Setting next_dagrun for example_complex to None, run_after=None
[2022-09-30 08:25:53,974] {processor.py:161} INFO - Processing /home/airflow/.local/lib/python3.7/site-packages/airflow/example_dags/example_complex.py took 0.242 seconds
[2022-09-30 08:26:24,562] {processor.py:153} INFO - Started process (PID=1156) to work on /home/airflow/.local/lib/python3.7/site-packages/airflow/example_dags/example_complex.py
[2022-09-30 08:26:24,563] {processor.py:641} INFO - Processing file /home/airflow/.local/lib/python3.7/site-packages/airflow/example_dags/example_complex.py for tasks to queue
[2022-09-30 08:26:24,564] {logging_mixin.py:115} INFO - [2022-09-30 08:26:24,564] {dagbag.py:507} INFO - Filling up the DagBag from /home/airflow/.local/lib/python3.7/site-packages/airflow/example_dags/example_complex.py
[2022-09-30 08:26:24,576] {processor.py:651} INFO - DAG(s) dict_keys(['example_complex']) retrieved from /home/airflow/.local/lib/python3.7/site-packages/airflow/example_dags/example_complex.py
[2022-09-30 08:26:24,609] {logging_mixin.py:115} INFO - [2022-09-30 08:26:24,609] {dag.py:2371} INFO - Sync 1 DAGs
[2022-09-30 08:26:24,735] {logging_mixin.py:115} INFO - [2022-09-30 08:26:24,735] {dag.py:2919} INFO - Setting next_dagrun for example_complex to None, run_after=None
[2022-09-30 08:26:24,747] {processor.py:161} INFO - Processing /home/airflow/.local/lib/python3.7/site-packages/airflow/example_dags/example_complex.py took 0.187 seconds
[2022-09-30 08:26:54,868] {processor.py:153} INFO - Started process (PID=1217) to work on /home/airflow/.local/lib/python3.7/site-packages/airflow/example_dags/example_complex.py
[2022-09-30 08:26:54,869] {processor.py:641} INFO - Processing file /home/airflow/.local/lib/python3.7/site-packages/airflow/example_dags/example_complex.py for tasks to queue
[2022-09-30 08:26:54,869] {logging_mixin.py:115} INFO - [2022-09-30 08:26:54,869] {dagbag.py:507} INFO - Filling up the DagBag from /home/airflow/.local/lib/python3.7/site-packages/airflow/example_dags/example_complex.py
[2022-09-30 08:26:54,884] {processor.py:651} INFO - DAG(s) dict_keys(['example_complex']) retrieved from /home/airflow/.local/lib/python3.7/site-packages/airflow/example_dags/example_complex.py
[2022-09-30 08:26:54,912] {logging_mixin.py:115} INFO - [2022-09-30 08:26:54,912] {dag.py:2371} INFO - Sync 1 DAGs
[2022-09-30 08:26:54,933] {logging_mixin.py:115} INFO - [2022-09-30 08:26:54,933] {dag.py:2919} INFO - Setting next_dagrun for example_complex to None, run_after=None
[2022-09-30 08:26:54,945] {processor.py:161} INFO - Processing /home/airflow/.local/lib/python3.7/site-packages/airflow/example_dags/example_complex.py took 0.079 seconds
[2022-09-30 08:27:25,134] {processor.py:153} INFO - Started process (PID=1278) to work on /home/airflow/.local/lib/python3.7/site-packages/airflow/example_dags/example_complex.py
[2022-09-30 08:27:25,135] {processor.py:641} INFO - Processing file /home/airflow/.local/lib/python3.7/site-packages/airflow/example_dags/example_complex.py for tasks to queue
[2022-09-30 08:27:25,136] {logging_mixin.py:115} INFO - [2022-09-30 08:27:25,136] {dagbag.py:507} INFO - Filling up the DagBag from /home/airflow/.local/lib/python3.7/site-packages/airflow/example_dags/example_complex.py
[2022-09-30 08:27:25,151] {processor.py:651} INFO - DAG(s) dict_keys(['example_complex']) retrieved from /home/airflow/.local/lib/python3.7/site-packages/airflow/example_dags/example_complex.py
[2022-09-30 08:27:25,180] {logging_mixin.py:115} INFO - [2022-09-30 08:27:25,180] {dag.py:2371} INFO - Sync 1 DAGs
[2022-09-30 08:27:25,200] {logging_mixin.py:115} INFO - [2022-09-30 08:27:25,200] {dag.py:2919} INFO - Setting next_dagrun for example_complex to None, run_after=None
[2022-09-30 08:27:25,212] {processor.py:161} INFO - Processing /home/airflow/.local/lib/python3.7/site-packages/airflow/example_dags/example_complex.py took 0.081 seconds
[2022-09-30 08:27:56,025] {processor.py:153} INFO - Started process (PID=1330) to work on /home/airflow/.local/lib/python3.7/site-packages/airflow/example_dags/example_complex.py
[2022-09-30 08:27:56,026] {processor.py:641} INFO - Processing file /home/airflow/.local/lib/python3.7/site-packages/airflow/example_dags/example_complex.py for tasks to queue
[2022-09-30 08:27:56,027] {logging_mixin.py:115} INFO - [2022-09-30 08:27:56,027] {dagbag.py:507} INFO - Filling up the DagBag from /home/airflow/.local/lib/python3.7/site-packages/airflow/example_dags/example_complex.py
[2022-09-30 08:27:56,042] {processor.py:651} INFO - DAG(s) dict_keys(['example_complex']) retrieved from /home/airflow/.local/lib/python3.7/site-packages/airflow/example_dags/example_complex.py
[2022-09-30 08:27:56,071] {logging_mixin.py:115} INFO - [2022-09-30 08:27:56,071] {dag.py:2371} INFO - Sync 1 DAGs
[2022-09-30 08:27:56,091] {logging_mixin.py:115} INFO - [2022-09-30 08:27:56,091] {dag.py:2919} INFO - Setting next_dagrun for example_complex to None, run_after=None
[2022-09-30 08:27:56,103] {processor.py:161} INFO - Processing /home/airflow/.local/lib/python3.7/site-packages/airflow/example_dags/example_complex.py took 0.081 seconds
[2022-09-30 08:28:26,939] {processor.py:153} INFO - Started process (PID=1391) to work on /home/airflow/.local/lib/python3.7/site-packages/airflow/example_dags/example_complex.py
[2022-09-30 08:28:26,941] {processor.py:641} INFO - Processing file /home/airflow/.local/lib/python3.7/site-packages/airflow/example_dags/example_complex.py for tasks to queue
[2022-09-30 08:28:26,942] {logging_mixin.py:115} INFO - [2022-09-30 08:28:26,942] {dagbag.py:507} INFO - Filling up the DagBag from /home/airflow/.local/lib/python3.7/site-packages/airflow/example_dags/example_complex.py
[2022-09-30 08:28:26,963] {processor.py:651} INFO - DAG(s) dict_keys(['example_complex']) retrieved from /home/airflow/.local/lib/python3.7/site-packages/airflow/example_dags/example_complex.py
[2022-09-30 08:28:26,991] {logging_mixin.py:115} INFO - [2022-09-30 08:28:26,991] {dag.py:2371} INFO - Sync 1 DAGs
[2022-09-30 08:28:27,011] {logging_mixin.py:115} INFO - [2022-09-30 08:28:27,011] {dag.py:2919} INFO - Setting next_dagrun for example_complex to None, run_after=None
[2022-09-30 08:28:27,024] {processor.py:161} INFO - Processing /home/airflow/.local/lib/python3.7/site-packages/airflow/example_dags/example_complex.py took 0.091 seconds
[2022-09-30 08:28:57,847] {processor.py:153} INFO - Started process (PID=1453) to work on /home/airflow/.local/lib/python3.7/site-packages/airflow/example_dags/example_complex.py
[2022-09-30 08:28:57,848] {processor.py:641} INFO - Processing file /home/airflow/.local/lib/python3.7/site-packages/airflow/example_dags/example_complex.py for tasks to queue
[2022-09-30 08:28:57,848] {logging_mixin.py:115} INFO - [2022-09-30 08:28:57,848] {dagbag.py:507} INFO - Filling up the DagBag from /home/airflow/.local/lib/python3.7/site-packages/airflow/example_dags/example_complex.py
[2022-09-30 08:28:57,863] {processor.py:651} INFO - DAG(s) dict_keys(['example_complex']) retrieved from /home/airflow/.local/lib/python3.7/site-packages/airflow/example_dags/example_complex.py
[2022-09-30 08:28:57,891] {logging_mixin.py:115} INFO - [2022-09-30 08:28:57,891] {dag.py:2371} INFO - Sync 1 DAGs
[2022-09-30 08:28:57,910] {logging_mixin.py:115} INFO - [2022-09-30 08:28:57,910] {dag.py:2919} INFO - Setting next_dagrun for example_complex to None, run_after=None
[2022-09-30 08:28:57,921] {processor.py:161} INFO - Processing /home/airflow/.local/lib/python3.7/site-packages/airflow/example_dags/example_complex.py took 0.077 seconds
[2022-09-30 08:29:28,646] {processor.py:153} INFO - Started process (PID=1514) to work on /home/airflow/.local/lib/python3.7/site-packages/airflow/example_dags/example_complex.py
[2022-09-30 08:29:28,647] {processor.py:641} INFO - Processing file /home/airflow/.local/lib/python3.7/site-packages/airflow/example_dags/example_complex.py for tasks to queue
[2022-09-30 08:29:28,647] {logging_mixin.py:115} INFO - [2022-09-30 08:29:28,647] {dagbag.py:507} INFO - Filling up the DagBag from /home/airflow/.local/lib/python3.7/site-packages/airflow/example_dags/example_complex.py
[2022-09-30 08:29:28,672] {processor.py:651} INFO - DAG(s) dict_keys(['example_complex']) retrieved from /home/airflow/.local/lib/python3.7/site-packages/airflow/example_dags/example_complex.py
[2022-09-30 08:29:28,706] {logging_mixin.py:115} INFO - [2022-09-30 08:29:28,706] {dag.py:2371} INFO - Sync 1 DAGs
[2022-09-30 08:29:28,730] {logging_mixin.py:115} INFO - [2022-09-30 08:29:28,730] {dag.py:2919} INFO - Setting next_dagrun for example_complex to None, run_after=None
[2022-09-30 08:29:28,747] {processor.py:161} INFO - Processing /home/airflow/.local/lib/python3.7/site-packages/airflow/example_dags/example_complex.py took 0.104 seconds
[2022-09-30 08:29:59,455] {processor.py:153} INFO - Started process (PID=1566) to work on /home/airflow/.local/lib/python3.7/site-packages/airflow/example_dags/example_complex.py
[2022-09-30 08:29:59,456] {processor.py:641} INFO - Processing file /home/airflow/.local/lib/python3.7/site-packages/airflow/example_dags/example_complex.py for tasks to queue
[2022-09-30 08:29:59,456] {logging_mixin.py:115} INFO - [2022-09-30 08:29:59,456] {dagbag.py:507} INFO - Filling up the DagBag from /home/airflow/.local/lib/python3.7/site-packages/airflow/example_dags/example_complex.py
[2022-09-30 08:29:59,471] {processor.py:651} INFO - DAG(s) dict_keys(['example_complex']) retrieved from /home/airflow/.local/lib/python3.7/site-packages/airflow/example_dags/example_complex.py
[2022-09-30 08:29:59,501] {logging_mixin.py:115} INFO - [2022-09-30 08:29:59,500] {dag.py:2371} INFO - Sync 1 DAGs
[2022-09-30 08:29:59,520] {logging_mixin.py:115} INFO - [2022-09-30 08:29:59,520] {dag.py:2919} INFO - Setting next_dagrun for example_complex to None, run_after=None
[2022-09-30 08:29:59,535] {processor.py:161} INFO - Processing /home/airflow/.local/lib/python3.7/site-packages/airflow/example_dags/example_complex.py took 0.082 seconds
[2022-09-30 08:30:30,460] {processor.py:153} INFO - Started process (PID=1628) to work on /home/airflow/.local/lib/python3.7/site-packages/airflow/example_dags/example_complex.py
[2022-09-30 08:30:30,461] {processor.py:641} INFO - Processing file /home/airflow/.local/lib/python3.7/site-packages/airflow/example_dags/example_complex.py for tasks to queue
[2022-09-30 08:30:30,462] {logging_mixin.py:115} INFO - [2022-09-30 08:30:30,462] {dagbag.py:507} INFO - Filling up the DagBag from /home/airflow/.local/lib/python3.7/site-packages/airflow/example_dags/example_complex.py
[2022-09-30 08:30:30,478] {processor.py:651} INFO - DAG(s) dict_keys(['example_complex']) retrieved from /home/airflow/.local/lib/python3.7/site-packages/airflow/example_dags/example_complex.py
[2022-09-30 08:30:30,567] {logging_mixin.py:115} INFO - [2022-09-30 08:30:30,567] {dag.py:2371} INFO - Sync 1 DAGs
[2022-09-30 08:30:30,589] {logging_mixin.py:115} INFO - [2022-09-30 08:30:30,589] {dag.py:2919} INFO - Setting next_dagrun for example_complex to None, run_after=None
[2022-09-30 08:30:30,599] {processor.py:161} INFO - Processing /home/airflow/.local/lib/python3.7/site-packages/airflow/example_dags/example_complex.py took 0.146 seconds
[2022-09-30 08:31:00,630] {processor.py:153} INFO - Started process (PID=1688) to work on /home/airflow/.local/lib/python3.7/site-packages/airflow/example_dags/example_complex.py
[2022-09-30 08:31:00,631] {processor.py:641} INFO - Processing file /home/airflow/.local/lib/python3.7/site-packages/airflow/example_dags/example_complex.py for tasks to queue
[2022-09-30 08:31:00,631] {logging_mixin.py:115} INFO - [2022-09-30 08:31:00,631] {dagbag.py:507} INFO - Filling up the DagBag from /home/airflow/.local/lib/python3.7/site-packages/airflow/example_dags/example_complex.py
[2022-09-30 08:31:00,648] {processor.py:651} INFO - DAG(s) dict_keys(['example_complex']) retrieved from /home/airflow/.local/lib/python3.7/site-packages/airflow/example_dags/example_complex.py
[2022-09-30 08:31:00,680] {logging_mixin.py:115} INFO - [2022-09-30 08:31:00,680] {dag.py:2371} INFO - Sync 1 DAGs
[2022-09-30 08:31:00,705] {logging_mixin.py:115} INFO - [2022-09-30 08:31:00,705] {dag.py:2919} INFO - Setting next_dagrun for example_complex to None, run_after=None
[2022-09-30 08:31:00,720] {processor.py:161} INFO - Processing /home/airflow/.local/lib/python3.7/site-packages/airflow/example_dags/example_complex.py took 0.093 seconds
[2022-09-30 08:31:30,857] {processor.py:153} INFO - Started process (PID=1740) to work on /home/airflow/.local/lib/python3.7/site-packages/airflow/example_dags/example_complex.py
[2022-09-30 08:31:30,858] {processor.py:641} INFO - Processing file /home/airflow/.local/lib/python3.7/site-packages/airflow/example_dags/example_complex.py for tasks to queue
[2022-09-30 08:31:30,858] {logging_mixin.py:115} INFO - [2022-09-30 08:31:30,858] {dagbag.py:507} INFO - Filling up the DagBag from /home/airflow/.local/lib/python3.7/site-packages/airflow/example_dags/example_complex.py
[2022-09-30 08:31:30,873] {processor.py:651} INFO - DAG(s) dict_keys(['example_complex']) retrieved from /home/airflow/.local/lib/python3.7/site-packages/airflow/example_dags/example_complex.py
[2022-09-30 08:31:30,901] {logging_mixin.py:115} INFO - [2022-09-30 08:31:30,901] {dag.py:2371} INFO - Sync 1 DAGs
[2022-09-30 08:31:30,920] {logging_mixin.py:115} INFO - [2022-09-30 08:31:30,920] {dag.py:2919} INFO - Setting next_dagrun for example_complex to None, run_after=None
[2022-09-30 08:31:30,931] {processor.py:161} INFO - Processing /home/airflow/.local/lib/python3.7/site-packages/airflow/example_dags/example_complex.py took 0.077 seconds
[2022-09-30 08:32:01,130] {processor.py:153} INFO - Started process (PID=1801) to work on /home/airflow/.local/lib/python3.7/site-packages/airflow/example_dags/example_complex.py
[2022-09-30 08:32:01,131] {processor.py:641} INFO - Processing file /home/airflow/.local/lib/python3.7/site-packages/airflow/example_dags/example_complex.py for tasks to queue
[2022-09-30 08:32:01,133] {logging_mixin.py:115} INFO - [2022-09-30 08:32:01,133] {dagbag.py:507} INFO - Filling up the DagBag from /home/airflow/.local/lib/python3.7/site-packages/airflow/example_dags/example_complex.py
[2022-09-30 08:32:01,267] {processor.py:651} INFO - DAG(s) dict_keys(['example_complex']) retrieved from /home/airflow/.local/lib/python3.7/site-packages/airflow/example_dags/example_complex.py
[2022-09-30 08:32:01,290] {logging_mixin.py:115} INFO - [2022-09-30 08:32:01,290] {dag.py:2371} INFO - Sync 1 DAGs
[2022-09-30 08:32:01,307] {logging_mixin.py:115} INFO - [2022-09-30 08:32:01,307] {dag.py:2919} INFO - Setting next_dagrun for example_complex to None, run_after=None
[2022-09-30 08:32:01,317] {processor.py:161} INFO - Processing /home/airflow/.local/lib/python3.7/site-packages/airflow/example_dags/example_complex.py took 0.195 seconds
[2022-09-30 08:32:31,451] {processor.py:153} INFO - Started process (PID=1862) to work on /home/airflow/.local/lib/python3.7/site-packages/airflow/example_dags/example_complex.py
[2022-09-30 08:32:31,452] {processor.py:641} INFO - Processing file /home/airflow/.local/lib/python3.7/site-packages/airflow/example_dags/example_complex.py for tasks to queue
[2022-09-30 08:32:31,453] {logging_mixin.py:115} INFO - [2022-09-30 08:32:31,453] {dagbag.py:507} INFO - Filling up the DagBag from /home/airflow/.local/lib/python3.7/site-packages/airflow/example_dags/example_complex.py
[2022-09-30 08:32:31,592] {processor.py:651} INFO - DAG(s) dict_keys(['example_complex']) retrieved from /home/airflow/.local/lib/python3.7/site-packages/airflow/example_dags/example_complex.py
[2022-09-30 08:32:31,617] {logging_mixin.py:115} INFO - [2022-09-30 08:32:31,617] {dag.py:2371} INFO - Sync 1 DAGs
[2022-09-30 08:32:31,635] {logging_mixin.py:115} INFO - [2022-09-30 08:32:31,635] {dag.py:2919} INFO - Setting next_dagrun for example_complex to None, run_after=None
[2022-09-30 08:32:31,646] {processor.py:161} INFO - Processing /home/airflow/.local/lib/python3.7/site-packages/airflow/example_dags/example_complex.py took 0.197 seconds
[2022-09-30 08:33:01,858] {processor.py:153} INFO - Started process (PID=1914) to work on /home/airflow/.local/lib/python3.7/site-packages/airflow/example_dags/example_complex.py
[2022-09-30 08:33:01,858] {processor.py:641} INFO - Processing file /home/airflow/.local/lib/python3.7/site-packages/airflow/example_dags/example_complex.py for tasks to queue
[2022-09-30 08:33:01,859] {logging_mixin.py:115} INFO - [2022-09-30 08:33:01,859] {dagbag.py:507} INFO - Filling up the DagBag from /home/airflow/.local/lib/python3.7/site-packages/airflow/example_dags/example_complex.py
[2022-09-30 08:33:01,977] {processor.py:651} INFO - DAG(s) dict_keys(['example_complex']) retrieved from /home/airflow/.local/lib/python3.7/site-packages/airflow/example_dags/example_complex.py
[2022-09-30 08:33:02,005] {logging_mixin.py:115} INFO - [2022-09-30 08:33:02,005] {dag.py:2371} INFO - Sync 1 DAGs
[2022-09-30 08:33:02,027] {logging_mixin.py:115} INFO - [2022-09-30 08:33:02,027] {dag.py:2919} INFO - Setting next_dagrun for example_complex to None, run_after=None
[2022-09-30 08:33:02,039] {processor.py:161} INFO - Processing /home/airflow/.local/lib/python3.7/site-packages/airflow/example_dags/example_complex.py took 0.186 seconds
[2022-09-30 08:33:32,573] {processor.py:153} INFO - Started process (PID=1975) to work on /home/airflow/.local/lib/python3.7/site-packages/airflow/example_dags/example_complex.py
[2022-09-30 08:33:32,575] {processor.py:641} INFO - Processing file /home/airflow/.local/lib/python3.7/site-packages/airflow/example_dags/example_complex.py for tasks to queue
[2022-09-30 08:33:32,578] {logging_mixin.py:115} INFO - [2022-09-30 08:33:32,577] {dagbag.py:507} INFO - Filling up the DagBag from /home/airflow/.local/lib/python3.7/site-packages/airflow/example_dags/example_complex.py
[2022-09-30 08:33:32,714] {processor.py:651} INFO - DAG(s) dict_keys(['example_complex']) retrieved from /home/airflow/.local/lib/python3.7/site-packages/airflow/example_dags/example_complex.py
[2022-09-30 08:33:32,738] {logging_mixin.py:115} INFO - [2022-09-30 08:33:32,738] {dag.py:2371} INFO - Sync 1 DAGs
[2022-09-30 08:33:32,759] {logging_mixin.py:115} INFO - [2022-09-30 08:33:32,759] {dag.py:2919} INFO - Setting next_dagrun for example_complex to None, run_after=None
[2022-09-30 08:33:32,769] {processor.py:161} INFO - Processing /home/airflow/.local/lib/python3.7/site-packages/airflow/example_dags/example_complex.py took 0.208 seconds
[2022-09-30 08:34:03,006] {processor.py:153} INFO - Started process (PID=2036) to work on /home/airflow/.local/lib/python3.7/site-packages/airflow/example_dags/example_complex.py
[2022-09-30 08:34:03,006] {processor.py:641} INFO - Processing file /home/airflow/.local/lib/python3.7/site-packages/airflow/example_dags/example_complex.py for tasks to queue
[2022-09-30 08:34:03,007] {logging_mixin.py:115} INFO - [2022-09-30 08:34:03,007] {dagbag.py:507} INFO - Filling up the DagBag from /home/airflow/.local/lib/python3.7/site-packages/airflow/example_dags/example_complex.py
[2022-09-30 08:34:03,169] {processor.py:651} INFO - DAG(s) dict_keys(['example_complex']) retrieved from /home/airflow/.local/lib/python3.7/site-packages/airflow/example_dags/example_complex.py
[2022-09-30 08:34:03,204] {logging_mixin.py:115} INFO - [2022-09-30 08:34:03,204] {dag.py:2371} INFO - Sync 1 DAGs
[2022-09-30 08:34:03,234] {logging_mixin.py:115} INFO - [2022-09-30 08:34:03,234] {dag.py:2919} INFO - Setting next_dagrun for example_complex to None, run_after=None
[2022-09-30 08:34:03,259] {processor.py:161} INFO - Processing /home/airflow/.local/lib/python3.7/site-packages/airflow/example_dags/example_complex.py took 0.256 seconds
[2022-09-30 08:34:33,455] {processor.py:153} INFO - Started process (PID=2089) to work on /home/airflow/.local/lib/python3.7/site-packages/airflow/example_dags/example_complex.py
[2022-09-30 08:34:33,456] {processor.py:641} INFO - Processing file /home/airflow/.local/lib/python3.7/site-packages/airflow/example_dags/example_complex.py for tasks to queue
[2022-09-30 08:34:33,457] {logging_mixin.py:115} INFO - [2022-09-30 08:34:33,456] {dagbag.py:507} INFO - Filling up the DagBag from /home/airflow/.local/lib/python3.7/site-packages/airflow/example_dags/example_complex.py
[2022-09-30 08:34:33,593] {processor.py:651} INFO - DAG(s) dict_keys(['example_complex']) retrieved from /home/airflow/.local/lib/python3.7/site-packages/airflow/example_dags/example_complex.py
[2022-09-30 08:34:33,616] {logging_mixin.py:115} INFO - [2022-09-30 08:34:33,616] {dag.py:2371} INFO - Sync 1 DAGs
[2022-09-30 08:34:33,634] {logging_mixin.py:115} INFO - [2022-09-30 08:34:33,634] {dag.py:2919} INFO - Setting next_dagrun for example_complex to None, run_after=None
[2022-09-30 08:34:33,645] {processor.py:161} INFO - Processing /home/airflow/.local/lib/python3.7/site-packages/airflow/example_dags/example_complex.py took 0.193 seconds
[2022-09-30 08:35:03,792] {processor.py:153} INFO - Started process (PID=2150) to work on /home/airflow/.local/lib/python3.7/site-packages/airflow/example_dags/example_complex.py
[2022-09-30 08:35:03,793] {processor.py:641} INFO - Processing file /home/airflow/.local/lib/python3.7/site-packages/airflow/example_dags/example_complex.py for tasks to queue
[2022-09-30 08:35:03,793] {logging_mixin.py:115} INFO - [2022-09-30 08:35:03,793] {dagbag.py:507} INFO - Filling up the DagBag from /home/airflow/.local/lib/python3.7/site-packages/airflow/example_dags/example_complex.py
[2022-09-30 08:35:03,921] {processor.py:651} INFO - DAG(s) dict_keys(['example_complex']) retrieved from /home/airflow/.local/lib/python3.7/site-packages/airflow/example_dags/example_complex.py
[2022-09-30 08:35:03,944] {logging_mixin.py:115} INFO - [2022-09-30 08:35:03,944] {dag.py:2371} INFO - Sync 1 DAGs
[2022-09-30 08:35:03,961] {logging_mixin.py:115} INFO - [2022-09-30 08:35:03,961] {dag.py:2919} INFO - Setting next_dagrun for example_complex to None, run_after=None
[2022-09-30 08:35:03,974] {processor.py:161} INFO - Processing /home/airflow/.local/lib/python3.7/site-packages/airflow/example_dags/example_complex.py took 0.185 seconds
