[2022-09-30 08:15:07,347] {processor.py:153} INFO - Started process (PID=54) to work on /home/airflow/.local/lib/python3.7/site-packages/airflow/example_dags/example_branch_labels.py
[2022-09-30 08:15:07,349] {processor.py:641} INFO - Processing file /home/airflow/.local/lib/python3.7/site-packages/airflow/example_dags/example_branch_labels.py for tasks to queue
[2022-09-30 08:15:07,350] {logging_mixin.py:115} INFO - [2022-09-30 08:15:07,349] {dagbag.py:507} INFO - Filling up the DagBag from /home/airflow/.local/lib/python3.7/site-packages/airflow/example_dags/example_branch_labels.py
[2022-09-30 08:15:07,362] {processor.py:651} INFO - DAG(s) dict_keys(['example_branch_labels']) retrieved from /home/airflow/.local/lib/python3.7/site-packages/airflow/example_dags/example_branch_labels.py
[2022-09-30 08:15:07,743] {logging_mixin.py:115} INFO - [2022-09-30 08:15:07,743] {manager.py:508} INFO - Created Permission View: can delete on DAG:example_branch_labels
[2022-09-30 08:15:07,782] {logging_mixin.py:115} INFO - [2022-09-30 08:15:07,782] {manager.py:508} INFO - Created Permission View: can edit on DAG:example_branch_labels
[2022-09-30 08:15:07,799] {logging_mixin.py:115} INFO - [2022-09-30 08:15:07,799] {manager.py:508} INFO - Created Permission View: can read on DAG:example_branch_labels
[2022-09-30 08:15:07,800] {logging_mixin.py:115} INFO - [2022-09-30 08:15:07,800] {dag.py:2371} INFO - Sync 1 DAGs
[2022-09-30 08:15:07,813] {logging_mixin.py:115} INFO - [2022-09-30 08:15:07,812] {dag.py:2390} INFO - Creating ORM DAG for example_branch_labels
[2022-09-30 08:15:07,833] {logging_mixin.py:115} INFO - [2022-09-30 08:15:07,832] {dag.py:2919} INFO - Setting next_dagrun for example_branch_labels to 2022-09-29T00:00:00+00:00, run_after=2022-09-30T00:00:00+00:00
[2022-09-30 08:15:07,851] {processor.py:161} INFO - Processing /home/airflow/.local/lib/python3.7/site-packages/airflow/example_dags/example_branch_labels.py took 0.508 seconds
[2022-09-30 08:15:38,369] {processor.py:153} INFO - Started process (PID=106) to work on /home/airflow/.local/lib/python3.7/site-packages/airflow/example_dags/example_branch_labels.py
[2022-09-30 08:15:38,370] {processor.py:641} INFO - Processing file /home/airflow/.local/lib/python3.7/site-packages/airflow/example_dags/example_branch_labels.py for tasks to queue
[2022-09-30 08:15:38,371] {logging_mixin.py:115} INFO - [2022-09-30 08:15:38,371] {dagbag.py:507} INFO - Filling up the DagBag from /home/airflow/.local/lib/python3.7/site-packages/airflow/example_dags/example_branch_labels.py
[2022-09-30 08:15:38,379] {processor.py:651} INFO - DAG(s) dict_keys(['example_branch_labels']) retrieved from /home/airflow/.local/lib/python3.7/site-packages/airflow/example_dags/example_branch_labels.py
[2022-09-30 08:15:38,474] {logging_mixin.py:115} INFO - [2022-09-30 08:15:38,474] {dag.py:2371} INFO - Sync 1 DAGs
[2022-09-30 08:15:38,607] {logging_mixin.py:115} INFO - [2022-09-30 08:15:38,607] {dag.py:2919} INFO - Setting next_dagrun for example_branch_labels to 2022-09-29T00:00:00+00:00, run_after=2022-09-30T00:00:00+00:00
[2022-09-30 08:15:38,620] {processor.py:161} INFO - Processing /home/airflow/.local/lib/python3.7/site-packages/airflow/example_dags/example_branch_labels.py took 0.254 seconds
[2022-09-30 08:16:41,317] {processor.py:153} INFO - Started process (PID=55) to work on /home/airflow/.local/lib/python3.7/site-packages/airflow/example_dags/example_branch_labels.py
[2022-09-30 08:16:41,318] {processor.py:641} INFO - Processing file /home/airflow/.local/lib/python3.7/site-packages/airflow/example_dags/example_branch_labels.py for tasks to queue
[2022-09-30 08:16:41,319] {logging_mixin.py:115} INFO - [2022-09-30 08:16:41,319] {dagbag.py:507} INFO - Filling up the DagBag from /home/airflow/.local/lib/python3.7/site-packages/airflow/example_dags/example_branch_labels.py
[2022-09-30 08:16:41,328] {processor.py:651} INFO - DAG(s) dict_keys(['example_branch_labels']) retrieved from /home/airflow/.local/lib/python3.7/site-packages/airflow/example_dags/example_branch_labels.py
[2022-09-30 08:16:41,364] {logging_mixin.py:115} INFO - [2022-09-30 08:16:41,364] {dag.py:2371} INFO - Sync 1 DAGs
[2022-09-30 08:16:41,544] {logging_mixin.py:115} INFO - [2022-09-30 08:16:41,544] {dag.py:2919} INFO - Setting next_dagrun for example_branch_labels to 2022-09-29T00:00:00+00:00, run_after=2022-09-30T00:00:00+00:00
[2022-09-30 08:16:41,555] {processor.py:161} INFO - Processing /home/airflow/.local/lib/python3.7/site-packages/airflow/example_dags/example_branch_labels.py took 0.241 seconds
[2022-09-30 08:17:11,648] {processor.py:153} INFO - Started process (PID=107) to work on /home/airflow/.local/lib/python3.7/site-packages/airflow/example_dags/example_branch_labels.py
[2022-09-30 08:17:11,648] {processor.py:641} INFO - Processing file /home/airflow/.local/lib/python3.7/site-packages/airflow/example_dags/example_branch_labels.py for tasks to queue
[2022-09-30 08:17:11,649] {logging_mixin.py:115} INFO - [2022-09-30 08:17:11,649] {dagbag.py:507} INFO - Filling up the DagBag from /home/airflow/.local/lib/python3.7/site-packages/airflow/example_dags/example_branch_labels.py
[2022-09-30 08:17:11,655] {processor.py:651} INFO - DAG(s) dict_keys(['example_branch_labels']) retrieved from /home/airflow/.local/lib/python3.7/site-packages/airflow/example_dags/example_branch_labels.py
[2022-09-30 08:17:11,686] {logging_mixin.py:115} INFO - [2022-09-30 08:17:11,686] {dag.py:2371} INFO - Sync 1 DAGs
[2022-09-30 08:17:11,838] {logging_mixin.py:115} INFO - [2022-09-30 08:17:11,837] {dag.py:2919} INFO - Setting next_dagrun for example_branch_labels to 2022-09-29T00:00:00+00:00, run_after=2022-09-30T00:00:00+00:00
[2022-09-30 08:17:11,850] {processor.py:161} INFO - Processing /home/airflow/.local/lib/python3.7/site-packages/airflow/example_dags/example_branch_labels.py took 0.206 seconds
[2022-09-30 08:17:42,330] {processor.py:153} INFO - Started process (PID=168) to work on /home/airflow/.local/lib/python3.7/site-packages/airflow/example_dags/example_branch_labels.py
[2022-09-30 08:17:42,332] {processor.py:641} INFO - Processing file /home/airflow/.local/lib/python3.7/site-packages/airflow/example_dags/example_branch_labels.py for tasks to queue
[2022-09-30 08:17:42,333] {logging_mixin.py:115} INFO - [2022-09-30 08:17:42,333] {dagbag.py:507} INFO - Filling up the DagBag from /home/airflow/.local/lib/python3.7/site-packages/airflow/example_dags/example_branch_labels.py
[2022-09-30 08:17:42,339] {processor.py:651} INFO - DAG(s) dict_keys(['example_branch_labels']) retrieved from /home/airflow/.local/lib/python3.7/site-packages/airflow/example_dags/example_branch_labels.py
[2022-09-30 08:17:42,363] {logging_mixin.py:115} INFO - [2022-09-30 08:17:42,363] {dag.py:2371} INFO - Sync 1 DAGs
[2022-09-30 08:17:42,497] {logging_mixin.py:115} INFO - [2022-09-30 08:17:42,497] {dag.py:2919} INFO - Setting next_dagrun for example_branch_labels to 2022-09-29T00:00:00+00:00, run_after=2022-09-30T00:00:00+00:00
[2022-09-30 08:17:42,508] {processor.py:161} INFO - Processing /home/airflow/.local/lib/python3.7/site-packages/airflow/example_dags/example_branch_labels.py took 0.183 seconds
[2022-09-30 08:18:12,553] {processor.py:153} INFO - Started process (PID=229) to work on /home/airflow/.local/lib/python3.7/site-packages/airflow/example_dags/example_branch_labels.py
[2022-09-30 08:18:12,554] {processor.py:641} INFO - Processing file /home/airflow/.local/lib/python3.7/site-packages/airflow/example_dags/example_branch_labels.py for tasks to queue
[2022-09-30 08:18:12,554] {logging_mixin.py:115} INFO - [2022-09-30 08:18:12,554] {dagbag.py:507} INFO - Filling up the DagBag from /home/airflow/.local/lib/python3.7/site-packages/airflow/example_dags/example_branch_labels.py
[2022-09-30 08:18:12,560] {processor.py:651} INFO - DAG(s) dict_keys(['example_branch_labels']) retrieved from /home/airflow/.local/lib/python3.7/site-packages/airflow/example_dags/example_branch_labels.py
[2022-09-30 08:18:12,585] {logging_mixin.py:115} INFO - [2022-09-30 08:18:12,585] {dag.py:2371} INFO - Sync 1 DAGs
[2022-09-30 08:18:12,714] {logging_mixin.py:115} INFO - [2022-09-30 08:18:12,714] {dag.py:2919} INFO - Setting next_dagrun for example_branch_labels to 2022-09-29T00:00:00+00:00, run_after=2022-09-30T00:00:00+00:00
[2022-09-30 08:18:12,725] {processor.py:161} INFO - Processing /home/airflow/.local/lib/python3.7/site-packages/airflow/example_dags/example_branch_labels.py took 0.175 seconds
[2022-09-30 08:18:42,981] {processor.py:153} INFO - Started process (PID=281) to work on /home/airflow/.local/lib/python3.7/site-packages/airflow/example_dags/example_branch_labels.py
[2022-09-30 08:18:42,981] {processor.py:641} INFO - Processing file /home/airflow/.local/lib/python3.7/site-packages/airflow/example_dags/example_branch_labels.py for tasks to queue
[2022-09-30 08:18:42,982] {logging_mixin.py:115} INFO - [2022-09-30 08:18:42,982] {dagbag.py:507} INFO - Filling up the DagBag from /home/airflow/.local/lib/python3.7/site-packages/airflow/example_dags/example_branch_labels.py
[2022-09-30 08:18:42,988] {processor.py:651} INFO - DAG(s) dict_keys(['example_branch_labels']) retrieved from /home/airflow/.local/lib/python3.7/site-packages/airflow/example_dags/example_branch_labels.py
[2022-09-30 08:18:43,012] {logging_mixin.py:115} INFO - [2022-09-30 08:18:43,012] {dag.py:2371} INFO - Sync 1 DAGs
[2022-09-30 08:18:43,137] {logging_mixin.py:115} INFO - [2022-09-30 08:18:43,137] {dag.py:2919} INFO - Setting next_dagrun for example_branch_labels to 2022-09-29T00:00:00+00:00, run_after=2022-09-30T00:00:00+00:00
[2022-09-30 08:18:43,150] {processor.py:161} INFO - Processing /home/airflow/.local/lib/python3.7/site-packages/airflow/example_dags/example_branch_labels.py took 0.173 seconds
[2022-09-30 08:19:13,386] {processor.py:153} INFO - Started process (PID=342) to work on /home/airflow/.local/lib/python3.7/site-packages/airflow/example_dags/example_branch_labels.py
[2022-09-30 08:19:13,386] {processor.py:641} INFO - Processing file /home/airflow/.local/lib/python3.7/site-packages/airflow/example_dags/example_branch_labels.py for tasks to queue
[2022-09-30 08:19:13,387] {logging_mixin.py:115} INFO - [2022-09-30 08:19:13,387] {dagbag.py:507} INFO - Filling up the DagBag from /home/airflow/.local/lib/python3.7/site-packages/airflow/example_dags/example_branch_labels.py
[2022-09-30 08:19:13,394] {processor.py:651} INFO - DAG(s) dict_keys(['example_branch_labels']) retrieved from /home/airflow/.local/lib/python3.7/site-packages/airflow/example_dags/example_branch_labels.py
[2022-09-30 08:19:13,421] {logging_mixin.py:115} INFO - [2022-09-30 08:19:13,421] {dag.py:2371} INFO - Sync 1 DAGs
[2022-09-30 08:19:13,579] {logging_mixin.py:115} INFO - [2022-09-30 08:19:13,579] {dag.py:2919} INFO - Setting next_dagrun for example_branch_labels to 2022-09-29T00:00:00+00:00, run_after=2022-09-30T00:00:00+00:00
[2022-09-30 08:19:13,589] {processor.py:161} INFO - Processing /home/airflow/.local/lib/python3.7/site-packages/airflow/example_dags/example_branch_labels.py took 0.206 seconds
[2022-09-30 08:19:44,382] {processor.py:153} INFO - Started process (PID=403) to work on /home/airflow/.local/lib/python3.7/site-packages/airflow/example_dags/example_branch_labels.py
[2022-09-30 08:19:44,383] {processor.py:641} INFO - Processing file /home/airflow/.local/lib/python3.7/site-packages/airflow/example_dags/example_branch_labels.py for tasks to queue
[2022-09-30 08:19:44,384] {logging_mixin.py:115} INFO - [2022-09-30 08:19:44,384] {dagbag.py:507} INFO - Filling up the DagBag from /home/airflow/.local/lib/python3.7/site-packages/airflow/example_dags/example_branch_labels.py
[2022-09-30 08:19:44,392] {processor.py:651} INFO - DAG(s) dict_keys(['example_branch_labels']) retrieved from /home/airflow/.local/lib/python3.7/site-packages/airflow/example_dags/example_branch_labels.py
[2022-09-30 08:19:44,418] {logging_mixin.py:115} INFO - [2022-09-30 08:19:44,418] {dag.py:2371} INFO - Sync 1 DAGs
[2022-09-30 08:19:44,567] {logging_mixin.py:115} INFO - [2022-09-30 08:19:44,567] {dag.py:2919} INFO - Setting next_dagrun for example_branch_labels to 2022-09-29T00:00:00+00:00, run_after=2022-09-30T00:00:00+00:00
[2022-09-30 08:19:44,580] {processor.py:161} INFO - Processing /home/airflow/.local/lib/python3.7/site-packages/airflow/example_dags/example_branch_labels.py took 0.201 seconds
[2022-09-30 08:20:15,160] {processor.py:153} INFO - Started process (PID=455) to work on /home/airflow/.local/lib/python3.7/site-packages/airflow/example_dags/example_branch_labels.py
[2022-09-30 08:20:15,161] {processor.py:641} INFO - Processing file /home/airflow/.local/lib/python3.7/site-packages/airflow/example_dags/example_branch_labels.py for tasks to queue
[2022-09-30 08:20:15,162] {logging_mixin.py:115} INFO - [2022-09-30 08:20:15,162] {dagbag.py:507} INFO - Filling up the DagBag from /home/airflow/.local/lib/python3.7/site-packages/airflow/example_dags/example_branch_labels.py
[2022-09-30 08:20:15,168] {processor.py:651} INFO - DAG(s) dict_keys(['example_branch_labels']) retrieved from /home/airflow/.local/lib/python3.7/site-packages/airflow/example_dags/example_branch_labels.py
[2022-09-30 08:20:15,193] {logging_mixin.py:115} INFO - [2022-09-30 08:20:15,193] {dag.py:2371} INFO - Sync 1 DAGs
[2022-09-30 08:20:15,320] {logging_mixin.py:115} INFO - [2022-09-30 08:20:15,320] {dag.py:2919} INFO - Setting next_dagrun for example_branch_labels to 2022-09-29T00:00:00+00:00, run_after=2022-09-30T00:00:00+00:00
[2022-09-30 08:20:15,329] {processor.py:161} INFO - Processing /home/airflow/.local/lib/python3.7/site-packages/airflow/example_dags/example_branch_labels.py took 0.172 seconds
[2022-09-30 08:20:45,807] {processor.py:153} INFO - Started process (PID=517) to work on /home/airflow/.local/lib/python3.7/site-packages/airflow/example_dags/example_branch_labels.py
[2022-09-30 08:20:45,808] {processor.py:641} INFO - Processing file /home/airflow/.local/lib/python3.7/site-packages/airflow/example_dags/example_branch_labels.py for tasks to queue
[2022-09-30 08:20:45,810] {logging_mixin.py:115} INFO - [2022-09-30 08:20:45,810] {dagbag.py:507} INFO - Filling up the DagBag from /home/airflow/.local/lib/python3.7/site-packages/airflow/example_dags/example_branch_labels.py
[2022-09-30 08:20:45,818] {processor.py:651} INFO - DAG(s) dict_keys(['example_branch_labels']) retrieved from /home/airflow/.local/lib/python3.7/site-packages/airflow/example_dags/example_branch_labels.py
[2022-09-30 08:20:45,861] {logging_mixin.py:115} INFO - [2022-09-30 08:20:45,861] {dag.py:2371} INFO - Sync 1 DAGs
[2022-09-30 08:20:46,039] {logging_mixin.py:115} INFO - [2022-09-30 08:20:46,039] {dag.py:2919} INFO - Setting next_dagrun for example_branch_labels to 2022-09-29T00:00:00+00:00, run_after=2022-09-30T00:00:00+00:00
[2022-09-30 08:20:46,054] {processor.py:161} INFO - Processing /home/airflow/.local/lib/python3.7/site-packages/airflow/example_dags/example_branch_labels.py took 0.250 seconds
[2022-09-30 08:21:16,720] {processor.py:153} INFO - Started process (PID=578) to work on /home/airflow/.local/lib/python3.7/site-packages/airflow/example_dags/example_branch_labels.py
[2022-09-30 08:21:16,720] {processor.py:641} INFO - Processing file /home/airflow/.local/lib/python3.7/site-packages/airflow/example_dags/example_branch_labels.py for tasks to queue
[2022-09-30 08:21:16,721] {logging_mixin.py:115} INFO - [2022-09-30 08:21:16,721] {dagbag.py:507} INFO - Filling up the DagBag from /home/airflow/.local/lib/python3.7/site-packages/airflow/example_dags/example_branch_labels.py
[2022-09-30 08:21:16,727] {processor.py:651} INFO - DAG(s) dict_keys(['example_branch_labels']) retrieved from /home/airflow/.local/lib/python3.7/site-packages/airflow/example_dags/example_branch_labels.py
[2022-09-30 08:21:16,752] {logging_mixin.py:115} INFO - [2022-09-30 08:21:16,752] {dag.py:2371} INFO - Sync 1 DAGs
[2022-09-30 08:21:16,882] {logging_mixin.py:115} INFO - [2022-09-30 08:21:16,882] {dag.py:2919} INFO - Setting next_dagrun for example_branch_labels to 2022-09-29T00:00:00+00:00, run_after=2022-09-30T00:00:00+00:00
[2022-09-30 08:21:16,894] {processor.py:161} INFO - Processing /home/airflow/.local/lib/python3.7/site-packages/airflow/example_dags/example_branch_labels.py took 0.176 seconds
[2022-09-30 08:21:47,514] {processor.py:153} INFO - Started process (PID=630) to work on /home/airflow/.local/lib/python3.7/site-packages/airflow/example_dags/example_branch_labels.py
[2022-09-30 08:21:47,515] {processor.py:641} INFO - Processing file /home/airflow/.local/lib/python3.7/site-packages/airflow/example_dags/example_branch_labels.py for tasks to queue
[2022-09-30 08:21:47,515] {logging_mixin.py:115} INFO - [2022-09-30 08:21:47,515] {dagbag.py:507} INFO - Filling up the DagBag from /home/airflow/.local/lib/python3.7/site-packages/airflow/example_dags/example_branch_labels.py
[2022-09-30 08:21:47,522] {processor.py:651} INFO - DAG(s) dict_keys(['example_branch_labels']) retrieved from /home/airflow/.local/lib/python3.7/site-packages/airflow/example_dags/example_branch_labels.py
[2022-09-30 08:21:47,560] {logging_mixin.py:115} INFO - [2022-09-30 08:21:47,560] {dag.py:2371} INFO - Sync 1 DAGs
[2022-09-30 08:21:47,700] {logging_mixin.py:115} INFO - [2022-09-30 08:21:47,700] {dag.py:2919} INFO - Setting next_dagrun for example_branch_labels to 2022-09-29T00:00:00+00:00, run_after=2022-09-30T00:00:00+00:00
[2022-09-30 08:21:47,712] {processor.py:161} INFO - Processing /home/airflow/.local/lib/python3.7/site-packages/airflow/example_dags/example_branch_labels.py took 0.205 seconds
[2022-09-30 08:22:17,756] {processor.py:153} INFO - Started process (PID=691) to work on /home/airflow/.local/lib/python3.7/site-packages/airflow/example_dags/example_branch_labels.py
[2022-09-30 08:22:17,757] {processor.py:641} INFO - Processing file /home/airflow/.local/lib/python3.7/site-packages/airflow/example_dags/example_branch_labels.py for tasks to queue
[2022-09-30 08:22:17,757] {logging_mixin.py:115} INFO - [2022-09-30 08:22:17,757] {dagbag.py:507} INFO - Filling up the DagBag from /home/airflow/.local/lib/python3.7/site-packages/airflow/example_dags/example_branch_labels.py
[2022-09-30 08:22:17,763] {processor.py:651} INFO - DAG(s) dict_keys(['example_branch_labels']) retrieved from /home/airflow/.local/lib/python3.7/site-packages/airflow/example_dags/example_branch_labels.py
[2022-09-30 08:22:17,791] {logging_mixin.py:115} INFO - [2022-09-30 08:22:17,791] {dag.py:2371} INFO - Sync 1 DAGs
[2022-09-30 08:22:17,912] {logging_mixin.py:115} INFO - [2022-09-30 08:22:17,912] {dag.py:2919} INFO - Setting next_dagrun for example_branch_labels to 2022-09-29T00:00:00+00:00, run_after=2022-09-30T00:00:00+00:00
[2022-09-30 08:22:17,923] {processor.py:161} INFO - Processing /home/airflow/.local/lib/python3.7/site-packages/airflow/example_dags/example_branch_labels.py took 0.170 seconds
[2022-09-30 08:22:48,350] {processor.py:153} INFO - Started process (PID=752) to work on /home/airflow/.local/lib/python3.7/site-packages/airflow/example_dags/example_branch_labels.py
[2022-09-30 08:22:48,351] {processor.py:641} INFO - Processing file /home/airflow/.local/lib/python3.7/site-packages/airflow/example_dags/example_branch_labels.py for tasks to queue
[2022-09-30 08:22:48,351] {logging_mixin.py:115} INFO - [2022-09-30 08:22:48,351] {dagbag.py:507} INFO - Filling up the DagBag from /home/airflow/.local/lib/python3.7/site-packages/airflow/example_dags/example_branch_labels.py
[2022-09-30 08:22:48,357] {processor.py:651} INFO - DAG(s) dict_keys(['example_branch_labels']) retrieved from /home/airflow/.local/lib/python3.7/site-packages/airflow/example_dags/example_branch_labels.py
[2022-09-30 08:22:48,387] {logging_mixin.py:115} INFO - [2022-09-30 08:22:48,387] {dag.py:2371} INFO - Sync 1 DAGs
[2022-09-30 08:22:48,560] {logging_mixin.py:115} INFO - [2022-09-30 08:22:48,560] {dag.py:2919} INFO - Setting next_dagrun for example_branch_labels to 2022-09-29T00:00:00+00:00, run_after=2022-09-30T00:00:00+00:00
[2022-09-30 08:22:48,569] {processor.py:161} INFO - Processing /home/airflow/.local/lib/python3.7/site-packages/airflow/example_dags/example_branch_labels.py took 0.222 seconds
[2022-09-30 08:23:19,280] {processor.py:153} INFO - Started process (PID=804) to work on /home/airflow/.local/lib/python3.7/site-packages/airflow/example_dags/example_branch_labels.py
[2022-09-30 08:23:19,281] {processor.py:641} INFO - Processing file /home/airflow/.local/lib/python3.7/site-packages/airflow/example_dags/example_branch_labels.py for tasks to queue
[2022-09-30 08:23:19,282] {logging_mixin.py:115} INFO - [2022-09-30 08:23:19,282] {dagbag.py:507} INFO - Filling up the DagBag from /home/airflow/.local/lib/python3.7/site-packages/airflow/example_dags/example_branch_labels.py
[2022-09-30 08:23:19,288] {processor.py:651} INFO - DAG(s) dict_keys(['example_branch_labels']) retrieved from /home/airflow/.local/lib/python3.7/site-packages/airflow/example_dags/example_branch_labels.py
[2022-09-30 08:23:19,317] {logging_mixin.py:115} INFO - [2022-09-30 08:23:19,317] {dag.py:2371} INFO - Sync 1 DAGs
[2022-09-30 08:23:19,446] {logging_mixin.py:115} INFO - [2022-09-30 08:23:19,446] {dag.py:2919} INFO - Setting next_dagrun for example_branch_labels to 2022-09-29T00:00:00+00:00, run_after=2022-09-30T00:00:00+00:00
[2022-09-30 08:23:19,456] {processor.py:161} INFO - Processing /home/airflow/.local/lib/python3.7/site-packages/airflow/example_dags/example_branch_labels.py took 0.179 seconds
[2022-09-30 08:23:49,587] {processor.py:153} INFO - Started process (PID=865) to work on /home/airflow/.local/lib/python3.7/site-packages/airflow/example_dags/example_branch_labels.py
[2022-09-30 08:23:49,588] {processor.py:641} INFO - Processing file /home/airflow/.local/lib/python3.7/site-packages/airflow/example_dags/example_branch_labels.py for tasks to queue
[2022-09-30 08:23:49,589] {logging_mixin.py:115} INFO - [2022-09-30 08:23:49,589] {dagbag.py:507} INFO - Filling up the DagBag from /home/airflow/.local/lib/python3.7/site-packages/airflow/example_dags/example_branch_labels.py
[2022-09-30 08:23:49,595] {processor.py:651} INFO - DAG(s) dict_keys(['example_branch_labels']) retrieved from /home/airflow/.local/lib/python3.7/site-packages/airflow/example_dags/example_branch_labels.py
[2022-09-30 08:23:49,621] {logging_mixin.py:115} INFO - [2022-09-30 08:23:49,621] {dag.py:2371} INFO - Sync 1 DAGs
[2022-09-30 08:23:49,740] {logging_mixin.py:115} INFO - [2022-09-30 08:23:49,740] {dag.py:2919} INFO - Setting next_dagrun for example_branch_labels to 2022-09-29T00:00:00+00:00, run_after=2022-09-30T00:00:00+00:00
[2022-09-30 08:23:49,751] {processor.py:161} INFO - Processing /home/airflow/.local/lib/python3.7/site-packages/airflow/example_dags/example_branch_labels.py took 0.166 seconds
[2022-09-30 08:24:20,364] {processor.py:153} INFO - Started process (PID=926) to work on /home/airflow/.local/lib/python3.7/site-packages/airflow/example_dags/example_branch_labels.py
[2022-09-30 08:24:20,364] {processor.py:641} INFO - Processing file /home/airflow/.local/lib/python3.7/site-packages/airflow/example_dags/example_branch_labels.py for tasks to queue
[2022-09-30 08:24:20,365] {logging_mixin.py:115} INFO - [2022-09-30 08:24:20,365] {dagbag.py:507} INFO - Filling up the DagBag from /home/airflow/.local/lib/python3.7/site-packages/airflow/example_dags/example_branch_labels.py
[2022-09-30 08:24:20,371] {processor.py:651} INFO - DAG(s) dict_keys(['example_branch_labels']) retrieved from /home/airflow/.local/lib/python3.7/site-packages/airflow/example_dags/example_branch_labels.py
[2022-09-30 08:24:20,397] {logging_mixin.py:115} INFO - [2022-09-30 08:24:20,397] {dag.py:2371} INFO - Sync 1 DAGs
[2022-09-30 08:24:20,514] {logging_mixin.py:115} INFO - [2022-09-30 08:24:20,514] {dag.py:2919} INFO - Setting next_dagrun for example_branch_labels to 2022-09-29T00:00:00+00:00, run_after=2022-09-30T00:00:00+00:00
[2022-09-30 08:24:20,524] {processor.py:161} INFO - Processing /home/airflow/.local/lib/python3.7/site-packages/airflow/example_dags/example_branch_labels.py took 0.163 seconds
[2022-09-30 08:24:50,706] {processor.py:153} INFO - Started process (PID=978) to work on /home/airflow/.local/lib/python3.7/site-packages/airflow/example_dags/example_branch_labels.py
[2022-09-30 08:24:50,706] {processor.py:641} INFO - Processing file /home/airflow/.local/lib/python3.7/site-packages/airflow/example_dags/example_branch_labels.py for tasks to queue
[2022-09-30 08:24:50,707] {logging_mixin.py:115} INFO - [2022-09-30 08:24:50,707] {dagbag.py:507} INFO - Filling up the DagBag from /home/airflow/.local/lib/python3.7/site-packages/airflow/example_dags/example_branch_labels.py
[2022-09-30 08:24:50,713] {processor.py:651} INFO - DAG(s) dict_keys(['example_branch_labels']) retrieved from /home/airflow/.local/lib/python3.7/site-packages/airflow/example_dags/example_branch_labels.py
[2022-09-30 08:24:50,739] {logging_mixin.py:115} INFO - [2022-09-30 08:24:50,739] {dag.py:2371} INFO - Sync 1 DAGs
[2022-09-30 08:24:50,868] {logging_mixin.py:115} INFO - [2022-09-30 08:24:50,868] {dag.py:2919} INFO - Setting next_dagrun for example_branch_labels to 2022-09-29T00:00:00+00:00, run_after=2022-09-30T00:00:00+00:00
[2022-09-30 08:24:50,879] {processor.py:161} INFO - Processing /home/airflow/.local/lib/python3.7/site-packages/airflow/example_dags/example_branch_labels.py took 0.176 seconds
[2022-09-30 08:25:21,497] {processor.py:153} INFO - Started process (PID=1039) to work on /home/airflow/.local/lib/python3.7/site-packages/airflow/example_dags/example_branch_labels.py
[2022-09-30 08:25:21,497] {processor.py:641} INFO - Processing file /home/airflow/.local/lib/python3.7/site-packages/airflow/example_dags/example_branch_labels.py for tasks to queue
[2022-09-30 08:25:21,498] {logging_mixin.py:115} INFO - [2022-09-30 08:25:21,498] {dagbag.py:507} INFO - Filling up the DagBag from /home/airflow/.local/lib/python3.7/site-packages/airflow/example_dags/example_branch_labels.py
[2022-09-30 08:25:21,506] {processor.py:651} INFO - DAG(s) dict_keys(['example_branch_labels']) retrieved from /home/airflow/.local/lib/python3.7/site-packages/airflow/example_dags/example_branch_labels.py
[2022-09-30 08:25:21,543] {logging_mixin.py:115} INFO - [2022-09-30 08:25:21,543] {dag.py:2371} INFO - Sync 1 DAGs
[2022-09-30 08:25:21,686] {logging_mixin.py:115} INFO - [2022-09-30 08:25:21,685] {dag.py:2919} INFO - Setting next_dagrun for example_branch_labels to 2022-09-29T00:00:00+00:00, run_after=2022-09-30T00:00:00+00:00
[2022-09-30 08:25:21,697] {processor.py:161} INFO - Processing /home/airflow/.local/lib/python3.7/site-packages/airflow/example_dags/example_branch_labels.py took 0.204 seconds
[2022-09-30 08:25:52,178] {processor.py:153} INFO - Started process (PID=1100) to work on /home/airflow/.local/lib/python3.7/site-packages/airflow/example_dags/example_branch_labels.py
[2022-09-30 08:25:52,179] {processor.py:641} INFO - Processing file /home/airflow/.local/lib/python3.7/site-packages/airflow/example_dags/example_branch_labels.py for tasks to queue
[2022-09-30 08:25:52,180] {logging_mixin.py:115} INFO - [2022-09-30 08:25:52,180] {dagbag.py:507} INFO - Filling up the DagBag from /home/airflow/.local/lib/python3.7/site-packages/airflow/example_dags/example_branch_labels.py
[2022-09-30 08:25:52,187] {processor.py:651} INFO - DAG(s) dict_keys(['example_branch_labels']) retrieved from /home/airflow/.local/lib/python3.7/site-packages/airflow/example_dags/example_branch_labels.py
[2022-09-30 08:25:52,218] {logging_mixin.py:115} INFO - [2022-09-30 08:25:52,218] {dag.py:2371} INFO - Sync 1 DAGs
[2022-09-30 08:25:52,390] {logging_mixin.py:115} INFO - [2022-09-30 08:25:52,390] {dag.py:2919} INFO - Setting next_dagrun for example_branch_labels to 2022-09-29T00:00:00+00:00, run_after=2022-09-30T00:00:00+00:00
[2022-09-30 08:25:52,407] {processor.py:161} INFO - Processing /home/airflow/.local/lib/python3.7/site-packages/airflow/example_dags/example_branch_labels.py took 0.234 seconds
[2022-09-30 08:26:23,111] {processor.py:153} INFO - Started process (PID=1152) to work on /home/airflow/.local/lib/python3.7/site-packages/airflow/example_dags/example_branch_labels.py
[2022-09-30 08:26:23,112] {processor.py:641} INFO - Processing file /home/airflow/.local/lib/python3.7/site-packages/airflow/example_dags/example_branch_labels.py for tasks to queue
[2022-09-30 08:26:23,113] {logging_mixin.py:115} INFO - [2022-09-30 08:26:23,112] {dagbag.py:507} INFO - Filling up the DagBag from /home/airflow/.local/lib/python3.7/site-packages/airflow/example_dags/example_branch_labels.py
[2022-09-30 08:26:23,120] {processor.py:651} INFO - DAG(s) dict_keys(['example_branch_labels']) retrieved from /home/airflow/.local/lib/python3.7/site-packages/airflow/example_dags/example_branch_labels.py
[2022-09-30 08:26:23,151] {logging_mixin.py:115} INFO - [2022-09-30 08:26:23,151] {dag.py:2371} INFO - Sync 1 DAGs
[2022-09-30 08:26:23,292] {logging_mixin.py:115} INFO - [2022-09-30 08:26:23,292] {dag.py:2919} INFO - Setting next_dagrun for example_branch_labels to 2022-09-29T00:00:00+00:00, run_after=2022-09-30T00:00:00+00:00
[2022-09-30 08:26:23,308] {processor.py:161} INFO - Processing /home/airflow/.local/lib/python3.7/site-packages/airflow/example_dags/example_branch_labels.py took 0.201 seconds
[2022-09-30 08:26:53,499] {processor.py:153} INFO - Started process (PID=1213) to work on /home/airflow/.local/lib/python3.7/site-packages/airflow/example_dags/example_branch_labels.py
[2022-09-30 08:26:53,500] {processor.py:641} INFO - Processing file /home/airflow/.local/lib/python3.7/site-packages/airflow/example_dags/example_branch_labels.py for tasks to queue
[2022-09-30 08:26:53,501] {logging_mixin.py:115} INFO - [2022-09-30 08:26:53,501] {dagbag.py:507} INFO - Filling up the DagBag from /home/airflow/.local/lib/python3.7/site-packages/airflow/example_dags/example_branch_labels.py
[2022-09-30 08:26:53,507] {processor.py:651} INFO - DAG(s) dict_keys(['example_branch_labels']) retrieved from /home/airflow/.local/lib/python3.7/site-packages/airflow/example_dags/example_branch_labels.py
[2022-09-30 08:26:53,535] {logging_mixin.py:115} INFO - [2022-09-30 08:26:53,535] {dag.py:2371} INFO - Sync 1 DAGs
[2022-09-30 08:26:53,556] {logging_mixin.py:115} INFO - [2022-09-30 08:26:53,556] {dag.py:2919} INFO - Setting next_dagrun for example_branch_labels to 2022-09-29T00:00:00+00:00, run_after=2022-09-30T00:00:00+00:00
[2022-09-30 08:26:53,568] {processor.py:161} INFO - Processing /home/airflow/.local/lib/python3.7/site-packages/airflow/example_dags/example_branch_labels.py took 0.072 seconds
[2022-09-30 08:27:23,692] {processor.py:153} INFO - Started process (PID=1274) to work on /home/airflow/.local/lib/python3.7/site-packages/airflow/example_dags/example_branch_labels.py
[2022-09-30 08:27:23,694] {processor.py:641} INFO - Processing file /home/airflow/.local/lib/python3.7/site-packages/airflow/example_dags/example_branch_labels.py for tasks to queue
[2022-09-30 08:27:23,696] {logging_mixin.py:115} INFO - [2022-09-30 08:27:23,696] {dagbag.py:507} INFO - Filling up the DagBag from /home/airflow/.local/lib/python3.7/site-packages/airflow/example_dags/example_branch_labels.py
[2022-09-30 08:27:23,705] {processor.py:651} INFO - DAG(s) dict_keys(['example_branch_labels']) retrieved from /home/airflow/.local/lib/python3.7/site-packages/airflow/example_dags/example_branch_labels.py
[2022-09-30 08:27:23,749] {logging_mixin.py:115} INFO - [2022-09-30 08:27:23,749] {dag.py:2371} INFO - Sync 1 DAGs
[2022-09-30 08:27:23,783] {logging_mixin.py:115} INFO - [2022-09-30 08:27:23,783] {dag.py:2919} INFO - Setting next_dagrun for example_branch_labels to 2022-09-29T00:00:00+00:00, run_after=2022-09-30T00:00:00+00:00
[2022-09-30 08:27:23,801] {processor.py:161} INFO - Processing /home/airflow/.local/lib/python3.7/site-packages/airflow/example_dags/example_branch_labels.py took 0.113 seconds
[2022-09-30 08:27:53,832] {processor.py:153} INFO - Started process (PID=1326) to work on /home/airflow/.local/lib/python3.7/site-packages/airflow/example_dags/example_branch_labels.py
[2022-09-30 08:27:53,833] {processor.py:641} INFO - Processing file /home/airflow/.local/lib/python3.7/site-packages/airflow/example_dags/example_branch_labels.py for tasks to queue
[2022-09-30 08:27:53,833] {logging_mixin.py:115} INFO - [2022-09-30 08:27:53,833] {dagbag.py:507} INFO - Filling up the DagBag from /home/airflow/.local/lib/python3.7/site-packages/airflow/example_dags/example_branch_labels.py
[2022-09-30 08:27:53,839] {processor.py:651} INFO - DAG(s) dict_keys(['example_branch_labels']) retrieved from /home/airflow/.local/lib/python3.7/site-packages/airflow/example_dags/example_branch_labels.py
[2022-09-30 08:27:53,865] {logging_mixin.py:115} INFO - [2022-09-30 08:27:53,865] {dag.py:2371} INFO - Sync 1 DAGs
[2022-09-30 08:27:53,885] {logging_mixin.py:115} INFO - [2022-09-30 08:27:53,885] {dag.py:2919} INFO - Setting next_dagrun for example_branch_labels to 2022-09-29T00:00:00+00:00, run_after=2022-09-30T00:00:00+00:00
[2022-09-30 08:27:53,896] {processor.py:161} INFO - Processing /home/airflow/.local/lib/python3.7/site-packages/airflow/example_dags/example_branch_labels.py took 0.067 seconds
[2022-09-30 08:28:24,791] {processor.py:153} INFO - Started process (PID=1387) to work on /home/airflow/.local/lib/python3.7/site-packages/airflow/example_dags/example_branch_labels.py
[2022-09-30 08:28:24,792] {processor.py:641} INFO - Processing file /home/airflow/.local/lib/python3.7/site-packages/airflow/example_dags/example_branch_labels.py for tasks to queue
[2022-09-30 08:28:24,793] {logging_mixin.py:115} INFO - [2022-09-30 08:28:24,792] {dagbag.py:507} INFO - Filling up the DagBag from /home/airflow/.local/lib/python3.7/site-packages/airflow/example_dags/example_branch_labels.py
[2022-09-30 08:28:24,799] {processor.py:651} INFO - DAG(s) dict_keys(['example_branch_labels']) retrieved from /home/airflow/.local/lib/python3.7/site-packages/airflow/example_dags/example_branch_labels.py
[2022-09-30 08:28:24,825] {logging_mixin.py:115} INFO - [2022-09-30 08:28:24,825] {dag.py:2371} INFO - Sync 1 DAGs
[2022-09-30 08:28:24,849] {logging_mixin.py:115} INFO - [2022-09-30 08:28:24,849] {dag.py:2919} INFO - Setting next_dagrun for example_branch_labels to 2022-09-29T00:00:00+00:00, run_after=2022-09-30T00:00:00+00:00
[2022-09-30 08:28:24,860] {processor.py:161} INFO - Processing /home/airflow/.local/lib/python3.7/site-packages/airflow/example_dags/example_branch_labels.py took 0.072 seconds
[2022-09-30 08:28:55,721] {processor.py:153} INFO - Started process (PID=1449) to work on /home/airflow/.local/lib/python3.7/site-packages/airflow/example_dags/example_branch_labels.py
[2022-09-30 08:28:55,722] {processor.py:641} INFO - Processing file /home/airflow/.local/lib/python3.7/site-packages/airflow/example_dags/example_branch_labels.py for tasks to queue
[2022-09-30 08:28:55,723] {logging_mixin.py:115} INFO - [2022-09-30 08:28:55,723] {dagbag.py:507} INFO - Filling up the DagBag from /home/airflow/.local/lib/python3.7/site-packages/airflow/example_dags/example_branch_labels.py
[2022-09-30 08:28:55,729] {processor.py:651} INFO - DAG(s) dict_keys(['example_branch_labels']) retrieved from /home/airflow/.local/lib/python3.7/site-packages/airflow/example_dags/example_branch_labels.py
[2022-09-30 08:28:55,755] {logging_mixin.py:115} INFO - [2022-09-30 08:28:55,755] {dag.py:2371} INFO - Sync 1 DAGs
[2022-09-30 08:28:55,776] {logging_mixin.py:115} INFO - [2022-09-30 08:28:55,776] {dag.py:2919} INFO - Setting next_dagrun for example_branch_labels to 2022-09-29T00:00:00+00:00, run_after=2022-09-30T00:00:00+00:00
[2022-09-30 08:28:55,787] {processor.py:161} INFO - Processing /home/airflow/.local/lib/python3.7/site-packages/airflow/example_dags/example_branch_labels.py took 0.069 seconds
[2022-09-30 08:29:26,519] {processor.py:153} INFO - Started process (PID=1501) to work on /home/airflow/.local/lib/python3.7/site-packages/airflow/example_dags/example_branch_labels.py
[2022-09-30 08:29:26,519] {processor.py:641} INFO - Processing file /home/airflow/.local/lib/python3.7/site-packages/airflow/example_dags/example_branch_labels.py for tasks to queue
[2022-09-30 08:29:26,520] {logging_mixin.py:115} INFO - [2022-09-30 08:29:26,520] {dagbag.py:507} INFO - Filling up the DagBag from /home/airflow/.local/lib/python3.7/site-packages/airflow/example_dags/example_branch_labels.py
[2022-09-30 08:29:26,526] {processor.py:651} INFO - DAG(s) dict_keys(['example_branch_labels']) retrieved from /home/airflow/.local/lib/python3.7/site-packages/airflow/example_dags/example_branch_labels.py
[2022-09-30 08:29:26,553] {logging_mixin.py:115} INFO - [2022-09-30 08:29:26,553] {dag.py:2371} INFO - Sync 1 DAGs
[2022-09-30 08:29:26,576] {logging_mixin.py:115} INFO - [2022-09-30 08:29:26,576] {dag.py:2919} INFO - Setting next_dagrun for example_branch_labels to 2022-09-29T00:00:00+00:00, run_after=2022-09-30T00:00:00+00:00
[2022-09-30 08:29:26,587] {processor.py:161} INFO - Processing /home/airflow/.local/lib/python3.7/site-packages/airflow/example_dags/example_branch_labels.py took 0.071 seconds
[2022-09-30 08:29:57,410] {processor.py:153} INFO - Started process (PID=1562) to work on /home/airflow/.local/lib/python3.7/site-packages/airflow/example_dags/example_branch_labels.py
[2022-09-30 08:29:57,411] {processor.py:641} INFO - Processing file /home/airflow/.local/lib/python3.7/site-packages/airflow/example_dags/example_branch_labels.py for tasks to queue
[2022-09-30 08:29:57,412] {logging_mixin.py:115} INFO - [2022-09-30 08:29:57,411] {dagbag.py:507} INFO - Filling up the DagBag from /home/airflow/.local/lib/python3.7/site-packages/airflow/example_dags/example_branch_labels.py
[2022-09-30 08:29:57,417] {processor.py:651} INFO - DAG(s) dict_keys(['example_branch_labels']) retrieved from /home/airflow/.local/lib/python3.7/site-packages/airflow/example_dags/example_branch_labels.py
[2022-09-30 08:29:57,447] {logging_mixin.py:115} INFO - [2022-09-30 08:29:57,447] {dag.py:2371} INFO - Sync 1 DAGs
[2022-09-30 08:29:57,471] {logging_mixin.py:115} INFO - [2022-09-30 08:29:57,471] {dag.py:2919} INFO - Setting next_dagrun for example_branch_labels to 2022-09-29T00:00:00+00:00, run_after=2022-09-30T00:00:00+00:00
[2022-09-30 08:29:57,481] {processor.py:161} INFO - Processing /home/airflow/.local/lib/python3.7/site-packages/airflow/example_dags/example_branch_labels.py took 0.074 seconds
[2022-09-30 08:30:28,349] {processor.py:153} INFO - Started process (PID=1624) to work on /home/airflow/.local/lib/python3.7/site-packages/airflow/example_dags/example_branch_labels.py
[2022-09-30 08:30:28,350] {processor.py:641} INFO - Processing file /home/airflow/.local/lib/python3.7/site-packages/airflow/example_dags/example_branch_labels.py for tasks to queue
[2022-09-30 08:30:28,350] {logging_mixin.py:115} INFO - [2022-09-30 08:30:28,350] {dagbag.py:507} INFO - Filling up the DagBag from /home/airflow/.local/lib/python3.7/site-packages/airflow/example_dags/example_branch_labels.py
[2022-09-30 08:30:28,356] {processor.py:651} INFO - DAG(s) dict_keys(['example_branch_labels']) retrieved from /home/airflow/.local/lib/python3.7/site-packages/airflow/example_dags/example_branch_labels.py
[2022-09-30 08:30:28,382] {logging_mixin.py:115} INFO - [2022-09-30 08:30:28,381] {dag.py:2371} INFO - Sync 1 DAGs
[2022-09-30 08:30:28,403] {logging_mixin.py:115} INFO - [2022-09-30 08:30:28,403] {dag.py:2919} INFO - Setting next_dagrun for example_branch_labels to 2022-09-29T00:00:00+00:00, run_after=2022-09-30T00:00:00+00:00
[2022-09-30 08:30:28,414] {processor.py:161} INFO - Processing /home/airflow/.local/lib/python3.7/site-packages/airflow/example_dags/example_branch_labels.py took 0.068 seconds
[2022-09-30 08:30:58,440] {processor.py:153} INFO - Started process (PID=1676) to work on /home/airflow/.local/lib/python3.7/site-packages/airflow/example_dags/example_branch_labels.py
[2022-09-30 08:30:58,440] {processor.py:641} INFO - Processing file /home/airflow/.local/lib/python3.7/site-packages/airflow/example_dags/example_branch_labels.py for tasks to queue
[2022-09-30 08:30:58,441] {logging_mixin.py:115} INFO - [2022-09-30 08:30:58,441] {dagbag.py:507} INFO - Filling up the DagBag from /home/airflow/.local/lib/python3.7/site-packages/airflow/example_dags/example_branch_labels.py
[2022-09-30 08:30:58,447] {processor.py:651} INFO - DAG(s) dict_keys(['example_branch_labels']) retrieved from /home/airflow/.local/lib/python3.7/site-packages/airflow/example_dags/example_branch_labels.py
[2022-09-30 08:30:58,472] {logging_mixin.py:115} INFO - [2022-09-30 08:30:58,472] {dag.py:2371} INFO - Sync 1 DAGs
[2022-09-30 08:30:58,492] {logging_mixin.py:115} INFO - [2022-09-30 08:30:58,492] {dag.py:2919} INFO - Setting next_dagrun for example_branch_labels to 2022-09-29T00:00:00+00:00, run_after=2022-09-30T00:00:00+00:00
[2022-09-30 08:30:58,504] {processor.py:161} INFO - Processing /home/airflow/.local/lib/python3.7/site-packages/airflow/example_dags/example_branch_labels.py took 0.067 seconds
[2022-09-30 08:31:28,732] {processor.py:153} INFO - Started process (PID=1737) to work on /home/airflow/.local/lib/python3.7/site-packages/airflow/example_dags/example_branch_labels.py
[2022-09-30 08:31:28,733] {processor.py:641} INFO - Processing file /home/airflow/.local/lib/python3.7/site-packages/airflow/example_dags/example_branch_labels.py for tasks to queue
[2022-09-30 08:31:28,733] {logging_mixin.py:115} INFO - [2022-09-30 08:31:28,733] {dagbag.py:507} INFO - Filling up the DagBag from /home/airflow/.local/lib/python3.7/site-packages/airflow/example_dags/example_branch_labels.py
[2022-09-30 08:31:28,739] {processor.py:651} INFO - DAG(s) dict_keys(['example_branch_labels']) retrieved from /home/airflow/.local/lib/python3.7/site-packages/airflow/example_dags/example_branch_labels.py
[2022-09-30 08:31:28,765] {logging_mixin.py:115} INFO - [2022-09-30 08:31:28,764] {dag.py:2371} INFO - Sync 1 DAGs
[2022-09-30 08:31:28,785] {logging_mixin.py:115} INFO - [2022-09-30 08:31:28,785] {dag.py:2919} INFO - Setting next_dagrun for example_branch_labels to 2022-09-29T00:00:00+00:00, run_after=2022-09-30T00:00:00+00:00
[2022-09-30 08:31:28,796] {processor.py:161} INFO - Processing /home/airflow/.local/lib/python3.7/site-packages/airflow/example_dags/example_branch_labels.py took 0.066 seconds
[2022-09-30 08:31:59,845] {processor.py:153} INFO - Started process (PID=1798) to work on /home/airflow/.local/lib/python3.7/site-packages/airflow/example_dags/example_branch_labels.py
[2022-09-30 08:31:59,845] {processor.py:641} INFO - Processing file /home/airflow/.local/lib/python3.7/site-packages/airflow/example_dags/example_branch_labels.py for tasks to queue
[2022-09-30 08:31:59,846] {logging_mixin.py:115} INFO - [2022-09-30 08:31:59,846] {dagbag.py:507} INFO - Filling up the DagBag from /home/airflow/.local/lib/python3.7/site-packages/airflow/example_dags/example_branch_labels.py
[2022-09-30 08:31:59,852] {processor.py:651} INFO - DAG(s) dict_keys(['example_branch_labels']) retrieved from /home/airflow/.local/lib/python3.7/site-packages/airflow/example_dags/example_branch_labels.py
[2022-09-30 08:31:59,994] {logging_mixin.py:115} INFO - [2022-09-30 08:31:59,994] {dag.py:2371} INFO - Sync 1 DAGs
[2022-09-30 08:32:00,014] {logging_mixin.py:115} INFO - [2022-09-30 08:32:00,014] {dag.py:2919} INFO - Setting next_dagrun for example_branch_labels to 2022-09-29T00:00:00+00:00, run_after=2022-09-30T00:00:00+00:00
[2022-09-30 08:32:00,025] {processor.py:161} INFO - Processing /home/airflow/.local/lib/python3.7/site-packages/airflow/example_dags/example_branch_labels.py took 0.183 seconds
[2022-09-30 08:32:30,093] {processor.py:153} INFO - Started process (PID=1850) to work on /home/airflow/.local/lib/python3.7/site-packages/airflow/example_dags/example_branch_labels.py
[2022-09-30 08:32:30,093] {processor.py:641} INFO - Processing file /home/airflow/.local/lib/python3.7/site-packages/airflow/example_dags/example_branch_labels.py for tasks to queue
[2022-09-30 08:32:30,094] {logging_mixin.py:115} INFO - [2022-09-30 08:32:30,094] {dagbag.py:507} INFO - Filling up the DagBag from /home/airflow/.local/lib/python3.7/site-packages/airflow/example_dags/example_branch_labels.py
[2022-09-30 08:32:30,099] {processor.py:651} INFO - DAG(s) dict_keys(['example_branch_labels']) retrieved from /home/airflow/.local/lib/python3.7/site-packages/airflow/example_dags/example_branch_labels.py
[2022-09-30 08:32:30,221] {logging_mixin.py:115} INFO - [2022-09-30 08:32:30,221] {dag.py:2371} INFO - Sync 1 DAGs
[2022-09-30 08:32:30,241] {logging_mixin.py:115} INFO - [2022-09-30 08:32:30,240] {dag.py:2919} INFO - Setting next_dagrun for example_branch_labels to 2022-09-29T00:00:00+00:00, run_after=2022-09-30T00:00:00+00:00
[2022-09-30 08:32:30,251] {processor.py:161} INFO - Processing /home/airflow/.local/lib/python3.7/site-packages/airflow/example_dags/example_branch_labels.py took 0.161 seconds
[2022-09-30 08:33:00,461] {processor.py:153} INFO - Started process (PID=1911) to work on /home/airflow/.local/lib/python3.7/site-packages/airflow/example_dags/example_branch_labels.py
[2022-09-30 08:33:00,462] {processor.py:641} INFO - Processing file /home/airflow/.local/lib/python3.7/site-packages/airflow/example_dags/example_branch_labels.py for tasks to queue
[2022-09-30 08:33:00,463] {logging_mixin.py:115} INFO - [2022-09-30 08:33:00,463] {dagbag.py:507} INFO - Filling up the DagBag from /home/airflow/.local/lib/python3.7/site-packages/airflow/example_dags/example_branch_labels.py
[2022-09-30 08:33:00,470] {processor.py:651} INFO - DAG(s) dict_keys(['example_branch_labels']) retrieved from /home/airflow/.local/lib/python3.7/site-packages/airflow/example_dags/example_branch_labels.py
[2022-09-30 08:33:00,598] {logging_mixin.py:115} INFO - [2022-09-30 08:33:00,597] {dag.py:2371} INFO - Sync 1 DAGs
[2022-09-30 08:33:00,617] {logging_mixin.py:115} INFO - [2022-09-30 08:33:00,617] {dag.py:2919} INFO - Setting next_dagrun for example_branch_labels to 2022-09-29T00:00:00+00:00, run_after=2022-09-30T00:00:00+00:00
[2022-09-30 08:33:00,628] {processor.py:161} INFO - Processing /home/airflow/.local/lib/python3.7/site-packages/airflow/example_dags/example_branch_labels.py took 0.170 seconds
[2022-09-30 08:33:31,323] {processor.py:153} INFO - Started process (PID=1972) to work on /home/airflow/.local/lib/python3.7/site-packages/airflow/example_dags/example_branch_labels.py
[2022-09-30 08:33:31,324] {processor.py:641} INFO - Processing file /home/airflow/.local/lib/python3.7/site-packages/airflow/example_dags/example_branch_labels.py for tasks to queue
[2022-09-30 08:33:31,326] {logging_mixin.py:115} INFO - [2022-09-30 08:33:31,326] {dagbag.py:507} INFO - Filling up the DagBag from /home/airflow/.local/lib/python3.7/site-packages/airflow/example_dags/example_branch_labels.py
[2022-09-30 08:33:31,332] {processor.py:651} INFO - DAG(s) dict_keys(['example_branch_labels']) retrieved from /home/airflow/.local/lib/python3.7/site-packages/airflow/example_dags/example_branch_labels.py
[2022-09-30 08:33:31,483] {logging_mixin.py:115} INFO - [2022-09-30 08:33:31,483] {dag.py:2371} INFO - Sync 1 DAGs
[2022-09-30 08:33:31,504] {logging_mixin.py:115} INFO - [2022-09-30 08:33:31,503] {dag.py:2919} INFO - Setting next_dagrun for example_branch_labels to 2022-09-29T00:00:00+00:00, run_after=2022-09-30T00:00:00+00:00
[2022-09-30 08:33:31,516] {processor.py:161} INFO - Processing /home/airflow/.local/lib/python3.7/site-packages/airflow/example_dags/example_branch_labels.py took 0.197 seconds
[2022-09-30 08:34:01,599] {processor.py:153} INFO - Started process (PID=2024) to work on /home/airflow/.local/lib/python3.7/site-packages/airflow/example_dags/example_branch_labels.py
[2022-09-30 08:34:01,600] {processor.py:641} INFO - Processing file /home/airflow/.local/lib/python3.7/site-packages/airflow/example_dags/example_branch_labels.py for tasks to queue
[2022-09-30 08:34:01,601] {logging_mixin.py:115} INFO - [2022-09-30 08:34:01,601] {dagbag.py:507} INFO - Filling up the DagBag from /home/airflow/.local/lib/python3.7/site-packages/airflow/example_dags/example_branch_labels.py
[2022-09-30 08:34:01,607] {processor.py:651} INFO - DAG(s) dict_keys(['example_branch_labels']) retrieved from /home/airflow/.local/lib/python3.7/site-packages/airflow/example_dags/example_branch_labels.py
[2022-09-30 08:34:01,738] {logging_mixin.py:115} INFO - [2022-09-30 08:34:01,738] {dag.py:2371} INFO - Sync 1 DAGs
[2022-09-30 08:34:01,758] {logging_mixin.py:115} INFO - [2022-09-30 08:34:01,758] {dag.py:2919} INFO - Setting next_dagrun for example_branch_labels to 2022-09-29T00:00:00+00:00, run_after=2022-09-30T00:00:00+00:00
[2022-09-30 08:34:01,769] {processor.py:161} INFO - Processing /home/airflow/.local/lib/python3.7/site-packages/airflow/example_dags/example_branch_labels.py took 0.173 seconds
[2022-09-30 08:34:32,198] {processor.py:153} INFO - Started process (PID=2086) to work on /home/airflow/.local/lib/python3.7/site-packages/airflow/example_dags/example_branch_labels.py
[2022-09-30 08:34:32,198] {processor.py:641} INFO - Processing file /home/airflow/.local/lib/python3.7/site-packages/airflow/example_dags/example_branch_labels.py for tasks to queue
[2022-09-30 08:34:32,199] {logging_mixin.py:115} INFO - [2022-09-30 08:34:32,199] {dagbag.py:507} INFO - Filling up the DagBag from /home/airflow/.local/lib/python3.7/site-packages/airflow/example_dags/example_branch_labels.py
[2022-09-30 08:34:32,205] {processor.py:651} INFO - DAG(s) dict_keys(['example_branch_labels']) retrieved from /home/airflow/.local/lib/python3.7/site-packages/airflow/example_dags/example_branch_labels.py
[2022-09-30 08:34:32,332] {logging_mixin.py:115} INFO - [2022-09-30 08:34:32,332] {dag.py:2371} INFO - Sync 1 DAGs
[2022-09-30 08:34:32,352] {logging_mixin.py:115} INFO - [2022-09-30 08:34:32,352] {dag.py:2919} INFO - Setting next_dagrun for example_branch_labels to 2022-09-29T00:00:00+00:00, run_after=2022-09-30T00:00:00+00:00
[2022-09-30 08:34:32,362] {processor.py:161} INFO - Processing /home/airflow/.local/lib/python3.7/site-packages/airflow/example_dags/example_branch_labels.py took 0.167 seconds
