[2022-09-30 08:15:08,478] {processor.py:153} INFO - Started process (PID=59) to work on /home/airflow/.local/lib/python3.7/site-packages/airflow/example_dags/tutorial_etl_dag.py
[2022-09-30 08:15:08,479] {processor.py:641} INFO - Processing file /home/airflow/.local/lib/python3.7/site-packages/airflow/example_dags/tutorial_etl_dag.py for tasks to queue
[2022-09-30 08:15:08,480] {logging_mixin.py:115} INFO - [2022-09-30 08:15:08,480] {dagbag.py:507} INFO - Filling up the DagBag from /home/airflow/.local/lib/python3.7/site-packages/airflow/example_dags/tutorial_etl_dag.py
[2022-09-30 08:15:08,492] {processor.py:651} INFO - DAG(s) dict_keys(['tutorial_etl_dag']) retrieved from /home/airflow/.local/lib/python3.7/site-packages/airflow/example_dags/tutorial_etl_dag.py
[2022-09-30 08:15:08,833] {logging_mixin.py:115} INFO - [2022-09-30 08:15:08,832] {manager.py:508} INFO - Created Permission View: can delete on DAG:tutorial_etl_dag
[2022-09-30 08:15:08,850] {logging_mixin.py:115} INFO - [2022-09-30 08:15:08,850] {manager.py:508} INFO - Created Permission View: can edit on DAG:tutorial_etl_dag
[2022-09-30 08:15:08,860] {logging_mixin.py:115} INFO - [2022-09-30 08:15:08,860] {manager.py:508} INFO - Created Permission View: can read on DAG:tutorial_etl_dag
[2022-09-30 08:15:08,861] {logging_mixin.py:115} INFO - [2022-09-30 08:15:08,861] {dag.py:2371} INFO - Sync 1 DAGs
[2022-09-30 08:15:08,871] {logging_mixin.py:115} INFO - [2022-09-30 08:15:08,871] {dag.py:2390} INFO - Creating ORM DAG for tutorial_etl_dag
[2022-09-30 08:15:08,885] {logging_mixin.py:115} INFO - [2022-09-30 08:15:08,885] {dag.py:2919} INFO - Setting next_dagrun for tutorial_etl_dag to None, run_after=None
[2022-09-30 08:15:08,905] {processor.py:161} INFO - Processing /home/airflow/.local/lib/python3.7/site-packages/airflow/example_dags/tutorial_etl_dag.py took 0.430 seconds
[2022-09-30 08:15:38,977] {processor.py:153} INFO - Started process (PID=120) to work on /home/airflow/.local/lib/python3.7/site-packages/airflow/example_dags/tutorial_etl_dag.py
[2022-09-30 08:15:38,978] {processor.py:641} INFO - Processing file /home/airflow/.local/lib/python3.7/site-packages/airflow/example_dags/tutorial_etl_dag.py for tasks to queue
[2022-09-30 08:15:38,979] {logging_mixin.py:115} INFO - [2022-09-30 08:15:38,979] {dagbag.py:507} INFO - Filling up the DagBag from /home/airflow/.local/lib/python3.7/site-packages/airflow/example_dags/tutorial_etl_dag.py
[2022-09-30 08:15:38,990] {processor.py:651} INFO - DAG(s) dict_keys(['tutorial_etl_dag']) retrieved from /home/airflow/.local/lib/python3.7/site-packages/airflow/example_dags/tutorial_etl_dag.py
[2022-09-30 08:15:39,021] {logging_mixin.py:115} INFO - [2022-09-30 08:15:39,021] {dag.py:2371} INFO - Sync 1 DAGs
[2022-09-30 08:15:39,168] {logging_mixin.py:115} INFO - [2022-09-30 08:15:39,168] {dag.py:2919} INFO - Setting next_dagrun for tutorial_etl_dag to None, run_after=None
[2022-09-30 08:15:39,238] {processor.py:161} INFO - Processing /home/airflow/.local/lib/python3.7/site-packages/airflow/example_dags/tutorial_etl_dag.py took 0.265 seconds
[2022-09-30 08:16:41,956] {processor.py:153} INFO - Started process (PID=60) to work on /home/airflow/.local/lib/python3.7/site-packages/airflow/example_dags/tutorial_etl_dag.py
[2022-09-30 08:16:41,957] {processor.py:641} INFO - Processing file /home/airflow/.local/lib/python3.7/site-packages/airflow/example_dags/tutorial_etl_dag.py for tasks to queue
[2022-09-30 08:16:41,958] {logging_mixin.py:115} INFO - [2022-09-30 08:16:41,958] {dagbag.py:507} INFO - Filling up the DagBag from /home/airflow/.local/lib/python3.7/site-packages/airflow/example_dags/tutorial_etl_dag.py
[2022-09-30 08:16:41,968] {processor.py:651} INFO - DAG(s) dict_keys(['tutorial_etl_dag']) retrieved from /home/airflow/.local/lib/python3.7/site-packages/airflow/example_dags/tutorial_etl_dag.py
[2022-09-30 08:16:42,023] {logging_mixin.py:115} INFO - [2022-09-30 08:16:42,023] {dag.py:2371} INFO - Sync 1 DAGs
[2022-09-30 08:16:42,270] {logging_mixin.py:115} INFO - [2022-09-30 08:16:42,270] {dag.py:2919} INFO - Setting next_dagrun for tutorial_etl_dag to None, run_after=None
[2022-09-30 08:16:42,290] {processor.py:161} INFO - Processing /home/airflow/.local/lib/python3.7/site-packages/airflow/example_dags/tutorial_etl_dag.py took 0.338 seconds
[2022-09-30 08:17:13,179] {processor.py:153} INFO - Started process (PID=112) to work on /home/airflow/.local/lib/python3.7/site-packages/airflow/example_dags/tutorial_etl_dag.py
[2022-09-30 08:17:13,180] {processor.py:641} INFO - Processing file /home/airflow/.local/lib/python3.7/site-packages/airflow/example_dags/tutorial_etl_dag.py for tasks to queue
[2022-09-30 08:17:13,181] {logging_mixin.py:115} INFO - [2022-09-30 08:17:13,181] {dagbag.py:507} INFO - Filling up the DagBag from /home/airflow/.local/lib/python3.7/site-packages/airflow/example_dags/tutorial_etl_dag.py
[2022-09-30 08:17:13,189] {processor.py:651} INFO - DAG(s) dict_keys(['tutorial_etl_dag']) retrieved from /home/airflow/.local/lib/python3.7/site-packages/airflow/example_dags/tutorial_etl_dag.py
[2022-09-30 08:17:13,218] {logging_mixin.py:115} INFO - [2022-09-30 08:17:13,218] {dag.py:2371} INFO - Sync 1 DAGs
[2022-09-30 08:17:13,420] {logging_mixin.py:115} INFO - [2022-09-30 08:17:13,419] {dag.py:2919} INFO - Setting next_dagrun for tutorial_etl_dag to None, run_after=None
[2022-09-30 08:17:13,465] {processor.py:161} INFO - Processing /home/airflow/.local/lib/python3.7/site-packages/airflow/example_dags/tutorial_etl_dag.py took 0.291 seconds
[2022-09-30 08:17:43,857] {processor.py:153} INFO - Started process (PID=173) to work on /home/airflow/.local/lib/python3.7/site-packages/airflow/example_dags/tutorial_etl_dag.py
[2022-09-30 08:17:43,858] {processor.py:641} INFO - Processing file /home/airflow/.local/lib/python3.7/site-packages/airflow/example_dags/tutorial_etl_dag.py for tasks to queue
[2022-09-30 08:17:43,859] {logging_mixin.py:115} INFO - [2022-09-30 08:17:43,859] {dagbag.py:507} INFO - Filling up the DagBag from /home/airflow/.local/lib/python3.7/site-packages/airflow/example_dags/tutorial_etl_dag.py
[2022-09-30 08:17:43,870] {processor.py:651} INFO - DAG(s) dict_keys(['tutorial_etl_dag']) retrieved from /home/airflow/.local/lib/python3.7/site-packages/airflow/example_dags/tutorial_etl_dag.py
[2022-09-30 08:17:43,900] {logging_mixin.py:115} INFO - [2022-09-30 08:17:43,899] {dag.py:2371} INFO - Sync 1 DAGs
[2022-09-30 08:17:44,050] {logging_mixin.py:115} INFO - [2022-09-30 08:17:44,050] {dag.py:2919} INFO - Setting next_dagrun for tutorial_etl_dag to None, run_after=None
[2022-09-30 08:17:44,065] {processor.py:161} INFO - Processing /home/airflow/.local/lib/python3.7/site-packages/airflow/example_dags/tutorial_etl_dag.py took 0.211 seconds
[2022-09-30 08:18:14,337] {processor.py:153} INFO - Started process (PID=234) to work on /home/airflow/.local/lib/python3.7/site-packages/airflow/example_dags/tutorial_etl_dag.py
[2022-09-30 08:18:14,338] {processor.py:641} INFO - Processing file /home/airflow/.local/lib/python3.7/site-packages/airflow/example_dags/tutorial_etl_dag.py for tasks to queue
[2022-09-30 08:18:14,339] {logging_mixin.py:115} INFO - [2022-09-30 08:18:14,338] {dagbag.py:507} INFO - Filling up the DagBag from /home/airflow/.local/lib/python3.7/site-packages/airflow/example_dags/tutorial_etl_dag.py
[2022-09-30 08:18:14,345] {processor.py:651} INFO - DAG(s) dict_keys(['tutorial_etl_dag']) retrieved from /home/airflow/.local/lib/python3.7/site-packages/airflow/example_dags/tutorial_etl_dag.py
[2022-09-30 08:18:14,368] {logging_mixin.py:115} INFO - [2022-09-30 08:18:14,368] {dag.py:2371} INFO - Sync 1 DAGs
[2022-09-30 08:18:14,500] {logging_mixin.py:115} INFO - [2022-09-30 08:18:14,500] {dag.py:2919} INFO - Setting next_dagrun for tutorial_etl_dag to None, run_after=None
[2022-09-30 08:18:14,512] {processor.py:161} INFO - Processing /home/airflow/.local/lib/python3.7/site-packages/airflow/example_dags/tutorial_etl_dag.py took 0.178 seconds
[2022-09-30 08:18:44,650] {processor.py:153} INFO - Started process (PID=286) to work on /home/airflow/.local/lib/python3.7/site-packages/airflow/example_dags/tutorial_etl_dag.py
[2022-09-30 08:18:44,651] {processor.py:641} INFO - Processing file /home/airflow/.local/lib/python3.7/site-packages/airflow/example_dags/tutorial_etl_dag.py for tasks to queue
[2022-09-30 08:18:44,652] {logging_mixin.py:115} INFO - [2022-09-30 08:18:44,652] {dagbag.py:507} INFO - Filling up the DagBag from /home/airflow/.local/lib/python3.7/site-packages/airflow/example_dags/tutorial_etl_dag.py
[2022-09-30 08:18:44,660] {processor.py:651} INFO - DAG(s) dict_keys(['tutorial_etl_dag']) retrieved from /home/airflow/.local/lib/python3.7/site-packages/airflow/example_dags/tutorial_etl_dag.py
[2022-09-30 08:18:44,687] {logging_mixin.py:115} INFO - [2022-09-30 08:18:44,687] {dag.py:2371} INFO - Sync 1 DAGs
[2022-09-30 08:18:44,831] {logging_mixin.py:115} INFO - [2022-09-30 08:18:44,831] {dag.py:2919} INFO - Setting next_dagrun for tutorial_etl_dag to None, run_after=None
[2022-09-30 08:18:44,906] {processor.py:161} INFO - Processing /home/airflow/.local/lib/python3.7/site-packages/airflow/example_dags/tutorial_etl_dag.py took 0.259 seconds
[2022-09-30 08:19:15,068] {processor.py:153} INFO - Started process (PID=347) to work on /home/airflow/.local/lib/python3.7/site-packages/airflow/example_dags/tutorial_etl_dag.py
[2022-09-30 08:19:15,069] {processor.py:641} INFO - Processing file /home/airflow/.local/lib/python3.7/site-packages/airflow/example_dags/tutorial_etl_dag.py for tasks to queue
[2022-09-30 08:19:15,070] {logging_mixin.py:115} INFO - [2022-09-30 08:19:15,069] {dagbag.py:507} INFO - Filling up the DagBag from /home/airflow/.local/lib/python3.7/site-packages/airflow/example_dags/tutorial_etl_dag.py
[2022-09-30 08:19:15,083] {processor.py:651} INFO - DAG(s) dict_keys(['tutorial_etl_dag']) retrieved from /home/airflow/.local/lib/python3.7/site-packages/airflow/example_dags/tutorial_etl_dag.py
[2022-09-30 08:19:15,107] {logging_mixin.py:115} INFO - [2022-09-30 08:19:15,107] {dag.py:2371} INFO - Sync 1 DAGs
[2022-09-30 08:19:15,239] {logging_mixin.py:115} INFO - [2022-09-30 08:19:15,239] {dag.py:2919} INFO - Setting next_dagrun for tutorial_etl_dag to None, run_after=None
[2022-09-30 08:19:15,252] {processor.py:161} INFO - Processing /home/airflow/.local/lib/python3.7/site-packages/airflow/example_dags/tutorial_etl_dag.py took 0.187 seconds
[2022-09-30 08:19:45,884] {processor.py:153} INFO - Started process (PID=408) to work on /home/airflow/.local/lib/python3.7/site-packages/airflow/example_dags/tutorial_etl_dag.py
[2022-09-30 08:19:45,885] {processor.py:641} INFO - Processing file /home/airflow/.local/lib/python3.7/site-packages/airflow/example_dags/tutorial_etl_dag.py for tasks to queue
[2022-09-30 08:19:45,886] {logging_mixin.py:115} INFO - [2022-09-30 08:19:45,886] {dagbag.py:507} INFO - Filling up the DagBag from /home/airflow/.local/lib/python3.7/site-packages/airflow/example_dags/tutorial_etl_dag.py
[2022-09-30 08:19:45,893] {processor.py:651} INFO - DAG(s) dict_keys(['tutorial_etl_dag']) retrieved from /home/airflow/.local/lib/python3.7/site-packages/airflow/example_dags/tutorial_etl_dag.py
[2022-09-30 08:19:45,917] {logging_mixin.py:115} INFO - [2022-09-30 08:19:45,917] {dag.py:2371} INFO - Sync 1 DAGs
[2022-09-30 08:19:46,049] {logging_mixin.py:115} INFO - [2022-09-30 08:19:46,049] {dag.py:2919} INFO - Setting next_dagrun for tutorial_etl_dag to None, run_after=None
[2022-09-30 08:19:46,062] {processor.py:161} INFO - Processing /home/airflow/.local/lib/python3.7/site-packages/airflow/example_dags/tutorial_etl_dag.py took 0.180 seconds
[2022-09-30 08:20:16,581] {processor.py:153} INFO - Started process (PID=460) to work on /home/airflow/.local/lib/python3.7/site-packages/airflow/example_dags/tutorial_etl_dag.py
[2022-09-30 08:20:16,581] {processor.py:641} INFO - Processing file /home/airflow/.local/lib/python3.7/site-packages/airflow/example_dags/tutorial_etl_dag.py for tasks to queue
[2022-09-30 08:20:16,582] {logging_mixin.py:115} INFO - [2022-09-30 08:20:16,582] {dagbag.py:507} INFO - Filling up the DagBag from /home/airflow/.local/lib/python3.7/site-packages/airflow/example_dags/tutorial_etl_dag.py
[2022-09-30 08:20:16,588] {processor.py:651} INFO - DAG(s) dict_keys(['tutorial_etl_dag']) retrieved from /home/airflow/.local/lib/python3.7/site-packages/airflow/example_dags/tutorial_etl_dag.py
[2022-09-30 08:20:16,611] {logging_mixin.py:115} INFO - [2022-09-30 08:20:16,611] {dag.py:2371} INFO - Sync 1 DAGs
[2022-09-30 08:20:16,734] {logging_mixin.py:115} INFO - [2022-09-30 08:20:16,734] {dag.py:2919} INFO - Setting next_dagrun for tutorial_etl_dag to None, run_after=None
[2022-09-30 08:20:16,746] {processor.py:161} INFO - Processing /home/airflow/.local/lib/python3.7/site-packages/airflow/example_dags/tutorial_etl_dag.py took 0.168 seconds
[2022-09-30 08:20:47,426] {processor.py:153} INFO - Started process (PID=522) to work on /home/airflow/.local/lib/python3.7/site-packages/airflow/example_dags/tutorial_etl_dag.py
[2022-09-30 08:20:47,427] {processor.py:641} INFO - Processing file /home/airflow/.local/lib/python3.7/site-packages/airflow/example_dags/tutorial_etl_dag.py for tasks to queue
[2022-09-30 08:20:47,428] {logging_mixin.py:115} INFO - [2022-09-30 08:20:47,428] {dagbag.py:507} INFO - Filling up the DagBag from /home/airflow/.local/lib/python3.7/site-packages/airflow/example_dags/tutorial_etl_dag.py
[2022-09-30 08:20:47,435] {processor.py:651} INFO - DAG(s) dict_keys(['tutorial_etl_dag']) retrieved from /home/airflow/.local/lib/python3.7/site-packages/airflow/example_dags/tutorial_etl_dag.py
[2022-09-30 08:20:47,469] {logging_mixin.py:115} INFO - [2022-09-30 08:20:47,468] {dag.py:2371} INFO - Sync 1 DAGs
[2022-09-30 08:20:47,622] {logging_mixin.py:115} INFO - [2022-09-30 08:20:47,622] {dag.py:2919} INFO - Setting next_dagrun for tutorial_etl_dag to None, run_after=None
[2022-09-30 08:20:47,639] {processor.py:161} INFO - Processing /home/airflow/.local/lib/python3.7/site-packages/airflow/example_dags/tutorial_etl_dag.py took 0.216 seconds
[2022-09-30 08:21:18,260] {processor.py:153} INFO - Started process (PID=583) to work on /home/airflow/.local/lib/python3.7/site-packages/airflow/example_dags/tutorial_etl_dag.py
[2022-09-30 08:21:18,261] {processor.py:641} INFO - Processing file /home/airflow/.local/lib/python3.7/site-packages/airflow/example_dags/tutorial_etl_dag.py for tasks to queue
[2022-09-30 08:21:18,262] {logging_mixin.py:115} INFO - [2022-09-30 08:21:18,262] {dagbag.py:507} INFO - Filling up the DagBag from /home/airflow/.local/lib/python3.7/site-packages/airflow/example_dags/tutorial_etl_dag.py
[2022-09-30 08:21:18,269] {processor.py:651} INFO - DAG(s) dict_keys(['tutorial_etl_dag']) retrieved from /home/airflow/.local/lib/python3.7/site-packages/airflow/example_dags/tutorial_etl_dag.py
[2022-09-30 08:21:18,302] {logging_mixin.py:115} INFO - [2022-09-30 08:21:18,301] {dag.py:2371} INFO - Sync 1 DAGs
[2022-09-30 08:21:18,457] {logging_mixin.py:115} INFO - [2022-09-30 08:21:18,457] {dag.py:2919} INFO - Setting next_dagrun for tutorial_etl_dag to None, run_after=None
[2022-09-30 08:21:18,470] {processor.py:161} INFO - Processing /home/airflow/.local/lib/python3.7/site-packages/airflow/example_dags/tutorial_etl_dag.py took 0.215 seconds
[2022-09-30 08:21:49,016] {processor.py:153} INFO - Started process (PID=635) to work on /home/airflow/.local/lib/python3.7/site-packages/airflow/example_dags/tutorial_etl_dag.py
[2022-09-30 08:21:49,017] {processor.py:641} INFO - Processing file /home/airflow/.local/lib/python3.7/site-packages/airflow/example_dags/tutorial_etl_dag.py for tasks to queue
[2022-09-30 08:21:49,018] {logging_mixin.py:115} INFO - [2022-09-30 08:21:49,018] {dagbag.py:507} INFO - Filling up the DagBag from /home/airflow/.local/lib/python3.7/site-packages/airflow/example_dags/tutorial_etl_dag.py
[2022-09-30 08:21:49,025] {processor.py:651} INFO - DAG(s) dict_keys(['tutorial_etl_dag']) retrieved from /home/airflow/.local/lib/python3.7/site-packages/airflow/example_dags/tutorial_etl_dag.py
[2022-09-30 08:21:49,053] {logging_mixin.py:115} INFO - [2022-09-30 08:21:49,053] {dag.py:2371} INFO - Sync 1 DAGs
[2022-09-30 08:21:49,212] {logging_mixin.py:115} INFO - [2022-09-30 08:21:49,212] {dag.py:2919} INFO - Setting next_dagrun for tutorial_etl_dag to None, run_after=None
[2022-09-30 08:21:49,223] {processor.py:161} INFO - Processing /home/airflow/.local/lib/python3.7/site-packages/airflow/example_dags/tutorial_etl_dag.py took 0.210 seconds
[2022-09-30 08:22:19,443] {processor.py:153} INFO - Started process (PID=696) to work on /home/airflow/.local/lib/python3.7/site-packages/airflow/example_dags/tutorial_etl_dag.py
[2022-09-30 08:22:19,444] {processor.py:641} INFO - Processing file /home/airflow/.local/lib/python3.7/site-packages/airflow/example_dags/tutorial_etl_dag.py for tasks to queue
[2022-09-30 08:22:19,445] {logging_mixin.py:115} INFO - [2022-09-30 08:22:19,444] {dagbag.py:507} INFO - Filling up the DagBag from /home/airflow/.local/lib/python3.7/site-packages/airflow/example_dags/tutorial_etl_dag.py
[2022-09-30 08:22:19,453] {processor.py:651} INFO - DAG(s) dict_keys(['tutorial_etl_dag']) retrieved from /home/airflow/.local/lib/python3.7/site-packages/airflow/example_dags/tutorial_etl_dag.py
[2022-09-30 08:22:19,483] {logging_mixin.py:115} INFO - [2022-09-30 08:22:19,483] {dag.py:2371} INFO - Sync 1 DAGs
[2022-09-30 08:22:19,633] {logging_mixin.py:115} INFO - [2022-09-30 08:22:19,633] {dag.py:2919} INFO - Setting next_dagrun for tutorial_etl_dag to None, run_after=None
[2022-09-30 08:22:19,651] {processor.py:161} INFO - Processing /home/airflow/.local/lib/python3.7/site-packages/airflow/example_dags/tutorial_etl_dag.py took 0.211 seconds
[2022-09-30 08:22:49,951] {processor.py:153} INFO - Started process (PID=757) to work on /home/airflow/.local/lib/python3.7/site-packages/airflow/example_dags/tutorial_etl_dag.py
[2022-09-30 08:22:49,952] {processor.py:641} INFO - Processing file /home/airflow/.local/lib/python3.7/site-packages/airflow/example_dags/tutorial_etl_dag.py for tasks to queue
[2022-09-30 08:22:49,953] {logging_mixin.py:115} INFO - [2022-09-30 08:22:49,953] {dagbag.py:507} INFO - Filling up the DagBag from /home/airflow/.local/lib/python3.7/site-packages/airflow/example_dags/tutorial_etl_dag.py
[2022-09-30 08:22:49,960] {processor.py:651} INFO - DAG(s) dict_keys(['tutorial_etl_dag']) retrieved from /home/airflow/.local/lib/python3.7/site-packages/airflow/example_dags/tutorial_etl_dag.py
[2022-09-30 08:22:49,990] {logging_mixin.py:115} INFO - [2022-09-30 08:22:49,990] {dag.py:2371} INFO - Sync 1 DAGs
[2022-09-30 08:22:50,135] {logging_mixin.py:115} INFO - [2022-09-30 08:22:50,135] {dag.py:2919} INFO - Setting next_dagrun for tutorial_etl_dag to None, run_after=None
[2022-09-30 08:22:50,149] {processor.py:161} INFO - Processing /home/airflow/.local/lib/python3.7/site-packages/airflow/example_dags/tutorial_etl_dag.py took 0.201 seconds
[2022-09-30 08:23:20,683] {processor.py:153} INFO - Started process (PID=809) to work on /home/airflow/.local/lib/python3.7/site-packages/airflow/example_dags/tutorial_etl_dag.py
[2022-09-30 08:23:20,684] {processor.py:641} INFO - Processing file /home/airflow/.local/lib/python3.7/site-packages/airflow/example_dags/tutorial_etl_dag.py for tasks to queue
[2022-09-30 08:23:20,684] {logging_mixin.py:115} INFO - [2022-09-30 08:23:20,684] {dagbag.py:507} INFO - Filling up the DagBag from /home/airflow/.local/lib/python3.7/site-packages/airflow/example_dags/tutorial_etl_dag.py
[2022-09-30 08:23:20,690] {processor.py:651} INFO - DAG(s) dict_keys(['tutorial_etl_dag']) retrieved from /home/airflow/.local/lib/python3.7/site-packages/airflow/example_dags/tutorial_etl_dag.py
[2022-09-30 08:23:20,715] {logging_mixin.py:115} INFO - [2022-09-30 08:23:20,715] {dag.py:2371} INFO - Sync 1 DAGs
[2022-09-30 08:23:20,829] {logging_mixin.py:115} INFO - [2022-09-30 08:23:20,829] {dag.py:2919} INFO - Setting next_dagrun for tutorial_etl_dag to None, run_after=None
[2022-09-30 08:23:20,839] {processor.py:161} INFO - Processing /home/airflow/.local/lib/python3.7/site-packages/airflow/example_dags/tutorial_etl_dag.py took 0.159 seconds
[2022-09-30 08:23:51,032] {processor.py:153} INFO - Started process (PID=870) to work on /home/airflow/.local/lib/python3.7/site-packages/airflow/example_dags/tutorial_etl_dag.py
[2022-09-30 08:23:51,033] {processor.py:641} INFO - Processing file /home/airflow/.local/lib/python3.7/site-packages/airflow/example_dags/tutorial_etl_dag.py for tasks to queue
[2022-09-30 08:23:51,034] {logging_mixin.py:115} INFO - [2022-09-30 08:23:51,034] {dagbag.py:507} INFO - Filling up the DagBag from /home/airflow/.local/lib/python3.7/site-packages/airflow/example_dags/tutorial_etl_dag.py
[2022-09-30 08:23:51,040] {processor.py:651} INFO - DAG(s) dict_keys(['tutorial_etl_dag']) retrieved from /home/airflow/.local/lib/python3.7/site-packages/airflow/example_dags/tutorial_etl_dag.py
[2022-09-30 08:23:51,067] {logging_mixin.py:115} INFO - [2022-09-30 08:23:51,067] {dag.py:2371} INFO - Sync 1 DAGs
[2022-09-30 08:23:51,189] {logging_mixin.py:115} INFO - [2022-09-30 08:23:51,189] {dag.py:2919} INFO - Setting next_dagrun for tutorial_etl_dag to None, run_after=None
[2022-09-30 08:23:51,200] {processor.py:161} INFO - Processing /home/airflow/.local/lib/python3.7/site-packages/airflow/example_dags/tutorial_etl_dag.py took 0.171 seconds
[2022-09-30 08:24:21,781] {processor.py:153} INFO - Started process (PID=931) to work on /home/airflow/.local/lib/python3.7/site-packages/airflow/example_dags/tutorial_etl_dag.py
[2022-09-30 08:24:21,782] {processor.py:641} INFO - Processing file /home/airflow/.local/lib/python3.7/site-packages/airflow/example_dags/tutorial_etl_dag.py for tasks to queue
[2022-09-30 08:24:21,782] {logging_mixin.py:115} INFO - [2022-09-30 08:24:21,782] {dagbag.py:507} INFO - Filling up the DagBag from /home/airflow/.local/lib/python3.7/site-packages/airflow/example_dags/tutorial_etl_dag.py
[2022-09-30 08:24:21,789] {processor.py:651} INFO - DAG(s) dict_keys(['tutorial_etl_dag']) retrieved from /home/airflow/.local/lib/python3.7/site-packages/airflow/example_dags/tutorial_etl_dag.py
[2022-09-30 08:24:21,815] {logging_mixin.py:115} INFO - [2022-09-30 08:24:21,815] {dag.py:2371} INFO - Sync 1 DAGs
[2022-09-30 08:24:21,929] {logging_mixin.py:115} INFO - [2022-09-30 08:24:21,929] {dag.py:2919} INFO - Setting next_dagrun for tutorial_etl_dag to None, run_after=None
[2022-09-30 08:24:21,940] {processor.py:161} INFO - Processing /home/airflow/.local/lib/python3.7/site-packages/airflow/example_dags/tutorial_etl_dag.py took 0.162 seconds
[2022-09-30 08:24:52,199] {processor.py:153} INFO - Started process (PID=983) to work on /home/airflow/.local/lib/python3.7/site-packages/airflow/example_dags/tutorial_etl_dag.py
[2022-09-30 08:24:52,200] {processor.py:641} INFO - Processing file /home/airflow/.local/lib/python3.7/site-packages/airflow/example_dags/tutorial_etl_dag.py for tasks to queue
[2022-09-30 08:24:52,200] {logging_mixin.py:115} INFO - [2022-09-30 08:24:52,200] {dagbag.py:507} INFO - Filling up the DagBag from /home/airflow/.local/lib/python3.7/site-packages/airflow/example_dags/tutorial_etl_dag.py
[2022-09-30 08:24:52,207] {processor.py:651} INFO - DAG(s) dict_keys(['tutorial_etl_dag']) retrieved from /home/airflow/.local/lib/python3.7/site-packages/airflow/example_dags/tutorial_etl_dag.py
[2022-09-30 08:24:52,236] {logging_mixin.py:115} INFO - [2022-09-30 08:24:52,236] {dag.py:2371} INFO - Sync 1 DAGs
[2022-09-30 08:24:52,369] {logging_mixin.py:115} INFO - [2022-09-30 08:24:52,369] {dag.py:2919} INFO - Setting next_dagrun for tutorial_etl_dag to None, run_after=None
[2022-09-30 08:24:52,387] {processor.py:161} INFO - Processing /home/airflow/.local/lib/python3.7/site-packages/airflow/example_dags/tutorial_etl_dag.py took 0.191 seconds
[2022-09-30 08:25:22,958] {processor.py:153} INFO - Started process (PID=1044) to work on /home/airflow/.local/lib/python3.7/site-packages/airflow/example_dags/tutorial_etl_dag.py
[2022-09-30 08:25:22,960] {processor.py:641} INFO - Processing file /home/airflow/.local/lib/python3.7/site-packages/airflow/example_dags/tutorial_etl_dag.py for tasks to queue
[2022-09-30 08:25:22,962] {logging_mixin.py:115} INFO - [2022-09-30 08:25:22,962] {dagbag.py:507} INFO - Filling up the DagBag from /home/airflow/.local/lib/python3.7/site-packages/airflow/example_dags/tutorial_etl_dag.py
[2022-09-30 08:25:22,969] {processor.py:651} INFO - DAG(s) dict_keys(['tutorial_etl_dag']) retrieved from /home/airflow/.local/lib/python3.7/site-packages/airflow/example_dags/tutorial_etl_dag.py
[2022-09-30 08:25:22,999] {logging_mixin.py:115} INFO - [2022-09-30 08:25:22,999] {dag.py:2371} INFO - Sync 1 DAGs
[2022-09-30 08:25:23,122] {logging_mixin.py:115} INFO - [2022-09-30 08:25:23,122] {dag.py:2919} INFO - Setting next_dagrun for tutorial_etl_dag to None, run_after=None
[2022-09-30 08:25:23,138] {processor.py:161} INFO - Processing /home/airflow/.local/lib/python3.7/site-packages/airflow/example_dags/tutorial_etl_dag.py took 0.183 seconds
[2022-09-30 08:25:53,831] {processor.py:153} INFO - Started process (PID=1105) to work on /home/airflow/.local/lib/python3.7/site-packages/airflow/example_dags/tutorial_etl_dag.py
[2022-09-30 08:25:53,832] {processor.py:641} INFO - Processing file /home/airflow/.local/lib/python3.7/site-packages/airflow/example_dags/tutorial_etl_dag.py for tasks to queue
[2022-09-30 08:25:53,833] {logging_mixin.py:115} INFO - [2022-09-30 08:25:53,833] {dagbag.py:507} INFO - Filling up the DagBag from /home/airflow/.local/lib/python3.7/site-packages/airflow/example_dags/tutorial_etl_dag.py
[2022-09-30 08:25:53,840] {processor.py:651} INFO - DAG(s) dict_keys(['tutorial_etl_dag']) retrieved from /home/airflow/.local/lib/python3.7/site-packages/airflow/example_dags/tutorial_etl_dag.py
[2022-09-30 08:25:53,873] {logging_mixin.py:115} INFO - [2022-09-30 08:25:53,873] {dag.py:2371} INFO - Sync 1 DAGs
[2022-09-30 08:25:54,024] {logging_mixin.py:115} INFO - [2022-09-30 08:25:54,024] {dag.py:2919} INFO - Setting next_dagrun for tutorial_etl_dag to None, run_after=None
[2022-09-30 08:25:54,035] {processor.py:161} INFO - Processing /home/airflow/.local/lib/python3.7/site-packages/airflow/example_dags/tutorial_etl_dag.py took 0.207 seconds
[2022-09-30 08:26:24,615] {processor.py:153} INFO - Started process (PID=1157) to work on /home/airflow/.local/lib/python3.7/site-packages/airflow/example_dags/tutorial_etl_dag.py
[2022-09-30 08:26:24,616] {processor.py:641} INFO - Processing file /home/airflow/.local/lib/python3.7/site-packages/airflow/example_dags/tutorial_etl_dag.py for tasks to queue
[2022-09-30 08:26:24,616] {logging_mixin.py:115} INFO - [2022-09-30 08:26:24,616] {dagbag.py:507} INFO - Filling up the DagBag from /home/airflow/.local/lib/python3.7/site-packages/airflow/example_dags/tutorial_etl_dag.py
[2022-09-30 08:26:24,623] {processor.py:651} INFO - DAG(s) dict_keys(['tutorial_etl_dag']) retrieved from /home/airflow/.local/lib/python3.7/site-packages/airflow/example_dags/tutorial_etl_dag.py
[2022-09-30 08:26:24,654] {logging_mixin.py:115} INFO - [2022-09-30 08:26:24,654] {dag.py:2371} INFO - Sync 1 DAGs
[2022-09-30 08:26:24,773] {logging_mixin.py:115} INFO - [2022-09-30 08:26:24,773] {dag.py:2919} INFO - Setting next_dagrun for tutorial_etl_dag to None, run_after=None
[2022-09-30 08:26:24,784] {processor.py:161} INFO - Processing /home/airflow/.local/lib/python3.7/site-packages/airflow/example_dags/tutorial_etl_dag.py took 0.172 seconds
[2022-09-30 08:26:54,868] {processor.py:153} INFO - Started process (PID=1218) to work on /home/airflow/.local/lib/python3.7/site-packages/airflow/example_dags/tutorial_etl_dag.py
[2022-09-30 08:26:54,869] {processor.py:641} INFO - Processing file /home/airflow/.local/lib/python3.7/site-packages/airflow/example_dags/tutorial_etl_dag.py for tasks to queue
[2022-09-30 08:26:54,869] {logging_mixin.py:115} INFO - [2022-09-30 08:26:54,869] {dagbag.py:507} INFO - Filling up the DagBag from /home/airflow/.local/lib/python3.7/site-packages/airflow/example_dags/tutorial_etl_dag.py
[2022-09-30 08:26:54,876] {processor.py:651} INFO - DAG(s) dict_keys(['tutorial_etl_dag']) retrieved from /home/airflow/.local/lib/python3.7/site-packages/airflow/example_dags/tutorial_etl_dag.py
[2022-09-30 08:26:54,902] {logging_mixin.py:115} INFO - [2022-09-30 08:26:54,902] {dag.py:2371} INFO - Sync 1 DAGs
[2022-09-30 08:26:54,922] {logging_mixin.py:115} INFO - [2022-09-30 08:26:54,922] {dag.py:2919} INFO - Setting next_dagrun for tutorial_etl_dag to None, run_after=None
[2022-09-30 08:26:54,935] {processor.py:161} INFO - Processing /home/airflow/.local/lib/python3.7/site-packages/airflow/example_dags/tutorial_etl_dag.py took 0.069 seconds
[2022-09-30 08:27:25,134] {processor.py:153} INFO - Started process (PID=1279) to work on /home/airflow/.local/lib/python3.7/site-packages/airflow/example_dags/tutorial_etl_dag.py
[2022-09-30 08:27:25,135] {processor.py:641} INFO - Processing file /home/airflow/.local/lib/python3.7/site-packages/airflow/example_dags/tutorial_etl_dag.py for tasks to queue
[2022-09-30 08:27:25,136] {logging_mixin.py:115} INFO - [2022-09-30 08:27:25,136] {dagbag.py:507} INFO - Filling up the DagBag from /home/airflow/.local/lib/python3.7/site-packages/airflow/example_dags/tutorial_etl_dag.py
[2022-09-30 08:27:25,142] {processor.py:651} INFO - DAG(s) dict_keys(['tutorial_etl_dag']) retrieved from /home/airflow/.local/lib/python3.7/site-packages/airflow/example_dags/tutorial_etl_dag.py
[2022-09-30 08:27:25,169] {logging_mixin.py:115} INFO - [2022-09-30 08:27:25,169] {dag.py:2371} INFO - Sync 1 DAGs
[2022-09-30 08:27:25,190] {logging_mixin.py:115} INFO - [2022-09-30 08:27:25,190] {dag.py:2919} INFO - Setting next_dagrun for tutorial_etl_dag to None, run_after=None
[2022-09-30 08:27:25,202] {processor.py:161} INFO - Processing /home/airflow/.local/lib/python3.7/site-packages/airflow/example_dags/tutorial_etl_dag.py took 0.070 seconds
[2022-09-30 08:27:56,121] {processor.py:153} INFO - Started process (PID=1331) to work on /home/airflow/.local/lib/python3.7/site-packages/airflow/example_dags/tutorial_etl_dag.py
[2022-09-30 08:27:56,122] {processor.py:641} INFO - Processing file /home/airflow/.local/lib/python3.7/site-packages/airflow/example_dags/tutorial_etl_dag.py for tasks to queue
[2022-09-30 08:27:56,122] {logging_mixin.py:115} INFO - [2022-09-30 08:27:56,122] {dagbag.py:507} INFO - Filling up the DagBag from /home/airflow/.local/lib/python3.7/site-packages/airflow/example_dags/tutorial_etl_dag.py
[2022-09-30 08:27:56,130] {processor.py:651} INFO - DAG(s) dict_keys(['tutorial_etl_dag']) retrieved from /home/airflow/.local/lib/python3.7/site-packages/airflow/example_dags/tutorial_etl_dag.py
[2022-09-30 08:27:56,157] {logging_mixin.py:115} INFO - [2022-09-30 08:27:56,157] {dag.py:2371} INFO - Sync 1 DAGs
[2022-09-30 08:27:56,179] {logging_mixin.py:115} INFO - [2022-09-30 08:27:56,179] {dag.py:2919} INFO - Setting next_dagrun for tutorial_etl_dag to None, run_after=None
[2022-09-30 08:27:56,191] {processor.py:161} INFO - Processing /home/airflow/.local/lib/python3.7/site-packages/airflow/example_dags/tutorial_etl_dag.py took 0.073 seconds
[2022-09-30 08:28:27,047] {processor.py:153} INFO - Started process (PID=1392) to work on /home/airflow/.local/lib/python3.7/site-packages/airflow/example_dags/tutorial_etl_dag.py
[2022-09-30 08:28:27,048] {processor.py:641} INFO - Processing file /home/airflow/.local/lib/python3.7/site-packages/airflow/example_dags/tutorial_etl_dag.py for tasks to queue
[2022-09-30 08:28:27,049] {logging_mixin.py:115} INFO - [2022-09-30 08:28:27,049] {dagbag.py:507} INFO - Filling up the DagBag from /home/airflow/.local/lib/python3.7/site-packages/airflow/example_dags/tutorial_etl_dag.py
[2022-09-30 08:28:27,055] {processor.py:651} INFO - DAG(s) dict_keys(['tutorial_etl_dag']) retrieved from /home/airflow/.local/lib/python3.7/site-packages/airflow/example_dags/tutorial_etl_dag.py
[2022-09-30 08:28:27,079] {logging_mixin.py:115} INFO - [2022-09-30 08:28:27,079] {dag.py:2371} INFO - Sync 1 DAGs
[2022-09-30 08:28:27,098] {logging_mixin.py:115} INFO - [2022-09-30 08:28:27,098] {dag.py:2919} INFO - Setting next_dagrun for tutorial_etl_dag to None, run_after=None
[2022-09-30 08:28:27,108] {processor.py:161} INFO - Processing /home/airflow/.local/lib/python3.7/site-packages/airflow/example_dags/tutorial_etl_dag.py took 0.064 seconds
[2022-09-30 08:28:57,939] {processor.py:153} INFO - Started process (PID=1454) to work on /home/airflow/.local/lib/python3.7/site-packages/airflow/example_dags/tutorial_etl_dag.py
[2022-09-30 08:28:57,940] {processor.py:641} INFO - Processing file /home/airflow/.local/lib/python3.7/site-packages/airflow/example_dags/tutorial_etl_dag.py for tasks to queue
[2022-09-30 08:28:57,940] {logging_mixin.py:115} INFO - [2022-09-30 08:28:57,940] {dagbag.py:507} INFO - Filling up the DagBag from /home/airflow/.local/lib/python3.7/site-packages/airflow/example_dags/tutorial_etl_dag.py
[2022-09-30 08:28:57,947] {processor.py:651} INFO - DAG(s) dict_keys(['tutorial_etl_dag']) retrieved from /home/airflow/.local/lib/python3.7/site-packages/airflow/example_dags/tutorial_etl_dag.py
[2022-09-30 08:28:57,973] {logging_mixin.py:115} INFO - [2022-09-30 08:28:57,973] {dag.py:2371} INFO - Sync 1 DAGs
[2022-09-30 08:28:57,996] {logging_mixin.py:115} INFO - [2022-09-30 08:28:57,996] {dag.py:2919} INFO - Setting next_dagrun for tutorial_etl_dag to None, run_after=None
[2022-09-30 08:28:58,009] {processor.py:161} INFO - Processing /home/airflow/.local/lib/python3.7/site-packages/airflow/example_dags/tutorial_etl_dag.py took 0.073 seconds
[2022-09-30 08:29:28,767] {processor.py:153} INFO - Started process (PID=1515) to work on /home/airflow/.local/lib/python3.7/site-packages/airflow/example_dags/tutorial_etl_dag.py
[2022-09-30 08:29:28,767] {processor.py:641} INFO - Processing file /home/airflow/.local/lib/python3.7/site-packages/airflow/example_dags/tutorial_etl_dag.py for tasks to queue
[2022-09-30 08:29:28,768] {logging_mixin.py:115} INFO - [2022-09-30 08:29:28,768] {dagbag.py:507} INFO - Filling up the DagBag from /home/airflow/.local/lib/python3.7/site-packages/airflow/example_dags/tutorial_etl_dag.py
[2022-09-30 08:29:28,775] {processor.py:651} INFO - DAG(s) dict_keys(['tutorial_etl_dag']) retrieved from /home/airflow/.local/lib/python3.7/site-packages/airflow/example_dags/tutorial_etl_dag.py
[2022-09-30 08:29:28,807] {logging_mixin.py:115} INFO - [2022-09-30 08:29:28,807] {dag.py:2371} INFO - Sync 1 DAGs
[2022-09-30 08:29:28,835] {logging_mixin.py:115} INFO - [2022-09-30 08:29:28,835] {dag.py:2919} INFO - Setting next_dagrun for tutorial_etl_dag to None, run_after=None
[2022-09-30 08:29:28,848] {processor.py:161} INFO - Processing /home/airflow/.local/lib/python3.7/site-packages/airflow/example_dags/tutorial_etl_dag.py took 0.085 seconds
[2022-09-30 08:29:59,555] {processor.py:153} INFO - Started process (PID=1567) to work on /home/airflow/.local/lib/python3.7/site-packages/airflow/example_dags/tutorial_etl_dag.py
[2022-09-30 08:29:59,555] {processor.py:641} INFO - Processing file /home/airflow/.local/lib/python3.7/site-packages/airflow/example_dags/tutorial_etl_dag.py for tasks to queue
[2022-09-30 08:29:59,556] {logging_mixin.py:115} INFO - [2022-09-30 08:29:59,556] {dagbag.py:507} INFO - Filling up the DagBag from /home/airflow/.local/lib/python3.7/site-packages/airflow/example_dags/tutorial_etl_dag.py
[2022-09-30 08:29:59,563] {processor.py:651} INFO - DAG(s) dict_keys(['tutorial_etl_dag']) retrieved from /home/airflow/.local/lib/python3.7/site-packages/airflow/example_dags/tutorial_etl_dag.py
[2022-09-30 08:29:59,586] {logging_mixin.py:115} INFO - [2022-09-30 08:29:59,586] {dag.py:2371} INFO - Sync 1 DAGs
[2022-09-30 08:29:59,606] {logging_mixin.py:115} INFO - [2022-09-30 08:29:59,606] {dag.py:2919} INFO - Setting next_dagrun for tutorial_etl_dag to None, run_after=None
[2022-09-30 08:29:59,618] {processor.py:161} INFO - Processing /home/airflow/.local/lib/python3.7/site-packages/airflow/example_dags/tutorial_etl_dag.py took 0.066 seconds
[2022-09-30 08:30:30,616] {processor.py:153} INFO - Started process (PID=1629) to work on /home/airflow/.local/lib/python3.7/site-packages/airflow/example_dags/tutorial_etl_dag.py
[2022-09-30 08:30:30,617] {processor.py:641} INFO - Processing file /home/airflow/.local/lib/python3.7/site-packages/airflow/example_dags/tutorial_etl_dag.py for tasks to queue
[2022-09-30 08:30:30,618] {logging_mixin.py:115} INFO - [2022-09-30 08:30:30,617] {dagbag.py:507} INFO - Filling up the DagBag from /home/airflow/.local/lib/python3.7/site-packages/airflow/example_dags/tutorial_etl_dag.py
[2022-09-30 08:30:30,624] {processor.py:651} INFO - DAG(s) dict_keys(['tutorial_etl_dag']) retrieved from /home/airflow/.local/lib/python3.7/site-packages/airflow/example_dags/tutorial_etl_dag.py
[2022-09-30 08:30:30,650] {logging_mixin.py:115} INFO - [2022-09-30 08:30:30,650] {dag.py:2371} INFO - Sync 1 DAGs
[2022-09-30 08:30:30,671] {logging_mixin.py:115} INFO - [2022-09-30 08:30:30,671] {dag.py:2919} INFO - Setting next_dagrun for tutorial_etl_dag to None, run_after=None
[2022-09-30 08:30:30,683] {processor.py:161} INFO - Processing /home/airflow/.local/lib/python3.7/site-packages/airflow/example_dags/tutorial_etl_dag.py took 0.070 seconds
[2022-09-30 08:31:00,726] {processor.py:153} INFO - Started process (PID=1689) to work on /home/airflow/.local/lib/python3.7/site-packages/airflow/example_dags/tutorial_etl_dag.py
[2022-09-30 08:31:00,727] {processor.py:641} INFO - Processing file /home/airflow/.local/lib/python3.7/site-packages/airflow/example_dags/tutorial_etl_dag.py for tasks to queue
[2022-09-30 08:31:00,728] {logging_mixin.py:115} INFO - [2022-09-30 08:31:00,728] {dagbag.py:507} INFO - Filling up the DagBag from /home/airflow/.local/lib/python3.7/site-packages/airflow/example_dags/tutorial_etl_dag.py
[2022-09-30 08:31:00,734] {processor.py:651} INFO - DAG(s) dict_keys(['tutorial_etl_dag']) retrieved from /home/airflow/.local/lib/python3.7/site-packages/airflow/example_dags/tutorial_etl_dag.py
[2022-09-30 08:31:00,762] {logging_mixin.py:115} INFO - [2022-09-30 08:31:00,762] {dag.py:2371} INFO - Sync 1 DAGs
[2022-09-30 08:31:00,787] {logging_mixin.py:115} INFO - [2022-09-30 08:31:00,787] {dag.py:2919} INFO - Setting next_dagrun for tutorial_etl_dag to None, run_after=None
[2022-09-30 08:31:00,802] {processor.py:161} INFO - Processing /home/airflow/.local/lib/python3.7/site-packages/airflow/example_dags/tutorial_etl_dag.py took 0.080 seconds
[2022-09-30 08:31:30,857] {processor.py:153} INFO - Started process (PID=1741) to work on /home/airflow/.local/lib/python3.7/site-packages/airflow/example_dags/tutorial_etl_dag.py
[2022-09-30 08:31:30,858] {processor.py:641} INFO - Processing file /home/airflow/.local/lib/python3.7/site-packages/airflow/example_dags/tutorial_etl_dag.py for tasks to queue
[2022-09-30 08:31:30,858] {logging_mixin.py:115} INFO - [2022-09-30 08:31:30,858] {dagbag.py:507} INFO - Filling up the DagBag from /home/airflow/.local/lib/python3.7/site-packages/airflow/example_dags/tutorial_etl_dag.py
[2022-09-30 08:31:30,864] {processor.py:651} INFO - DAG(s) dict_keys(['tutorial_etl_dag']) retrieved from /home/airflow/.local/lib/python3.7/site-packages/airflow/example_dags/tutorial_etl_dag.py
[2022-09-30 08:31:30,890] {logging_mixin.py:115} INFO - [2022-09-30 08:31:30,890] {dag.py:2371} INFO - Sync 1 DAGs
[2022-09-30 08:31:30,909] {logging_mixin.py:115} INFO - [2022-09-30 08:31:30,909] {dag.py:2919} INFO - Setting next_dagrun for tutorial_etl_dag to None, run_after=None
[2022-09-30 08:31:30,921] {processor.py:161} INFO - Processing /home/airflow/.local/lib/python3.7/site-packages/airflow/example_dags/tutorial_etl_dag.py took 0.066 seconds
[2022-09-30 08:32:01,131] {processor.py:153} INFO - Started process (PID=1802) to work on /home/airflow/.local/lib/python3.7/site-packages/airflow/example_dags/tutorial_etl_dag.py
[2022-09-30 08:32:01,132] {processor.py:641} INFO - Processing file /home/airflow/.local/lib/python3.7/site-packages/airflow/example_dags/tutorial_etl_dag.py for tasks to queue
[2022-09-30 08:32:01,134] {logging_mixin.py:115} INFO - [2022-09-30 08:32:01,134] {dagbag.py:507} INFO - Filling up the DagBag from /home/airflow/.local/lib/python3.7/site-packages/airflow/example_dags/tutorial_etl_dag.py
[2022-09-30 08:32:01,150] {processor.py:651} INFO - DAG(s) dict_keys(['tutorial_etl_dag']) retrieved from /home/airflow/.local/lib/python3.7/site-packages/airflow/example_dags/tutorial_etl_dag.py
[2022-09-30 08:32:01,279] {logging_mixin.py:115} INFO - [2022-09-30 08:32:01,279] {dag.py:2371} INFO - Sync 1 DAGs
[2022-09-30 08:32:01,297] {logging_mixin.py:115} INFO - [2022-09-30 08:32:01,297] {dag.py:2919} INFO - Setting next_dagrun for tutorial_etl_dag to None, run_after=None
[2022-09-30 08:32:01,308] {processor.py:161} INFO - Processing /home/airflow/.local/lib/python3.7/site-packages/airflow/example_dags/tutorial_etl_dag.py took 0.185 seconds
[2022-09-30 08:32:31,451] {processor.py:153} INFO - Started process (PID=1863) to work on /home/airflow/.local/lib/python3.7/site-packages/airflow/example_dags/tutorial_etl_dag.py
[2022-09-30 08:32:31,452] {processor.py:641} INFO - Processing file /home/airflow/.local/lib/python3.7/site-packages/airflow/example_dags/tutorial_etl_dag.py for tasks to queue
[2022-09-30 08:32:31,453] {logging_mixin.py:115} INFO - [2022-09-30 08:32:31,452] {dagbag.py:507} INFO - Filling up the DagBag from /home/airflow/.local/lib/python3.7/site-packages/airflow/example_dags/tutorial_etl_dag.py
[2022-09-30 08:32:31,461] {processor.py:651} INFO - DAG(s) dict_keys(['tutorial_etl_dag']) retrieved from /home/airflow/.local/lib/python3.7/site-packages/airflow/example_dags/tutorial_etl_dag.py
[2022-09-30 08:32:31,599] {logging_mixin.py:115} INFO - [2022-09-30 08:32:31,599] {dag.py:2371} INFO - Sync 1 DAGs
[2022-09-30 08:32:31,618] {logging_mixin.py:115} INFO - [2022-09-30 08:32:31,618] {dag.py:2919} INFO - Setting next_dagrun for tutorial_etl_dag to None, run_after=None
[2022-09-30 08:32:31,629] {processor.py:161} INFO - Processing /home/airflow/.local/lib/python3.7/site-packages/airflow/example_dags/tutorial_etl_dag.py took 0.181 seconds
[2022-09-30 08:33:01,858] {processor.py:153} INFO - Started process (PID=1915) to work on /home/airflow/.local/lib/python3.7/site-packages/airflow/example_dags/tutorial_etl_dag.py
[2022-09-30 08:33:01,858] {processor.py:641} INFO - Processing file /home/airflow/.local/lib/python3.7/site-packages/airflow/example_dags/tutorial_etl_dag.py for tasks to queue
[2022-09-30 08:33:01,859] {logging_mixin.py:115} INFO - [2022-09-30 08:33:01,859] {dagbag.py:507} INFO - Filling up the DagBag from /home/airflow/.local/lib/python3.7/site-packages/airflow/example_dags/tutorial_etl_dag.py
[2022-09-30 08:33:01,866] {processor.py:651} INFO - DAG(s) dict_keys(['tutorial_etl_dag']) retrieved from /home/airflow/.local/lib/python3.7/site-packages/airflow/example_dags/tutorial_etl_dag.py
[2022-09-30 08:33:01,994] {logging_mixin.py:115} INFO - [2022-09-30 08:33:01,994] {dag.py:2371} INFO - Sync 1 DAGs
[2022-09-30 08:33:02,014] {logging_mixin.py:115} INFO - [2022-09-30 08:33:02,013] {dag.py:2919} INFO - Setting next_dagrun for tutorial_etl_dag to None, run_after=None
[2022-09-30 08:33:02,026] {processor.py:161} INFO - Processing /home/airflow/.local/lib/python3.7/site-packages/airflow/example_dags/tutorial_etl_dag.py took 0.172 seconds
[2022-09-30 08:33:32,573] {processor.py:153} INFO - Started process (PID=1976) to work on /home/airflow/.local/lib/python3.7/site-packages/airflow/example_dags/tutorial_etl_dag.py
[2022-09-30 08:33:32,575] {processor.py:641} INFO - Processing file /home/airflow/.local/lib/python3.7/site-packages/airflow/example_dags/tutorial_etl_dag.py for tasks to queue
[2022-09-30 08:33:32,578] {logging_mixin.py:115} INFO - [2022-09-30 08:33:32,578] {dagbag.py:507} INFO - Filling up the DagBag from /home/airflow/.local/lib/python3.7/site-packages/airflow/example_dags/tutorial_etl_dag.py
[2022-09-30 08:33:32,596] {processor.py:651} INFO - DAG(s) dict_keys(['tutorial_etl_dag']) retrieved from /home/airflow/.local/lib/python3.7/site-packages/airflow/example_dags/tutorial_etl_dag.py
[2022-09-30 08:33:32,727] {logging_mixin.py:115} INFO - [2022-09-30 08:33:32,726] {dag.py:2371} INFO - Sync 1 DAGs
[2022-09-30 08:33:32,747] {logging_mixin.py:115} INFO - [2022-09-30 08:33:32,747] {dag.py:2919} INFO - Setting next_dagrun for tutorial_etl_dag to None, run_after=None
[2022-09-30 08:33:32,759] {processor.py:161} INFO - Processing /home/airflow/.local/lib/python3.7/site-packages/airflow/example_dags/tutorial_etl_dag.py took 0.197 seconds
[2022-09-30 08:34:03,006] {processor.py:153} INFO - Started process (PID=2037) to work on /home/airflow/.local/lib/python3.7/site-packages/airflow/example_dags/tutorial_etl_dag.py
[2022-09-30 08:34:03,006] {processor.py:641} INFO - Processing file /home/airflow/.local/lib/python3.7/site-packages/airflow/example_dags/tutorial_etl_dag.py for tasks to queue
[2022-09-30 08:34:03,007] {logging_mixin.py:115} INFO - [2022-09-30 08:34:03,007] {dagbag.py:507} INFO - Filling up the DagBag from /home/airflow/.local/lib/python3.7/site-packages/airflow/example_dags/tutorial_etl_dag.py
[2022-09-30 08:34:03,014] {processor.py:651} INFO - DAG(s) dict_keys(['tutorial_etl_dag']) retrieved from /home/airflow/.local/lib/python3.7/site-packages/airflow/example_dags/tutorial_etl_dag.py
[2022-09-30 08:34:03,196] {logging_mixin.py:115} INFO - [2022-09-30 08:34:03,196] {dag.py:2371} INFO - Sync 1 DAGs
[2022-09-30 08:34:03,226] {logging_mixin.py:115} INFO - [2022-09-30 08:34:03,226] {dag.py:2919} INFO - Setting next_dagrun for tutorial_etl_dag to None, run_after=None
[2022-09-30 08:34:03,244] {processor.py:161} INFO - Processing /home/airflow/.local/lib/python3.7/site-packages/airflow/example_dags/tutorial_etl_dag.py took 0.241 seconds
[2022-09-30 08:34:33,456] {processor.py:153} INFO - Started process (PID=2090) to work on /home/airflow/.local/lib/python3.7/site-packages/airflow/example_dags/tutorial_etl_dag.py
[2022-09-30 08:34:33,456] {processor.py:641} INFO - Processing file /home/airflow/.local/lib/python3.7/site-packages/airflow/example_dags/tutorial_etl_dag.py for tasks to queue
[2022-09-30 08:34:33,457] {logging_mixin.py:115} INFO - [2022-09-30 08:34:33,457] {dagbag.py:507} INFO - Filling up the DagBag from /home/airflow/.local/lib/python3.7/site-packages/airflow/example_dags/tutorial_etl_dag.py
[2022-09-30 08:34:33,464] {processor.py:651} INFO - DAG(s) dict_keys(['tutorial_etl_dag']) retrieved from /home/airflow/.local/lib/python3.7/site-packages/airflow/example_dags/tutorial_etl_dag.py
[2022-09-30 08:34:33,601] {logging_mixin.py:115} INFO - [2022-09-30 08:34:33,601] {dag.py:2371} INFO - Sync 1 DAGs
[2022-09-30 08:34:33,620] {logging_mixin.py:115} INFO - [2022-09-30 08:34:33,620] {dag.py:2919} INFO - Setting next_dagrun for tutorial_etl_dag to None, run_after=None
[2022-09-30 08:34:33,631] {processor.py:161} INFO - Processing /home/airflow/.local/lib/python3.7/site-packages/airflow/example_dags/tutorial_etl_dag.py took 0.179 seconds
